#
# There is insufficient memory for the Java Runtime Environment to continue.
# Native memory allocation (malloc) failed to allocate 296576 bytes for Chunk::new
# Possible reasons:
#   The system is out of physical RAM or swap space
#   In 32 bit mode, the process size limit was hit
# Possible solutions:
#   Reduce memory load on the system
#   Increase physical memory or swap space
#   Check if swap backing store is full
#   Use 64 bit Java on a 64 bit OS
#   Decrease Java heap size (-Xmx/-Xms)
#   Decrease number of Java threads
#   Decrease Java thread stack sizes (-Xss)
#   Set larger code cache with -XX:ReservedCodeCacheSize=
# This output file may be truncated or incomplete.
#
#  Out of Memory Error (allocation.cpp:390), pid=58236, tid=0x000000000000c8c8
#
# JRE version: Java(TM) SE Runtime Environment (8.0_181-b13) (build 1.8.0_181-b13)
# Java VM: Java HotSpot(TM) 64-Bit Server VM (25.181-b13 mixed mode windows-amd64 compressed oops)
# Failed to write core dump. Minidumps are not enabled by default on client versions of Windows
#

---------------  T H R E A D  ---------------

Current thread (0x00000000189bc800):  JavaThread "C2 CompilerThread1" daemon [_thread_in_native, id=51400, stack(0x000000001a120000,0x000000001a220000)]

Stack: [0x000000001a120000,0x000000001a220000]
[error occurred during error reporting (printing stack bounds), id 0xc0000005]

Native frames: (J=compiled Java code, j=interpreted, Vv=VM code, C=native code)


Current CompileTask:
C2:  11827 3745  s!   4       sun.misc.URLClassPath::getLoader (243 bytes)


---------------  P R O C E S S  ---------------

Java Threads: ( => current thread )
  0x000000001bffd800 JavaThread "Keep-Alive-Timer" daemon [_thread_blocked, id=47900, stack(0x0000000021880000,0x0000000021980000)]
  0x000000001bff8800 JavaThread "Exec Stream Pumper" daemon [_thread_in_native, id=61944, stack(0x0000000021680000,0x0000000021780000)]
  0x000000001bffd000 JavaThread "Exec Stream Pumper" daemon [_thread_in_native, id=55704, stack(0x0000000021580000,0x0000000021680000)]
  0x000000001bffc000 JavaThread "UrlChecker-2" daemon [_thread_blocked, id=8700, stack(0x0000000021480000,0x0000000021580000)]
  0x000000001bffb800 JavaThread "Exec Default Executor" daemon [_thread_in_native, id=46144, stack(0x0000000020c10000,0x0000000020d10000)]
  0x000000001ceb9800 JavaThread "Image Fetcher 1" daemon [_thread_blocked, id=54156, stack(0x000000001f540000,0x000000001f640000)]
  0x000000001b3ca000 JavaThread "Image Fetcher 0" daemon [_thread_blocked, id=63148, stack(0x000000001f440000,0x000000001f540000)]
  0x000000001d4d9800 JavaThread "pool-2-thread-1" [_thread_blocked, id=61700, stack(0x000000001f340000,0x000000001f440000)]
  0x000000001d51e800 JavaThread "pool-1-thread-1" [_thread_blocked, id=51584, stack(0x000000001f240000,0x000000001f340000)]
  0x000000001d51d800 JavaThread "AWT-Windows" daemon [_thread_in_native, id=54336, stack(0x000000001f140000,0x000000001f240000)]
  0x000000001bf14800 JavaThread "AWT-Shutdown" [_thread_blocked, id=59616, stack(0x000000001f040000,0x000000001f140000)]
  0x000000001bf14000 JavaThread "Java2D Disposer" daemon [_thread_blocked, id=39104, stack(0x000000001df40000,0x000000001e040000)]
  0x0000000018a0d800 JavaThread "Service Thread" daemon [_thread_blocked, id=61272, stack(0x000000001a720000,0x000000001a820000)]
  0x00000000189ee000 JavaThread "C1 CompilerThread2" daemon [_thread_blocked, id=46904, stack(0x000000001a220000,0x000000001a320000)]
=>0x00000000189bc800 JavaThread "C2 CompilerThread1" daemon [_thread_in_native, id=51400, stack(0x000000001a120000,0x000000001a220000)]
  0x00000000189b6000 JavaThread "C2 CompilerThread0" daemon [_thread_in_vm, id=4168, stack(0x000000001a020000,0x000000001a120000)]
  0x00000000189b4800 JavaThread "Attach Listener" daemon [_thread_blocked, id=54308, stack(0x0000000019f20000,0x000000001a020000)]
  0x00000000189b3000 JavaThread "Signal Dispatcher" daemon [_thread_blocked, id=45892, stack(0x0000000019e20000,0x0000000019f20000)]
  0x0000000001839800 JavaThread "Finalizer" daemon [_thread_blocked, id=56516, stack(0x0000000019c00000,0x0000000019d00000)]
  0x0000000001836000 JavaThread "Reference Handler" daemon [_thread_blocked, id=33768, stack(0x0000000019b00000,0x0000000019c00000)]
  0x0000000001745800 JavaThread "Forwarding newSession on session null to remote" [_thread_in_vm, id=8228, stack(0x0000000001640000,0x0000000001740000)]

Other Threads:
  0x0000000018977800 VMThread [stack: 0x0000000019a00000,0x0000000019b00000] [id=48188]
  0x000000001a377000 WatcherThread [stack: 0x000000001a820000,0x000000001a920000] [id=63308]

VM state:not at safepoint (normal execution)

VM Mutex/Monitor currently owned by a thread:  ([mutex/lock_event])
[0x0000000001743ce0] CompiledIC_lock - owner thread: 0x00000000189ee000

Heap:
 PSYoungGen      total 72192K, used 26468K [0x0000000780000000, 0x0000000788180000, 0x00000007c0000000)
  eden space 60928K, 29% used [0x0000000780000000,0x000000078114cb40,0x0000000783b80000)
  from space 11264K, 77% used [0x0000000784f00000,0x000000078578c758,0x0000000785a00000)
  to   space 19968K, 0% used [0x0000000783b80000,0x0000000783b80000,0x0000000784f00000)
 ParOldGen       total 91136K, used 53348K [0x0000000700000000, 0x0000000705900000, 0x0000000780000000)
  object space 91136K, 58% used [0x0000000700000000,0x0000000703419278,0x0000000705900000)
 Metaspace       used 33038K, capacity 33506K, committed 33792K, reserved 1079296K
  class space    used 3841K, capacity 3997K, committed 4096K, reserved 1048576K

Card table byte_map: [0x0000000010c00000,0x0000000011210000] byte_map_base: 0x000000000d400000

Marking Bits: (ParMarkBitMap*) 0x0000000070a32d00
 Begin Bits: [0x0000000011a10000, 0x0000000014a10000)
 End Bits:   [0x0000000014a10000, 0x0000000017a10000)

Polling page: 0x0000000000ec0000

CodeCache: size=245760Kb used=14577Kb max_used=14698Kb free=231182Kb
 bounds [0x0000000001840000, 0x00000000026b0000, 0x0000000010840000]
 total_blobs=4180 nmethods=3395 adapters=696
 compilation: enabled

Compilation events (10 events):
Event: 11.468 Thread 0x00000000189bc800 nmethod 3725 0x000000000269fed0 code [0x00000000026a0200, 0x00000000026a74e0]
Event: 11.550 Thread 0x00000000189ee000 3742       3       java.io.PrintStream::ensureOpen (18 bytes)
Event: 11.551 Thread 0x00000000189ee000 nmethod 3742 0x0000000001b88910 code [0x0000000001b88a80, 0x0000000001b88cc8]
Event: 11.551 Thread 0x00000000189ee000 3743       3       org.openqa.selenium.io.MultiOutputStream::write (24 bytes)
Event: 11.551 Thread 0x00000000189ee000 nmethod 3743 0x0000000001cf0150 code [0x0000000001cf02c0, 0x0000000001cf05f8]
Event: 11.552 Thread 0x00000000189ee000 3744  s    3       org.openqa.selenium.io.CircularOutputStream::write (87 bytes)
Event: 11.552 Thread 0x00000000189ee000 nmethod 3744 0x0000000001cfef90 code [0x0000000001cff100, 0x0000000001cff510]
Event: 11.807 Thread 0x00000000189bc800 3745  s!   4       sun.misc.URLClassPath::getLoader (243 bytes)
Event: 11.813 Thread 0x00000000189b6000 3746       4       jdk.internal.org.objectweb.asm.ClassWriter::get (49 bytes)
Event: 11.815 Thread 0x00000000189b6000 nmethod 3746 0x0000000001ba85d0 code [0x0000000001ba8720, 0x0000000001ba8868]

GC Heap History (10 events):
Event: 7.405 GC heap before
{Heap before GC invocations=9 (full 1):
 PSYoungGen      total 80896K, used 80880K [0x0000000780000000, 0x0000000785d80000, 0x00000007c0000000)
  eden space 69120K, 100% used [0x0000000780000000,0x0000000784380000,0x0000000784380000)
  from space 11776K, 99% used [0x0000000784380000,0x0000000784efc0c8,0x0000000784f00000)
  to   space 11264K, 0% used [0x0000000784f00000,0x0000000784f00000,0x0000000785a00000)
 ParOldGen       total 91136K, used 22242K [0x0000000700000000, 0x0000000705900000, 0x0000000780000000)
  object space 91136K, 24% used [0x0000000700000000,0x00000007015b8800,0x0000000705900000)
 Metaspace       used 25892K, capacity 26254K, committed 26496K, reserved 1073152K
  class space    used 2827K, capacity 2942K, committed 2944K, reserved 1048576K
Event: 7.430 GC heap after
Heap after GC invocations=9 (full 1):
 PSYoungGen      total 80384K, used 11236K [0x0000000780000000, 0x0000000785d80000, 0x00000007c0000000)
  eden space 69120K, 0% used [0x0000000780000000,0x0000000780000000,0x0000000784380000)
  from space 11264K, 99% used [0x0000000784f00000,0x00000007859f9238,0x0000000785a00000)
  to   space 11776K, 0% used [0x0000000784380000,0x0000000784380000,0x0000000784f00000)
 ParOldGen       total 91136K, used 33954K [0x0000000700000000, 0x0000000705900000, 0x0000000780000000)
  object space 91136K, 37% used [0x0000000700000000,0x0000000702128a20,0x0000000705900000)
 Metaspace       used 25892K, capacity 26254K, committed 26496K, reserved 1073152K
  class space    used 2827K, capacity 2942K, committed 2944K, reserved 1048576K
}
Event: 8.354 GC heap before
{Heap before GC invocations=10 (full 1):
 PSYoungGen      total 80384K, used 80356K [0x0000000780000000, 0x0000000785d80000, 0x00000007c0000000)
  eden space 69120K, 100% used [0x0000000780000000,0x0000000784380000,0x0000000784380000)
  from space 11264K, 99% used [0x0000000784f00000,0x00000007859f9238,0x0000000785a00000)
  to   space 11776K, 0% used [0x0000000784380000,0x0000000784380000,0x0000000784f00000)
 ParOldGen       total 91136K, used 33954K [0x0000000700000000, 0x0000000705900000, 0x0000000780000000)
  object space 91136K, 37% used [0x0000000700000000,0x0000000702128a20,0x0000000705900000)
 Metaspace       used 28463K, capacity 28818K, committed 29184K, reserved 1075200K
  class space    used 3168K, capacity 3277K, committed 3328K, reserved 1048576K
Event: 8.377 GC heap after
Heap after GC invocations=10 (full 1):
 PSYoungGen      total 80896K, used 11772K [0x0000000780000000, 0x0000000785d80000, 0x00000007c0000000)
  eden space 69120K, 0% used [0x0000000780000000,0x0000000780000000,0x0000000784380000)
  from space 11776K, 99% used [0x0000000784380000,0x0000000784eff298,0x0000000784f00000)
  to   space 11264K, 0% used [0x0000000784f00000,0x0000000784f00000,0x0000000785a00000)
 ParOldGen       total 91136K, used 39326K [0x0000000700000000, 0x0000000705900000, 0x0000000780000000)
  object space 91136K, 43% used [0x0000000700000000,0x0000000702667928,0x0000000705900000)
 Metaspace       used 28463K, capacity 28818K, committed 29184K, reserved 1075200K
  class space    used 3168K, capacity 3277K, committed 3328K, reserved 1048576K
}
Event: 9.604 GC heap before
{Heap before GC invocations=11 (full 1):
 PSYoungGen      total 80896K, used 80892K [0x0000000780000000, 0x0000000785d80000, 0x00000007c0000000)
  eden space 69120K, 100% used [0x0000000780000000,0x0000000784380000,0x0000000784380000)
  from space 11776K, 99% used [0x0000000784380000,0x0000000784eff298,0x0000000784f00000)
  to   space 11264K, 0% used [0x0000000784f00000,0x0000000784f00000,0x0000000785a00000)
 ParOldGen       total 91136K, used 39326K [0x0000000700000000, 0x0000000705900000, 0x0000000780000000)
  object space 91136K, 43% used [0x0000000700000000,0x0000000702667928,0x0000000705900000)
 Metaspace       used 28770K, capacity 29138K, committed 29440K, reserved 1075200K
  class space    used 3214K, capacity 3318K, committed 3328K, reserved 1048576K
Event: 9.616 GC heap after
Heap after GC invocations=11 (full 1):
 PSYoungGen      total 80384K, used 10394K [0x0000000780000000, 0x0000000785d80000, 0x00000007c0000000)
  eden space 69120K, 0% used [0x0000000780000000,0x0000000780000000,0x0000000784380000)
  from space 11264K, 92% used [0x0000000784f00000,0x0000000785926890,0x0000000785a00000)
  to   space 11776K, 0% used [0x0000000784380000,0x0000000784380000,0x0000000784f00000)
 ParOldGen       total 91136K, used 47960K [0x0000000700000000, 0x0000000705900000, 0x0000000780000000)
  object space 91136K, 52% used [0x0000000700000000,0x0000000702ed63a0,0x0000000705900000)
 Metaspace       used 28770K, capacity 29138K, committed 29440K, reserved 1075200K
  class space    used 3214K, capacity 3318K, committed 3328K, reserved 1048576K
}
Event: 10.236 GC heap before
{Heap before GC invocations=12 (full 1):
 PSYoungGen      total 80384K, used 79514K [0x0000000780000000, 0x0000000785d80000, 0x00000007c0000000)
  eden space 69120K, 100% used [0x0000000780000000,0x0000000784380000,0x0000000784380000)
  from space 11264K, 92% used [0x0000000784f00000,0x0000000785926890,0x0000000785a00000)
  to   space 11776K, 0% used [0x0000000784380000,0x0000000784380000,0x0000000784f00000)
 ParOldGen       total 91136K, used 47960K [0x0000000700000000, 0x0000000705900000, 0x0000000780000000)
  object space 91136K, 52% used [0x0000000700000000,0x0000000702ed63a0,0x0000000705900000)
 Metaspace       used 30229K, capacity 30652K, committed 31104K, reserved 1077248K
  class space    used 3454K, capacity 3587K, committed 3712K, reserved 1048576K
Event: 10.247 GC heap after
Heap after GC invocations=12 (full 1):
 PSYoungGen      total 80896K, used 11759K [0x0000000780000000, 0x0000000785d80000, 0x00000007c0000000)
  eden space 69120K, 0% used [0x0000000780000000,0x0000000780000000,0x0000000784380000)
  from space 11776K, 99% used [0x0000000784380000,0x0000000784efbc28,0x0000000784f00000)
  to   space 11264K, 0% used [0x0000000784f00000,0x0000000784f00000,0x0000000785a00000)
 ParOldGen       total 91136K, used 48530K [0x0000000700000000, 0x0000000705900000, 0x0000000780000000)
  object space 91136K, 53% used [0x0000000700000000,0x0000000702f64a28,0x0000000705900000)
 Metaspace       used 30229K, capacity 30652K, committed 31104K, reserved 1077248K
  class space    used 3454K, capacity 3587K, committed 3712K, reserved 1048576K
}
Event: 11.189 GC heap before
{Heap before GC invocations=13 (full 1):
 PSYoungGen      total 80896K, used 80744K [0x0000000780000000, 0x0000000785d80000, 0x00000007c0000000)
  eden space 69120K, 99% used [0x0000000780000000,0x000000078435e4a8,0x0000000784380000)
  from space 11776K, 99% used [0x0000000784380000,0x0000000784efbc28,0x0000000784f00000)
  to   space 11264K, 0% used [0x0000000784f00000,0x0000000784f00000,0x0000000785a00000)
 ParOldGen       total 91136K, used 48530K [0x0000000700000000, 0x0000000705900000, 0x0000000780000000)
  object space 91136K, 53% used [0x0000000700000000,0x0000000702f64a28,0x0000000705900000)
 Metaspace       used 32452K, capacity 32904K, committed 33152K, reserved 1079296K
  class space    used 3766K, capacity 3924K, committed 3968K, reserved 1048576K
Event: 11.199 GC heap after
Heap after GC invocations=13 (full 1):
 PSYoungGen      total 72192K, used 8753K [0x0000000780000000, 0x0000000788180000, 0x00000007c0000000)
  eden space 60928K, 0% used [0x0000000780000000,0x0000000780000000,0x0000000783b80000)
  from space 11264K, 77% used [0x0000000784f00000,0x000000078578c758,0x0000000785a00000)
  to   space 19968K, 0% used [0x0000000783b80000,0x0000000783b80000,0x0000000784f00000)
 ParOldGen       total 91136K, used 53348K [0x0000000700000000, 0x0000000705900000, 0x0000000780000000)
  object space 91136K, 58% used [0x0000000700000000,0x0000000703419278,0x0000000705900000)
 Metaspace       used 32452K, capacity 32904K, committed 33152K, reserved 1079296K
  class space    used 3766K, capacity 3924K, committed 3968K, reserved 1048576K
}

Deoptimization events (10 events):
Event: 10.901 Thread 0x0000000001745800 Uncommon trap: reason=class_check action=maybe_recompile pc=0x00000000022d4620 method=java.security.MessageDigest$Delegate.engineUpdate([BII)V @ 7
Event: 10.920 Thread 0x0000000001745800 Uncommon trap: reason=bimorphic action=maybe_recompile pc=0x000000000256afac method=java.net.URL.<init>(Ljava/net/URL;Ljava/lang/String;Ljava/net/URLStreamHandler;)V @ 504
Event: 10.928 Thread 0x0000000001745800 Uncommon trap: reason=unstable_if action=reinterpret pc=0x000000000256b55c method=sun.net.www.protocol.jar.Handler.parseURL(Ljava/net/URL;Ljava/lang/String;II)V @ 94
Event: 10.932 Thread 0x0000000001745800 Uncommon trap: reason=bimorphic action=maybe_recompile pc=0x00000000024cb230 method=java.io.BufferedInputStream.read1([BII)I @ 39
Event: 10.933 Thread 0x0000000001745800 Uncommon trap: reason=bimorphic action=maybe_recompile pc=0x00000000024cb230 method=java.io.BufferedInputStream.read1([BII)I @ 39
Event: 10.933 Thread 0x0000000001745800 Uncommon trap: reason=bimorphic action=maybe_recompile pc=0x00000000024cb230 method=java.io.BufferedInputStream.read1([BII)I @ 39
Event: 10.933 Thread 0x0000000001745800 Uncommon trap: reason=bimorphic action=maybe_recompile pc=0x00000000024cb230 method=java.io.BufferedInputStream.read1([BII)I @ 39
Event: 10.933 Thread 0x0000000001745800 Uncommon trap: reason=bimorphic action=maybe_recompile pc=0x00000000024ccf78 method=java.io.BufferedInputStream.read1([BII)I @ 39
Event: 11.155 Thread 0x0000000001745800 Uncommon trap: reason=unstable_if action=reinterpret pc=0x000000000241a184 method=java.util.ArrayList.indexOf(Ljava/lang/Object;)I @ 1
Event: 11.241 Thread 0x0000000001745800 Uncommon trap: reason=unstable_if action=reinterpret pc=0x00000000019c5e30 method=java.lang.String.replace(CC)Ljava/lang/String; @ 2

Classes redefined (0 events):
No events

Internal exceptions (10 events):
Event: 9.916 Thread 0x0000000001745800 Exception <a 'java/lang/ClassNotFoundException': Script3Customizer> (0x0000000781f1f728) thrown at [C:\re\workspace\8-2-build-windows-amd64-cygwin\jdk8u181\11358\hotspot\src\share\vm\classfile\systemDictionary.cpp, line 210]
Event: 9.933 Thread 0x0000000001745800 Exception <a 'java/lang/ClassNotFoundException': Script4BeanInfo> (0x0000000781fadf00) thrown at [C:\re\workspace\8-2-build-windows-amd64-cygwin\jdk8u181\11358\hotspot\src\share\vm\classfile\systemDictionary.cpp, line 210]
Event: 9.941 Thread 0x0000000001745800 Exception <a 'java/lang/ClassNotFoundException': Script4Customizer> (0x00000007822e48e0) thrown at [C:\re\workspace\8-2-build-windows-amd64-cygwin\jdk8u181\11358\hotspot\src\share\vm\classfile\systemDictionary.cpp, line 210]
Event: 10.175 Thread 0x0000000001745800 Exception <a 'java/lang/ClassNotFoundException': com/kms/katalon/core/webui/keyword/builtin/OpenBrowserKeywordBeanInfo> (0x0000000783dca6b8) thrown at [C:\re\workspace\8-2-build-windows-amd64-cygwin\jdk8u181\11358\hotspot\src\share\vm\classfile\systemDict
Event: 10.181 Thread 0x0000000001745800 Exception <a 'java/lang/ClassNotFoundException': com/kms/katalon/core/webui/keyword/internal/WebUIAbstractKeywordBeanInfo> (0x0000000783e1ed18) thrown at [C:\re\workspace\8-2-build-windows-amd64-cygwin\jdk8u181\11358\hotspot\src\share\vm\classfile\systemD
Event: 10.186 Thread 0x0000000001745800 Exception <a 'java/lang/ClassNotFoundException': com/kms/katalon/core/webui/keyword/internal/WebUIAbstractKeywordCustomizer> (0x0000000783e74f50) thrown at [C:\re\workspace\8-2-build-windows-amd64-cygwin\jdk8u181\11358\hotspot\src\share\vm\classfile\syste
Event: 10.192 Thread 0x0000000001745800 Exception <a 'java/lang/ClassNotFoundException': com/kms/katalon/core/webui/keyword/builtin/OpenBrowserKeywordCustomizer> (0x0000000783ecf960) thrown at [C:\re\workspace\8-2-build-windows-amd64-cygwin\jdk8u181\11358\hotspot\src\share\vm\classfile\systemDi
Event: 11.155 Thread 0x0000000001745800 Implicit null exception at 0x0000000002419f16 to 0x000000000241a16d
Event: 11.389 Thread 0x000000001d51e800 Exception <a 'java/lang/OutOfMemoryError': OutOfMemoryError> (0x00000007803895e0) thrown at [C:\re\workspace\8-2-build-windows-amd64-cygwin\jdk8u181\11358\hotspot\src\share\vm\prims\jni.cpp, line 735]
Event: 11.784 Thread 0x000000001bffc000 Exception <a 'java/net/SocketTimeoutException': connect timed out> (0x000000078096d0a8) thrown at [C:\re\workspace\8-2-build-windows-amd64-cygwin\jdk8u181\11358\hotspot\src\share\vm\prims\jni.cpp, line 735]

Events (10 events):
Event: 11.816 Thread 0x00000000189b6000 flushing nmethod 0x0000000001f02c50
Event: 11.816 Thread 0x00000000189b6000 flushing nmethod 0x0000000001f06f90
Event: 11.816 loading class com/google/common/io/ByteSource
Event: 11.816 loading class com/google/common/io/ByteSource done
Event: 11.817 loading class com/google/common/io/FileBackedOutputStream$1
Event: 11.817 loading class com/google/common/io/FileBackedOutputStream$1 done
Event: 11.818 loading class com/google/common/io/FileBackedOutputStream$2
Event: 11.818 loading class com/google/common/io/FileBackedOutputStream$2 done
Event: 11.819 loading class com/google/common/hash/PrimitiveSink
Event: 11.819 loading class com/google/common/hash/PrimitiveSink done


Dynamic libraries:
0x00007ff7edfb0000 - 0x00007ff7edfe7000 	C:\Katalon_Studio\jre\bin\java.exe
0x00007ffe1c940000 - 0x00007ffe1cb30000 	C:\WINDOWS\SYSTEM32\ntdll.dll
0x00007ffe1bef0000 - 0x00007ffe1bfa2000 	C:\WINDOWS\System32\KERNEL32.dll
0x00007ffe11c00000 - 0x00007ffe11d27000 	C:\Windows\system32\hmpalert.dll
0x00007ffe1a4b0000 - 0x00007ffe1a753000 	C:\WINDOWS\System32\KERNELBASE.dll
0x00007ffe1b460000 - 0x00007ffe1b503000 	C:\WINDOWS\System32\ADVAPI32.dll
0x00007ffe1b6b0000 - 0x00007ffe1b74e000 	C:\WINDOWS\System32\msvcrt.dll
0x00007ffe1c090000 - 0x00007ffe1c127000 	C:\WINDOWS\System32\sechost.dll
0x00007ffe1bd40000 - 0x00007ffe1be60000 	C:\WINDOWS\System32\RPCRT4.dll
0x00007ffe1b510000 - 0x00007ffe1b6a4000 	C:\WINDOWS\System32\USER32.dll
0x00007ffe19b70000 - 0x00007ffe19b91000 	C:\WINDOWS\System32\win32u.dll
0x00007ffe1c8d0000 - 0x00007ffe1c8f6000 	C:\WINDOWS\System32\GDI32.dll
0x00007ffe1a760000 - 0x00007ffe1a8f4000 	C:\WINDOWS\System32\gdi32full.dll
0x00007ffe1a950000 - 0x00007ffe1a9ee000 	C:\WINDOWS\System32\msvcp_win.dll
0x00007ffe1a3b0000 - 0x00007ffe1a4aa000 	C:\WINDOWS\System32\ucrtbase.dll
0x00007ffe08090000 - 0x00007ffe08315000 	C:\WINDOWS\WinSxS\amd64_microsoft.windows.common-controls_6595b64144ccf1df_6.0.18362.720_none_e6beb5c51314836b\COMCTL32.dll
0x00007ffe1b760000 - 0x00007ffe1ba96000 	C:\WINDOWS\System32\combase.dll
0x00007ffe19980000 - 0x00007ffe19a00000 	C:\WINDOWS\System32\bcryptPrimitives.dll
0x00007ffe0eb10000 - 0x00007ffe0eb4d000 	C:\WINDOWS\system32\SophosAV\SOPHOS~1.DLL
0x00007ffe1bd30000 - 0x00007ffe1bd38000 	C:\WINDOWS\System32\PSAPI.DLL
0x000000006ff60000 - 0x0000000070032000 	C:\Katalon_Studio\jre\bin\msvcr100.dll
0x0000000070210000 - 0x0000000070ab2000 	C:\Katalon_Studio\jre\bin\server\jvm.dll
0x00007ffe09a50000 - 0x00007ffe09a59000 	C:\WINDOWS\SYSTEM32\WSOCK32.dll
0x00007ffe1c020000 - 0x00007ffe1c08f000 	C:\WINDOWS\System32\WS2_32.dll
0x00007ffe144a0000 - 0x00007ffe144c4000 	C:\WINDOWS\SYSTEM32\WINMM.dll
0x00007ffe145d0000 - 0x00007ffe145da000 	C:\WINDOWS\SYSTEM32\VERSION.dll
0x00007ffe14470000 - 0x00007ffe1449d000 	C:\WINDOWS\SYSTEM32\WINMMBASE.dll
0x00007ffe1a900000 - 0x00007ffe1a94a000 	C:\WINDOWS\System32\cfgmgr32.dll
0x0000000070120000 - 0x000000007012f000 	C:\Katalon_Studio\jre\bin\verify.dll
0x00000000700f0000 - 0x0000000070119000 	C:\Katalon_Studio\jre\bin\java.dll
0x00000000700d0000 - 0x00000000700e6000 	C:\Katalon_Studio\jre\bin\zip.dll
0x00007ffe1ad70000 - 0x00007ffe1b455000 	C:\WINDOWS\System32\SHELL32.dll
0x00007ffe1c710000 - 0x00007ffe1c7b9000 	C:\WINDOWS\System32\shcore.dll
0x00007ffe19ba0000 - 0x00007ffe1a320000 	C:\WINDOWS\System32\windows.storage.dll
0x00007ffe19880000 - 0x00007ffe198a3000 	C:\WINDOWS\System32\profapi.dll
0x00007ffe19830000 - 0x00007ffe1987a000 	C:\WINDOWS\System32\powrprof.dll
0x00007ffe19800000 - 0x00007ffe19810000 	C:\WINDOWS\System32\UMPDC.dll
0x00007ffe1bb20000 - 0x00007ffe1bb72000 	C:\WINDOWS\System32\shlwapi.dll
0x00007ffe198b0000 - 0x00007ffe198c1000 	C:\WINDOWS\System32\kernel.appcore.dll
0x00007ffe19b50000 - 0x00007ffe19b67000 	C:\WINDOWS\System32\cryptsp.dll
0x00000000700b0000 - 0x00000000700ca000 	C:\Katalon_Studio\jre\bin\net.dll
0x00007ffe19030000 - 0x00007ffe19097000 	C:\WINDOWS\system32\mswsock.dll
0x0000000070090000 - 0x00000000700a1000 	C:\Katalon_Studio\jre\bin\nio.dll
0x000000006fdc0000 - 0x000000006ff59000 	C:\Katalon_Studio\jre\bin\awt.dll
0x00007ffe1aca0000 - 0x00007ffe1ad64000 	C:\WINDOWS\System32\OLEAUT32.dll
0x00007ffe176f0000 - 0x00007ffe1777f000 	C:\WINDOWS\SYSTEM32\apphelp.dll
0x00007ffe17cf0000 - 0x00007ffe17d1d000 	C:\WINDOWS\system32\DWMAPI.DLL
0x00007ffe070c0000 - 0x00007ffe07216000 	C:\WINDOWS\system32\opengl32.dll
0x00007ffe13e30000 - 0x00007ffe13e5c000 	C:\WINDOWS\SYSTEM32\GLU32.dll
0x00007ffe181c0000 - 0x00007ffe181e0000 	C:\WINDOWS\SYSTEM32\dxcore.dll
0x00007ffe1c5b0000 - 0x00007ffe1c707000 	C:\WINDOWS\System32\ole32.dll
0x00007ffe18de0000 - 0x00007ffe18eaa000 	C:\WINDOWS\SYSTEM32\DNSAPI.dll
0x00007ffe1b750000 - 0x00007ffe1b758000 	C:\WINDOWS\System32\NSI.dll
0x00007ffe18d40000 - 0x00007ffe18d7a000 	C:\WINDOWS\SYSTEM32\IPHLPAPI.DLL
0x00007ffe141d0000 - 0x00007ffe141da000 	C:\Windows\System32\rasadhlp.dll
0x00007ffe15ca0000 - 0x00007ffe15d17000 	C:\WINDOWS\System32\fwpuclnt.dll
0x00007ffe1a320000 - 0x00007ffe1a346000 	C:\WINDOWS\System32\bcrypt.dll
0x0000000070050000 - 0x0000000070074000 	C:\Katalon_Studio\jre\bin\sunec.dll
0x0000000070040000 - 0x000000007004b000 	C:\Katalon_Studio\jre\bin\sunmscapi.dll
0x00007ffe19a00000 - 0x00007ffe19b49000 	C:\WINDOWS\System32\CRYPT32.dll
0x00007ffe19810000 - 0x00007ffe19822000 	C:\WINDOWS\System32\MSASN1.dll
0x00007ffe15a70000 - 0x00007ffe15a86000 	C:\WINDOWS\SYSTEM32\dhcpcsvc6.DLL
0x00007ffe15a50000 - 0x00007ffe15a6c000 	C:\WINDOWS\SYSTEM32\dhcpcsvc.DLL
0x00007ffe18930000 - 0x00007ffe18963000 	C:\WINDOWS\system32\rsaenh.dll
0x00007ffe19720000 - 0x00007ffe19745000 	C:\WINDOWS\SYSTEM32\USERENV.dll
0x00007ffe19200000 - 0x00007ffe1920c000 	C:\WINDOWS\SYSTEM32\CRYPTBASE.dll

VM Arguments:
java_command: org.codehaus.groovy.tools.GroovyStarter --main groovy.ui.GroovyMain C:\FarmaTesting\katalonProjects\Libs\TempTestSuite1591350152653.groovy
java_class_path (initial): ;C:\Katalon_Studio\plugins\org.codehaus.groovy_2.4.7.xx-201611170128-e46\lib\bsf-2.4.0.jar;C:\Katalon_Studio\plugins\org.codehaus.groovy_2.4.7.xx-201611170128-e46\lib\groovy-all-2.4.7.jar;C:\Katalon_Studio\plugins\org.codehaus.groovy_2.4.7.xx-201611170128-e46\lib\ivy-2.4.0.jar;C:\Katalon_Studio\plugins\org.codehaus.groovy_2.4.7.xx-201611170128-e46\lib\org.apache.xerces.impl_2.11.0.jar;C:\Katalon_Studio\plugins\org.codehaus.groovy_2.4.7.xx-201611170128-e46\lib\servlet-api-2.4.jar;C:\Katalon_Studio\plugins\org.codehaus.groovy_2.4.7.xx-201611170128-e46\lib\xml-apis_1.4.1.jar;C:\Katalon_Studio\plugins\com.kms.katalon.core_1.0.0.201908270734.jar;C:\Katalon_Studio\plugins\net.sf.supercsv.super-csv_2.1.0.jar;C:\Katalon_Studio\plugins\org.apache.poi_3.9.0.v201405241750.jar;C:\Katalon_Studio\plugins\org.apache.poi.ooxml_3.9.0.v201405241905.jar;C:\Katalon_Studio\plugins\org.apache.poi.ooxml.schemas_3.9.0.v201405241750.jar;C:\Katalon_Studio\plugins\org.dom4j_1.6.1.v201312101416.jar;C:\Katalon_Studio\plugins\org.apache.commons.io_2.4.0.jar;C:\Katalon_Studio\plugins\org.apache.commons.lang_2.6.0.jar;C:\Katalon_Studio\plugins\org.apache.xmlbeans_2.6.0.jar;C:\Katalon_Studio\plugins\com.google.gson_2.8.0.jar;C:\Katalon_Studio\plugins\org.jsoup_1.7.2.jar;C:\Katalon_Studio\plugins\com.mysql.jdbc_5.1.38.jar;C:\Katalon_Studio\plugins\com.microsoft.sqlserver.sqljdbc4_4.1.5605.100.jar;C:\Katalon_Studio\plugins\org.apache.commons.dbutils_1.6.0.jar;C:\Katalon_Studio\plugins\com.oracle.jdbc.ojdbc7_12.1.0.2.jar;C:\Katalon_Studio\plugins\org.postgresql.jdbc41_9.4.1208.jre7.jar;c:\Katalon_Studio\plugins\org.eclipse.osgi_3.11.3.v20170209-1843.jar;C:\Katalon_Studio\plugins\com.kms.katalon.constant_1.0.0.201908270734.jar;C:\Katalon_Studio\plugins\org.eclipse.persistence.eclipselink_2.5.0.RC1.jar;C:\Katalon_Studio\plugins\com.kms.katalon.selenium-standalone_1.0.0.201908270734.jar;C:\Katalon_Studio\plugins\atu.testrecorder.screen-recorder_2.1.0.jar;C:\Katalon_Studio\plu
Launcher Type: SUN_STANDARD

Environment Variables:
PATH=C:/Katalon_Studio/jre/bin/server;C:/Katalon_Studio/jre/bin;C:/Katalon_Studio/jre/lib/amd64;C:\Program Files (x86)\Common Files\Oracle\Java\javapath;C:\ProgramData\Oracle\Java\javapath;C:\WINDOWS\system32;C:\WINDOWS;C:\WINDOWS\System32\Wbem;C:\WINDOWS\System32\WindowsPowerShell\v1.0\;C:\Program Files (x86)\Microsoft SQL Server\Client SDK\ODBC\130\Tools\Binn\;C:\Program Files (x86)\Microsoft SQL Server\130\Tools\Binn\;C:\Program Files (x86)\Microsoft SQL Server\130\DTS\Binn\;C:\Program Files (x86)\Microsoft SQL Server\130\Tools\Binn\ManagementStudio\;C:\Program Files\dotnet\;C:\Program Files\Microsoft SQL Server\130\Tools\Binn\;C:\WINDOWS\System32\OpenSSH\;C:\Program Files (x86)\SAP BusinessObjects\sqlanywhere\BIN64;C:\Program Files (x86)\SAP BusinessObjects\sqlanywhere\BIN32;C:\Users\alflopez-ext\AppData\Local\Programs\Git\cmd;C:\Users\alflopez-ext\AppData\Local\Microsoft\WindowsApps;C:\Katalon_Studio;
USERNAME=alflopez-ext
OS=Windows_NT
PROCESSOR_IDENTIFIER=Intel64 Family 6 Model 45 Stepping 7, GenuineIntel



---------------  S Y S T E M  ---------------

OS: Windows 10.0 , 64 bit Build 18362 (10.0.18362.329)

CPU:total 4 (initial active 4) (2 cores per cpu, 1 threads per core) family 6 model 45 stepping 7, cmov, cx8, fxsr, mmx, sse, sse2, sse3, ssse3, sse4.1, sse4.2, popcnt, avx, aes, clmul, tsc, tscinvbit, tscinv

Memory: 4k page, physical 12582452k(4900436k free), swap 28173552k(4492k free)

vm_info: Java HotSpot(TM) 64-Bit Server VM (25.181-b13) for windows-amd64 JRE (1.8.0_181-b13), built on Jul  7 2018 04:01:33 by "java_re" with MS VC++ 10.0 (VS2010)

time: Fri Jun 05 06:42:45 2020
elapsed time: 11 seconds (0d 0h 0m 11s)

