#
# There is insufficient memory for the Java Runtime Environment to continue.
# Native memory allocation (malloc) failed to allocate 831376 bytes for Chunk::new
# Possible reasons:
#   The system is out of physical RAM or swap space
#   In 32 bit mode, the process size limit was hit
# Possible solutions:
#   Reduce memory load on the system
#   Increase physical memory or swap space
#   Check if swap backing store is full
#   Use 64 bit Java on a 64 bit OS
#   Decrease Java heap size (-Xmx/-Xms)
#   Decrease number of Java threads
#   Decrease Java thread stack sizes (-Xss)
#   Set larger code cache with -XX:ReservedCodeCacheSize=
# This output file may be truncated or incomplete.
#
#  Out of Memory Error (allocation.cpp:390), pid=13132, tid=0x000000000000ecd8
#
# JRE version: Java(TM) SE Runtime Environment (8.0_181-b13) (build 1.8.0_181-b13)
# Java VM: Java HotSpot(TM) 64-Bit Server VM (25.181-b13 mixed mode windows-amd64 compressed oops)
# Failed to write core dump. Minidumps are not enabled by default on client versions of Windows
#

---------------  T H R E A D  ---------------

Current thread (0x00000000192b5000):  JavaThread "C2 CompilerThread0" daemon [_thread_in_native, id=60632, stack(0x000000001a930000,0x000000001aa30000)]

Stack: [0x000000001a930000,0x000000001aa30000]
[error occurred during error reporting (printing stack bounds), id 0xc0000005]

Native frames: (J=compiled Java code, j=interpreted, Vv=VM code, C=native code)


Current CompileTask:
C2:  72187 7448       4       org.codehaus.groovy.control.ResolveVisitor::resolveFromStaticInnerClasses (125 bytes)


---------------  P R O C E S S  ---------------

Java Threads: ( => current thread )
  0x000000001c312800 JavaThread "Okio Watchdog" daemon [_thread_blocked, id=43820, stack(0x0000000022b70000,0x0000000022c70000)]
  0x000000001c30c000 JavaThread "OkHttp ConnectionPool" daemon [_thread_blocked, id=38324, stack(0x0000000022a70000,0x0000000022b70000)]
  0x000000001d9b5000 JavaThread "Exec Stream Pumper" daemon [_thread_in_native, id=59920, stack(0x0000000022270000,0x0000000022370000)]
  0x000000001d9b7000 JavaThread "Exec Stream Pumper" daemon [_thread_in_native, id=13848, stack(0x0000000022170000,0x0000000022270000)]
  0x000000001d9b8800 JavaThread "UrlChecker-2" daemon [_thread_blocked, id=48644, stack(0x0000000021f70000,0x0000000022070000)]
  0x000000001d9bb800 JavaThread "Exec Default Executor" daemon [_thread_in_native, id=52212, stack(0x0000000021610000,0x0000000021710000)]
  0x000000001adf8800 JavaThread "AWT-Windows" daemon [_thread_in_native, id=50516, stack(0x000000001e950000,0x000000001ea50000)]
  0x000000001adf7000 JavaThread "Java2D Disposer" daemon [_thread_blocked, id=46532, stack(0x000000001cc00000,0x000000001cd00000)]
  0x000000001ac5c800 JavaThread "Service Thread" daemon [_thread_blocked, id=12264, stack(0x000000001b030000,0x000000001b130000)]
  0x00000000192db000 JavaThread "C1 CompilerThread2" daemon [_thread_blocked, id=51332, stack(0x000000001ab30000,0x000000001ac30000)]
  0x00000000192bb800 JavaThread "C2 CompilerThread1" daemon [_thread_in_native, id=53688, stack(0x000000001aa30000,0x000000001ab30000)]
=>0x00000000192b5000 JavaThread "C2 CompilerThread0" daemon [_thread_in_native, id=60632, stack(0x000000001a930000,0x000000001aa30000)]
  0x00000000192b1800 JavaThread "Attach Listener" daemon [_thread_blocked, id=28572, stack(0x000000001a830000,0x000000001a930000)]
  0x00000000192b0000 JavaThread "Signal Dispatcher" daemon [_thread_blocked, id=35688, stack(0x000000001a730000,0x000000001a830000)]
  0x000000001929b000 JavaThread "Finalizer" daemon [_thread_blocked, id=41940, stack(0x000000001a510000,0x000000001a610000)]
  0x0000000002136000 JavaThread "Reference Handler" daemon [_thread_blocked, id=47152, stack(0x000000001a410000,0x000000001a510000)]
  0x0000000002045800 JavaThread "main" [_thread_in_Java, id=32468, stack(0x0000000001ee0000,0x0000000001fe0000)]

Other Threads:
  0x0000000019277800 VMThread [stack: 0x000000001a310000,0x000000001a410000] [id=52284]
  0x000000001aca0000 WatcherThread [stack: 0x000000001b130000,0x000000001b230000] [id=19044]

VM state:not at safepoint (normal execution)

VM Mutex/Monitor currently owned by a thread: None

Heap:
 PSYoungGen      total 774144K, used 394438K [0x0000000780000000, 0x00000007b1680000, 0x00000007c0000000)
  eden space 738816K, 48% used [0x0000000780000000,0x0000000795eb7118,0x00000007ad180000)
  from space 35328K, 99% used [0x00000007ad180000,0x00000007af3fa850,0x00000007af400000)
  to   space 30720K, 0% used [0x00000007af880000,0x00000007af880000,0x00000007b1680000)
 ParOldGen       total 153088K, used 74651K [0x0000000700000000, 0x0000000709580000, 0x0000000780000000)
  object space 153088K, 48% used [0x0000000700000000,0x00000007048e6cb0,0x0000000709580000)
 Metaspace       used 47740K, capacity 49026K, committed 49408K, reserved 1093632K
  class space    used 5753K, capacity 6120K, committed 6144K, reserved 1048576K

Card table byte_map: [0x0000000011500000,0x0000000011b10000] byte_map_base: 0x000000000dd00000

Marking Bits: (ParMarkBitMap*) 0x00000000624c2d00
 Begin Bits: [0x0000000012310000, 0x0000000015310000)
 End Bits:   [0x0000000015310000, 0x0000000018310000)

Polling page: 0x0000000001e30000

CodeCache: size=245760Kb used=25643Kb max_used=26595Kb free=220116Kb
 bounds [0x0000000002140000, 0x0000000003b60000, 0x0000000011140000]
 total_blobs=6901 nmethods=6076 adapters=736
 compilation: enabled

Compilation events (10 events):
Event: 71.652 Thread 0x00000000192db000 nmethod 7444 0x0000000002c247d0 code [0x0000000002c24960, 0x0000000002c24f48]
Event: 71.746 Thread 0x00000000192bb800 nmethod 7441 0x0000000002d9d790 code [0x0000000002d9da80, 0x0000000002d9f788]
Event: 72.031 Thread 0x00000000192b5000 7445       4       org.codehaus.groovy.control.ResolveVisitor$ConstructedNestedClass::hasPackageName (21 bytes)
Event: 72.037 Thread 0x00000000192b5000 nmethod 7445 0x0000000002bcc490 code [0x0000000002bcc600, 0x0000000002bcc898]
Event: 72.045 Thread 0x00000000192db000 7446       3       java.util.HashSet::isEmpty (8 bytes)
Event: 72.046 Thread 0x00000000192db000 nmethod 7446 0x0000000002c23750 code [0x0000000002c238c0, 0x0000000002c23ae8]
Event: 72.088 Thread 0x00000000192bb800 7447       4       org.codehaus.groovy.control.ResolveVisitor::resolve (229 bytes)
Event: 72.089 Thread 0x00000000192b5000 7448       4       org.codehaus.groovy.control.ResolveVisitor::resolveFromStaticInnerClasses (125 bytes)
Event: 72.092 Thread 0x00000000192db000 7449       1       org.codehaus.groovy.ast.expr.CastExpression::isCoerce (5 bytes)
Event: 72.092 Thread 0x00000000192db000 nmethod 7449 0x0000000002d9d4d0 code [0x0000000002d9d620, 0x0000000002d9d730]

GC Heap History (10 events):
Event: 42.829 GC heap before
{Heap before GC invocations=21 (full 2):
 PSYoungGen      total 529920K, used 514601K [0x0000000780000000, 0x00000007a2400000, 0x00000007c0000000)
  eden space 503808K, 99% used [0x0000000780000000,0x000000079eaae910,0x000000079ec00000)
  from space 26112K, 46% used [0x00000007a0a80000,0x00000007a165bc78,0x00000007a2400000)
  to   space 28672K, 0% used [0x000000079ec00000,0x000000079ec00000,0x00000007a0800000)
 ParOldGen       total 153088K, used 40477K [0x0000000700000000, 0x0000000709580000, 0x0000000780000000)
  object space 153088K, 26% used [0x0000000700000000,0x00000007027875d8,0x0000000709580000)
 Metaspace       used 38440K, capacity 39594K, committed 39680K, reserved 1083392K
  class space    used 4501K, capacity 4816K, committed 4864K, reserved 1048576K
Event: 42.857 GC heap after
Heap after GC invocations=21 (full 2):
 PSYoungGen      total 532480K, used 19534K [0x0000000780000000, 0x00000007a9300000, 0x00000007c0000000)
  eden space 503808K, 0% used [0x0000000780000000,0x0000000780000000,0x000000079ec00000)
  from space 28672K, 68% used [0x000000079ec00000,0x000000079ff138b0,0x00000007a0800000)
  to   space 29184K, 0% used [0x00000007a7680000,0x00000007a7680000,0x00000007a9300000)
 ParOldGen       total 153088K, used 40709K [0x0000000700000000, 0x0000000709580000, 0x0000000780000000)
  object space 153088K, 26% used [0x0000000700000000,0x00000007027c15f8,0x0000000709580000)
 Metaspace       used 38440K, capacity 39594K, committed 39680K, reserved 1083392K
  class space    used 4501K, capacity 4816K, committed 4864K, reserved 1048576K
}
Event: 45.818 GC heap before
{Heap before GC invocations=22 (full 2):
 PSYoungGen      total 532480K, used 523342K [0x0000000780000000, 0x00000007a9300000, 0x00000007c0000000)
  eden space 503808K, 100% used [0x0000000780000000,0x000000079ec00000,0x000000079ec00000)
  from space 28672K, 68% used [0x000000079ec00000,0x000000079ff138b0,0x00000007a0800000)
  to   space 29184K, 0% used [0x00000007a7680000,0x00000007a7680000,0x00000007a9300000)
 ParOldGen       total 153088K, used 40709K [0x0000000700000000, 0x0000000709580000, 0x0000000780000000)
  object space 153088K, 26% used [0x0000000700000000,0x00000007027c15f8,0x0000000709580000)
 Metaspace       used 38575K, capacity 39754K, committed 39936K, reserved 1085440K
  class space    used 4509K, capacity 4824K, committed 4864K, reserved 1048576K
Event: 45.833 GC heap after
Heap after GC invocations=22 (full 2):
 PSYoungGen      total 631296K, used 18220K [0x0000000780000000, 0x00000007a8c00000, 0x00000007c0000000)
  eden space 609280K, 0% used [0x0000000780000000,0x0000000780000000,0x00000007a5300000)
  from space 22016K, 82% used [0x00000007a7680000,0x00000007a884b398,0x00000007a8c00000)
  to   space 29184K, 0% used [0x00000007a5300000,0x00000007a5300000,0x00000007a6f80000)
 ParOldGen       total 153088K, used 41141K [0x0000000700000000, 0x0000000709580000, 0x0000000780000000)
  object space 153088K, 26% used [0x0000000700000000,0x000000070282d638,0x0000000709580000)
 Metaspace       used 38575K, capacity 39754K, committed 39936K, reserved 1085440K
  class space    used 4509K, capacity 4824K, committed 4864K, reserved 1048576K
}
Event: 49.421 GC heap before
{Heap before GC invocations=23 (full 2):
 PSYoungGen      total 631296K, used 627500K [0x0000000780000000, 0x00000007a8c00000, 0x00000007c0000000)
  eden space 609280K, 100% used [0x0000000780000000,0x00000007a5300000,0x00000007a5300000)
  from space 22016K, 82% used [0x00000007a7680000,0x00000007a884b398,0x00000007a8c00000)
  to   space 29184K, 0% used [0x00000007a5300000,0x00000007a5300000,0x00000007a6f80000)
 ParOldGen       total 153088K, used 41141K [0x0000000700000000, 0x0000000709580000, 0x0000000780000000)
  object space 153088K, 26% used [0x0000000700000000,0x000000070282d638,0x0000000709580000)
 Metaspace       used 38668K, capacity 39910K, committed 40192K, reserved 1085440K
  class space    used 4513K, capacity 4830K, committed 4864K, reserved 1048576K
Event: 49.471 GC heap after
Heap after GC invocations=23 (full 2):
 PSYoungGen      total 638464K, used 29162K [0x0000000780000000, 0x00000007b1c80000, 0x00000007c0000000)
  eden space 609280K, 0% used [0x0000000780000000,0x0000000780000000,0x00000007a5300000)
  from space 29184K, 99% used [0x00000007a5300000,0x00000007a6f7a810,0x00000007a6f80000)
  to   space 36864K, 0% used [0x00000007af880000,0x00000007af880000,0x00000007b1c80000)
 ParOldGen       total 153088K, used 51629K [0x0000000700000000, 0x0000000709580000, 0x0000000780000000)
  object space 153088K, 33% used [0x0000000700000000,0x000000070326b778,0x0000000709580000)
 Metaspace       used 38668K, capacity 39910K, committed 40192K, reserved 1085440K
  class space    used 4513K, capacity 4830K, committed 4864K, reserved 1048576K
}
Event: 55.703 GC heap before
{Heap before GC invocations=24 (full 2):
 PSYoungGen      total 638464K, used 638442K [0x0000000780000000, 0x00000007b1c80000, 0x00000007c0000000)
  eden space 609280K, 100% used [0x0000000780000000,0x00000007a5300000,0x00000007a5300000)
  from space 29184K, 99% used [0x00000007a5300000,0x00000007a6f7a810,0x00000007a6f80000)
  to   space 36864K, 0% used [0x00000007af880000,0x00000007af880000,0x00000007b1c80000)
 ParOldGen       total 153088K, used 51629K [0x0000000700000000, 0x0000000709580000, 0x0000000780000000)
  object space 153088K, 33% used [0x0000000700000000,0x000000070326b778,0x0000000709580000)
 Metaspace       used 38785K, capacity 39942K, committed 40192K, reserved 1085440K
  class space    used 4519K, capacity 4838K, committed 4864K, reserved 1048576K
Event: 55.758 GC heap after
Heap after GC invocations=24 (full 2):
 PSYoungGen      total 769536K, used 16767K [0x0000000780000000, 0x00000007b1680000, 0x00000007c0000000)
  eden space 738816K, 0% used [0x0000000780000000,0x0000000780000000,0x00000007ad180000)
  from space 30720K, 54% used [0x00000007af880000,0x00000007b08dfc78,0x00000007b1680000)
  to   space 35328K, 0% used [0x00000007ad180000,0x00000007ad180000,0x00000007af400000)
 ParOldGen       total 153088K, used 67350K [0x0000000700000000, 0x0000000709580000, 0x0000000780000000)
  object space 153088K, 43% used [0x0000000700000000,0x00000007041c5868,0x0000000709580000)
 Metaspace       used 38785K, capacity 39942K, committed 40192K, reserved 1085440K
  class space    used 4519K, capacity 4838K, committed 4864K, reserved 1048576K
}
Event: 60.535 GC heap before
{Heap before GC invocations=25 (full 2):
 PSYoungGen      total 769536K, used 755583K [0x0000000780000000, 0x00000007b1680000, 0x00000007c0000000)
  eden space 738816K, 100% used [0x0000000780000000,0x00000007ad180000,0x00000007ad180000)
  from space 30720K, 54% used [0x00000007af880000,0x00000007b08dfc78,0x00000007b1680000)
  to   space 35328K, 0% used [0x00000007ad180000,0x00000007ad180000,0x00000007af400000)
 ParOldGen       total 153088K, used 67350K [0x0000000700000000, 0x0000000709580000, 0x0000000780000000)
  object space 153088K, 43% used [0x0000000700000000,0x00000007041c5868,0x0000000709580000)
 Metaspace       used 39104K, capacity 40316K, committed 40576K, reserved 1085440K
  class space    used 4554K, capacity 4870K, committed 4992K, reserved 1048576K
Event: 60.637 GC heap after
Heap after GC invocations=25 (full 2):
 PSYoungGen      total 774144K, used 35306K [0x0000000780000000, 0x00000007b1680000, 0x00000007c0000000)
  eden space 738816K, 0% used [0x0000000780000000,0x0000000780000000,0x00000007ad180000)
  from space 35328K, 99% used [0x00000007ad180000,0x00000007af3fa850,0x00000007af400000)
  to   space 30720K, 0% used [0x00000007af880000,0x00000007af880000,0x00000007b1680000)
 ParOldGen       total 153088K, used 74651K [0x0000000700000000, 0x0000000709580000, 0x0000000780000000)
  object space 153088K, 48% used [0x0000000700000000,0x00000007048e6cb0,0x0000000709580000)
 Metaspace       used 39104K, capacity 40316K, committed 40576K, reserved 1085440K
  class space    used 4554K, capacity 4870K, committed 4992K, reserved 1048576K
}

Deoptimization events (10 events):
Event: 68.321 Thread 0x0000000002045800 Uncommon trap: reason=bimorphic action=maybe_recompile pc=0x00000000035d6468 method=java.util.WeakHashMap.eq(Ljava/lang/Object;Ljava/lang/Object;)Z @ 7
Event: 68.328 Thread 0x0000000002045800 Uncommon trap: reason=bimorphic action=maybe_recompile pc=0x00000000035d6468 method=java.util.WeakHashMap.eq(Ljava/lang/Object;Ljava/lang/Object;)Z @ 7
Event: 68.839 Thread 0x0000000002045800 Uncommon trap: reason=predicate action=maybe_recompile pc=0x00000000039a8374 method=java.util.AbstractCollection.toArray([Ljava/lang/Object;)[Ljava/lang/Object; @ 49
Event: 69.140 Thread 0x0000000002045800 Uncommon trap: reason=class_check action=maybe_recompile pc=0x0000000002994604 method=org.codehaus.groovy.antlr.UnicodeEscapingReader.read()I @ 80
Event: 69.192 Thread 0x0000000002045800 Uncommon trap: reason=class_check action=maybe_recompile pc=0x0000000002994604 method=org.codehaus.groovy.antlr.UnicodeEscapingReader.read()I @ 80
Event: 69.269 Thread 0x0000000002045800 Uncommon trap: reason=class_check action=maybe_recompile pc=0x0000000002994604 method=org.codehaus.groovy.antlr.UnicodeEscapingReader.read()I @ 80
Event: 69.373 Thread 0x0000000002045800 Uncommon trap: reason=class_check action=maybe_recompile pc=0x0000000002994604 method=org.codehaus.groovy.antlr.UnicodeEscapingReader.read()I @ 80
Event: 69.394 Thread 0x0000000002045800 Uncommon trap: reason=class_check action=maybe_recompile pc=0x0000000002989bc0 method=org.codehaus.groovy.antlr.UnicodeEscapingReader.read()I @ 80
Event: 69.632 Thread 0x0000000002045800 Uncommon trap: reason=unstable_if action=reinterpret pc=0x00000000034fd81c method=org.codehaus.groovy.control.ResolveVisitor$ConstructedClassWithPackage.hasPackageName()Z @ 23
Event: 69.916 Thread 0x0000000002045800 Uncommon trap: reason=unstable_if action=reinterpret pc=0x0000000002d70970 method=org.codehaus.groovy.control.ResolveVisitor$ConstructedClassWithPackage.getName()Ljava/lang/String; @ 5

Classes redefined (0 events):
No events

Internal exceptions (10 events):
Event: 68.830 Thread 0x0000000002045800 Exception <a 'java/lang/ClassNotFoundException': net/sf/jasperreports/components/table/DesignCellBeanInfo> (0x000000078d04a7e8) thrown at [C:\re\workspace\8-2-build-windows-amd64-cygwin\jdk8u181\11358\hotspot\src\share\vm\classfile\systemDictionary.cpp, l
Event: 68.832 Thread 0x0000000002045800 Exception <a 'java/lang/ClassNotFoundException': net/sf/jasperreports/engine/design/JRDesignElementGroupBeanInfo> (0x000000078d071600) thrown at [C:\re\workspace\8-2-build-windows-amd64-cygwin\jdk8u181\11358\hotspot\src\share\vm\classfile\systemDictionary
Event: 68.835 Thread 0x0000000002045800 Exception <a 'java/lang/ClassNotFoundException': net/sf/jasperreports/engine/base/JRBaseElementGroupBeanInfo> (0x000000078d097168) thrown at [C:\re\workspace\8-2-build-windows-amd64-cygwin\jdk8u181\11358\hotspot\src\share\vm\classfile\systemDictionary.cpp
Event: 68.838 Thread 0x0000000002045800 Exception <a 'java/lang/ClassNotFoundException': net/sf/jasperreports/engine/base/JRBaseElementGroupCustomizer> (0x000000078d0bd4a8) thrown at [C:\re\workspace\8-2-build-windows-amd64-cygwin\jdk8u181\11358\hotspot\src\share\vm\classfile\systemDictionary.c
Event: 68.843 Thread 0x0000000002045800 Exception <a 'java/lang/ClassNotFoundException': net/sf/jasperreports/engine/design/JRDesignElementGroupCustomizer> (0x000000078d0efbb0) thrown at [C:\re\workspace\8-2-build-windows-amd64-cygwin\jdk8u181\11358\hotspot\src\share\vm\classfile\systemDictiona
Event: 68.846 Thread 0x0000000002045800 Exception <a 'java/lang/ClassNotFoundException': net/sf/jasperreports/components/table/DesignCellCustomizer> (0x000000078d11e3d0) thrown at [C:\re\workspace\8-2-build-windows-amd64-cygwin\jdk8u181\11358\hotspot\src\share\vm\classfile\systemDictionary.cpp,
Event: 71.584 Thread 0x0000000002045800 Exception <a 'java/security/PrivilegedActionException'> (0x0000000792829db0) thrown at [C:\re\workspace\8-2-build-windows-amd64-cygwin\jdk8u181\11358\hotspot\src\share\vm\prims\jvm.cpp, line 1435]
Event: 71.584 Thread 0x0000000002045800 Exception <a 'java/security/PrivilegedActionException'> (0x000000079282a760) thrown at [C:\re\workspace\8-2-build-windows-amd64-cygwin\jdk8u181\11358\hotspot\src\share\vm\prims\jvm.cpp, line 1435]
Event: 72.021 Thread 0x0000000002045800 Exception <a 'java/security/PrivilegedActionException'> (0x000000079485cd60) thrown at [C:\re\workspace\8-2-build-windows-amd64-cygwin\jdk8u181\11358\hotspot\src\share\vm\prims\jvm.cpp, line 1435]
Event: 72.021 Thread 0x0000000002045800 Exception <a 'java/security/PrivilegedActionException'> (0x000000079485d710) thrown at [C:\re\workspace\8-2-build-windows-amd64-cygwin\jdk8u181\11358\hotspot\src\share\vm\prims\jvm.cpp, line 1435]

Events (10 events):
Event: 72.167 loading class net/sf/jasperreports/engine/fill/DatasetExpressionEvaluator$groovy$lang$net$sf$jasperreports$engine$fill$net$sf$jasperreports$engine$data$JRBeanArrayDataSource
Event: 72.167 loading class net/sf/jasperreports/engine/fill/DatasetExpressionEvaluator$groovy$lang$net$sf$jasperreports$engine$fill$net$sf$jasperreports$engine$data$JRBeanArrayDataSource done
Event: 72.170 loading class groovy/lang/net/sf/jasperreports/engine/fill/net$sf$jasperreports$engine$data$JRBeanArrayDataSource
Event: 72.170 loading class groovy/lang/net/sf/jasperreports/engine/fill/net$sf$jasperreports$engine$data$JRBeanArrayDataSource done
Event: 72.171 loading class net/sf/jasperreports/engine/fill/JasperReportsContextAware$groovy$util$net$sf$jasperreports$engine$fill$net$sf$jasperreports$engine$data$JRBeanArrayDataSource
Event: 72.171 loading class net/sf/jasperreports/engine/fill/JasperReportsContextAware$groovy$util$net$sf$jasperreports$engine$fill$net$sf$jasperreports$engine$data$JRBeanArrayDataSource done
Event: 72.173 loading class net/sf/jasperreports/engine/fill/DatasetExpressionEvaluator$groovy$util$net$sf$jasperreports$engine$fill$net$sf$jasperreports$engine$data$JRBeanArrayDataSource
Event: 72.173 loading class net/sf/jasperreports/engine/fill/DatasetExpressionEvaluator$groovy$util$net$sf$jasperreports$engine$fill$net$sf$jasperreports$engine$data$JRBeanArrayDataSource done
Event: 72.174 loading class groovy/util/net/sf/jasperreports/engine/fill/net$sf$jasperreports$engine$data$JRBeanArrayDataSource
Event: 72.174 loading class groovy/util/net/sf/jasperreports/engine/fill/net$sf$jasperreports$engine$data$JRBeanArrayDataSource done


Dynamic libraries:
0x00007ff62e600000 - 0x00007ff62e637000 	C:\Katalon_Studio\jre\bin\java.exe
0x00007ff8fb0a0000 - 0x00007ff8fb290000 	C:\WINDOWS\SYSTEM32\ntdll.dll
0x00007ff8f9f90000 - 0x00007ff8fa042000 	C:\WINDOWS\System32\KERNEL32.dll
0x00007ff8f7d10000 - 0x00007ff8f7e42000 	C:\Windows\system32\hmpalert.dll
0x00007ff8f8650000 - 0x00007ff8f88f3000 	C:\WINDOWS\System32\KERNELBASE.dll
0x00007ff8f9150000 - 0x00007ff8f91f3000 	C:\WINDOWS\System32\ADVAPI32.dll
0x00007ff8fafc0000 - 0x00007ff8fb05e000 	C:\WINDOWS\System32\msvcrt.dll
0x00007ff8fa610000 - 0x00007ff8fa6a7000 	C:\WINDOWS\System32\sechost.dll
0x00007ff8f9900000 - 0x00007ff8f9a20000 	C:\WINDOWS\System32\RPCRT4.dll
0x00007ff8f9c70000 - 0x00007ff8f9e04000 	C:\WINDOWS\System32\USER32.dll
0x00007ff8f8480000 - 0x00007ff8f84a1000 	C:\WINDOWS\System32\win32u.dll
0x00007ff8fa8a0000 - 0x00007ff8fa8c6000 	C:\WINDOWS\System32\GDI32.dll
0x00007ff8f84b0000 - 0x00007ff8f8644000 	C:\WINDOWS\System32\gdi32full.dll
0x00007ff8f81e0000 - 0x00007ff8f827e000 	C:\WINDOWS\System32\msvcp_win.dll
0x00007ff8f8380000 - 0x00007ff8f847a000 	C:\WINDOWS\System32\ucrtbase.dll
0x00007ff8e7820000 - 0x00007ff8e7aa5000 	C:\WINDOWS\WinSxS\amd64_microsoft.windows.common-controls_6595b64144ccf1df_6.0.18362.720_none_e6beb5c51314836b\COMCTL32.dll
0x00007ff8f94f0000 - 0x00007ff8f9826000 	C:\WINDOWS\System32\combase.dll
0x00007ff8f8900000 - 0x00007ff8f8980000 	C:\WINDOWS\System32\bcryptPrimitives.dll
0x00007ff8dd200000 - 0x00007ff8dd23d000 	C:\WINDOWS\system32\SophosAV\SOPHOS~1.DLL
0x00007ff8f9a20000 - 0x00007ff8f9a28000 	C:\WINDOWS\System32\PSAPI.DLL
0x00000000619f0000 - 0x0000000061ac2000 	C:\Katalon_Studio\jre\bin\msvcr100.dll
0x0000000061ca0000 - 0x0000000062542000 	C:\Katalon_Studio\jre\bin\server\jvm.dll
0x00007ff8e9c30000 - 0x00007ff8e9c39000 	C:\WINDOWS\SYSTEM32\WSOCK32.dll
0x00007ff8fa520000 - 0x00007ff8fa58f000 	C:\WINDOWS\System32\WS2_32.dll
0x00007ff8f3470000 - 0x00007ff8f3494000 	C:\WINDOWS\SYSTEM32\WINMM.dll
0x00007ff8f3570000 - 0x00007ff8f357a000 	C:\WINDOWS\SYSTEM32\VERSION.dll
0x00007ff8f3440000 - 0x00007ff8f346d000 	C:\WINDOWS\SYSTEM32\WINMMBASE.dll
0x00007ff8f8280000 - 0x00007ff8f82ca000 	C:\WINDOWS\System32\cfgmgr32.dll
0x0000000061bb0000 - 0x0000000061bbf000 	C:\Katalon_Studio\jre\bin\verify.dll
0x0000000061b80000 - 0x0000000061ba9000 	C:\Katalon_Studio\jre\bin\java.dll
0x0000000061b60000 - 0x0000000061b76000 	C:\Katalon_Studio\jre\bin\zip.dll
0x00007ff8fa8d0000 - 0x00007ff8fafb5000 	C:\WINDOWS\System32\SHELL32.dll
0x00007ff8f9ee0000 - 0x00007ff8f9f89000 	C:\WINDOWS\System32\shcore.dll
0x00007ff8f89b0000 - 0x00007ff8f9130000 	C:\WINDOWS\System32\windows.storage.dll
0x00007ff8f7fc0000 - 0x00007ff8f7fe3000 	C:\WINDOWS\System32\profapi.dll
0x00007ff8f7f70000 - 0x00007ff8f7fba000 	C:\WINDOWS\System32\powrprof.dll
0x00007ff8f7f60000 - 0x00007ff8f7f70000 	C:\WINDOWS\System32\UMPDC.dll
0x00007ff8fa050000 - 0x00007ff8fa0a2000 	C:\WINDOWS\System32\shlwapi.dll
0x00007ff8f7ff0000 - 0x00007ff8f8001000 	C:\WINDOWS\System32\kernel.appcore.dll
0x00007ff8f9130000 - 0x00007ff8f9147000 	C:\WINDOWS\System32\cryptsp.dll
0x0000000061b40000 - 0x0000000061b5a000 	C:\Katalon_Studio\jre\bin\net.dll
0x00007ff8f7650000 - 0x00007ff8f76b7000 	C:\WINDOWS\system32\mswsock.dll
0x0000000061b20000 - 0x0000000061b31000 	C:\Katalon_Studio\jre\bin\nio.dll
0x0000000061790000 - 0x0000000061929000 	C:\Katalon_Studio\jre\bin\awt.dll
0x00007ff8f9830000 - 0x00007ff8f98f4000 	C:\WINDOWS\System32\OLEAUT32.dll
0x00007ff8f5d10000 - 0x00007ff8f5d9f000 	C:\WINDOWS\SYSTEM32\apphelp.dll
0x00007ff8f6240000 - 0x00007ff8f626d000 	C:\WINDOWS\system32\DWMAPI.DLL
0x00007ff8ab530000 - 0x00007ff8ab686000 	C:\WINDOWS\system32\opengl32.dll
0x00007ff8b9750000 - 0x00007ff8b977c000 	C:\WINDOWS\SYSTEM32\GLU32.dll
0x00007ff8f67e0000 - 0x00007ff8f6800000 	C:\WINDOWS\SYSTEM32\dxcore.dll
0x00007ff8f9390000 - 0x00007ff8f94e7000 	C:\WINDOWS\System32\ole32.dll
0x00007ff8f73b0000 - 0x00007ff8f747a000 	C:\WINDOWS\SYSTEM32\DNSAPI.dll
0x00007ff8f9200000 - 0x00007ff8f9208000 	C:\WINDOWS\System32\NSI.dll
0x00007ff8f7360000 - 0x00007ff8f739a000 	C:\WINDOWS\SYSTEM32\IPHLPAPI.DLL
0x00007ff8f1660000 - 0x00007ff8f166a000 	C:\Windows\System32\rasadhlp.dll
0x00007ff8f4100000 - 0x00007ff8f4177000 	C:\WINDOWS\System32\fwpuclnt.dll
0x00007ff8f8980000 - 0x00007ff8f89a6000 	C:\WINDOWS\System32\bcrypt.dll
0x0000000061af0000 - 0x0000000061b14000 	C:\Katalon_Studio\jre\bin\sunec.dll
0x0000000061ae0000 - 0x0000000061aeb000 	C:\Katalon_Studio\jre\bin\sunmscapi.dll
0x00007ff8f8090000 - 0x00007ff8f81d9000 	C:\WINDOWS\System32\CRYPT32.dll
0x00007ff8f8010000 - 0x00007ff8f8022000 	C:\WINDOWS\System32\MSASN1.dll
0x00007ff8f3840000 - 0x00007ff8f3856000 	C:\WINDOWS\SYSTEM32\dhcpcsvc6.DLL
0x00007ff8f3820000 - 0x00007ff8f383c000 	C:\WINDOWS\SYSTEM32\dhcpcsvc.DLL
0x00007ff8f6f50000 - 0x00007ff8f6f83000 	C:\WINDOWS\system32\rsaenh.dll
0x00007ff8f7e80000 - 0x00007ff8f7ea5000 	C:\WINDOWS\SYSTEM32\USERENV.dll
0x00007ff8f7820000 - 0x00007ff8f782c000 	C:\WINDOWS\SYSTEM32\CRYPTBASE.dll
0x00007ff8f0490000 - 0x00007ff8f04a6000 	C:\WINDOWS\system32\napinsp.dll
0x00007ff8f04b0000 - 0x00007ff8f04ca000 	C:\WINDOWS\system32\pnrpnsp.dll
0x00007ff8f05f0000 - 0x00007ff8f05fe000 	C:\WINDOWS\System32\winrnr.dll
0x00007ff8f4620000 - 0x00007ff8f463c000 	C:\WINDOWS\system32\NLAapi.dll
0x00007ff8f04d0000 - 0x00007ff8f04e5000 	C:\WINDOWS\system32\wshbth.dll

VM Arguments:
java_command: org.codehaus.groovy.tools.GroovyStarter --main groovy.ui.GroovyMain C:\FarmaTesting\katalonProjects\Libs\TempTestSuite1596826081905.groovy
java_class_path (initial): ;C:\Katalon_Studio\plugins\org.codehaus.groovy_2.4.7.xx-201611170128-e46\lib\bsf-2.4.0.jar;C:\Katalon_Studio\plugins\org.codehaus.groovy_2.4.7.xx-201611170128-e46\lib\groovy-all-2.4.7.jar;C:\Katalon_Studio\plugins\org.codehaus.groovy_2.4.7.xx-201611170128-e46\lib\ivy-2.4.0.jar;C:\Katalon_Studio\plugins\org.codehaus.groovy_2.4.7.xx-201611170128-e46\lib\org.apache.xerces.impl_2.11.0.jar;C:\Katalon_Studio\plugins\org.codehaus.groovy_2.4.7.xx-201611170128-e46\lib\servlet-api-2.4.jar;C:\Katalon_Studio\plugins\org.codehaus.groovy_2.4.7.xx-201611170128-e46\lib\xml-apis_1.4.1.jar;C:\Katalon_Studio\plugins\com.kms.katalon.core_1.0.0.201908270734.jar;C:\Katalon_Studio\plugins\net.sf.supercsv.super-csv_2.1.0.jar;C:\Katalon_Studio\plugins\org.apache.poi_3.9.0.v201405241750.jar;C:\Katalon_Studio\plugins\org.apache.poi.ooxml_3.9.0.v201405241905.jar;C:\Katalon_Studio\plugins\org.apache.poi.ooxml.schemas_3.9.0.v201405241750.jar;C:\Katalon_Studio\plugins\org.dom4j_1.6.1.v201312101416.jar;C:\Katalon_Studio\plugins\org.apache.commons.io_2.4.0.jar;C:\Katalon_Studio\plugins\org.apache.commons.lang_2.6.0.jar;C:\Katalon_Studio\plugins\org.apache.xmlbeans_2.6.0.jar;C:\Katalon_Studio\plugins\com.google.gson_2.8.0.jar;C:\Katalon_Studio\plugins\org.jsoup_1.7.2.jar;C:\Katalon_Studio\plugins\com.mysql.jdbc_5.1.38.jar;C:\Katalon_Studio\plugins\com.microsoft.sqlserver.sqljdbc4_4.1.5605.100.jar;C:\Katalon_Studio\plugins\org.apache.commons.dbutils_1.6.0.jar;C:\Katalon_Studio\plugins\com.oracle.jdbc.ojdbc7_12.1.0.2.jar;C:\Katalon_Studio\plugins\org.postgresql.jdbc41_9.4.1208.jre7.jar;c:\Katalon_Studio\plugins\org.eclipse.osgi_3.11.3.v20170209-1843.jar;C:\Katalon_Studio\plugins\com.kms.katalon.constant_1.0.0.201908270734.jar;C:\Katalon_Studio\plugins\org.eclipse.persistence.eclipselink_2.5.0.RC1.jar;C:\Katalon_Studio\plugins\com.kms.katalon.selenium-standalone_1.0.0.201908270734.jar;C:\Katalon_Studio\plugins\atu.testrecorder.screen-recorder_2.1.0.jar;C:\Katalon_Studio\plu
Launcher Type: SUN_STANDARD

Environment Variables:
PATH=C:/Katalon_Studio/jre/bin/server;C:/Katalon_Studio/jre/bin;C:/Katalon_Studio/jre/lib/amd64;C:\Program Files (x86)\Common Files\Oracle\Java\javapath;C:\ProgramData\Oracle\Java\javapath;C:\WINDOWS\system32;C:\WINDOWS;C:\WINDOWS\System32\Wbem;C:\WINDOWS\System32\WindowsPowerShell\v1.0\;C:\Program Files (x86)\Microsoft SQL Server\Client SDK\ODBC\130\Tools\Binn\;C:\Program Files (x86)\Microsoft SQL Server\130\Tools\Binn\;C:\Program Files (x86)\Microsoft SQL Server\130\DTS\Binn\;C:\Program Files (x86)\Microsoft SQL Server\130\Tools\Binn\ManagementStudio\;C:\Program Files\dotnet\;C:\Program Files\Microsoft SQL Server\130\Tools\Binn\;C:\WINDOWS\System32\OpenSSH\;C:\Program Files (x86)\SAP BusinessObjects\sqlanywhere\BIN64;C:\Program Files (x86)\SAP BusinessObjects\sqlanywhere\BIN32;C:\Users\alflopez-ext\AppData\Local\Programs\Git\cmd;C:\Users\tareasprogramadas\AppData\Local\Microsoft\WindowsApps;C:\Katalon_Studio;
USERNAME=tareasprogramadas
OS=Windows_NT
PROCESSOR_IDENTIFIER=Intel64 Family 6 Model 45 Stepping 7, GenuineIntel



---------------  S Y S T E M  ---------------

OS: Windows 10.0 , 64 bit Build 18362 (10.0.18362.329)

CPU:total 4 (initial active 4) (2 cores per cpu, 1 threads per core) family 6 model 45 stepping 7, cmov, cx8, fxsr, mmx, sse, sse2, sse3, ssse3, sse4.1, sse4.2, popcnt, avx, aes, clmul, tsc, tscinvbit, tscinv

Memory: 4k page, physical 12582452k(906408k free), swap 28173552k(4092k free)

vm_info: Java HotSpot(TM) 64-Bit Server VM (25.181-b13) for windows-amd64 JRE (1.8.0_181-b13), built on Jul  7 2018 04:01:33 by "java_re" with MS VC++ 10.0 (VS2010)

time: Fri Aug 07 15:49:15 2020
elapsed time: 72 seconds (0d 0h 1m 12s)

