#
# There is insufficient memory for the Java Runtime Environment to continue.
# Native memory allocation (malloc) failed to allocate 1048576 bytes for AllocateHeap
# Possible reasons:
#   The system is out of physical RAM or swap space
#   In 32 bit mode, the process size limit was hit
# Possible solutions:
#   Reduce memory load on the system
#   Increase physical memory or swap space
#   Check if swap backing store is full
#   Use 64 bit Java on a 64 bit OS
#   Decrease Java heap size (-Xmx/-Xms)
#   Decrease number of Java threads
#   Decrease Java thread stack sizes (-Xss)
#   Set larger code cache with -XX:ReservedCodeCacheSize=
# This output file may be truncated or incomplete.
#
#  Out of Memory Error (memory/allocation.inline.hpp:61), pid=9692, tid=0x000000000000c38c
#
# JRE version:  (8.0_181-b13) (build )
# Java VM: Java HotSpot(TM) 64-Bit Server VM (25.181-b13 mixed mode windows-amd64 compressed oops)
# Failed to write core dump. Minidumps are not enabled by default on client versions of Windows
#

---------------  T H R E A D  ---------------

Current thread (0x0000000001775800):  JavaThread "Unknown thread" [_thread_in_vm, id=50060, stack(0x0000000001670000,0x0000000001770000)]

Stack: [0x0000000001670000,0x0000000001770000]
[error occurred during error reporting (printing stack bounds), id 0xc0000005]

Native frames: (J=compiled Java code, j=interpreted, Vv=VM code, C=native code)


---------------  P R O C E S S  ---------------

Java Threads: ( => current thread )

Other Threads:

=>0x0000000001775800 (exited) JavaThread "Unknown thread" [_thread_in_vm, id=50060, stack(0x0000000001670000,0x0000000001770000)]

VM state:not at safepoint (normal execution)

VM Mutex/Monitor currently owned by a thread: None

Heap:
 PSYoungGen      total 57344K, used 983K [0x0000000780000000, 0x0000000784000000, 0x00000007c0000000)
  eden space 49152K, 2% used [0x0000000780000000,0x00000007800f5c38,0x0000000783000000)
  from space 8192K, 0% used [0x0000000783800000,0x0000000783800000,0x0000000784000000)
  to   space 8192K, 0% used [0x0000000783000000,0x0000000783000000,0x0000000783800000)
 ParOldGen       total 131072K, used 0K [0x0000000700000000, 0x0000000708000000, 0x0000000780000000)
  object space 131072K, 0% used [0x0000000700000000,0x0000000700000000,0x0000000708000000)
 Metaspace       used 779K, capacity 4480K, committed 4480K, reserved 1056768K
  class space    used 76K, capacity 384K, committed 384K, reserved 1048576K

Card table byte_map: [0x0000000010c30000,0x0000000011240000] byte_map_base: 0x000000000d430000

Marking Bits: (ParMarkBitMap*) 0x0000000070a32d00
 Begin Bits: [0x0000000011a40000, 0x0000000014a40000)
 End Bits:   [0x0000000014a40000, 0x0000000017a40000)

Polling page: 0x0000000000eb0000

CodeCache: size=245760Kb used=328Kb max_used=328Kb free=245431Kb
 bounds [0x0000000001870000, 0x0000000001ae0000, 0x0000000010870000]
 total_blobs=58 nmethods=0 adapters=38
 compilation: enabled

Compilation events (0 events):
No events

GC Heap History (0 events):
No events

Deoptimization events (0 events):
No events

Classes redefined (0 events):
No events

Internal exceptions (0 events):
No events

Events (10 events):
Event: 0.059 loading class java/lang/Short
Event: 0.059 loading class java/lang/Short done
Event: 0.059 loading class java/lang/Integer
Event: 0.059 loading class java/lang/Integer done
Event: 0.059 loading class java/lang/Long
Event: 0.059 loading class java/lang/Long done
Event: 0.061 loading class java/lang/NullPointerException
Event: 0.061 loading class java/lang/NullPointerException done
Event: 0.061 loading class java/lang/ArithmeticException
Event: 0.061 loading class java/lang/ArithmeticException done


Dynamic libraries:
0x00007ff7edfb0000 - 0x00007ff7edfe7000 	C:\Katalon_Studio\jre\bin\java.exe
0x00007ffe1c940000 - 0x00007ffe1cb30000 	C:\WINDOWS\SYSTEM32\ntdll.dll
0x00007ffe1bef0000 - 0x00007ffe1bfa2000 	C:\WINDOWS\System32\KERNEL32.dll
0x00007ffe11c00000 - 0x00007ffe11d27000 	C:\Windows\system32\hmpalert.dll
0x00007ffe1a4b0000 - 0x00007ffe1a753000 	C:\WINDOWS\System32\KERNELBASE.dll
0x00007ffe1b460000 - 0x00007ffe1b503000 	C:\WINDOWS\System32\ADVAPI32.dll
0x00007ffe1b6b0000 - 0x00007ffe1b74e000 	C:\WINDOWS\System32\msvcrt.dll
0x00007ffe1c090000 - 0x00007ffe1c127000 	C:\WINDOWS\System32\sechost.dll
0x00007ffe1bd40000 - 0x00007ffe1be60000 	C:\WINDOWS\System32\RPCRT4.dll
0x00007ffe1b510000 - 0x00007ffe1b6a4000 	C:\WINDOWS\System32\USER32.dll
0x00007ffe19b70000 - 0x00007ffe19b91000 	C:\WINDOWS\System32\win32u.dll
0x00007ffe1c8d0000 - 0x00007ffe1c8f6000 	C:\WINDOWS\System32\GDI32.dll
0x00007ffe1a760000 - 0x00007ffe1a8f4000 	C:\WINDOWS\System32\gdi32full.dll
0x00007ffe1a950000 - 0x00007ffe1a9ee000 	C:\WINDOWS\System32\msvcp_win.dll
0x00007ffe1a3b0000 - 0x00007ffe1a4aa000 	C:\WINDOWS\System32\ucrtbase.dll
0x00007ffe08090000 - 0x00007ffe08315000 	C:\WINDOWS\WinSxS\amd64_microsoft.windows.common-controls_6595b64144ccf1df_6.0.18362.720_none_e6beb5c51314836b\COMCTL32.dll
0x00007ffe1b760000 - 0x00007ffe1ba96000 	C:\WINDOWS\System32\combase.dll
0x00007ffe19980000 - 0x00007ffe19a00000 	C:\WINDOWS\System32\bcryptPrimitives.dll
0x00007ffe0eb10000 - 0x00007ffe0eb4d000 	C:\WINDOWS\system32\SophosAV\SOPHOS~1.DLL
0x00007ffe1bd30000 - 0x00007ffe1bd38000 	C:\WINDOWS\System32\PSAPI.DLL
0x000000006ff60000 - 0x0000000070032000 	C:\Katalon_Studio\jre\bin\msvcr100.dll
0x0000000070210000 - 0x0000000070ab2000 	C:\Katalon_Studio\jre\bin\server\jvm.dll
0x00007ffe09a50000 - 0x00007ffe09a59000 	C:\WINDOWS\SYSTEM32\WSOCK32.dll
0x00007ffe1c020000 - 0x00007ffe1c08f000 	C:\WINDOWS\System32\WS2_32.dll
0x00007ffe144a0000 - 0x00007ffe144c4000 	C:\WINDOWS\SYSTEM32\WINMM.dll
0x00007ffe145d0000 - 0x00007ffe145da000 	C:\WINDOWS\SYSTEM32\VERSION.dll
0x00007ffe14470000 - 0x00007ffe1449d000 	C:\WINDOWS\SYSTEM32\WINMMBASE.dll
0x00007ffe1a900000 - 0x00007ffe1a94a000 	C:\WINDOWS\System32\cfgmgr32.dll
0x0000000070120000 - 0x000000007012f000 	C:\Katalon_Studio\jre\bin\verify.dll
0x00000000700f0000 - 0x0000000070119000 	C:\Katalon_Studio\jre\bin\java.dll
0x00000000700d0000 - 0x00000000700e6000 	C:\Katalon_Studio\jre\bin\zip.dll

VM Arguments:
java_command: org.codehaus.groovy.tools.GroovyStarter --main groovy.ui.GroovyMain C:\FarmaTesting\katalonProjects\Libs\TempTestSuite1591349304701.groovy
java_class_path (initial): ;C:\Katalon_Studio\plugins\org.codehaus.groovy_2.4.7.xx-201611170128-e46\lib\bsf-2.4.0.jar;C:\Katalon_Studio\plugins\org.codehaus.groovy_2.4.7.xx-201611170128-e46\lib\groovy-all-2.4.7.jar;C:\Katalon_Studio\plugins\org.codehaus.groovy_2.4.7.xx-201611170128-e46\lib\ivy-2.4.0.jar;C:\Katalon_Studio\plugins\org.codehaus.groovy_2.4.7.xx-201611170128-e46\lib\org.apache.xerces.impl_2.11.0.jar;C:\Katalon_Studio\plugins\org.codehaus.groovy_2.4.7.xx-201611170128-e46\lib\servlet-api-2.4.jar;C:\Katalon_Studio\plugins\org.codehaus.groovy_2.4.7.xx-201611170128-e46\lib\xml-apis_1.4.1.jar;C:\Katalon_Studio\plugins\com.kms.katalon.core_1.0.0.201908270734.jar;C:\Katalon_Studio\plugins\net.sf.supercsv.super-csv_2.1.0.jar;C:\Katalon_Studio\plugins\org.apache.poi_3.9.0.v201405241750.jar;C:\Katalon_Studio\plugins\org.apache.poi.ooxml_3.9.0.v201405241905.jar;C:\Katalon_Studio\plugins\org.apache.poi.ooxml.schemas_3.9.0.v201405241750.jar;C:\Katalon_Studio\plugins\org.dom4j_1.6.1.v201312101416.jar;C:\Katalon_Studio\plugins\org.apache.commons.io_2.4.0.jar;C:\Katalon_Studio\plugins\org.apache.commons.lang_2.6.0.jar;C:\Katalon_Studio\plugins\org.apache.xmlbeans_2.6.0.jar;C:\Katalon_Studio\plugins\com.google.gson_2.8.0.jar;C:\Katalon_Studio\plugins\org.jsoup_1.7.2.jar;C:\Katalon_Studio\plugins\com.mysql.jdbc_5.1.38.jar;C:\Katalon_Studio\plugins\com.microsoft.sqlserver.sqljdbc4_4.1.5605.100.jar;C:\Katalon_Studio\plugins\org.apache.commons.dbutils_1.6.0.jar;C:\Katalon_Studio\plugins\com.oracle.jdbc.ojdbc7_12.1.0.2.jar;C:\Katalon_Studio\plugins\org.postgresql.jdbc41_9.4.1208.jre7.jar;c:\Katalon_Studio\plugins\org.eclipse.osgi_3.11.3.v20170209-1843.jar;C:\Katalon_Studio\plugins\com.kms.katalon.constant_1.0.0.201908270734.jar;C:\Katalon_Studio\plugins\org.eclipse.persistence.eclipselink_2.5.0.RC1.jar;C:\Katalon_Studio\plugins\com.kms.katalon.selenium-standalone_1.0.0.201908270734.jar;C:\Katalon_Studio\plugins\atu.testrecorder.screen-recorder_2.1.0.jar;C:\Katalon_Studio\plu
Launcher Type: SUN_STANDARD

Environment Variables:
PATH=C:/Katalon_Studio/jre/bin/server;C:/Katalon_Studio/jre/bin;C:/Katalon_Studio/jre/lib/amd64;C:\Program Files (x86)\Common Files\Oracle\Java\javapath;C:\ProgramData\Oracle\Java\javapath;C:\WINDOWS\system32;C:\WINDOWS;C:\WINDOWS\System32\Wbem;C:\WINDOWS\System32\WindowsPowerShell\v1.0\;C:\Program Files (x86)\Microsoft SQL Server\Client SDK\ODBC\130\Tools\Binn\;C:\Program Files (x86)\Microsoft SQL Server\130\Tools\Binn\;C:\Program Files (x86)\Microsoft SQL Server\130\DTS\Binn\;C:\Program Files (x86)\Microsoft SQL Server\130\Tools\Binn\ManagementStudio\;C:\Program Files\dotnet\;C:\Program Files\Microsoft SQL Server\130\Tools\Binn\;C:\WINDOWS\System32\OpenSSH\;C:\Program Files (x86)\SAP BusinessObjects\sqlanywhere\BIN64;C:\Program Files (x86)\SAP BusinessObjects\sqlanywhere\BIN32;C:\Users\alflopez-ext\AppData\Local\Programs\Git\cmd;C:\Users\alflopez-ext\AppData\Local\Microsoft\WindowsApps;C:\Katalon_Studio;
USERNAME=alflopez-ext
OS=Windows_NT
PROCESSOR_IDENTIFIER=Intel64 Family 6 Model 45 Stepping 7, GenuineIntel



---------------  S Y S T E M  ---------------

OS: Windows 10.0 , 64 bit Build 18362 (10.0.18362.329)

CPU:total 4 (initial active 4) (2 cores per cpu, 1 threads per core) family 6 model 45 stepping 7, cmov, cx8, fxsr, mmx, sse, sse2, sse3, ssse3, sse4.1, sse4.2, popcnt, avx, aes, clmul, tsc, tscinvbit, tscinv

Memory: 4k page, physical 12582452k(4065992k free), swap 28173552k(5684k free)

vm_info: Java HotSpot(TM) 64-Bit Server VM (25.181-b13) for windows-amd64 JRE (1.8.0_181-b13), built on Jul  7 2018 04:01:33 by "java_re" with MS VC++ 10.0 (VS2010)

time: Fri Jun 05 06:28:25 2020
elapsed time: 0 seconds (0d 0h 0m 0s)

