#
# There is insufficient memory for the Java Runtime Environment to continue.
# Native memory allocation (malloc) failed to allocate 1059088 bytes for Chunk::new
# Possible reasons:
#   The system is out of physical RAM or swap space
#   In 32 bit mode, the process size limit was hit
# Possible solutions:
#   Reduce memory load on the system
#   Increase physical memory or swap space
#   Check if swap backing store is full
#   Use 64 bit Java on a 64 bit OS
#   Decrease Java heap size (-Xmx/-Xms)
#   Decrease number of Java threads
#   Decrease Java thread stack sizes (-Xss)
#   Set larger code cache with -XX:ReservedCodeCacheSize=
# This output file may be truncated or incomplete.
#
#  Out of Memory Error (allocation.cpp:390), pid=42080, tid=0x000000000000eaac
#
# JRE version: Java(TM) SE Runtime Environment (8.0_181-b13) (build 1.8.0_181-b13)
# Java VM: Java HotSpot(TM) 64-Bit Server VM (25.181-b13 mixed mode windows-amd64 compressed oops)
# Failed to write core dump. Minidumps are not enabled by default on client versions of Windows
#

---------------  T H R E A D  ---------------

Current thread (0x0000000018d01000):  JavaThread "C2 CompilerThread0" daemon [_thread_in_native, id=60076, stack(0x000000001a370000,0x000000001a470000)]

Stack: [0x000000001a370000,0x000000001a470000]
[error occurred during error reporting (printing stack bounds), id 0xc0000005]

Native frames: (J=compiled Java code, j=interpreted, Vv=VM code, C=native code)


Current CompileTask:
C2:  51763 6737       4       org.codehaus.groovy.ast.ClassNode::getDeclaredMethodsMap (83 bytes)


---------------  P R O C E S S  ---------------

Java Threads: ( => current thread )
  0x000000001b98a000 JavaThread "Image Fetcher 3" daemon [_thread_blocked, id=51324, stack(0x0000000022b90000,0x0000000022c90000)]
  0x000000001b983800 JavaThread "Okio Watchdog" daemon [_thread_blocked, id=42740, stack(0x0000000023090000,0x0000000023190000)]
  0x000000001e83d800 JavaThread "OkHttp ConnectionPool" daemon [_thread_blocked, id=30808, stack(0x00000000231a0000,0x00000000232a0000)]
  0x000000001e83e800 JavaThread "Exec Stream Pumper" daemon [_thread_in_native, id=59192, stack(0x0000000022790000,0x0000000022890000)]
  0x000000001e842800 JavaThread "Exec Stream Pumper" daemon [_thread_in_native, id=61212, stack(0x0000000022690000,0x0000000022790000)]
  0x000000001e83c000 JavaThread "UrlChecker-2" daemon [_thread_blocked, id=37468, stack(0x0000000021470000,0x0000000021570000)]
  0x000000001e841000 JavaThread "Exec Default Executor" daemon [_thread_in_native, id=56780, stack(0x0000000021370000,0x0000000021470000)]
  0x000000001e840000 JavaThread "Image Fetcher 2" daemon [_thread_blocked, id=12224, stack(0x000000001fae0000,0x000000001fbe0000)]
  0x000000001d0ea000 JavaThread "Image Fetcher 1" daemon [_thread_blocked, id=57332, stack(0x000000001f7e0000,0x000000001f8e0000)]
  0x000000001c20b800 JavaThread "Image Fetcher 0" daemon [_thread_blocked, id=428, stack(0x000000001f6e0000,0x000000001f7e0000)]
  0x000000001c2df800 JavaThread "pool-2-thread-1" [_thread_blocked, id=58636, stack(0x000000001f5e0000,0x000000001f6e0000)]
  0x000000001da32000 JavaThread "pool-1-thread-1" [_thread_blocked, id=46284, stack(0x000000001f4e0000,0x000000001f5e0000)]
  0x000000001c2de800 JavaThread "AWT-Windows" daemon [_thread_in_native, id=59024, stack(0x000000001f3e0000,0x000000001f4e0000)]
  0x000000001c2de000 JavaThread "AWT-Shutdown" [_thread_blocked, id=58012, stack(0x000000001e0a0000,0x000000001e1a0000)]
  0x000000001c2dd000 JavaThread "Java2D Disposer" daemon [_thread_blocked, id=49912, stack(0x000000001c640000,0x000000001c740000)]
  0x0000000018cfc000 JavaThread "Service Thread" daemon [_thread_blocked, id=8316, stack(0x000000001aa70000,0x000000001ab70000)]
  0x0000000018cf8000 JavaThread "C1 CompilerThread2" daemon [_thread_blocked, id=6540, stack(0x000000001a570000,0x000000001a670000)]
  0x0000000018cf1800 JavaThread "C2 CompilerThread1" daemon [_thread_blocked, id=27916, stack(0x000000001a470000,0x000000001a570000)]
=>0x0000000018d01000 JavaThread "C2 CompilerThread0" daemon [_thread_in_native, id=60076, stack(0x000000001a370000,0x000000001a470000)]
  0x0000000018cff800 JavaThread "Attach Listener" daemon [_thread_blocked, id=48480, stack(0x000000001a270000,0x000000001a370000)]
  0x0000000018cfe000 JavaThread "Signal Dispatcher" daemon [_thread_blocked, id=40864, stack(0x000000001a170000,0x000000001a270000)]
  0x0000000001b7d800 JavaThread "Finalizer" daemon [_thread_blocked, id=7256, stack(0x0000000019f50000,0x000000001a050000)]
  0x0000000001b76000 JavaThread "Reference Handler" daemon [_thread_blocked, id=51584, stack(0x0000000019e50000,0x0000000019f50000)]
  0x0000000001a85800 JavaThread "main" [_thread_blocked, id=11500, stack(0x0000000001980000,0x0000000001a80000)]

Other Threads:
  0x0000000018cb7800 VMThread [stack: 0x0000000019d50000,0x0000000019e50000] [id=31628]
  0x000000001a6f8800 WatcherThread [stack: 0x000000001ab70000,0x000000001ac70000] [id=24936]

VM state:not at safepoint (normal execution)

VM Mutex/Monitor currently owned by a thread: None

Heap:
 PSYoungGen      total 612864K, used 271924K [0x0000000780000000, 0x00000007abd00000, 0x00000007c0000000)
  eden space 526336K, 51% used [0x0000000780000000,0x000000079098d2c0,0x00000007a0200000)
  from space 86528K, 0% used [0x00000007a0200000,0x00000007a0200000,0x00000007a5680000)
  to   space 73216K, 0% used [0x00000007a5680000,0x00000007a5680000,0x00000007a9e00000)
 ParOldGen       total 210944K, used 42075K [0x0000000700000000, 0x000000070ce00000, 0x0000000780000000)
  object space 210944K, 19% used [0x0000000700000000,0x0000000702916d28,0x000000070ce00000)
 Metaspace       used 39314K, capacity 40684K, committed 40832K, reserved 1085440K
  class space    used 4592K, capacity 4937K, committed 4992K, reserved 1048576K

Card table byte_map: [0x0000000010f40000,0x0000000011550000] byte_map_base: 0x000000000d740000

Marking Bits: (ParMarkBitMap*) 0x0000000070a32d00
 Begin Bits: [0x0000000011d50000, 0x0000000014d50000)
 End Bits:   [0x0000000014d50000, 0x0000000017d50000)

Polling page: 0x0000000000e40000

CodeCache: size=245760Kb used=24991Kb max_used=25003Kb free=220768Kb
 bounds [0x0000000001b80000, 0x0000000003400000, 0x0000000010b80000]
 total_blobs=6861 nmethods=6059 adapters=713
 compilation: enabled

Compilation events (10 events):
Event: 51.666 Thread 0x0000000018cf8000 6792       3       org.openqa.selenium.json.JsonInputIterator::hasNext (8 bytes)
Event: 51.666 Thread 0x0000000018cf8000 nmethod 6792 0x00000000033fbcd0 code [0x00000000033fbe40, 0x00000000033fbfe8]
Event: 51.666 Thread 0x0000000018cf8000 6791       3       com.google.common.base.Preconditions::checkNotNull (18 bytes)
Event: 51.666 Thread 0x0000000018cf8000 nmethod 6791 0x00000000033fc0d0 code [0x00000000033fc260, 0x00000000033fc5f8]
Event: 51.672 Thread 0x0000000018cf8000 6795       3       java.util.ArrayDeque$DeqIterator::hasNext (17 bytes)
Event: 51.672 Thread 0x0000000018cf8000 nmethod 6795 0x00000000033fc750 code [0x00000000033fc8a0, 0x00000000033fca50]
Event: 51.673 Thread 0x0000000018cf8000 6796       1       com.kms.katalon.core.logging.KeywordLogger$KeywordStackElement::getNestedLevel (5 bytes)
Event: 51.673 Thread 0x0000000018cf8000 nmethod 6796 0x00000000033fcad0 code [0x00000000033fcc20, 0x00000000033fcd30]
Event: 51.674 Thread 0x0000000018cf1800 6797       4       java.nio.Buffer::limit (62 bytes)
Event: 51.675 Thread 0x0000000018cf1800 nmethod 6797 0x00000000033ffa50 code [0x00000000033ffba0, 0x00000000033ffc78]

GC Heap History (10 events):
Event: 41.391 GC heap before
{Heap before GC invocations=24 (full 2):
 PSYoungGen      total 337408K, used 337377K [0x0000000780000000, 0x000000079f080000, 0x00000007c0000000)
  eden space 313344K, 100% used [0x0000000780000000,0x0000000793200000,0x0000000793200000)
  from space 24064K, 99% used [0x0000000793200000,0x0000000794978480,0x0000000794980000)
  to   space 51200K, 0% used [0x000000079be80000,0x000000079be80000,0x000000079f080000)
 ParOldGen       total 162816K, used 99316K [0x0000000700000000, 0x0000000709f00000, 0x0000000780000000)
  object space 162816K, 60% used [0x0000000700000000,0x00000007060fd0c8,0x0000000709f00000)
 Metaspace       used 38765K, capacity 40114K, committed 40320K, reserved 1085440K
  class space    used 4555K, capacity 4882K, committed 4992K, reserved 1048576K
Event: 41.438 GC heap after
Heap after GC invocations=24 (full 2):
 PSYoungGen      total 453120K, used 40973K [0x0000000780000000, 0x000000079fe00000, 0x00000007c0000000)
  eden space 401920K, 0% used [0x0000000780000000,0x0000000780000000,0x0000000798880000)
  from space 51200K, 80% used [0x000000079be80000,0x000000079e6835b8,0x000000079f080000)
  to   space 55296K, 0% used [0x0000000798880000,0x0000000798880000,0x000000079be80000)
 ParOldGen       total 162816K, used 99324K [0x0000000700000000, 0x0000000709f00000, 0x0000000780000000)
  object space 162816K, 61% used [0x0000000700000000,0x00000007060ff0c8,0x0000000709f00000)
 Metaspace       used 38765K, capacity 40114K, committed 40320K, reserved 1085440K
  class space    used 4555K, capacity 4882K, committed 4992K, reserved 1048576K
}
Event: 42.208 GC heap before
{Heap before GC invocations=25 (full 2):
 PSYoungGen      total 453120K, used 442893K [0x0000000780000000, 0x000000079fe00000, 0x00000007c0000000)
  eden space 401920K, 100% used [0x0000000780000000,0x0000000798880000,0x0000000798880000)
  from space 51200K, 80% used [0x000000079be80000,0x000000079e6835b8,0x000000079f080000)
  to   space 55296K, 0% used [0x0000000798880000,0x0000000798880000,0x000000079be80000)
 ParOldGen       total 162816K, used 99324K [0x0000000700000000, 0x0000000709f00000, 0x0000000780000000)
  object space 162816K, 61% used [0x0000000700000000,0x00000007060ff0c8,0x0000000709f00000)
 Metaspace       used 38851K, capacity 40184K, committed 40320K, reserved 1085440K
  class space    used 4556K, capacity 4883K, committed 4992K, reserved 1048576K
Event: 42.300 GC heap after
Heap after GC invocations=25 (full 2):
 PSYoungGen      total 457216K, used 55288K [0x0000000780000000, 0x00000007a9e00000, 0x00000007c0000000)
  eden space 401920K, 0% used [0x0000000780000000,0x0000000780000000,0x0000000798880000)
  from space 55296K, 99% used [0x0000000798880000,0x000000079be7e0a0,0x000000079be80000)
  to   space 73216K, 0% used [0x00000007a5680000,0x00000007a5680000,0x00000007a9e00000)
 ParOldGen       total 162816K, used 124980K [0x0000000700000000, 0x0000000709f00000, 0x0000000780000000)
  object space 162816K, 76% used [0x0000000700000000,0x0000000707a0d158,0x0000000709f00000)
 Metaspace       used 38851K, capacity 40184K, committed 40320K, reserved 1085440K
  class space    used 4556K, capacity 4883K, committed 4992K, reserved 1048576K
}
Event: 42.987 GC heap before
{Heap before GC invocations=26 (full 2):
 PSYoungGen      total 457216K, used 457208K [0x0000000780000000, 0x00000007a9e00000, 0x00000007c0000000)
  eden space 401920K, 100% used [0x0000000780000000,0x0000000798880000,0x0000000798880000)
  from space 55296K, 99% used [0x0000000798880000,0x000000079be7e0a0,0x000000079be80000)
  to   space 73216K, 0% used [0x00000007a5680000,0x00000007a5680000,0x00000007a9e00000)
 ParOldGen       total 162816K, used 124980K [0x0000000700000000, 0x0000000709f00000, 0x0000000780000000)
  object space 162816K, 76% used [0x0000000700000000,0x0000000707a0d158,0x0000000709f00000)
 Metaspace       used 38900K, capacity 40248K, committed 40576K, reserved 1085440K
  class space    used 4556K, capacity 4883K, committed 4992K, reserved 1048576K
Event: 43.078 GC heap after
Heap after GC invocations=26 (full 2):
 PSYoungGen      total 599552K, used 73208K [0x0000000780000000, 0x00000007abd00000, 0x00000007c0000000)
  eden space 526336K, 0% used [0x0000000780000000,0x0000000780000000,0x00000007a0200000)
  from space 73216K, 99% used [0x00000007a5680000,0x00000007a9dfe350,0x00000007a9e00000)
  to   space 86528K, 0% used [0x00000007a0200000,0x00000007a0200000,0x00000007a5680000)
 ParOldGen       total 162816K, used 127436K [0x0000000700000000, 0x0000000709f00000, 0x0000000780000000)
  object space 162816K, 78% used [0x0000000700000000,0x0000000707c731b8,0x0000000709f00000)
 Metaspace       used 38900K, capacity 40248K, committed 40576K, reserved 1085440K
  class space    used 4556K, capacity 4883K, committed 4992K, reserved 1048576K
}
Event: 47.422 GC heap before
{Heap before GC invocations=27 (full 2):
 PSYoungGen      total 599552K, used 599544K [0x0000000780000000, 0x00000007abd00000, 0x00000007c0000000)
  eden space 526336K, 100% used [0x0000000780000000,0x00000007a0200000,0x00000007a0200000)
  from space 73216K, 99% used [0x00000007a5680000,0x00000007a9dfe350,0x00000007a9e00000)
  to   space 86528K, 0% used [0x00000007a0200000,0x00000007a0200000,0x00000007a5680000)
 ParOldGen       total 162816K, used 127436K [0x0000000700000000, 0x0000000709f00000, 0x0000000780000000)
  object space 162816K, 78% used [0x0000000700000000,0x0000000707c731b8,0x0000000709f00000)
 Metaspace       used 39102K, capacity 40486K, committed 40576K, reserved 1085440K
  class space    used 4572K, capacity 4908K, committed 4992K, reserved 1048576K
Event: 47.599 GC heap after
Heap after GC invocations=27 (full 2):
 PSYoungGen      total 612864K, used 86520K [0x0000000780000000, 0x00000007abd00000, 0x00000007c0000000)
  eden space 526336K, 0% used [0x0000000780000000,0x0000000780000000,0x00000007a0200000)
  from space 86528K, 99% used [0x00000007a0200000,0x00000007a567e0e0,0x00000007a5680000)
  to   space 73216K, 0% used [0x00000007a5680000,0x00000007a5680000,0x00000007a9e00000)
 ParOldGen       total 162816K, used 143660K [0x0000000700000000, 0x0000000709f00000, 0x0000000780000000)
  object space 162816K, 88% used [0x0000000700000000,0x0000000708c4b1f8,0x0000000709f00000)
 Metaspace       used 39102K, capacity 40486K, committed 40576K, reserved 1085440K
  class space    used 4572K, capacity 4908K, committed 4992K, reserved 1048576K
}
Event: 47.599 GC heap before
{Heap before GC invocations=28 (full 3):
 PSYoungGen      total 612864K, used 86520K [0x0000000780000000, 0x00000007abd00000, 0x00000007c0000000)
  eden space 526336K, 0% used [0x0000000780000000,0x0000000780000000,0x00000007a0200000)
  from space 86528K, 99% used [0x00000007a0200000,0x00000007a567e0e0,0x00000007a5680000)
  to   space 73216K, 0% used [0x00000007a5680000,0x00000007a5680000,0x00000007a9e00000)
 ParOldGen       total 162816K, used 143660K [0x0000000700000000, 0x0000000709f00000, 0x0000000780000000)
  object space 162816K, 88% used [0x0000000700000000,0x0000000708c4b1f8,0x0000000709f00000)
 Metaspace       used 39102K, capacity 40486K, committed 40576K, reserved 1085440K
  class space    used 4572K, capacity 4908K, committed 4992K, reserved 1048576K
Event: 47.819 GC heap after
Heap after GC invocations=28 (full 3):
 PSYoungGen      total 612864K, used 0K [0x0000000780000000, 0x00000007abd00000, 0x00000007c0000000)
  eden space 526336K, 0% used [0x0000000780000000,0x0000000780000000,0x00000007a0200000)
  from space 86528K, 0% used [0x00000007a0200000,0x00000007a0200000,0x00000007a5680000)
  to   space 73216K, 0% used [0x00000007a5680000,0x00000007a5680000,0x00000007a9e00000)
 ParOldGen       total 210944K, used 42075K [0x0000000700000000, 0x000000070ce00000, 0x0000000780000000)
  object space 210944K, 19% used [0x0000000700000000,0x0000000702916d28,0x000000070ce00000)
 Metaspace       used 39102K, capacity 40486K, committed 40576K, reserved 1085440K
  class space    used 4572K, capacity 4908K, committed 4992K, reserved 1048576K
}

Deoptimization events (10 events):
Event: 40.675 Thread 0x0000000001a85800 Uncommon trap: reason=unstable_if action=reinterpret pc=0x0000000003158408 method=org.apache.xmlbeans.impl.store.Locale$nthCache.distance(Lorg/apache/xmlbeans/impl/store/Xobj;Ljavax/xml/namespace/QName;Lorg/apache/xmlbeans/QNameSet;I)I @ 63
Event: 40.991 Thread 0x0000000001a85800 Uncommon trap: reason=class_check action=maybe_recompile pc=0x00000000030a9cb4 method=org.apache.xmlbeans.impl.values.XmlObjectBase.create_attribute_user(Ljavax/xml/namespace/QName;)Lorg/apache/xmlbeans/impl/values/TypeStoreUser; @ 12
Event: 40.996 Thread 0x0000000001a85800 Uncommon trap: reason=class_check action=maybe_recompile pc=0x00000000030a9cb4 method=org.apache.xmlbeans.impl.values.XmlObjectBase.create_attribute_user(Ljavax/xml/namespace/QName;)Lorg/apache/xmlbeans/impl/values/TypeStoreUser; @ 12
Event: 41.342 Thread 0x0000000001a85800 Uncommon trap: reason=predicate action=maybe_recompile pc=0x00000000031c45f0 method=java.lang.String.regionMatches(ZILjava/lang/String;II)Z @ 63
Event: 41.744 Thread 0x0000000001a85800 Uncommon trap: reason=class_check action=maybe_recompile pc=0x000000000314dab4 method=org.apache.xmlbeans.impl.values.XmlObjectBase.check_element_dated()V @ 44
Event: 41.744 Thread 0x0000000001a85800 Uncommon trap: reason=unstable_if action=reinterpret pc=0x000000000308d100 method=org.apache.xmlbeans.impl.store.CharUtil.getString(Ljava/lang/Object;II)Ljava/lang/String; @ 24
Event: 51.479 Thread 0x0000000001a85800 Uncommon trap: reason=class_check action=maybe_recompile pc=0x0000000002b36e64 method=java.lang.AbstractStringBuilder.append(Ljava/lang/CharSequence;)Ljava/lang/AbstractStringBuilder; @ 26
Event: 51.479 Thread 0x0000000001a85800 Uncommon trap: reason=class_check action=maybe_recompile pc=0x0000000002667a28 method=java.lang.AbstractStringBuilder.append(Ljava/lang/CharSequence;II)Ljava/lang/AbstractStringBuilder; @ 18
Event: 51.479 Thread 0x0000000001a85800 Uncommon trap: reason=class_check action=maybe_recompile pc=0x0000000002b36e64 method=java.lang.AbstractStringBuilder.append(Ljava/lang/CharSequence;)Ljava/lang/AbstractStringBuilder; @ 26
Event: 51.479 Thread 0x0000000001a85800 Uncommon trap: reason=class_check action=maybe_recompile pc=0x0000000002667a28 method=java.lang.AbstractStringBuilder.append(Ljava/lang/CharSequence;II)Ljava/lang/AbstractStringBuilder; @ 18

Classes redefined (0 events):
No events

Internal exceptions (10 events):
Event: 51.436 Thread 0x0000000001a85800 Exception <a 'java/lang/ClassNotFoundException': groovy/tmp/templates/GStringTemplateScript45BeanInfo> (0x000000078ec801f0) thrown at [C:\re\workspace\8-2-build-windows-amd64-cygwin\jdk8u181\11358\hotspot\src\share\vm\classfile\systemDictionary.cpp, line 
Event: 51.443 Thread 0x0000000001a85800 Exception <a 'java/lang/ClassNotFoundException': groovy/tmp/templates/GStringTemplateScript45Customizer> (0x000000078ecd6700) thrown at [C:\re\workspace\8-2-build-windows-amd64-cygwin\jdk8u181\11358\hotspot\src\share\vm\classfile\systemDictionary.cpp, lin
Event: 51.466 Thread 0x0000000001a85800 Exception <a 'java/lang/ClassNotFoundException': groovy/tmp/templates/GStringTemplateScript46BeanInfo> (0x000000078edc0678) thrown at [C:\re\workspace\8-2-build-windows-amd64-cygwin\jdk8u181\11358\hotspot\src\share\vm\classfile\systemDictionary.cpp, line 
Event: 51.476 Thread 0x0000000001a85800 Exception <a 'java/lang/ClassNotFoundException': groovy/tmp/templates/GStringTemplateScript46Customizer> (0x000000078ee16b88) thrown at [C:\re\workspace\8-2-build-windows-amd64-cygwin\jdk8u181\11358\hotspot\src\share\vm\classfile\systemDictionary.cpp, lin
Event: 51.495 Thread 0x0000000001a85800 Exception <a 'java/net/SocketTimeoutException': Read timed out> (0x000000078ef25000) thrown at [C:\re\workspace\8-2-build-windows-amd64-cygwin\jdk8u181\11358\hotspot\src\share\vm\prims\jni.cpp, line 735]
Event: 51.512 Thread 0x0000000001a85800 Exception <a 'java/net/SocketTimeoutException': Read timed out> (0x000000078ef467c0) thrown at [C:\re\workspace\8-2-build-windows-amd64-cygwin\jdk8u181\11358\hotspot\src\share\vm\prims\jni.cpp, line 735]
Event: 51.542 Thread 0x0000000001a85800 Exception <a 'java/net/SocketTimeoutException': Read timed out> (0x000000078ef5e510) thrown at [C:\re\workspace\8-2-build-windows-amd64-cygwin\jdk8u181\11358\hotspot\src\share\vm\prims\jni.cpp, line 735]
Event: 51.561 Thread 0x0000000001a85800 Exception <a 'java/net/SocketTimeoutException': Read timed out> (0x000000078ef7df28) thrown at [C:\re\workspace\8-2-build-windows-amd64-cygwin\jdk8u181\11358\hotspot\src\share\vm\prims\jni.cpp, line 735]
Event: 51.666 Thread 0x0000000001a85800 Exception <a 'java/net/SocketTimeoutException': Read timed out> (0x000000078ff42ab8) thrown at [C:\re\workspace\8-2-build-windows-amd64-cygwin\jdk8u181\11358\hotspot\src\share\vm\prims\jni.cpp, line 735]
Event: 51.715 Thread 0x000000001da32000 Exception <a 'java/lang/OutOfMemoryError': OutOfMemoryError> (0x0000000780bc4ec8) thrown at [C:\re\workspace\8-2-build-windows-amd64-cygwin\jdk8u181\11358\hotspot\src\share\vm\prims\jni.cpp, line 735]

Events (10 events):
Event: 51.479 Thread 0x0000000001a85800 DEOPT UNPACKING pc=0x0000000001bc583b sp=0x0000000001a7d258 mode 2
Event: 51.479 Thread 0x0000000001a85800 Uncommon trap: trap_request=0xffffffde fr.pc=0x0000000002667a28
Event: 51.479 Thread 0x0000000001a85800 DEOPT PACKING pc=0x0000000002667a28 sp=0x0000000001a7d100
Event: 51.479 Thread 0x0000000001a85800 DEOPT UNPACKING pc=0x0000000001bc583b sp=0x0000000001a7d0d8 mode 2
Event: 51.479 Thread 0x0000000001a85800 Uncommon trap: trap_request=0xffffffde fr.pc=0x0000000002b36e64
Event: 51.479 Thread 0x0000000001a85800 DEOPT PACKING pc=0x0000000002b36e64 sp=0x0000000001a7d250
Event: 51.479 Thread 0x0000000001a85800 DEOPT UNPACKING pc=0x0000000001bc583b sp=0x0000000001a7d258 mode 2
Event: 51.479 Thread 0x0000000001a85800 Uncommon trap: trap_request=0xffffffde fr.pc=0x0000000002667a28
Event: 51.479 Thread 0x0000000001a85800 DEOPT PACKING pc=0x0000000002667a28 sp=0x0000000001a7d100
Event: 51.479 Thread 0x0000000001a85800 DEOPT UNPACKING pc=0x0000000001bc583b sp=0x0000000001a7d0d8 mode 2


Dynamic libraries:
0x00007ff6ac180000 - 0x00007ff6ac1b7000 	C:\Katalon_Studio\jre\bin\java.exe
0x00007ffe1c940000 - 0x00007ffe1cb30000 	C:\WINDOWS\SYSTEM32\ntdll.dll
0x00007ffe1bef0000 - 0x00007ffe1bfa2000 	C:\WINDOWS\System32\KERNEL32.dll
0x00007ffe11c00000 - 0x00007ffe11d27000 	C:\Windows\system32\hmpalert.dll
0x00007ffe1a4b0000 - 0x00007ffe1a753000 	C:\WINDOWS\System32\KERNELBASE.dll
0x00007ffe1b460000 - 0x00007ffe1b503000 	C:\WINDOWS\System32\ADVAPI32.dll
0x00007ffe1b6b0000 - 0x00007ffe1b74e000 	C:\WINDOWS\System32\msvcrt.dll
0x00007ffe1c090000 - 0x00007ffe1c127000 	C:\WINDOWS\System32\sechost.dll
0x00007ffe1bd40000 - 0x00007ffe1be60000 	C:\WINDOWS\System32\RPCRT4.dll
0x00007ffe1b510000 - 0x00007ffe1b6a4000 	C:\WINDOWS\System32\USER32.dll
0x00007ffe19b70000 - 0x00007ffe19b91000 	C:\WINDOWS\System32\win32u.dll
0x00007ffe1c8d0000 - 0x00007ffe1c8f6000 	C:\WINDOWS\System32\GDI32.dll
0x00007ffe1a760000 - 0x00007ffe1a8f4000 	C:\WINDOWS\System32\gdi32full.dll
0x00007ffe1a950000 - 0x00007ffe1a9ee000 	C:\WINDOWS\System32\msvcp_win.dll
0x00007ffe1a3b0000 - 0x00007ffe1a4aa000 	C:\WINDOWS\System32\ucrtbase.dll
0x00007ffe08090000 - 0x00007ffe08315000 	C:\WINDOWS\WinSxS\amd64_microsoft.windows.common-controls_6595b64144ccf1df_6.0.18362.720_none_e6beb5c51314836b\COMCTL32.dll
0x00007ffe1b760000 - 0x00007ffe1ba96000 	C:\WINDOWS\System32\combase.dll
0x00007ffe19980000 - 0x00007ffe19a00000 	C:\WINDOWS\System32\bcryptPrimitives.dll
0x00007ffe0eb10000 - 0x00007ffe0eb4d000 	C:\WINDOWS\system32\SophosAV\SOPHOS~1.DLL
0x00007ffe1bd30000 - 0x00007ffe1bd38000 	C:\WINDOWS\System32\PSAPI.DLL
0x000000006ff60000 - 0x0000000070032000 	C:\Katalon_Studio\jre\bin\msvcr100.dll
0x0000000070210000 - 0x0000000070ab2000 	C:\Katalon_Studio\jre\bin\server\jvm.dll
0x00007ffe145d0000 - 0x00007ffe145da000 	C:\WINDOWS\SYSTEM32\VERSION.dll
0x00007ffe09a50000 - 0x00007ffe09a59000 	C:\WINDOWS\SYSTEM32\WSOCK32.dll
0x00007ffe144a0000 - 0x00007ffe144c4000 	C:\WINDOWS\SYSTEM32\WINMM.dll
0x00007ffe1c020000 - 0x00007ffe1c08f000 	C:\WINDOWS\System32\WS2_32.dll
0x00007ffe14470000 - 0x00007ffe1449d000 	C:\WINDOWS\SYSTEM32\winmmbase.dll
0x00007ffe1a900000 - 0x00007ffe1a94a000 	C:\WINDOWS\System32\cfgmgr32.dll
0x0000000070120000 - 0x000000007012f000 	C:\Katalon_Studio\jre\bin\verify.dll
0x00000000700f0000 - 0x0000000070119000 	C:\Katalon_Studio\jre\bin\java.dll
0x00000000700d0000 - 0x00000000700e6000 	C:\Katalon_Studio\jre\bin\zip.dll
0x00007ffe1ad70000 - 0x00007ffe1b455000 	C:\WINDOWS\System32\SHELL32.dll
0x00007ffe1c710000 - 0x00007ffe1c7b9000 	C:\WINDOWS\System32\shcore.dll
0x00007ffe19ba0000 - 0x00007ffe1a320000 	C:\WINDOWS\System32\windows.storage.dll
0x00007ffe19880000 - 0x00007ffe198a3000 	C:\WINDOWS\System32\profapi.dll
0x00007ffe19830000 - 0x00007ffe1987a000 	C:\WINDOWS\System32\powrprof.dll
0x00007ffe19800000 - 0x00007ffe19810000 	C:\WINDOWS\System32\UMPDC.dll
0x00007ffe1bb20000 - 0x00007ffe1bb72000 	C:\WINDOWS\System32\shlwapi.dll
0x00007ffe198b0000 - 0x00007ffe198c1000 	C:\WINDOWS\System32\kernel.appcore.dll
0x00007ffe19b50000 - 0x00007ffe19b67000 	C:\WINDOWS\System32\cryptsp.dll
0x00000000700b0000 - 0x00000000700ca000 	C:\Katalon_Studio\jre\bin\net.dll
0x00007ffe19030000 - 0x00007ffe19097000 	C:\WINDOWS\system32\mswsock.dll
0x0000000070090000 - 0x00000000700a1000 	C:\Katalon_Studio\jre\bin\nio.dll
0x000000006fdc0000 - 0x000000006ff59000 	C:\Katalon_Studio\jre\bin\awt.dll
0x00007ffe1aca0000 - 0x00007ffe1ad64000 	C:\WINDOWS\System32\OLEAUT32.dll
0x00007ffe176f0000 - 0x00007ffe1777f000 	C:\WINDOWS\SYSTEM32\apphelp.dll
0x00007ffe17cf0000 - 0x00007ffe17d1d000 	C:\WINDOWS\system32\DWMAPI.DLL
0x00007ffe070c0000 - 0x00007ffe07216000 	C:\WINDOWS\system32\opengl32.dll
0x00007ffe13ef0000 - 0x00007ffe13f1c000 	C:\WINDOWS\SYSTEM32\GLU32.dll
0x00007ffe181c0000 - 0x00007ffe181e0000 	C:\WINDOWS\SYSTEM32\dxcore.dll
0x00007ffe1c5b0000 - 0x00007ffe1c707000 	C:\WINDOWS\System32\ole32.dll
0x00007ffe18de0000 - 0x00007ffe18eaa000 	C:\WINDOWS\SYSTEM32\DNSAPI.dll
0x00007ffe1b750000 - 0x00007ffe1b758000 	C:\WINDOWS\System32\NSI.dll
0x00007ffe18d40000 - 0x00007ffe18d7a000 	C:\WINDOWS\SYSTEM32\IPHLPAPI.DLL
0x00007ffe141d0000 - 0x00007ffe141da000 	C:\Windows\System32\rasadhlp.dll
0x00007ffe15ca0000 - 0x00007ffe15d17000 	C:\WINDOWS\System32\fwpuclnt.dll
0x00007ffe1a320000 - 0x00007ffe1a346000 	C:\WINDOWS\System32\bcrypt.dll
0x0000000070050000 - 0x0000000070074000 	C:\Katalon_Studio\jre\bin\sunec.dll
0x0000000070040000 - 0x000000007004b000 	C:\Katalon_Studio\jre\bin\sunmscapi.dll
0x00007ffe19a00000 - 0x00007ffe19b49000 	C:\WINDOWS\System32\CRYPT32.dll
0x00007ffe19810000 - 0x00007ffe19822000 	C:\WINDOWS\System32\MSASN1.dll
0x00007ffe15a70000 - 0x00007ffe15a86000 	C:\WINDOWS\SYSTEM32\dhcpcsvc6.DLL
0x00007ffe15a50000 - 0x00007ffe15a6c000 	C:\WINDOWS\SYSTEM32\dhcpcsvc.DLL
0x00007ffe18930000 - 0x00007ffe18963000 	C:\WINDOWS\system32\rsaenh.dll
0x00007ffe19720000 - 0x00007ffe19745000 	C:\WINDOWS\SYSTEM32\USERENV.dll
0x00007ffe19200000 - 0x00007ffe1920c000 	C:\WINDOWS\SYSTEM32\CRYPTBASE.dll
0x00007ffe11d30000 - 0x00007ffe11d46000 	C:\WINDOWS\system32\napinsp.dll
0x00007ffe11df0000 - 0x00007ffe11e0a000 	C:\WINDOWS\system32\pnrpnsp.dll
0x00007ffe11e10000 - 0x00007ffe11e1e000 	C:\WINDOWS\System32\winrnr.dll
0x00007ffe16190000 - 0x00007ffe161ac000 	C:\WINDOWS\system32\NLAapi.dll
0x00007ffe11e20000 - 0x00007ffe11e35000 	C:\WINDOWS\system32\wshbth.dll

VM Arguments:
java_command: org.codehaus.groovy.tools.GroovyStarter --main groovy.ui.GroovyMain C:\FarmaTesting\katalonProjects\Libs\TempTestSuite1591042208228.groovy
java_class_path (initial): ;C:\Katalon_Studio\plugins\org.codehaus.groovy_2.4.7.xx-201611170128-e46\lib\bsf-2.4.0.jar;C:\Katalon_Studio\plugins\org.codehaus.groovy_2.4.7.xx-201611170128-e46\lib\groovy-all-2.4.7.jar;C:\Katalon_Studio\plugins\org.codehaus.groovy_2.4.7.xx-201611170128-e46\lib\ivy-2.4.0.jar;C:\Katalon_Studio\plugins\org.codehaus.groovy_2.4.7.xx-201611170128-e46\lib\org.apache.xerces.impl_2.11.0.jar;C:\Katalon_Studio\plugins\org.codehaus.groovy_2.4.7.xx-201611170128-e46\lib\servlet-api-2.4.jar;C:\Katalon_Studio\plugins\org.codehaus.groovy_2.4.7.xx-201611170128-e46\lib\xml-apis_1.4.1.jar;C:\Katalon_Studio\plugins\com.kms.katalon.core_1.0.0.201908270734.jar;C:\Katalon_Studio\plugins\net.sf.supercsv.super-csv_2.1.0.jar;C:\Katalon_Studio\plugins\org.apache.poi_3.9.0.v201405241750.jar;C:\Katalon_Studio\plugins\org.apache.poi.ooxml_3.9.0.v201405241905.jar;C:\Katalon_Studio\plugins\org.apache.poi.ooxml.schemas_3.9.0.v201405241750.jar;C:\Katalon_Studio\plugins\org.dom4j_1.6.1.v201312101416.jar;C:\Katalon_Studio\plugins\org.apache.commons.io_2.4.0.jar;C:\Katalon_Studio\plugins\org.apache.commons.lang_2.6.0.jar;C:\Katalon_Studio\plugins\org.apache.xmlbeans_2.6.0.jar;C:\Katalon_Studio\plugins\com.google.gson_2.8.0.jar;C:\Katalon_Studio\plugins\org.jsoup_1.7.2.jar;C:\Katalon_Studio\plugins\com.mysql.jdbc_5.1.38.jar;C:\Katalon_Studio\plugins\com.microsoft.sqlserver.sqljdbc4_4.1.5605.100.jar;C:\Katalon_Studio\plugins\org.apache.commons.dbutils_1.6.0.jar;C:\Katalon_Studio\plugins\com.oracle.jdbc.ojdbc7_12.1.0.2.jar;C:\Katalon_Studio\plugins\org.postgresql.jdbc41_9.4.1208.jre7.jar;c:\Katalon_Studio\plugins\org.eclipse.osgi_3.11.3.v20170209-1843.jar;C:\Katalon_Studio\plugins\com.kms.katalon.constant_1.0.0.201908270734.jar;C:\Katalon_Studio\plugins\org.eclipse.persistence.eclipselink_2.5.0.RC1.jar;C:\Katalon_Studio\plugins\com.kms.katalon.selenium-standalone_1.0.0.201908270734.jar;C:\Katalon_Studio\plugins\atu.testrecorder.screen-recorder_2.1.0.jar;C:\Katalon_Studio\plu
Launcher Type: SUN_STANDARD

Environment Variables:
PATH=C:/Katalon_Studio/jre/bin/server;C:/Katalon_Studio/jre/bin;C:/Katalon_Studio/jre/lib/amd64;C:\Program Files (x86)\Common Files\Oracle\Java\javapath;C:\ProgramData\Oracle\Java\javapath;C:\WINDOWS\system32;C:\WINDOWS;C:\WINDOWS\System32\Wbem;C:\WINDOWS\System32\WindowsPowerShell\v1.0\;C:\Program Files (x86)\Microsoft SQL Server\Client SDK\ODBC\130\Tools\Binn\;C:\Program Files (x86)\Microsoft SQL Server\130\Tools\Binn\;C:\Program Files (x86)\Microsoft SQL Server\130\DTS\Binn\;C:\Program Files (x86)\Microsoft SQL Server\130\Tools\Binn\ManagementStudio\;C:\Program Files\dotnet\;C:\Program Files\Microsoft SQL Server\130\Tools\Binn\;C:\WINDOWS\System32\OpenSSH\;C:\Program Files (x86)\SAP BusinessObjects\sqlanywhere\BIN64;C:\Program Files (x86)\SAP BusinessObjects\sqlanywhere\BIN32;C:\Users\alflopez-ext\AppData\Local\Programs\Git\cmd;C:\Users\alflopez-ext\AppData\Local\Microsoft\WindowsApps;C:\Katalon_Studio;
USERNAME=alflopez-ext
OS=Windows_NT
PROCESSOR_IDENTIFIER=Intel64 Family 6 Model 45 Stepping 7, GenuineIntel



---------------  S Y S T E M  ---------------

OS: Windows 10.0 , 64 bit Build 18362 (10.0.18362.329)

CPU:total 4 (initial active 4) (2 cores per cpu, 1 threads per core) family 6 model 45 stepping 7, cmov, cx8, fxsr, mmx, sse, sse2, sse3, ssse3, sse4.1, sse4.2, popcnt, avx, aes, clmul, tsc, tscinvbit, tscinv

Memory: 4k page, physical 12582452k(2728936k free), swap 28173552k(6640k free)

vm_info: Java HotSpot(TM) 64-Bit Server VM (25.181-b13) for windows-amd64 JRE (1.8.0_181-b13), built on Jul  7 2018 04:01:33 by "java_re" with MS VC++ 10.0 (VS2010)

time: Mon Jun 01 17:11:00 2020
elapsed time: 51 seconds (0d 0h 0m 51s)

