#
# There is insufficient memory for the Java Runtime Environment to continue.
# Native memory allocation (malloc) failed to allocate 2011424 bytes for Chunk::new
# Possible reasons:
#   The system is out of physical RAM or swap space
#   In 32 bit mode, the process size limit was hit
# Possible solutions:
#   Reduce memory load on the system
#   Increase physical memory or swap space
#   Check if swap backing store is full
#   Use 64 bit Java on a 64 bit OS
#   Decrease Java heap size (-Xmx/-Xms)
#   Decrease number of Java threads
#   Decrease Java thread stack sizes (-Xss)
#   Set larger code cache with -XX:ReservedCodeCacheSize=
# This output file may be truncated or incomplete.
#
#  Out of Memory Error (allocation.cpp:390), pid=63456, tid=0x000000000000f2b8
#
# JRE version: Java(TM) SE Runtime Environment (8.0_181-b13) (build 1.8.0_181-b13)
# Java VM: Java HotSpot(TM) 64-Bit Server VM (25.181-b13 mixed mode windows-amd64 compressed oops)
# Failed to write core dump. Minidumps are not enabled by default on client versions of Windows
#

---------------  T H R E A D  ---------------

Current thread (0x0000000018504000):  JavaThread "C2 CompilerThread0" daemon [_thread_in_native, id=62136, stack(0x0000000019b70000,0x0000000019c70000)]

Stack: [0x0000000019b70000,0x0000000019c70000]
[error occurred during error reporting (printing stack bounds), id 0xc0000005]

Native frames: (J=compiled Java code, j=interpreted, Vv=VM code, C=native code)


Current CompileTask:
C2:   7096 2012   !   4       java.net.URLClassLoader$1::run (63 bytes)


---------------  P R O C E S S  ---------------

Java Threads: ( => current thread )
  0x000000001c99d000 JavaThread "Image Fetcher 1" daemon [_thread_blocked, id=47540, stack(0x000000001df90000,0x000000001e090000)]
  0x000000001b969000 JavaThread "Image Fetcher 0" daemon [_thread_blocked, id=54832, stack(0x000000001de90000,0x000000001df90000)]
  0x000000001cafa800 JavaThread "pool-2-thread-1" [_thread_blocked, id=62856, stack(0x000000001dd90000,0x000000001de90000)]
  0x000000001cbe0000 JavaThread "pool-1-thread-1" [_thread_blocked, id=61000, stack(0x000000001dc90000,0x000000001dd90000)]
  0x000000001caf7800 JavaThread "AWT-Windows" daemon [_thread_in_native, id=15536, stack(0x000000001db90000,0x000000001dc90000)]
  0x000000001cbbf000 JavaThread "AWT-Shutdown" [_thread_blocked, id=46832, stack(0x000000001da90000,0x000000001db90000)]
  0x000000001cbbe000 JavaThread "Java2D Disposer" daemon [_thread_blocked, id=53856, stack(0x000000001be40000,0x000000001bf40000)]
  0x000000001855c000 JavaThread "Service Thread" daemon [_thread_blocked, id=50036, stack(0x000000001a270000,0x000000001a370000)]
  0x0000000018531800 JavaThread "C1 CompilerThread2" daemon [_thread_in_vm, id=57976, stack(0x0000000019d70000,0x0000000019e70000)]
  0x000000001850a800 JavaThread "C2 CompilerThread1" daemon [_thread_in_native, id=44080, stack(0x0000000019c70000,0x0000000019d70000)]
=>0x0000000018504000 JavaThread "C2 CompilerThread0" daemon [_thread_in_native, id=62136, stack(0x0000000019b70000,0x0000000019c70000)]
  0x0000000018502800 JavaThread "Attach Listener" daemon [_thread_blocked, id=59964, stack(0x0000000019a70000,0x0000000019b70000)]
  0x0000000018501000 JavaThread "Signal Dispatcher" daemon [_thread_blocked, id=23520, stack(0x0000000019970000,0x0000000019a70000)]
  0x00000000184ec000 JavaThread "Finalizer" daemon [_thread_blocked, id=53912, stack(0x0000000019750000,0x0000000019850000)]
  0x0000000001386000 JavaThread "Reference Handler" daemon [_thread_blocked, id=48372, stack(0x0000000019650000,0x0000000019750000)]
  0x0000000001295800 JavaThread "main" [_thread_in_native, id=61184, stack(0x0000000001190000,0x0000000001290000)]

Other Threads:
  0x00000000184c7800 VMThread [stack: 0x0000000019550000,0x0000000019650000] [id=41064]
  0x000000001855d000 WatcherThread [stack: 0x000000001a370000,0x000000001a470000] [id=34888]

VM state:not at safepoint (normal execution)

VM Mutex/Monitor currently owned by a thread: None

Heap:
 PSYoungGen      total 81408K, used 49326K [0x0000000780000000, 0x0000000785f80000, 0x00000007c0000000)
  eden space 70144K, 55% used [0x0000000780000000,0x000000078262e6d0,0x0000000784480000)
  from space 11264K, 90% used [0x0000000785000000,0x00000007859fd3e0,0x0000000785b00000)
  to   space 11776K, 0% used [0x0000000784480000,0x0000000784480000,0x0000000785000000)
 ParOldGen       total 91136K, used 21934K [0x0000000700000000, 0x0000000705900000, 0x0000000780000000)
  object space 91136K, 24% used [0x0000000700000000,0x000000070156b8e8,0x0000000705900000)
 Metaspace       used 23356K, capacity 23664K, committed 23936K, reserved 1071104K
  class space    used 2575K, capacity 2677K, committed 2688K, reserved 1048576K

Card table byte_map: [0x0000000010750000,0x0000000010d60000] byte_map_base: 0x000000000cf50000

Marking Bits: (ParMarkBitMap*) 0x0000000070a32d00
 Begin Bits: [0x0000000011560000, 0x0000000014560000)
 End Bits:   [0x0000000014560000, 0x0000000017560000)

Polling page: 0x0000000000610000

CodeCache: size=245760Kb used=8917Kb max_used=9656Kb free=236842Kb
 bounds [0x0000000001390000, 0x0000000001d10000, 0x0000000010390000]
 total_blobs=2610 nmethods=1854 adapters=667
 compilation: enabled

Compilation events (10 events):
Event: 7.085 Thread 0x0000000018531800 2111       3       sun.misc.SharedSecrets::getJavaLangAccess (4 bytes)
Event: 7.085 Thread 0x0000000018531800 nmethod 2111 0x0000000001657d10 code [0x0000000001657e60, 0x0000000001657fb0]
Event: 7.085 Thread 0x0000000018531800 2112       3       java.util.Collections$EmptyMap::values (4 bytes)
Event: 7.086 Thread 0x0000000018531800 nmethod 2112 0x000000000188a7d0 code [0x000000000188a940, 0x000000000188aaf0]
Event: 7.086 Thread 0x0000000018531800 2113       3       java.util.Collections$EmptySet::toArray (11 bytes)
Event: 7.086 Thread 0x0000000018531800 nmethod 2113 0x000000000188a250 code [0x000000000188a3c0, 0x000000000188a6b0]
Event: 7.086 Thread 0x0000000018531800 2114       3       sun.reflect.generics.scope.ClassScope::make (9 bytes)
Event: 7.087 Thread 0x0000000018531800 nmethod 2114 0x00000000014bf450 code [0x00000000014bf5c0, 0x00000000014bf890]
Event: 7.087 Thread 0x0000000018531800 2115       3       sun.reflect.generics.scope.ClassScope::<init> (6 bytes)
Event: 7.087 Thread 0x0000000018531800 nmethod 2115 0x00000000014befd0 code [0x00000000014bf140, 0x00000000014bf370]

GC Heap History (10 events):
Event: 4.885 GC heap before
{Heap before GC invocations=3 (full 0):
 PSYoungGen      total 57344K, used 37585K [0x0000000780000000, 0x0000000784000000, 0x00000007c0000000)
  eden space 49152K, 59% used [0x0000000780000000,0x0000000781cb9a80,0x0000000783000000)
  from space 8192K, 99% used [0x0000000783800000,0x0000000783ffac80,0x0000000784000000)
  to   space 8192K, 0% used [0x0000000783000000,0x0000000783000000,0x0000000783800000)
 ParOldGen       total 131072K, used 1965K [0x0000000700000000, 0x0000000708000000, 0x0000000780000000)
  object space 131072K, 1% used [0x0000000700000000,0x00000007001eb5f8,0x0000000708000000)
 Metaspace       used 20871K, capacity 21084K, committed 21296K, reserved 1069056K
  class space    used 2324K, capacity 2397K, committed 2432K, reserved 1048576K
Event: 4.897 GC heap after
Heap after GC invocations=3 (full 0):
 PSYoungGen      total 57344K, used 8164K [0x0000000780000000, 0x0000000784000000, 0x00000007c0000000)
  eden space 49152K, 0% used [0x0000000780000000,0x0000000780000000,0x0000000783000000)
  from space 8192K, 99% used [0x0000000783000000,0x00000007837f9080,0x0000000783800000)
  to   space 8192K, 0% used [0x0000000783800000,0x0000000783800000,0x0000000784000000)
 ParOldGen       total 131072K, used 3460K [0x0000000700000000, 0x0000000708000000, 0x0000000780000000)
  object space 131072K, 2% used [0x0000000700000000,0x00000007003613a0,0x0000000708000000)
 Metaspace       used 20871K, capacity 21084K, committed 21296K, reserved 1069056K
  class space    used 2324K, capacity 2397K, committed 2432K, reserved 1048576K
}
Event: 4.898 GC heap before
{Heap before GC invocations=4 (full 1):
 PSYoungGen      total 57344K, used 8164K [0x0000000780000000, 0x0000000784000000, 0x00000007c0000000)
  eden space 49152K, 0% used [0x0000000780000000,0x0000000780000000,0x0000000783000000)
  from space 8192K, 99% used [0x0000000783000000,0x00000007837f9080,0x0000000783800000)
  to   space 8192K, 0% used [0x0000000783800000,0x0000000783800000,0x0000000784000000)
 ParOldGen       total 131072K, used 3460K [0x0000000700000000, 0x0000000708000000, 0x0000000780000000)
  object space 131072K, 2% used [0x0000000700000000,0x00000007003613a0,0x0000000708000000)
 Metaspace       used 20871K, capacity 21084K, committed 21296K, reserved 1069056K
  class space    used 2324K, capacity 2397K, committed 2432K, reserved 1048576K
Event: 4.956 GC heap after
Heap after GC invocations=4 (full 1):
 PSYoungGen      total 57344K, used 0K [0x0000000780000000, 0x0000000784000000, 0x00000007c0000000)
  eden space 49152K, 0% used [0x0000000780000000,0x0000000780000000,0x0000000783000000)
  from space 8192K, 0% used [0x0000000783000000,0x0000000783000000,0x0000000783800000)
  to   space 8192K, 0% used [0x0000000783800000,0x0000000783800000,0x0000000784000000)
 ParOldGen       total 91136K, used 9622K [0x0000000700000000, 0x0000000705900000, 0x0000000780000000)
  object space 91136K, 10% used [0x0000000700000000,0x00000007009658a8,0x0000000705900000)
 Metaspace       used 20871K, capacity 21084K, committed 21296K, reserved 1069056K
  class space    used 2324K, capacity 2397K, committed 2432K, reserved 1048576K
}
Event: 5.681 GC heap before
{Heap before GC invocations=5 (full 1):
 PSYoungGen      total 57344K, used 46909K [0x0000000780000000, 0x0000000784000000, 0x00000007c0000000)
  eden space 49152K, 95% used [0x0000000780000000,0x0000000782dcf568,0x0000000783000000)
  from space 8192K, 0% used [0x0000000783000000,0x0000000783000000,0x0000000783800000)
  to   space 8192K, 0% used [0x0000000783800000,0x0000000783800000,0x0000000784000000)
 ParOldGen       total 91136K, used 9622K [0x0000000700000000, 0x0000000705900000, 0x0000000780000000)
  object space 91136K, 10% used [0x0000000700000000,0x00000007009658a8,0x0000000705900000)
 Metaspace       used 22991K, capacity 23240K, committed 23424K, reserved 1071104K
  class space    used 2561K, capacity 2645K, committed 2688K, reserved 1048576K
Event: 5.688 GC heap after
Heap after GC invocations=5 (full 1):
 PSYoungGen      total 57344K, used 7290K [0x0000000780000000, 0x0000000785380000, 0x00000007c0000000)
  eden space 49152K, 0% used [0x0000000780000000,0x0000000780000000,0x0000000783000000)
  from space 8192K, 88% used [0x0000000783800000,0x0000000783f1e8a8,0x0000000784000000)
  to   space 8192K, 0% used [0x0000000783000000,0x0000000783000000,0x0000000783800000)
 ParOldGen       total 91136K, used 15774K [0x0000000700000000, 0x0000000705900000, 0x0000000780000000)
  object space 91136K, 17% used [0x0000000700000000,0x0000000700f678c8,0x0000000705900000)
 Metaspace       used 22991K, capacity 23240K, committed 23424K, reserved 1071104K
  class space    used 2561K, capacity 2645K, committed 2688K, reserved 1048576K
}
Event: 6.129 GC heap before
{Heap before GC invocations=6 (full 1):
 PSYoungGen      total 57344K, used 54001K [0x0000000780000000, 0x0000000785380000, 0x00000007c0000000)
  eden space 49152K, 95% used [0x0000000780000000,0x0000000782d9df40,0x0000000783000000)
  from space 8192K, 88% used [0x0000000783800000,0x0000000783f1e8a8,0x0000000784000000)
  to   space 8192K, 0% used [0x0000000783000000,0x0000000783000000,0x0000000783800000)
 ParOldGen       total 91136K, used 15774K [0x0000000700000000, 0x0000000705900000, 0x0000000780000000)
  object space 91136K, 17% used [0x0000000700000000,0x0000000700f678c8,0x0000000705900000)
 Metaspace       used 23179K, capacity 23472K, committed 23680K, reserved 1071104K
  class space    used 2566K, capacity 2677K, committed 2688K, reserved 1048576K
Event: 6.135 GC heap after
Heap after GC invocations=6 (full 1):
 PSYoungGen      total 57344K, used 7183K [0x0000000780000000, 0x0000000785b00000, 0x00000007c0000000)
  eden space 49152K, 0% used [0x0000000780000000,0x0000000780000000,0x0000000783000000)
  from space 8192K, 87% used [0x0000000783000000,0x0000000783703ce8,0x0000000783800000)
  to   space 11264K, 0% used [0x0000000785000000,0x0000000785000000,0x0000000785b00000)
 ParOldGen       total 91136K, used 21926K [0x0000000700000000, 0x0000000705900000, 0x0000000780000000)
  object space 91136K, 24% used [0x0000000700000000,0x00000007015698e8,0x0000000705900000)
 Metaspace       used 23179K, capacity 23472K, committed 23680K, reserved 1071104K
  class space    used 2566K, capacity 2677K, committed 2688K, reserved 1048576K
}
Event: 6.657 GC heap before
{Heap before GC invocations=7 (full 1):
 PSYoungGen      total 57344K, used 54882K [0x0000000780000000, 0x0000000785b00000, 0x00000007c0000000)
  eden space 49152K, 97% used [0x0000000780000000,0x0000000782e94b88,0x0000000783000000)
  from space 8192K, 87% used [0x0000000783000000,0x0000000783703ce8,0x0000000783800000)
  to   space 11264K, 0% used [0x0000000785000000,0x0000000785000000,0x0000000785b00000)
 ParOldGen       total 91136K, used 21926K [0x0000000700000000, 0x0000000705900000, 0x0000000780000000)
  object space 91136K, 24% used [0x0000000700000000,0x00000007015698e8,0x0000000705900000)
 Metaspace       used 23234K, capacity 23600K, committed 23936K, reserved 1071104K
  class space    used 2570K, capacity 2677K, committed 2688K, reserved 1048576K
Event: 6.669 GC heap after
Heap after GC invocations=7 (full 1):
 PSYoungGen      total 81408K, used 10228K [0x0000000780000000, 0x0000000785f80000, 0x00000007c0000000)
  eden space 70144K, 0% used [0x0000000780000000,0x0000000780000000,0x0000000784480000)
  from space 11264K, 90% used [0x0000000785000000,0x00000007859fd3e0,0x0000000785b00000)
  to   space 11776K, 0% used [0x0000000784480000,0x0000000784480000,0x0000000785000000)
 ParOldGen       total 91136K, used 21934K [0x0000000700000000, 0x0000000705900000, 0x0000000780000000)
  object space 91136K, 24% used [0x0000000700000000,0x000000070156b8e8,0x0000000705900000)
 Metaspace       used 23234K, capacity 23600K, committed 23936K, reserved 1071104K
  class space    used 2570K, capacity 2677K, committed 2688K, reserved 1048576K
}

Deoptimization events (10 events):
Event: 4.358 Thread 0x0000000001295800 Uncommon trap: reason=bimorphic action=maybe_recompile pc=0x0000000001a4f9dc method=org.codehaus.groovy.runtime.metaclass.MetaMethodIndex.addMethodToList(Ljava/lang/Object;Lgroovy/lang/MetaMethod;)Ljava/lang/Object; @ 269
Event: 4.358 Thread 0x0000000001295800 Uncommon trap: reason=bimorphic action=maybe_recompile pc=0x0000000001a4f9dc method=org.codehaus.groovy.runtime.metaclass.MetaMethodIndex.addMethodToList(Ljava/lang/Object;Lgroovy/lang/MetaMethod;)Ljava/lang/Object; @ 269
Event: 4.358 Thread 0x0000000001295800 Uncommon trap: reason=bimorphic action=maybe_recompile pc=0x0000000001a4f9dc method=org.codehaus.groovy.runtime.metaclass.MetaMethodIndex.addMethodToList(Ljava/lang/Object;Lgroovy/lang/MetaMethod;)Ljava/lang/Object; @ 269
Event: 4.358 Thread 0x0000000001295800 Uncommon trap: reason=bimorphic action=maybe_recompile pc=0x0000000001a4f9dc method=org.codehaus.groovy.runtime.metaclass.MetaMethodIndex.addMethodToList(Ljava/lang/Object;Lgroovy/lang/MetaMethod;)Ljava/lang/Object; @ 269
Event: 4.396 Thread 0x0000000001295800 Uncommon trap: reason=unstable_if action=reinterpret pc=0x00000000019246f4 method=java.lang.Class$MethodArray.addIfNotPresent(Ljava/lang/reflect/Method;)V @ 19
Event: 4.980 Thread 0x0000000001295800 Uncommon trap: reason=unstable_if action=reinterpret pc=0x0000000001adcad0 method=java.io.WinNTFileSystem.isLetter(C)Z @ 3
Event: 5.093 Thread 0x0000000001295800 Uncommon trap: reason=null_check action=make_not_entrant pc=0x0000000001a82a20 method=org.codehaus.groovy.reflection.ClassInfo.getLocalClassInfoMap()Lorg/codehaus/groovy/reflection/ClassInfo$LocalMap; @ 6
Event: 5.093 Thread 0x0000000001295800 Uncommon trap: reason=null_check action=make_not_entrant pc=0x00000000019b19c0 method=org.codehaus.groovy.reflection.ClassInfo.getLocalClassInfoMap()Lorg/codehaus/groovy/reflection/ClassInfo$LocalMap; @ 6
Event: 5.342 Thread 0x000000001cbe0000 Uncommon trap: reason=unstable_if action=reinterpret pc=0x0000000001bf4ca8 method=atu.testrecorder.media.avi.TechSmithCodec.writeKey8(Ljava/io/OutputStream;[BIIII)V @ 425
Event: 5.514 Thread 0x0000000001295800 Uncommon trap: reason=unstable_if action=reinterpret pc=0x0000000001b32c84 method=org.codehaus.groovy.antlr.UnicodeEscapingReader.read()I @ 66

Classes redefined (0 events):
No events

Internal exceptions (10 events):
Event: 6.555 Thread 0x0000000001295800 Exception <a 'java/security/PrivilegedActionException'> (0x0000000782718e68) thrown at [C:\re\workspace\8-2-build-windows-amd64-cygwin\jdk8u181\11358\hotspot\src\share\vm\prims\jvm.cpp, line 1435]
Event: 6.624 Thread 0x0000000001295800 Exception <a 'java/security/PrivilegedActionException'> (0x0000000782d1efa8) thrown at [C:\re\workspace\8-2-build-windows-amd64-cygwin\jdk8u181\11358\hotspot\src\share\vm\prims\jvm.cpp, line 1435]
Event: 6.624 Thread 0x0000000001295800 Exception <a 'java/security/PrivilegedActionException'> (0x0000000782d1f588) thrown at [C:\re\workspace\8-2-build-windows-amd64-cygwin\jdk8u181\11358\hotspot\src\share\vm\prims\jvm.cpp, line 1435]
Event: 6.626 Thread 0x0000000001295800 Exception <a 'java/security/PrivilegedActionException'> (0x0000000782d2fe18) thrown at [C:\re\workspace\8-2-build-windows-amd64-cygwin\jdk8u181\11358\hotspot\src\share\vm\prims\jvm.cpp, line 1435]
Event: 6.626 Thread 0x0000000001295800 Exception <a 'java/security/PrivilegedActionException'> (0x0000000782d303f8) thrown at [C:\re\workspace\8-2-build-windows-amd64-cygwin\jdk8u181\11358\hotspot\src\share\vm\prims\jvm.cpp, line 1435]
Event: 6.701 Thread 0x0000000001295800 Exception <a 'java/security/PrivilegedActionException'> (0x000000078055eae0) thrown at [C:\re\workspace\8-2-build-windows-amd64-cygwin\jdk8u181\11358\hotspot\src\share\vm\prims\jvm.cpp, line 1435]
Event: 6.701 Thread 0x0000000001295800 Exception <a 'java/security/PrivilegedActionException'> (0x000000078055f0c0) thrown at [C:\re\workspace\8-2-build-windows-amd64-cygwin\jdk8u181\11358\hotspot\src\share\vm\prims\jvm.cpp, line 1435]
Event: 6.703 Thread 0x0000000001295800 Exception <a 'java/security/PrivilegedActionException'> (0x0000000780570248) thrown at [C:\re\workspace\8-2-build-windows-amd64-cygwin\jdk8u181\11358\hotspot\src\share\vm\prims\jvm.cpp, line 1435]
Event: 6.703 Thread 0x0000000001295800 Exception <a 'java/security/PrivilegedActionException'> (0x0000000780570828) thrown at [C:\re\workspace\8-2-build-windows-amd64-cygwin\jdk8u181\11358\hotspot\src\share\vm\prims\jvm.cpp, line 1435]
Event: 7.056 Thread 0x000000001cbe0000 Exception <a 'java/lang/OutOfMemoryError': OutOfMemoryError> (0x000000078040f508) thrown at [C:\re\workspace\8-2-build-windows-amd64-cygwin\jdk8u181\11358\hotspot\src\share\vm\prims\jni.cpp, line 735]

Events (10 events):
Event: 7.081 loading class groovy/util/ScriptException
Event: 7.081 loading class groovy/util/ScriptException done
Event: 7.082 loading class com/kms/katalon/core/testobject/HttpBodyContent
Event: 7.082 loading class com/kms/katalon/core/testobject/HttpBodyContent done
Event: 7.083 loading class com/kms/katalon/core/testobject/RequestObject
Event: 7.083 loading class com/kms/katalon/core/testobject/RequestObject done
Event: 7.084 loading class com/kms/katalon/core/testobject/HttpMessage
Event: 7.084 loading class com/kms/katalon/core/testobject/HttpMessage done
Event: 7.087 loading class com/kms/katalon/core/util/StrSubstitutor
Event: 7.087 loading class com/kms/katalon/core/util/StrSubstitutor done


Dynamic libraries:
0x00007ff7edfb0000 - 0x00007ff7edfe7000 	C:\Katalon_Studio\jre\bin\java.exe
0x00007ffe1c940000 - 0x00007ffe1cb30000 	C:\WINDOWS\SYSTEM32\ntdll.dll
0x00007ffe1bef0000 - 0x00007ffe1bfa2000 	C:\WINDOWS\System32\KERNEL32.dll
0x00007ffe11c00000 - 0x00007ffe11d27000 	C:\Windows\system32\hmpalert.dll
0x00007ffe1a4b0000 - 0x00007ffe1a753000 	C:\WINDOWS\System32\KERNELBASE.dll
0x00007ffe1b460000 - 0x00007ffe1b503000 	C:\WINDOWS\System32\ADVAPI32.dll
0x00007ffe1b6b0000 - 0x00007ffe1b74e000 	C:\WINDOWS\System32\msvcrt.dll
0x00007ffe1c090000 - 0x00007ffe1c127000 	C:\WINDOWS\System32\sechost.dll
0x00007ffe1bd40000 - 0x00007ffe1be60000 	C:\WINDOWS\System32\RPCRT4.dll
0x00007ffe1b510000 - 0x00007ffe1b6a4000 	C:\WINDOWS\System32\USER32.dll
0x00007ffe19b70000 - 0x00007ffe19b91000 	C:\WINDOWS\System32\win32u.dll
0x00007ffe1c8d0000 - 0x00007ffe1c8f6000 	C:\WINDOWS\System32\GDI32.dll
0x00007ffe1a760000 - 0x00007ffe1a8f4000 	C:\WINDOWS\System32\gdi32full.dll
0x00007ffe1a950000 - 0x00007ffe1a9ee000 	C:\WINDOWS\System32\msvcp_win.dll
0x00007ffe1a3b0000 - 0x00007ffe1a4aa000 	C:\WINDOWS\System32\ucrtbase.dll
0x00007ffe08090000 - 0x00007ffe08315000 	C:\WINDOWS\WinSxS\amd64_microsoft.windows.common-controls_6595b64144ccf1df_6.0.18362.720_none_e6beb5c51314836b\COMCTL32.dll
0x00007ffe1b760000 - 0x00007ffe1ba96000 	C:\WINDOWS\System32\combase.dll
0x00007ffe19980000 - 0x00007ffe19a00000 	C:\WINDOWS\System32\bcryptPrimitives.dll
0x00007ffe0eb10000 - 0x00007ffe0eb4d000 	C:\WINDOWS\system32\SophosAV\SOPHOS~1.DLL
0x00007ffe1bd30000 - 0x00007ffe1bd38000 	C:\WINDOWS\System32\PSAPI.DLL
0x000000006ff60000 - 0x0000000070032000 	C:\Katalon_Studio\jre\bin\msvcr100.dll
0x0000000070210000 - 0x0000000070ab2000 	C:\Katalon_Studio\jre\bin\server\jvm.dll
0x00007ffe09a50000 - 0x00007ffe09a59000 	C:\WINDOWS\SYSTEM32\WSOCK32.dll
0x00007ffe1c020000 - 0x00007ffe1c08f000 	C:\WINDOWS\System32\WS2_32.dll
0x00007ffe144a0000 - 0x00007ffe144c4000 	C:\WINDOWS\SYSTEM32\WINMM.dll
0x00007ffe145d0000 - 0x00007ffe145da000 	C:\WINDOWS\SYSTEM32\VERSION.dll
0x00007ffe14470000 - 0x00007ffe1449d000 	C:\WINDOWS\SYSTEM32\WINMMBASE.dll
0x00007ffe1a900000 - 0x00007ffe1a94a000 	C:\WINDOWS\System32\cfgmgr32.dll
0x0000000070120000 - 0x000000007012f000 	C:\Katalon_Studio\jre\bin\verify.dll
0x00000000700f0000 - 0x0000000070119000 	C:\Katalon_Studio\jre\bin\java.dll
0x00000000700d0000 - 0x00000000700e6000 	C:\Katalon_Studio\jre\bin\zip.dll
0x00007ffe1ad70000 - 0x00007ffe1b455000 	C:\WINDOWS\System32\SHELL32.dll
0x00007ffe1c710000 - 0x00007ffe1c7b9000 	C:\WINDOWS\System32\shcore.dll
0x00007ffe19ba0000 - 0x00007ffe1a320000 	C:\WINDOWS\System32\windows.storage.dll
0x00007ffe19880000 - 0x00007ffe198a3000 	C:\WINDOWS\System32\profapi.dll
0x00007ffe19830000 - 0x00007ffe1987a000 	C:\WINDOWS\System32\powrprof.dll
0x00007ffe19800000 - 0x00007ffe19810000 	C:\WINDOWS\System32\UMPDC.dll
0x00007ffe1bb20000 - 0x00007ffe1bb72000 	C:\WINDOWS\System32\shlwapi.dll
0x00007ffe198b0000 - 0x00007ffe198c1000 	C:\WINDOWS\System32\kernel.appcore.dll
0x00007ffe19b50000 - 0x00007ffe19b67000 	C:\WINDOWS\System32\cryptsp.dll
0x00000000700b0000 - 0x00000000700ca000 	C:\Katalon_Studio\jre\bin\net.dll
0x00007ffe19030000 - 0x00007ffe19097000 	C:\WINDOWS\system32\mswsock.dll
0x0000000070090000 - 0x00000000700a1000 	C:\Katalon_Studio\jre\bin\nio.dll
0x000000006fdc0000 - 0x000000006ff59000 	C:\Katalon_Studio\jre\bin\awt.dll
0x00007ffe1aca0000 - 0x00007ffe1ad64000 	C:\WINDOWS\System32\OLEAUT32.dll
0x00007ffe176f0000 - 0x00007ffe1777f000 	C:\WINDOWS\SYSTEM32\apphelp.dll
0x00007ffe17cf0000 - 0x00007ffe17d1d000 	C:\WINDOWS\system32\DWMAPI.DLL
0x00007ffe070c0000 - 0x00007ffe07216000 	C:\WINDOWS\system32\opengl32.dll
0x00007ffe13e30000 - 0x00007ffe13e5c000 	C:\WINDOWS\SYSTEM32\GLU32.dll
0x00007ffe181c0000 - 0x00007ffe181e0000 	C:\WINDOWS\SYSTEM32\dxcore.dll
0x00007ffe1c5b0000 - 0x00007ffe1c707000 	C:\WINDOWS\System32\ole32.dll

VM Arguments:
java_command: org.codehaus.groovy.tools.GroovyStarter --main groovy.ui.GroovyMain C:\FarmaTesting\katalonProjects\Libs\TempTestSuite1591350204737.groovy
java_class_path (initial): ;C:\Katalon_Studio\plugins\org.codehaus.groovy_2.4.7.xx-201611170128-e46\lib\bsf-2.4.0.jar;C:\Katalon_Studio\plugins\org.codehaus.groovy_2.4.7.xx-201611170128-e46\lib\groovy-all-2.4.7.jar;C:\Katalon_Studio\plugins\org.codehaus.groovy_2.4.7.xx-201611170128-e46\lib\ivy-2.4.0.jar;C:\Katalon_Studio\plugins\org.codehaus.groovy_2.4.7.xx-201611170128-e46\lib\org.apache.xerces.impl_2.11.0.jar;C:\Katalon_Studio\plugins\org.codehaus.groovy_2.4.7.xx-201611170128-e46\lib\servlet-api-2.4.jar;C:\Katalon_Studio\plugins\org.codehaus.groovy_2.4.7.xx-201611170128-e46\lib\xml-apis_1.4.1.jar;C:\Katalon_Studio\plugins\com.kms.katalon.core_1.0.0.201908270734.jar;C:\Katalon_Studio\plugins\net.sf.supercsv.super-csv_2.1.0.jar;C:\Katalon_Studio\plugins\org.apache.poi_3.9.0.v201405241750.jar;C:\Katalon_Studio\plugins\org.apache.poi.ooxml_3.9.0.v201405241905.jar;C:\Katalon_Studio\plugins\org.apache.poi.ooxml.schemas_3.9.0.v201405241750.jar;C:\Katalon_Studio\plugins\org.dom4j_1.6.1.v201312101416.jar;C:\Katalon_Studio\plugins\org.apache.commons.io_2.4.0.jar;C:\Katalon_Studio\plugins\org.apache.commons.lang_2.6.0.jar;C:\Katalon_Studio\plugins\org.apache.xmlbeans_2.6.0.jar;C:\Katalon_Studio\plugins\com.google.gson_2.8.0.jar;C:\Katalon_Studio\plugins\org.jsoup_1.7.2.jar;C:\Katalon_Studio\plugins\com.mysql.jdbc_5.1.38.jar;C:\Katalon_Studio\plugins\com.microsoft.sqlserver.sqljdbc4_4.1.5605.100.jar;C:\Katalon_Studio\plugins\org.apache.commons.dbutils_1.6.0.jar;C:\Katalon_Studio\plugins\com.oracle.jdbc.ojdbc7_12.1.0.2.jar;C:\Katalon_Studio\plugins\org.postgresql.jdbc41_9.4.1208.jre7.jar;c:\Katalon_Studio\plugins\org.eclipse.osgi_3.11.3.v20170209-1843.jar;C:\Katalon_Studio\plugins\com.kms.katalon.constant_1.0.0.201908270734.jar;C:\Katalon_Studio\plugins\org.eclipse.persistence.eclipselink_2.5.0.RC1.jar;C:\Katalon_Studio\plugins\com.kms.katalon.selenium-standalone_1.0.0.201908270734.jar;C:\Katalon_Studio\plugins\atu.testrecorder.screen-recorder_2.1.0.jar;C:\Katalon_Studio\plu
Launcher Type: SUN_STANDARD

Environment Variables:
PATH=C:/Katalon_Studio/jre/bin/server;C:/Katalon_Studio/jre/bin;C:/Katalon_Studio/jre/lib/amd64;C:\Program Files (x86)\Common Files\Oracle\Java\javapath;C:\ProgramData\Oracle\Java\javapath;C:\WINDOWS\system32;C:\WINDOWS;C:\WINDOWS\System32\Wbem;C:\WINDOWS\System32\WindowsPowerShell\v1.0\;C:\Program Files (x86)\Microsoft SQL Server\Client SDK\ODBC\130\Tools\Binn\;C:\Program Files (x86)\Microsoft SQL Server\130\Tools\Binn\;C:\Program Files (x86)\Microsoft SQL Server\130\DTS\Binn\;C:\Program Files (x86)\Microsoft SQL Server\130\Tools\Binn\ManagementStudio\;C:\Program Files\dotnet\;C:\Program Files\Microsoft SQL Server\130\Tools\Binn\;C:\WINDOWS\System32\OpenSSH\;C:\Program Files (x86)\SAP BusinessObjects\sqlanywhere\BIN64;C:\Program Files (x86)\SAP BusinessObjects\sqlanywhere\BIN32;C:\Users\alflopez-ext\AppData\Local\Programs\Git\cmd;C:\Users\alflopez-ext\AppData\Local\Microsoft\WindowsApps;C:\Katalon_Studio;
USERNAME=alflopez-ext
OS=Windows_NT
PROCESSOR_IDENTIFIER=Intel64 Family 6 Model 45 Stepping 7, GenuineIntel



---------------  S Y S T E M  ---------------

OS: Windows 10.0 , 64 bit Build 18362 (10.0.18362.329)

CPU:total 4 (initial active 4) (2 cores per cpu, 1 threads per core) family 6 model 45 stepping 7, cmov, cx8, fxsr, mmx, sse, sse2, sse3, ssse3, sse4.1, sse4.2, popcnt, avx, aes, clmul, tsc, tscinvbit, tscinv

Memory: 4k page, physical 12582452k(4872252k free), swap 28173552k(5380k free)

vm_info: Java HotSpot(TM) 64-Bit Server VM (25.181-b13) for windows-amd64 JRE (1.8.0_181-b13), built on Jul  7 2018 04:01:33 by "java_re" with MS VC++ 10.0 (VS2010)

time: Fri Jun 05 06:43:32 2020
elapsed time: 7 seconds (0d 0h 0m 7s)

