#
# There is insufficient memory for the Java Runtime Environment to continue.
# Native memory allocation (malloc) failed to allocate 32744 bytes for ChunkPool::allocate
# Possible reasons:
#   The system is out of physical RAM or swap space
#   In 32 bit mode, the process size limit was hit
# Possible solutions:
#   Reduce memory load on the system
#   Increase physical memory or swap space
#   Check if swap backing store is full
#   Use 64 bit Java on a 64 bit OS
#   Decrease Java heap size (-Xmx/-Xms)
#   Decrease number of Java threads
#   Decrease Java thread stack sizes (-Xss)
#   Set larger code cache with -XX:ReservedCodeCacheSize=
# This output file may be truncated or incomplete.
#
#  Out of Memory Error (allocation.cpp:273), pid=54264, tid=0x0000000000001614
#
# JRE version: Java(TM) SE Runtime Environment (8.0_181-b13) (build 1.8.0_181-b13)
# Java VM: Java HotSpot(TM) 64-Bit Server VM (25.181-b13 mixed mode windows-amd64 compressed oops)
# Failed to write core dump. Minidumps are not enabled by default on client versions of Windows
#

---------------  T H R E A D  ---------------

Current thread (0x00000000185e6000):  JavaThread "C1 CompilerThread2" daemon [_thread_in_native, id=5652, stack(0x0000000019e00000,0x0000000019f00000)]

Stack: [0x0000000019e00000,0x0000000019f00000]
[error occurred during error reporting (printing stack bounds), id 0xc0000005]

Native frames: (J=compiled Java code, j=interpreted, Vv=VM code, C=native code)


Current CompileTask:
C1:  16763 4366 % !   3      
[error occurred during error reporting (printing current compile task), id 0xe0000001]


---------------  P R O C E S S  ---------------

Java Threads: ( => current thread )
  0x000000001b9d3000 JavaThread "Image Fetcher 3" daemon [_thread_blocked, id=60916, stack(0x000000001f4b0000,0x000000001f5b0000)]
  0x000000001d6d8800 JavaThread "Image Fetcher 2" daemon [_thread_blocked, id=54600, stack(0x000000001f080000,0x000000001f180000)]
  0x000000001d5da000 JavaThread "Image Fetcher 1" daemon [_thread_blocked, id=62880, stack(0x000000001f1b0000,0x000000001f2b0000)]
  0x000000001ba4a800 JavaThread "Image Fetcher 0" daemon [_thread_blocked, id=62324, stack(0x000000001ef80000,0x000000001f080000)]
  0x000000001b849000 JavaThread "pool-2-thread-1" [_thread_blocked, id=24444, stack(0x000000001ee80000,0x000000001ef80000)]
  0x000000001cda5800 JavaThread "pool-1-thread-1" [_thread_blocked, id=59804, stack(0x000000001ed80000,0x000000001ee80000)]
  0x000000001b83e000 JavaThread "AWT-Windows" daemon [_thread_in_native, id=62252, stack(0x000000001ec80000,0x000000001ed80000)]
  0x000000001b83d800 JavaThread "AWT-Shutdown" [_thread_blocked, id=6360, stack(0x000000001d930000,0x000000001da30000)]
  0x000000001b83c800 JavaThread "Java2D Disposer" daemon [_thread_blocked, id=58016, stack(0x000000001bed0000,0x000000001bfd0000)]
  0x0000000019f33000 JavaThread "Service Thread" daemon [_thread_blocked, id=1240, stack(0x000000001a300000,0x000000001a400000)]
=>0x00000000185e6000 JavaThread "C1 CompilerThread2" daemon [_thread_in_native, id=5652, stack(0x0000000019e00000,0x0000000019f00000)]
  0x000000001859e800 JavaThread "C2 CompilerThread1" daemon [_thread_blocked, id=57644, stack(0x0000000019d00000,0x0000000019e00000)]
  0x0000000018596000 JavaThread "C2 CompilerThread0" daemon [_thread_blocked, id=40744, stack(0x0000000019c00000,0x0000000019d00000)]
  0x0000000018594800 JavaThread "Attach Listener" daemon [_thread_blocked, id=53476, stack(0x0000000019b00000,0x0000000019c00000)]
  0x0000000018593000 JavaThread "Signal Dispatcher" daemon [_thread_blocked, id=61768, stack(0x0000000019a00000,0x0000000019b00000)]
  0x000000001857b000 JavaThread "Finalizer" daemon [_thread_blocked, id=63248, stack(0x00000000197e0000,0x00000000198e0000)]
  0x0000000001416000 JavaThread "Reference Handler" daemon [_thread_blocked, id=25640, stack(0x00000000196e0000,0x00000000197e0000)]
  0x0000000001325800 JavaThread "main" [_thread_in_Java, id=58408, stack(0x0000000001220000,0x0000000001320000)]

Other Threads:
  0x0000000018557800 VMThread [stack: 0x00000000195e0000,0x00000000196e0000] [id=17988]
  0x0000000019f60800 WatcherThread [stack: 0x000000001a400000,0x000000001a500000] [id=59560]

VM state:not at safepoint (normal execution)

VM Mutex/Monitor currently owned by a thread: None

Heap:
 PSYoungGen      total 403968K, used 148841K [0x0000000780000000, 0x000000079fb00000, 0x00000007c0000000)
  eden space 314880K, 47% used [0x0000000780000000,0x000000078915a5d8,0x0000000793380000)
  from space 89088K, 0% used [0x0000000793380000,0x0000000793380000,0x0000000798a80000)
  to   space 68096K, 0% used [0x0000000798a80000,0x0000000798a80000,0x000000079cd00000)
 ParOldGen       total 188416K, used 37237K [0x0000000700000000, 0x000000070b800000, 0x0000000780000000)
  object space 188416K, 19% used [0x0000000700000000,0x000000070245d478,0x000000070b800000)
 Metaspace       used 29390K, capacity 29812K, committed 30080K, reserved 1075200K
  class space    used 3259K, capacity 3397K, committed 3456K, reserved 1048576K

Card table byte_map: [0x00000000107e0000,0x0000000010df0000] byte_map_base: 0x000000000cfe0000

Marking Bits: (ParMarkBitMap*) 0x0000000070a32d00
 Begin Bits: [0x00000000115f0000, 0x00000000145f0000)
 End Bits:   [0x00000000145f0000, 0x00000000175f0000)

Polling page: 0x0000000001010000

CodeCache: size=245760Kb used=17296Kb max_used=17296Kb free=228463Kb
 bounds [0x0000000001420000, 0x0000000002520000, 0x0000000010420000]
 total_blobs=4790 nmethods=4017 adapters=685
 compilation: enabled

Compilation events (10 events):
Event: 16.698 Thread 0x00000000185e6000 nmethod 4355 0x0000000002517a50 code [0x0000000002517c60, 0x0000000002518b98]
Event: 16.698 Thread 0x00000000185e6000 4362       3       org.apache.xmlbeans.impl.values.XmlObjectBase::build_text (90 bytes)
Event: 16.699 Thread 0x00000000185e6000 nmethod 4362 0x000000000175b110 code [0x000000000175b2a0, 0x000000000175b908]
Event: 16.699 Thread 0x00000000185e6000 4361   !   3       org.apache.xmlbeans.impl.store.Xobj::insertElement (62 bytes)
Event: 16.700 Thread 0x00000000185e6000 nmethod 4361 0x00000000025115d0 code [0x00000000025117e0, 0x00000000025122c8]
Event: 16.700 Thread 0x00000000185e6000 4356   !   3       org.openxmlformats.schemas.spreadsheetml.x2006.main.impl.CTColImpl::isSetStyle (39 bytes)
Event: 16.701 Thread 0x00000000185e6000 nmethod 4356 0x000000000251c1d0 code [0x000000000251c3e0, 0x000000000251d318]
Event: 16.701 Thread 0x00000000185e6000 4365       3       org.apache.xmlbeans.impl.piccolo.xml.Piccolo::reportCdata (60 bytes)
Event: 16.701 Thread 0x00000000185e6000 nmethod 4365 0x00000000016eae10 code [0x00000000016eaf80, 0x00000000016eb298]
Event: 16.701 Thread 0x00000000185e6000 4366 % !   3       org.apache.xmlbeans.impl.piccolo.xml.PiccoloLexer::yylex @ 111 (7145 bytes)

GC Heap History (10 events):
Event: 13.913 GC heap before
{Heap before GC invocations=16 (full 2):
 PSYoungGen      total 194560K, used 153600K [0x0000000780000000, 0x0000000794000000, 0x00000007c0000000)
  eden space 153600K, 100% used [0x0000000780000000,0x0000000789600000,0x0000000789600000)
  from space 40960K, 0% used [0x0000000789600000,0x0000000789600000,0x000000078be00000)
  to   space 50688K, 0% used [0x0000000790e80000,0x0000000790e80000,0x0000000794000000)
 ParOldGen       total 156160K, used 38450K [0x0000000700000000, 0x0000000709880000, 0x0000000780000000)
  object space 156160K, 24% used [0x0000000700000000,0x000000070258cb30,0x0000000709880000)
 Metaspace       used 28953K, capacity 29374K, committed 29568K, reserved 1075200K
  class space    used 3241K, capacity 3349K, committed 3456K, reserved 1048576K
Event: 13.965 GC heap after
Heap after GC invocations=16 (full 2):
 PSYoungGen      total 274944K, used 34250K [0x0000000780000000, 0x0000000794400000, 0x00000007c0000000)
  eden space 224256K, 0% used [0x0000000780000000,0x0000000780000000,0x000000078db00000)
  from space 50688K, 67% used [0x0000000790e80000,0x0000000792ff2928,0x0000000794000000)
  to   space 52736K, 0% used [0x000000078db00000,0x000000078db00000,0x0000000790e80000)
 ParOldGen       total 156160K, used 38458K [0x0000000700000000, 0x0000000709880000, 0x0000000780000000)
  object space 156160K, 24% used [0x0000000700000000,0x000000070258eb30,0x0000000709880000)
 Metaspace       used 28953K, capacity 29374K, committed 29568K, reserved 1075200K
  class space    used 3241K, capacity 3349K, committed 3456K, reserved 1048576K
}
Event: 14.636 GC heap before
{Heap before GC invocations=17 (full 2):
 PSYoungGen      total 274944K, used 258082K [0x0000000780000000, 0x0000000794400000, 0x00000007c0000000)
  eden space 224256K, 99% used [0x0000000780000000,0x000000078da95f68,0x000000078db00000)
  from space 50688K, 67% used [0x0000000790e80000,0x0000000792ff2928,0x0000000794000000)
  to   space 52736K, 0% used [0x000000078db00000,0x000000078db00000,0x0000000790e80000)
 ParOldGen       total 156160K, used 38458K [0x0000000700000000, 0x0000000709880000, 0x0000000780000000)
  object space 156160K, 24% used [0x0000000700000000,0x000000070258eb30,0x0000000709880000)
 Metaspace       used 29190K, capacity 29590K, committed 29824K, reserved 1075200K
  class space    used 3257K, capacity 3392K, committed 3456K, reserved 1048576K
Event: 14.744 GC heap after
Heap after GC invocations=17 (full 2):
 PSYoungGen      total 276992K, used 52725K [0x0000000780000000, 0x000000079cd00000, 0x00000007c0000000)
  eden space 224256K, 0% used [0x0000000780000000,0x0000000780000000,0x000000078db00000)
  from space 52736K, 99% used [0x000000078db00000,0x0000000790e7d638,0x0000000790e80000)
  to   space 68096K, 0% used [0x0000000798a80000,0x0000000798a80000,0x000000079cd00000)
 ParOldGen       total 156160K, used 58276K [0x0000000700000000, 0x0000000709880000, 0x0000000780000000)
  object space 156160K, 37% used [0x0000000700000000,0x00000007038e9108,0x0000000709880000)
 Metaspace       used 29190K, capacity 29590K, committed 29824K, reserved 1075200K
  class space    used 3257K, capacity 3392K, committed 3456K, reserved 1048576K
}
Event: 15.191 GC heap before
{Heap before GC invocations=18 (full 2):
 PSYoungGen      total 276992K, used 276981K [0x0000000780000000, 0x000000079cd00000, 0x00000007c0000000)
  eden space 224256K, 100% used [0x0000000780000000,0x000000078db00000,0x000000078db00000)
  from space 52736K, 99% used [0x000000078db00000,0x0000000790e7d638,0x0000000790e80000)
  to   space 68096K, 0% used [0x0000000798a80000,0x0000000798a80000,0x000000079cd00000)
 ParOldGen       total 156160K, used 58276K [0x0000000700000000, 0x0000000709880000, 0x0000000780000000)
  object space 156160K, 37% used [0x0000000700000000,0x00000007038e9108,0x0000000709880000)
 Metaspace       used 29235K, capacity 29672K, committed 29824K, reserved 1075200K
  class space    used 3258K, capacity 3395K, committed 3456K, reserved 1048576K
Event: 15.290 GC heap after
Heap after GC invocations=18 (full 2):
 PSYoungGen      total 382976K, used 68093K [0x0000000780000000, 0x000000079fb00000, 0x00000007c0000000)
  eden space 314880K, 0% used [0x0000000780000000,0x0000000780000000,0x0000000793380000)
  from space 68096K, 99% used [0x0000000798a80000,0x000000079ccff4f0,0x000000079cd00000)
  to   space 89088K, 0% used [0x0000000793380000,0x0000000793380000,0x0000000798a80000)
 ParOldGen       total 156160K, used 85795K [0x0000000700000000, 0x0000000709880000, 0x0000000780000000)
  object space 156160K, 54% used [0x0000000700000000,0x00000007053c8e00,0x0000000709880000)
 Metaspace       used 29235K, capacity 29672K, committed 29824K, reserved 1075200K
  class space    used 3258K, capacity 3395K, committed 3456K, reserved 1048576K
}
Event: 16.306 GC heap before
{Heap before GC invocations=19 (full 2):
 PSYoungGen      total 382976K, used 382973K [0x0000000780000000, 0x000000079fb00000, 0x00000007c0000000)
  eden space 314880K, 100% used [0x0000000780000000,0x0000000793380000,0x0000000793380000)
  from space 68096K, 99% used [0x0000000798a80000,0x000000079ccff4f0,0x000000079cd00000)
  to   space 89088K, 0% used [0x0000000793380000,0x0000000793380000,0x0000000798a80000)
 ParOldGen       total 156160K, used 85795K [0x0000000700000000, 0x0000000709880000, 0x0000000780000000)
  object space 156160K, 54% used [0x0000000700000000,0x00000007053c8e00,0x0000000709880000)
 Metaspace       used 29380K, capacity 29812K, committed 30080K, reserved 1075200K
  class space    used 3259K, capacity 3397K, committed 3456K, reserved 1048576K
Event: 16.369 GC heap after
Heap after GC invocations=19 (full 2):
 PSYoungGen      total 403968K, used 9764K [0x0000000780000000, 0x000000079fb00000, 0x00000007c0000000)
  eden space 314880K, 0% used [0x0000000780000000,0x0000000780000000,0x0000000793380000)
  from space 89088K, 10% used [0x0000000793380000,0x0000000793d092b0,0x0000000798a80000)
  to   space 68096K, 0% used [0x0000000798a80000,0x0000000798a80000,0x000000079cd00000)
 ParOldGen       total 156160K, used 120847K [0x0000000700000000, 0x0000000709880000, 0x0000000780000000)
  object space 156160K, 77% used [0x0000000700000000,0x0000000707603ca0,0x0000000709880000)
 Metaspace       used 29380K, capacity 29812K, committed 30080K, reserved 1075200K
  class space    used 3259K, capacity 3397K, committed 3456K, reserved 1048576K
}
Event: 16.369 GC heap before
{Heap before GC invocations=20 (full 3):
 PSYoungGen      total 403968K, used 9764K [0x0000000780000000, 0x000000079fb00000, 0x00000007c0000000)
  eden space 314880K, 0% used [0x0000000780000000,0x0000000780000000,0x0000000793380000)
  from space 89088K, 10% used [0x0000000793380000,0x0000000793d092b0,0x0000000798a80000)
  to   space 68096K, 0% used [0x0000000798a80000,0x0000000798a80000,0x000000079cd00000)
 ParOldGen       total 156160K, used 120847K [0x0000000700000000, 0x0000000709880000, 0x0000000780000000)
  object space 156160K, 77% used [0x0000000700000000,0x0000000707603ca0,0x0000000709880000)
 Metaspace       used 29380K, capacity 29812K, committed 30080K, reserved 1075200K
  class space    used 3259K, capacity 3397K, committed 3456K, reserved 1048576K
Event: 16.566 GC heap after
Heap after GC invocations=20 (full 3):
 PSYoungGen      total 403968K, used 0K [0x0000000780000000, 0x000000079fb00000, 0x00000007c0000000)
  eden space 314880K, 0% used [0x0000000780000000,0x0000000780000000,0x0000000793380000)
  from space 89088K, 0% used [0x0000000793380000,0x0000000793380000,0x0000000798a80000)
  to   space 68096K, 0% used [0x0000000798a80000,0x0000000798a80000,0x000000079cd00000)
 ParOldGen       total 188416K, used 37237K [0x0000000700000000, 0x000000070b800000, 0x0000000780000000)
  object space 188416K, 19% used [0x0000000700000000,0x000000070245d478,0x000000070b800000)
 Metaspace       used 29380K, capacity 29812K, committed 30080K, reserved 1075200K
  class space    used 3259K, capacity 3397K, committed 3456K, reserved 1048576K
}

Deoptimization events (10 events):
Event: 14.118 Thread 0x0000000001325800 Uncommon trap: reason=class_check action=maybe_recompile pc=0x000000000232ff30 method=org.apache.xmlbeans.impl.store.Xobj.compute_flags()I @ 40
Event: 14.118 Thread 0x0000000001325800 Uncommon trap: reason=class_check action=maybe_recompile pc=0x000000000232ff30 method=org.apache.xmlbeans.impl.store.Xobj.compute_flags()I @ 40
Event: 14.119 Thread 0x0000000001325800 Uncommon trap: reason=class_check action=maybe_recompile pc=0x0000000002314cbc method=org.apache.xmlbeans.impl.store.Xobj.compute_flags()I @ 40
Event: 14.119 Thread 0x0000000001325800 Uncommon trap: reason=class_check action=maybe_recompile pc=0x00000000023366e4 method=org.apache.xmlbeans.impl.store.Xobj.compute_flags()I @ 40
Event: 14.464 Thread 0x0000000001325800 Uncommon trap: reason=unstable_if action=reinterpret pc=0x0000000001626338 method=org.apache.xmlbeans.impl.store.Locale.isXmlns(Ljavax/xml/namespace/QName;)Z @ 11
Event: 14.464 Thread 0x0000000001325800 Uncommon trap: reason=unstable_if action=reinterpret pc=0x00000000023a5578 method=org.apache.xmlbeans.impl.store.Cur.next()Z @ 211
Event: 14.464 Thread 0x0000000001325800 Uncommon trap: reason=unstable_if action=reinterpret pc=0x00000000023a6268 method=org.apache.xmlbeans.impl.store.Xobj.getChars(II)Ljava/lang/Object; @ 29
Event: 14.811 Thread 0x0000000001325800 Uncommon trap: reason=class_check action=maybe_recompile pc=0x0000000002218038 method=org.apache.xmlbeans.impl.store.Locale$ScrubBuffer.scrub(Ljava/lang/Object;II)V @ 25
Event: 14.827 Thread 0x0000000001325800 Uncommon trap: reason=class_check action=maybe_recompile pc=0x0000000002218038 method=org.apache.xmlbeans.impl.store.Locale$ScrubBuffer.scrub(Ljava/lang/Object;II)V @ 25
Event: 15.726 Thread 0x0000000001325800 Uncommon trap: reason=class_check action=maybe_recompile pc=0x000000000238f81c method=org.apache.xmlbeans.impl.store.CharUtil.saveChars(Ljava/lang/Object;IILjava/lang/Object;II)Ljava/lang/Object; @ 174

Classes redefined (0 events):
No events

Internal exceptions (10 events):
Event: 11.284 Thread 0x0000000001325800 Implicit null exception at 0x000000000206e20f to 0x000000000206e3c1
Event: 11.285 Thread 0x0000000001325800 Implicit null exception at 0x00000000020822b6 to 0x0000000002082a59
Event: 11.386 Thread 0x0000000001325800 Implicit null exception at 0x000000000205c1f0 to 0x000000000205c2ed
Event: 12.543 Thread 0x0000000001325800 Exception <a 'java/lang/ClassNotFoundException': com/kms/katalon/core/testdata/reader/SheetPOIBeanInfo> (0x000000078335c198) thrown at [C:\re\workspace\8-2-build-windows-amd64-cygwin\jdk8u181\11358\hotspot\src\share\vm\classfile\systemDictionary.cpp, line
Event: 12.549 Thread 0x0000000001325800 Exception <a 'java/lang/ClassNotFoundException': com/kms/katalon/core/testdata/ExcelDataBeanInfo> (0x000000078339c528) thrown at [C:\re\workspace\8-2-build-windows-amd64-cygwin\jdk8u181\11358\hotspot\src\share\vm\classfile\systemDictionary.cpp, line 210]
Event: 12.556 Thread 0x0000000001325800 Exception <a 'java/lang/ClassNotFoundException': com/kms/katalon/core/testdata/AbstractTestDataBeanInfo> (0x00000007833e25b0) thrown at [C:\re\workspace\8-2-build-windows-amd64-cygwin\jdk8u181\11358\hotspot\src\share\vm\classfile\systemDictionary.cpp, lin
Event: 12.562 Thread 0x0000000001325800 Exception <a 'java/lang/ClassNotFoundException': com/kms/katalon/core/testdata/AbstractTestDataCustomizer> (0x0000000783a75330) thrown at [C:\re\workspace\8-2-build-windows-amd64-cygwin\jdk8u181\11358\hotspot\src\share\vm\classfile\systemDictionary.cpp, l
Event: 12.570 Thread 0x0000000001325800 Exception <a 'java/lang/ClassNotFoundException': com/kms/katalon/core/testdata/ExcelDataCustomizer> (0x0000000783abd568) thrown at [C:\re\workspace\8-2-build-windows-amd64-cygwin\jdk8u181\11358\hotspot\src\share\vm\classfile\systemDictionary.cpp, line 210
Event: 12.577 Thread 0x0000000001325800 Exception <a 'java/lang/ClassNotFoundException': com/kms/katalon/core/testdata/reader/SheetPOICustomizer> (0x0000000783b0b9d0) thrown at [C:\re\workspace\8-2-build-windows-amd64-cygwin\jdk8u181\11358\hotspot\src\share\vm\classfile\systemDictionary.cpp, li
Event: 16.635 Thread 0x000000001cda5800 Exception <a 'java/lang/OutOfMemoryError': OutOfMemoryError> (0x00000007804f67f8) thrown at [C:\re\workspace\8-2-build-windows-amd64-cygwin\jdk8u181\11358\hotspot\src\share\vm\prims\jni.cpp, line 735]

Events (10 events):
Event: 16.595 Thread 0x0000000018596000 flushing nmethod 0x000000000170c510
Event: 16.595 Thread 0x0000000018596000 flushing nmethod 0x000000000170df10
Event: 16.595 Thread 0x0000000018596000 flushing nmethod 0x000000000175b110
Event: 16.613 Thread 0x0000000018596000 flushing nmethod 0x00000000019051d0
Event: 16.630 Thread 0x00000000185e6000 flushing nmethod 0x0000000001a3a790
Event: 16.635 Thread 0x000000001859e800 flushing nmethod 0x0000000001b35790
Event: 16.635 Thread 0x000000001859e800 flushing nmethod 0x0000000001b35ad0
Event: 16.635 Thread 0x000000001859e800 flushing nmethod 0x0000000001b87250
Event: 16.635 Thread 0x000000001859e800 flushing nmethod 0x0000000001c01d50
Event: 16.635 Thread 0x000000001859e800 flushing nmethod 0x0000000001c0cd10


Dynamic libraries:
0x00007ff7edfb0000 - 0x00007ff7edfe7000 	C:\Katalon_Studio\jre\bin\java.exe
0x00007ffe1c940000 - 0x00007ffe1cb30000 	C:\WINDOWS\SYSTEM32\ntdll.dll
0x00007ffe1bef0000 - 0x00007ffe1bfa2000 	C:\WINDOWS\System32\KERNEL32.dll
0x00007ffe11c00000 - 0x00007ffe11d27000 	C:\Windows\system32\hmpalert.dll
0x00007ffe1a4b0000 - 0x00007ffe1a753000 	C:\WINDOWS\System32\KERNELBASE.dll
0x00007ffe1b460000 - 0x00007ffe1b503000 	C:\WINDOWS\System32\ADVAPI32.dll
0x00007ffe1b6b0000 - 0x00007ffe1b74e000 	C:\WINDOWS\System32\msvcrt.dll
0x00007ffe1c090000 - 0x00007ffe1c127000 	C:\WINDOWS\System32\sechost.dll
0x00007ffe1bd40000 - 0x00007ffe1be60000 	C:\WINDOWS\System32\RPCRT4.dll
0x00007ffe1b510000 - 0x00007ffe1b6a4000 	C:\WINDOWS\System32\USER32.dll
0x00007ffe19b70000 - 0x00007ffe19b91000 	C:\WINDOWS\System32\win32u.dll
0x00007ffe1c8d0000 - 0x00007ffe1c8f6000 	C:\WINDOWS\System32\GDI32.dll
0x00007ffe1a760000 - 0x00007ffe1a8f4000 	C:\WINDOWS\System32\gdi32full.dll
0x00007ffe1a950000 - 0x00007ffe1a9ee000 	C:\WINDOWS\System32\msvcp_win.dll
0x00007ffe1a3b0000 - 0x00007ffe1a4aa000 	C:\WINDOWS\System32\ucrtbase.dll
0x00007ffe08090000 - 0x00007ffe08315000 	C:\WINDOWS\WinSxS\amd64_microsoft.windows.common-controls_6595b64144ccf1df_6.0.18362.720_none_e6beb5c51314836b\COMCTL32.dll
0x00007ffe1b760000 - 0x00007ffe1ba96000 	C:\WINDOWS\System32\combase.dll
0x00007ffe19980000 - 0x00007ffe19a00000 	C:\WINDOWS\System32\bcryptPrimitives.dll
0x00007ffe0eb10000 - 0x00007ffe0eb4d000 	C:\WINDOWS\system32\SophosAV\SOPHOS~1.DLL
0x00007ffe1bd30000 - 0x00007ffe1bd38000 	C:\WINDOWS\System32\PSAPI.DLL
0x000000006ff60000 - 0x0000000070032000 	C:\Katalon_Studio\jre\bin\msvcr100.dll
0x0000000070210000 - 0x0000000070ab2000 	C:\Katalon_Studio\jre\bin\server\jvm.dll
0x00007ffe144a0000 - 0x00007ffe144c4000 	C:\WINDOWS\SYSTEM32\WINMM.dll
0x00007ffe09a50000 - 0x00007ffe09a59000 	C:\WINDOWS\SYSTEM32\WSOCK32.dll
0x00007ffe1c020000 - 0x00007ffe1c08f000 	C:\WINDOWS\System32\WS2_32.dll
0x00007ffe145d0000 - 0x00007ffe145da000 	C:\WINDOWS\SYSTEM32\VERSION.dll
0x00007ffe14470000 - 0x00007ffe1449d000 	C:\WINDOWS\SYSTEM32\winmmbase.dll
0x00007ffe1a900000 - 0x00007ffe1a94a000 	C:\WINDOWS\System32\cfgmgr32.dll
0x0000000070120000 - 0x000000007012f000 	C:\Katalon_Studio\jre\bin\verify.dll
0x00000000700f0000 - 0x0000000070119000 	C:\Katalon_Studio\jre\bin\java.dll
0x00000000700d0000 - 0x00000000700e6000 	C:\Katalon_Studio\jre\bin\zip.dll
0x00007ffe1ad70000 - 0x00007ffe1b455000 	C:\WINDOWS\System32\SHELL32.dll
0x00007ffe1c710000 - 0x00007ffe1c7b9000 	C:\WINDOWS\System32\shcore.dll
0x00007ffe19ba0000 - 0x00007ffe1a320000 	C:\WINDOWS\System32\windows.storage.dll
0x00007ffe19880000 - 0x00007ffe198a3000 	C:\WINDOWS\System32\profapi.dll
0x00007ffe19830000 - 0x00007ffe1987a000 	C:\WINDOWS\System32\powrprof.dll
0x00007ffe19800000 - 0x00007ffe19810000 	C:\WINDOWS\System32\UMPDC.dll
0x00007ffe1bb20000 - 0x00007ffe1bb72000 	C:\WINDOWS\System32\shlwapi.dll
0x00007ffe198b0000 - 0x00007ffe198c1000 	C:\WINDOWS\System32\kernel.appcore.dll
0x00007ffe19b50000 - 0x00007ffe19b67000 	C:\WINDOWS\System32\cryptsp.dll
0x00000000700b0000 - 0x00000000700ca000 	C:\Katalon_Studio\jre\bin\net.dll
0x00007ffe19030000 - 0x00007ffe19097000 	C:\WINDOWS\system32\mswsock.dll
0x0000000070090000 - 0x00000000700a1000 	C:\Katalon_Studio\jre\bin\nio.dll
0x000000006fdc0000 - 0x000000006ff59000 	C:\Katalon_Studio\jre\bin\awt.dll
0x00007ffe1aca0000 - 0x00007ffe1ad64000 	C:\WINDOWS\System32\OLEAUT32.dll
0x00007ffe176f0000 - 0x00007ffe1777f000 	C:\WINDOWS\SYSTEM32\apphelp.dll
0x00007ffe17cf0000 - 0x00007ffe17d1d000 	C:\WINDOWS\system32\DWMAPI.DLL
0x00007ffe070c0000 - 0x00007ffe07216000 	C:\WINDOWS\system32\opengl32.dll
0x00007ffe13e30000 - 0x00007ffe13e5c000 	C:\WINDOWS\SYSTEM32\GLU32.dll
0x00007ffe181c0000 - 0x00007ffe181e0000 	C:\WINDOWS\SYSTEM32\dxcore.dll
0x00007ffe1c5b0000 - 0x00007ffe1c707000 	C:\WINDOWS\System32\ole32.dll

VM Arguments:
java_command: org.codehaus.groovy.tools.GroovyStarter --main groovy.ui.GroovyMain C:\FarmaTesting\katalonProjects\Libs\TempTestSuite1591330578817.groovy
java_class_path (initial): ;C:\Katalon_Studio\plugins\org.codehaus.groovy_2.4.7.xx-201611170128-e46\lib\bsf-2.4.0.jar;C:\Katalon_Studio\plugins\org.codehaus.groovy_2.4.7.xx-201611170128-e46\lib\groovy-all-2.4.7.jar;C:\Katalon_Studio\plugins\org.codehaus.groovy_2.4.7.xx-201611170128-e46\lib\ivy-2.4.0.jar;C:\Katalon_Studio\plugins\org.codehaus.groovy_2.4.7.xx-201611170128-e46\lib\org.apache.xerces.impl_2.11.0.jar;C:\Katalon_Studio\plugins\org.codehaus.groovy_2.4.7.xx-201611170128-e46\lib\servlet-api-2.4.jar;C:\Katalon_Studio\plugins\org.codehaus.groovy_2.4.7.xx-201611170128-e46\lib\xml-apis_1.4.1.jar;C:\Katalon_Studio\plugins\com.kms.katalon.core_1.0.0.201908270734.jar;C:\Katalon_Studio\plugins\net.sf.supercsv.super-csv_2.1.0.jar;C:\Katalon_Studio\plugins\org.apache.poi_3.9.0.v201405241750.jar;C:\Katalon_Studio\plugins\org.apache.poi.ooxml_3.9.0.v201405241905.jar;C:\Katalon_Studio\plugins\org.apache.poi.ooxml.schemas_3.9.0.v201405241750.jar;C:\Katalon_Studio\plugins\org.dom4j_1.6.1.v201312101416.jar;C:\Katalon_Studio\plugins\org.apache.commons.io_2.4.0.jar;C:\Katalon_Studio\plugins\org.apache.commons.lang_2.6.0.jar;C:\Katalon_Studio\plugins\org.apache.xmlbeans_2.6.0.jar;C:\Katalon_Studio\plugins\com.google.gson_2.8.0.jar;C:\Katalon_Studio\plugins\org.jsoup_1.7.2.jar;C:\Katalon_Studio\plugins\com.mysql.jdbc_5.1.38.jar;C:\Katalon_Studio\plugins\com.microsoft.sqlserver.sqljdbc4_4.1.5605.100.jar;C:\Katalon_Studio\plugins\org.apache.commons.dbutils_1.6.0.jar;C:\Katalon_Studio\plugins\com.oracle.jdbc.ojdbc7_12.1.0.2.jar;C:\Katalon_Studio\plugins\org.postgresql.jdbc41_9.4.1208.jre7.jar;c:\Katalon_Studio\plugins\org.eclipse.osgi_3.11.3.v20170209-1843.jar;C:\Katalon_Studio\plugins\com.kms.katalon.constant_1.0.0.201908270734.jar;C:\Katalon_Studio\plugins\org.eclipse.persistence.eclipselink_2.5.0.RC1.jar;C:\Katalon_Studio\plugins\com.kms.katalon.selenium-standalone_1.0.0.201908270734.jar;C:\Katalon_Studio\plugins\atu.testrecorder.screen-recorder_2.1.0.jar;C:\Katalon_Studio\plu
Launcher Type: SUN_STANDARD

Environment Variables:
PATH=C:/Katalon_Studio/jre/bin/server;C:/Katalon_Studio/jre/bin;C:/Katalon_Studio/jre/lib/amd64;C:\Program Files (x86)\Common Files\Oracle\Java\javapath;C:\ProgramData\Oracle\Java\javapath;C:\WINDOWS\system32;C:\WINDOWS;C:\WINDOWS\System32\Wbem;C:\WINDOWS\System32\WindowsPowerShell\v1.0\;C:\Program Files (x86)\Microsoft SQL Server\Client SDK\ODBC\130\Tools\Binn\;C:\Program Files (x86)\Microsoft SQL Server\130\Tools\Binn\;C:\Program Files (x86)\Microsoft SQL Server\130\DTS\Binn\;C:\Program Files (x86)\Microsoft SQL Server\130\Tools\Binn\ManagementStudio\;C:\Program Files\dotnet\;C:\Program Files\Microsoft SQL Server\130\Tools\Binn\;C:\WINDOWS\System32\OpenSSH\;C:\Program Files (x86)\SAP BusinessObjects\sqlanywhere\BIN64;C:\Program Files (x86)\SAP BusinessObjects\sqlanywhere\BIN32;C:\Users\alflopez-ext\AppData\Local\Programs\Git\cmd;C:\Users\alflopez-ext\AppData\Local\Microsoft\WindowsApps;C:\Katalon_Studio;
USERNAME=alflopez-ext
OS=Windows_NT
PROCESSOR_IDENTIFIER=Intel64 Family 6 Model 45 Stepping 7, GenuineIntel



---------------  S Y S T E M  ---------------

OS: Windows 10.0 , 64 bit Build 18362 (10.0.18362.329)

CPU:total 4 (initial active 4) (2 cores per cpu, 1 threads per core) family 6 model 45 stepping 7, cmov, cx8, fxsr, mmx, sse, sse2, sse3, ssse3, sse4.1, sse4.2, popcnt, avx, aes, clmul, tsc, tscinvbit, tscinv

Memory: 4k page, physical 12582452k(1981996k free), swap 28173552k(3204k free)

vm_info: Java HotSpot(TM) 64-Bit Server VM (25.181-b13) for windows-amd64 JRE (1.8.0_181-b13), built on Jul  7 2018 04:01:33 by "java_re" with MS VC++ 10.0 (VS2010)

time: Fri Jun 05 01:16:36 2020
elapsed time: 16 seconds (0d 0h 0m 16s)

