#
# There is insufficient memory for the Java Runtime Environment to continue.
# Native memory allocation (malloc) failed to allocate 65552 bytes for Chunk::new
# Possible reasons:
#   The system is out of physical RAM or swap space
#   In 32 bit mode, the process size limit was hit
# Possible solutions:
#   Reduce memory load on the system
#   Increase physical memory or swap space
#   Check if swap backing store is full
#   Use 64 bit Java on a 64 bit OS
#   Decrease Java heap size (-Xmx/-Xms)
#   Decrease number of Java threads
#   Decrease Java thread stack sizes (-Xss)
#   Set larger code cache with -XX:ReservedCodeCacheSize=
# This output file may be truncated or incomplete.
#
#  Out of Memory Error (allocation.cpp:390), pid=56424, tid=0x000000000000f694
#
# JRE version: Java(TM) SE Runtime Environment (8.0_181-b13) (build 1.8.0_181-b13)
# Java VM: Java HotSpot(TM) 64-Bit Server VM (25.181-b13 mixed mode windows-amd64 compressed oops)
# Failed to write core dump. Minidumps are not enabled by default on client versions of Windows
#

---------------  T H R E A D  ---------------

Current thread (0x0000000018223000):  JavaThread "C2 CompilerThread0" daemon [_thread_in_native, id=63124, stack(0x00000000198a0000,0x00000000199a0000)]

Stack: [0x00000000198a0000,0x00000000199a0000]
[error occurred during error reporting (printing stack bounds), id 0xc0000005]

Native frames: (J=compiled Java code, j=interpreted, Vv=VM code, C=native code)


Current CompileTask:
C2:  14517 3232   !   4       java.net.URL::<init> (543 bytes)


---------------  P R O C E S S  ---------------

Java Threads: ( => current thread )
  0x000000001aa99000 JavaThread "Image Fetcher 3" daemon [_thread_blocked, id=13012, stack(0x0000000021830000,0x0000000021930000)]
  0x000000001e94f000 JavaThread "Okio Watchdog" daemon [_thread_blocked, id=60456, stack(0x0000000021730000,0x0000000021830000)]
  0x000000001e94d000 JavaThread "OkHttp ConnectionPool" daemon [_thread_blocked, id=60500, stack(0x0000000021630000,0x0000000021730000)]
  0x000000001e94c000 JavaThread "ForkJoinPool.commonPool-worker-3" daemon [_thread_blocked, id=62740, stack(0x0000000021230000,0x0000000021330000)]
  0x000000001e94b800 JavaThread "ForkJoinPool.commonPool-worker-2" daemon [_thread_blocked, id=60852, stack(0x0000000021130000,0x0000000021230000)]
  0x000000001e951800 JavaThread "Keep-Alive-Timer" daemon [_thread_blocked, id=58360, stack(0x0000000020f30000,0x0000000021030000)]
  0x000000001e94d800 JavaThread "Exec Stream Pumper" daemon [_thread_in_native, id=48664, stack(0x0000000020d30000,0x0000000020e30000)]
  0x000000001e950000 JavaThread "Exec Stream Pumper" daemon [_thread_in_native, id=61376, stack(0x0000000020c30000,0x0000000020d30000)]
  0x000000001e94e800 JavaThread "UrlChecker-2" daemon [_thread_blocked, id=57704, stack(0x00000000206b0000,0x00000000207b0000)]
  0x000000001e950800 JavaThread "Exec Default Executor" daemon [_thread_in_native, id=60884, stack(0x000000001e3d0000,0x000000001e4d0000)]
  0x000000001cffd800 JavaThread "Image Fetcher 2" daemon [_thread_blocked, id=40152, stack(0x000000001e0d0000,0x000000001e1d0000)]
  0x000000001c931000 JavaThread "Image Fetcher 1" daemon [_thread_blocked, id=45004, stack(0x000000001ddd0000,0x000000001ded0000)]
  0x000000001a30d800 JavaThread "Image Fetcher 0" daemon [_thread_blocked, id=52256, stack(0x000000001dcd0000,0x000000001ddd0000)]
  0x000000001a308800 JavaThread "pool-2-thread-1" [_thread_blocked, id=8920, stack(0x000000001dbd0000,0x000000001dcd0000)]
  0x000000001b633800 JavaThread "pool-1-thread-1" [_thread_blocked, id=1928, stack(0x000000001dad0000,0x000000001dbd0000)]
  0x000000001b96e800 JavaThread "AWT-Windows" daemon [_thread_in_native, id=56940, stack(0x000000001d9d0000,0x000000001dad0000)]
  0x000000001cc81000 JavaThread "Java2D Disposer" daemon [_thread_blocked, id=57952, stack(0x000000001d7d0000,0x000000001d8d0000)]
  0x0000000019bd0000 JavaThread "Service Thread" daemon [_thread_blocked, id=61788, stack(0x0000000019fa0000,0x000000001a0a0000)]
  0x0000000018252800 JavaThread "C1 CompilerThread2" daemon [_thread_blocked, id=39640, stack(0x0000000019aa0000,0x0000000019ba0000)]
  0x000000001822b800 JavaThread "C2 CompilerThread1" daemon [_thread_blocked, id=38948, stack(0x00000000199a0000,0x0000000019aa0000)]
=>0x0000000018223000 JavaThread "C2 CompilerThread0" daemon [_thread_in_native, id=63124, stack(0x00000000198a0000,0x00000000199a0000)]
  0x0000000018221800 JavaThread "Attach Listener" daemon [_thread_blocked, id=61620, stack(0x00000000197a0000,0x00000000198a0000)]
  0x0000000018220000 JavaThread "Signal Dispatcher" daemon [_thread_blocked, id=16316, stack(0x00000000196a0000,0x00000000197a0000)]
  0x00000000010a9000 JavaThread "Finalizer" daemon [_thread_blocked, id=13116, stack(0x0000000019480000,0x0000000019580000)]
  0x00000000010a6000 JavaThread "Reference Handler" daemon [_thread_blocked, id=61732, stack(0x0000000019380000,0x0000000019480000)]
  0x0000000000fb5800 JavaThread "main" [_thread_in_native, id=36892, stack(0x0000000000eb0000,0x0000000000fb0000)]

Other Threads:
  0x00000000181e7800 VMThread [stack: 0x0000000019280000,0x0000000019380000] [id=29868]
  0x0000000019bf3000 WatcherThread [stack: 0x000000001a0a0000,0x000000001a1a0000] [id=61288]

VM state:not at safepoint (normal execution)

VM Mutex/Monitor currently owned by a thread: None

Heap:
 PSYoungGen      total 154624K, used 62655K [0x0000000780000000, 0x000000078a880000, 0x00000007c0000000)
  eden space 141824K, 37% used [0x0000000780000000,0x00000007833b5198,0x0000000788a80000)
  from space 12800K, 75% used [0x0000000789c00000,0x000000078a57abc8,0x000000078a880000)
  to   space 15360K, 0% used [0x0000000788a80000,0x0000000788a80000,0x0000000789980000)
 ParOldGen       total 91648K, used 26779K [0x0000000700000000, 0x0000000705980000, 0x0000000780000000)
  object space 91648K, 29% used [0x0000000700000000,0x0000000701a26fc0,0x0000000705980000)
 Metaspace       used 31118K, capacity 32074K, committed 32256K, reserved 1077248K
  class space    used 3724K, capacity 3971K, committed 4096K, reserved 1048576K

Card table byte_map: [0x0000000010470000,0x0000000010a80000] byte_map_base: 0x000000000cc70000

Marking Bits: (ParMarkBitMap*) 0x0000000070a32d00
 Begin Bits: [0x0000000011280000, 0x0000000014280000)
 End Bits:   [0x0000000014280000, 0x0000000017280000)

Polling page: 0x0000000000e10000

CodeCache: size=245760Kb used=11928Kb max_used=11940Kb free=233831Kb
 bounds [0x00000000010b0000, 0x0000000001c70000, 0x00000000100b0000]
 total_blobs=3713 nmethods=2928 adapters=695
 compilation: enabled

Compilation events (10 events):
Event: 14.468 Thread 0x0000000018252800 nmethod 3229 0x0000000001c50650 code [0x0000000001c50dc0, 0x0000000001c56938]
Event: 14.475 Thread 0x0000000018223000 nmethod 3223 0x0000000001c5d6d0 code [0x0000000001c5d8e0, 0x0000000001c5e5d0]
Event: 14.475 Thread 0x0000000018223000 3232   !   4       java.net.URL::<init> (543 bytes)
Event: 14.477 Thread 0x000000001822b800 nmethod 3230 0x0000000001c5f510 code [0x0000000001c5f680, 0x0000000001c5fc18]
Event: 14.477 Thread 0x000000001822b800 3231       4       java.lang.String::codePointAt (36 bytes)
Event: 14.479 Thread 0x000000001822b800 nmethod 3231 0x0000000001c5a650 code [0x0000000001c5a7a0, 0x0000000001c5a898]
Event: 14.499 Thread 0x0000000018252800 3233       1       groovy.lang.MetaClassImpl::isInitialized (5 bytes)
Event: 14.499 Thread 0x0000000018252800 nmethod 3233 0x0000000001c5a390 code [0x0000000001c5a4e0, 0x0000000001c5a5f0]
Event: 14.500 Thread 0x0000000018252800 3234   !   3       com.sun.proxy.$Proxy6::value (29 bytes)
Event: 14.500 Thread 0x0000000018252800 nmethod 3234 0x0000000001c5cf10 code [0x0000000001c5d0a0, 0x0000000001c5d498]

GC Heap History (10 events):
Event: 6.687 GC heap before
{Heap before GC invocations=7 (full 1):
 PSYoungGen      total 57344K, used 56091K [0x0000000780000000, 0x0000000785c80000, 0x00000007c0000000)
  eden space 49152K, 100% used [0x0000000780000000,0x0000000783000000,0x0000000783000000)
  from space 8192K, 84% used [0x0000000783000000,0x00000007836c6c28,0x0000000783800000)
  to   space 11264K, 0% used [0x0000000785180000,0x0000000785180000,0x0000000785c80000)
 ParOldGen       total 91648K, used 15697K [0x0000000700000000, 0x0000000705980000, 0x0000000780000000)
  object space 91648K, 17% used [0x0000000700000000,0x0000000700f546e8,0x0000000705980000)
 Metaspace       used 23177K, capacity 23548K, committed 23680K, reserved 1071104K
  class space    used 2583K, capacity 2681K, committed 2688K, reserved 1048576K
Event: 6.697 GC heap after
Heap after GC invocations=7 (full 1):
 PSYoungGen      total 81920K, used 11232K [0x0000000780000000, 0x0000000786280000, 0x00000007c0000000)
  eden space 70656K, 0% used [0x0000000780000000,0x0000000780000000,0x0000000784500000)
  from space 11264K, 99% used [0x0000000785180000,0x0000000785c78060,0x0000000785c80000)
  to   space 12800K, 0% used [0x0000000784500000,0x0000000784500000,0x0000000785180000)
 ParOldGen       total 91648K, used 15830K [0x0000000700000000, 0x0000000705980000, 0x0000000780000000)
  object space 91648K, 17% used [0x0000000700000000,0x0000000700f75958,0x0000000705980000)
 Metaspace       used 23177K, capacity 23548K, committed 23680K, reserved 1071104K
  class space    used 2583K, capacity 2681K, committed 2688K, reserved 1048576K
}
Event: 7.481 GC heap before
{Heap before GC invocations=8 (full 1):
 PSYoungGen      total 81920K, used 81848K [0x0000000780000000, 0x0000000786280000, 0x00000007c0000000)
  eden space 70656K, 99% used [0x0000000780000000,0x00000007844f6350,0x0000000784500000)
  from space 11264K, 99% used [0x0000000785180000,0x0000000785c78060,0x0000000785c80000)
  to   space 12800K, 0% used [0x0000000784500000,0x0000000784500000,0x0000000785180000)
 ParOldGen       total 91648K, used 15830K [0x0000000700000000, 0x0000000705980000, 0x0000000780000000)
  object space 91648K, 17% used [0x0000000700000000,0x0000000700f75958,0x0000000705980000)
 Metaspace       used 23559K, capacity 23956K, committed 24320K, reserved 1071104K
  class space    used 2633K, capacity 2753K, committed 2816K, reserved 1048576K
Event: 7.494 GC heap after
Heap after GC invocations=8 (full 1):
 PSYoungGen      total 83456K, used 12392K [0x0000000780000000, 0x0000000788580000, 0x00000007c0000000)
  eden space 70656K, 0% used [0x0000000780000000,0x0000000780000000,0x0000000784500000)
  from space 12800K, 96% used [0x0000000784500000,0x000000078511a338,0x0000000785180000)
  to   space 13824K, 0% used [0x0000000787800000,0x0000000787800000,0x0000000788580000)
 ParOldGen       total 91648K, used 18910K [0x0000000700000000, 0x0000000705980000, 0x0000000780000000)
  object space 91648K, 20% used [0x0000000700000000,0x0000000701277968,0x0000000705980000)
 Metaspace       used 23559K, capacity 23956K, committed 24320K, reserved 1071104K
  class space    used 2633K, capacity 2753K, committed 2816K, reserved 1048576K
}
Event: 8.208 GC heap before
{Heap before GC invocations=9 (full 1):
 PSYoungGen      total 83456K, used 82443K [0x0000000780000000, 0x0000000788580000, 0x00000007c0000000)
  eden space 70656K, 99% used [0x0000000780000000,0x0000000784468a88,0x0000000784500000)
  from space 12800K, 96% used [0x0000000784500000,0x000000078511a338,0x0000000785180000)
  to   space 13824K, 0% used [0x0000000787800000,0x0000000787800000,0x0000000788580000)
 ParOldGen       total 91648K, used 18910K [0x0000000700000000, 0x0000000705980000, 0x0000000780000000)
  object space 91648K, 20% used [0x0000000700000000,0x0000000701277968,0x0000000705980000)
 Metaspace       used 23863K, capacity 24234K, committed 24320K, reserved 1071104K
  class space    used 2668K, capacity 2803K, committed 2816K, reserved 1048576K
Event: 8.219 GC heap after
Heap after GC invocations=9 (full 1):
 PSYoungGen      total 121856K, used 12608K [0x0000000780000000, 0x0000000788800000, 0x00000007c0000000)
  eden space 108032K, 0% used [0x0000000780000000,0x0000000780000000,0x0000000786980000)
  from space 13824K, 91% used [0x0000000787800000,0x0000000788450060,0x0000000788580000)
  to   space 14848K, 0% used [0x0000000786980000,0x0000000786980000,0x0000000787800000)
 ParOldGen       total 91648K, used 18918K [0x0000000700000000, 0x0000000705980000, 0x0000000780000000)
  object space 91648K, 20% used [0x0000000700000000,0x0000000701279968,0x0000000705980000)
 Metaspace       used 23863K, capacity 24234K, committed 24320K, reserved 1071104K
  class space    used 2668K, capacity 2803K, committed 2816K, reserved 1048576K
}
Event: 9.527 GC heap before
{Heap before GC invocations=10 (full 1):
 PSYoungGen      total 121856K, used 120640K [0x0000000780000000, 0x0000000788800000, 0x00000007c0000000)
  eden space 108032K, 100% used [0x0000000780000000,0x0000000786980000,0x0000000786980000)
  from space 13824K, 91% used [0x0000000787800000,0x0000000788450060,0x0000000788580000)
  to   space 14848K, 0% used [0x0000000786980000,0x0000000786980000,0x0000000787800000)
 ParOldGen       total 91648K, used 18918K [0x0000000700000000, 0x0000000705980000, 0x0000000780000000)
  object space 91648K, 20% used [0x0000000700000000,0x0000000701279968,0x0000000705980000)
 Metaspace       used 27462K, capacity 27970K, committed 28288K, reserved 1075200K
  class space    used 3188K, capacity 3334K, committed 3456K, reserved 1048576K
Event: 9.545 GC heap after
Heap after GC invocations=10 (full 1):
 PSYoungGen      total 122880K, used 12512K [0x0000000780000000, 0x000000078ab80000, 0x00000007c0000000)
  eden space 108032K, 0% used [0x0000000780000000,0x0000000780000000,0x0000000786980000)
  from space 14848K, 84% used [0x0000000786980000,0x00000007875b80a0,0x0000000787800000)
  to   space 15872K, 0% used [0x0000000789c00000,0x0000000789c00000,0x000000078ab80000)
 ParOldGen       total 91648K, used 23957K [0x0000000700000000, 0x0000000705980000, 0x0000000780000000)
  object space 91648K, 26% used [0x0000000700000000,0x0000000701765618,0x0000000705980000)
 Metaspace       used 27462K, capacity 27970K, committed 28288K, reserved 1075200K
  class space    used 3188K, capacity 3334K, committed 3456K, reserved 1048576K
}
Event: 11.291 GC heap before
{Heap before GC invocations=11 (full 1):
 PSYoungGen      total 122880K, used 120537K [0x0000000780000000, 0x000000078ab80000, 0x00000007c0000000)
  eden space 108032K, 99% used [0x0000000780000000,0x000000078697e470,0x0000000786980000)
  from space 14848K, 84% used [0x0000000786980000,0x00000007875b80a0,0x0000000787800000)
  to   space 15872K, 0% used [0x0000000789c00000,0x0000000789c00000,0x000000078ab80000)
 ParOldGen       total 91648K, used 23957K [0x0000000700000000, 0x0000000705980000, 0x0000000780000000)
  object space 91648K, 26% used [0x0000000700000000,0x0000000701765618,0x0000000705980000)
 Metaspace       used 30642K, capacity 31504K, committed 31872K, reserved 1077248K
  class space    used 3668K, capacity 3891K, committed 3968K, reserved 1048576K
Event: 11.304 GC heap after
Heap after GC invocations=11 (full 1):
 PSYoungGen      total 154624K, used 9706K [0x0000000780000000, 0x000000078a880000, 0x00000007c0000000)
  eden space 141824K, 0% used [0x0000000780000000,0x0000000780000000,0x0000000788a80000)
  from space 12800K, 75% used [0x0000000789c00000,0x000000078a57abc8,0x000000078a880000)
  to   space 15360K, 0% used [0x0000000788a80000,0x0000000788a80000,0x0000000789980000)
 ParOldGen       total 91648K, used 26779K [0x0000000700000000, 0x0000000705980000, 0x0000000780000000)
  object space 91648K, 29% used [0x0000000700000000,0x0000000701a26fc0,0x0000000705980000)
 Metaspace       used 30642K, capacity 31504K, committed 31872K, reserved 1077248K
  class space    used 3668K, capacity 3891K, committed 3968K, reserved 1048576K
}

Deoptimization events (10 events):
Event: 10.506 Thread 0x0000000000fb5800 Uncommon trap: reason=bimorphic action=maybe_recompile pc=0x0000000001aa8fec method=java.util.regex.Matcher.search(I)Z @ 86
Event: 10.506 Thread 0x0000000000fb5800 Uncommon trap: reason=unstable_if action=reinterpret pc=0x000000000196f3e0 method=java.util.regex.Pattern$CharProperty.match(Ljava/util/regex/Matcher;ILjava/lang/CharSequence;)Z @ 21
Event: 10.663 Thread 0x0000000000fb5800 Uncommon trap: reason=unstable_if action=reinterpret pc=0x0000000001a2352c method=java.util.regex.Pattern$BmpCharProperty.match(Ljava/util/regex/Matcher;ILjava/lang/CharSequence;)Z @ 34
Event: 10.732 Thread 0x0000000000fb5800 Uncommon trap: reason=class_check action=maybe_recompile pc=0x0000000001843918 method=java.util.HashSet.contains(Ljava/lang/Object;)Z @ 5
Event: 10.732 Thread 0x0000000000fb5800 Uncommon trap: reason=class_check action=maybe_recompile pc=0x0000000001843918 method=java.util.HashSet.contains(Ljava/lang/Object;)Z @ 5
Event: 14.195 Thread 0x0000000000fb5800 Uncommon trap: reason=class_check action=maybe_recompile pc=0x0000000001bc97d8 method=org.openqa.selenium.json.Input.init()V @ 18
Event: 14.195 Thread 0x0000000000fb5800 Uncommon trap: reason=class_check action=maybe_recompile pc=0x0000000001bc97d8 method=org.openqa.selenium.json.Input.init()V @ 18
Event: 14.195 Thread 0x0000000000fb5800 Uncommon trap: reason=class_check action=maybe_recompile pc=0x0000000001bc97d8 method=org.openqa.selenium.json.Input.init()V @ 18
Event: 14.195 Thread 0x0000000000fb5800 Uncommon trap: reason=class_check action=maybe_recompile pc=0x0000000001bc97d8 method=org.openqa.selenium.json.Input.init()V @ 18
Event: 14.327 Thread 0x0000000000fb5800 Uncommon trap: reason=bimorphic action=maybe_recompile pc=0x000000000181d1e0 method=java.net.URL.<init>(Ljava/net/URL;Ljava/lang/String;Ljava/net/URLStreamHandler;)V @ 504

Classes redefined (0 events):
No events

Internal exceptions (10 events):
Event: 10.233 Thread 0x0000000000fb5800 Exception <a 'java/lang/IncompatibleClassChangeError': Found class java.lang.Object, but interface was expected> (0x0000000782579638) thrown at [C:\re\workspace\8-2-build-windows-amd64-cygwin\jdk8u181\11358\hotspot\src\share\vm\interpreter\linkResolver.cp
Event: 10.242 Thread 0x0000000000fb5800 Exception <a 'java/lang/NoSuchMethodError': java.lang.Object.lambda$or$2(Ljava/util/function/Predicate;Ljava/lang/Object;)Z> (0x0000000782587aa8) thrown at [C:\re\workspace\8-2-build-windows-amd64-cygwin\jdk8u181\11358\hotspot\src\share\vm\interpreter\lin
Event: 10.380 Thread 0x0000000000fb5800 Exception <a 'java/lang/NoSuchMethodError': java.lang.Object.lambda$chars$0()Ljava/util/Spliterator$OfInt;> (0x00000007832114d8) thrown at [C:\re\workspace\8-2-build-windows-amd64-cygwin\jdk8u181\11358\hotspot\src\share\vm\interpreter\linkResolver.cpp, li
Event: 12.123 Thread 0x000000001b633800 Exception <a 'java/lang/OutOfMemoryError': OutOfMemoryError> (0x000000078034b170) thrown at [C:\re\workspace\8-2-build-windows-amd64-cygwin\jdk8u181\11358\hotspot\src\share\vm\prims\jni.cpp, line 735]
Event: 14.205 Thread 0x0000000000fb5800 Exception <a 'java/lang/NoSuchMethodError': java.lang.Object.lambda$getResponseFunction$0(Lorg/openqa/selenium/remote/InitialHandshakeResponse;)Lorg/openqa/selenium/remote/ProtocolHandshake$Result;> (0x0000000782c284f0) thrown at [C:\re\workspace\8-2-buil
Event: 14.288 Thread 0x0000000000fb5800 Exception <a 'java/net/SocketTimeoutException': Read timed out> (0x0000000782ef9b60) thrown at [C:\re\workspace\8-2-build-windows-amd64-cygwin\jdk8u181\11358\hotspot\src\share\vm\prims\jni.cpp, line 735]
Event: 14.305 Thread 0x0000000000fb5800 Exception <a 'java/net/SocketTimeoutException': Read timed out> (0x0000000782f7e8e8) thrown at [C:\re\workspace\8-2-build-windows-amd64-cygwin\jdk8u181\11358\hotspot\src\share\vm\prims\jni.cpp, line 735]
Event: 14.330 Thread 0x0000000000fb5800 Exception <a 'java/net/SocketTimeoutException': Read timed out> (0x0000000782fbbeb8) thrown at [C:\re\workspace\8-2-build-windows-amd64-cygwin\jdk8u181\11358\hotspot\src\share\vm\prims\jni.cpp, line 735]
Event: 14.487 Thread 0x0000000000fb5800 Exception <a 'java/lang/ClassNotFoundException': com/kms/katalon/core/webui/keyword/builtin/WaitForPageLoadKeywordBeanInfo> (0x000000078313fee0) thrown at [C:\re\workspace\8-2-build-windows-amd64-cygwin\jdk8u181\11358\hotspot\src\share\vm\classfile\system
Event: 14.498 Thread 0x0000000000fb5800 Exception <a 'java/lang/ClassNotFoundException': com/kms/katalon/core/webui/keyword/builtin/WaitForPageLoadKeywordCustomizer> (0x0000000783198188) thrown at [C:\re\workspace\8-2-build-windows-amd64-cygwin\jdk8u181\11358\hotspot\src\share\vm\classfile\syst

Events (10 events):
Event: 14.487 loading class com/kms/katalon/core/webui/keyword/builtin/WaitForPageLoadKeywordCustomizer
Event: 14.487 loading class com/kms/katalon/core/webui/keyword/builtin/WaitForPageLoadKeywordCustomizer done
Event: 14.489 loading class com/kms/katalon/core/webui/keyword/builtin/WaitForPageLoadKeywordCustomizer
Event: 14.489 loading class com/kms/katalon/core/webui/keyword/builtin/WaitForPageLoadKeywordCustomizer done
Event: 14.498 loading class com/kms/katalon/core/webui/keyword/builtin/WaitForPageLoadKeywordCustomizer
Event: 14.498 loading class com/kms/katalon/core/webui/keyword/builtin/WaitForPageLoadKeywordCustomizer done
Event: 14.502 loading class groovy/runtime/metaclass/com/kms/katalon/core/webui/keyword/builtin/WaitForPageLoadKeyword$_waitForPageLoad_closure1MetaClass
Event: 14.502 loading class groovy/runtime/metaclass/com/kms/katalon/core/webui/keyword/builtin/WaitForPageLoadKeyword$_waitForPageLoad_closure1MetaClass done
Event: 14.504 loading class groovy/runtime/metaclass/com/kms/katalon/core/webui/constants/StringConstantsMetaClass
Event: 14.504 loading class groovy/runtime/metaclass/com/kms/katalon/core/webui/constants/StringConstantsMetaClass done


Dynamic libraries:
0x00007ff7edfb0000 - 0x00007ff7edfe7000 	C:\Katalon_Studio\jre\bin\java.exe
0x00007ffe1c940000 - 0x00007ffe1cb30000 	C:\WINDOWS\SYSTEM32\ntdll.dll
0x00007ffe1bef0000 - 0x00007ffe1bfa2000 	C:\WINDOWS\System32\KERNEL32.dll
0x00007ffe11c00000 - 0x00007ffe11d27000 	C:\Windows\system32\hmpalert.dll
0x00007ffe1a4b0000 - 0x00007ffe1a753000 	C:\WINDOWS\System32\KERNELBASE.dll
0x00007ffe1b460000 - 0x00007ffe1b503000 	C:\WINDOWS\System32\ADVAPI32.dll
0x00007ffe1b6b0000 - 0x00007ffe1b74e000 	C:\WINDOWS\System32\msvcrt.dll
0x00007ffe1c090000 - 0x00007ffe1c127000 	C:\WINDOWS\System32\sechost.dll
0x00007ffe1bd40000 - 0x00007ffe1be60000 	C:\WINDOWS\System32\RPCRT4.dll
0x00007ffe1b510000 - 0x00007ffe1b6a4000 	C:\WINDOWS\System32\USER32.dll
0x00007ffe19b70000 - 0x00007ffe19b91000 	C:\WINDOWS\System32\win32u.dll
0x00007ffe1c8d0000 - 0x00007ffe1c8f6000 	C:\WINDOWS\System32\GDI32.dll
0x00007ffe1a760000 - 0x00007ffe1a8f4000 	C:\WINDOWS\System32\gdi32full.dll
0x00007ffe1a950000 - 0x00007ffe1a9ee000 	C:\WINDOWS\System32\msvcp_win.dll
0x00007ffe1a3b0000 - 0x00007ffe1a4aa000 	C:\WINDOWS\System32\ucrtbase.dll
0x00007ffe08090000 - 0x00007ffe08315000 	C:\WINDOWS\WinSxS\amd64_microsoft.windows.common-controls_6595b64144ccf1df_6.0.18362.720_none_e6beb5c51314836b\COMCTL32.dll
0x00007ffe1b760000 - 0x00007ffe1ba96000 	C:\WINDOWS\System32\combase.dll
0x00007ffe19980000 - 0x00007ffe19a00000 	C:\WINDOWS\System32\bcryptPrimitives.dll
0x00007ffe0eb10000 - 0x00007ffe0eb4d000 	C:\WINDOWS\system32\SophosAV\SOPHOS~1.DLL
0x00007ffe1bd30000 - 0x00007ffe1bd38000 	C:\WINDOWS\System32\PSAPI.DLL
0x000000006ff60000 - 0x0000000070032000 	C:\Katalon_Studio\jre\bin\msvcr100.dll
0x0000000070210000 - 0x0000000070ab2000 	C:\Katalon_Studio\jre\bin\server\jvm.dll
0x00007ffe09a50000 - 0x00007ffe09a59000 	C:\WINDOWS\SYSTEM32\WSOCK32.dll
0x00007ffe1c020000 - 0x00007ffe1c08f000 	C:\WINDOWS\System32\WS2_32.dll
0x00007ffe144a0000 - 0x00007ffe144c4000 	C:\WINDOWS\SYSTEM32\WINMM.dll
0x00007ffe145d0000 - 0x00007ffe145da000 	C:\WINDOWS\SYSTEM32\VERSION.dll
0x00007ffe14470000 - 0x00007ffe1449d000 	C:\WINDOWS\SYSTEM32\WINMMBASE.dll
0x00007ffe1a900000 - 0x00007ffe1a94a000 	C:\WINDOWS\System32\cfgmgr32.dll
0x0000000070120000 - 0x000000007012f000 	C:\Katalon_Studio\jre\bin\verify.dll
0x00000000700f0000 - 0x0000000070119000 	C:\Katalon_Studio\jre\bin\java.dll
0x00000000700d0000 - 0x00000000700e6000 	C:\Katalon_Studio\jre\bin\zip.dll
0x00007ffe1ad70000 - 0x00007ffe1b455000 	C:\WINDOWS\System32\SHELL32.dll
0x00007ffe1c710000 - 0x00007ffe1c7b9000 	C:\WINDOWS\System32\shcore.dll
0x00007ffe19ba0000 - 0x00007ffe1a320000 	C:\WINDOWS\System32\windows.storage.dll
0x00007ffe19880000 - 0x00007ffe198a3000 	C:\WINDOWS\System32\profapi.dll
0x00007ffe19830000 - 0x00007ffe1987a000 	C:\WINDOWS\System32\powrprof.dll
0x00007ffe19800000 - 0x00007ffe19810000 	C:\WINDOWS\System32\UMPDC.dll
0x00007ffe1bb20000 - 0x00007ffe1bb72000 	C:\WINDOWS\System32\shlwapi.dll
0x00007ffe198b0000 - 0x00007ffe198c1000 	C:\WINDOWS\System32\kernel.appcore.dll
0x00007ffe19b50000 - 0x00007ffe19b67000 	C:\WINDOWS\System32\cryptsp.dll
0x00000000700b0000 - 0x00000000700ca000 	C:\Katalon_Studio\jre\bin\net.dll
0x00007ffe19030000 - 0x00007ffe19097000 	C:\WINDOWS\system32\mswsock.dll
0x0000000070090000 - 0x00000000700a1000 	C:\Katalon_Studio\jre\bin\nio.dll
0x000000006fdc0000 - 0x000000006ff59000 	C:\Katalon_Studio\jre\bin\awt.dll
0x00007ffe1aca0000 - 0x00007ffe1ad64000 	C:\WINDOWS\System32\OLEAUT32.dll
0x00007ffe176f0000 - 0x00007ffe1777f000 	C:\WINDOWS\SYSTEM32\apphelp.dll
0x00007ffe17cf0000 - 0x00007ffe17d1d000 	C:\WINDOWS\system32\DWMAPI.DLL
0x00007ffe00a80000 - 0x00007ffe00bd6000 	C:\WINDOWS\system32\opengl32.dll
0x00007ffe13e30000 - 0x00007ffe13e5c000 	C:\WINDOWS\SYSTEM32\GLU32.dll
0x00007ffe181c0000 - 0x00007ffe181e0000 	C:\WINDOWS\SYSTEM32\dxcore.dll
0x00007ffe1c5b0000 - 0x00007ffe1c707000 	C:\WINDOWS\System32\ole32.dll
0x00007ffe18de0000 - 0x00007ffe18eaa000 	C:\WINDOWS\SYSTEM32\DNSAPI.dll
0x00007ffe1b750000 - 0x00007ffe1b758000 	C:\WINDOWS\System32\NSI.dll
0x00007ffe18d40000 - 0x00007ffe18d7a000 	C:\WINDOWS\SYSTEM32\IPHLPAPI.DLL
0x00007ffe141d0000 - 0x00007ffe141da000 	C:\Windows\System32\rasadhlp.dll
0x00007ffe15ca0000 - 0x00007ffe15d17000 	C:\WINDOWS\System32\fwpuclnt.dll
0x00007ffe1a320000 - 0x00007ffe1a346000 	C:\WINDOWS\System32\bcrypt.dll
0x0000000070050000 - 0x0000000070074000 	C:\Katalon_Studio\jre\bin\sunec.dll
0x0000000070040000 - 0x000000007004b000 	C:\Katalon_Studio\jre\bin\sunmscapi.dll
0x00007ffe19a00000 - 0x00007ffe19b49000 	C:\WINDOWS\System32\CRYPT32.dll
0x00007ffe19810000 - 0x00007ffe19822000 	C:\WINDOWS\System32\MSASN1.dll
0x00007ffe15a70000 - 0x00007ffe15a86000 	C:\WINDOWS\SYSTEM32\dhcpcsvc6.DLL
0x00007ffe15a50000 - 0x00007ffe15a6c000 	C:\WINDOWS\SYSTEM32\dhcpcsvc.DLL
0x00007ffe18930000 - 0x00007ffe18963000 	C:\WINDOWS\system32\rsaenh.dll
0x00007ffe19720000 - 0x00007ffe19745000 	C:\WINDOWS\SYSTEM32\USERENV.dll
0x00007ffe19200000 - 0x00007ffe1920c000 	C:\WINDOWS\SYSTEM32\CRYPTBASE.dll
0x00007ffe11d30000 - 0x00007ffe11d46000 	C:\WINDOWS\system32\napinsp.dll
0x00007ffe11df0000 - 0x00007ffe11e0a000 	C:\WINDOWS\system32\pnrpnsp.dll
0x00007ffe11e10000 - 0x00007ffe11e1e000 	C:\WINDOWS\System32\winrnr.dll
0x00007ffe16190000 - 0x00007ffe161ac000 	C:\WINDOWS\system32\NLAapi.dll
0x00007ffe11e20000 - 0x00007ffe11e35000 	C:\WINDOWS\system32\wshbth.dll

VM Arguments:
java_command: org.codehaus.groovy.tools.GroovyStarter --main groovy.ui.GroovyMain C:\FarmaTesting\katalonProjects\Libs\TempTestSuite1591608452775.groovy
java_class_path (initial): ;C:\Katalon_Studio\plugins\org.codehaus.groovy_2.4.7.xx-201611170128-e46\lib\bsf-2.4.0.jar;C:\Katalon_Studio\plugins\org.codehaus.groovy_2.4.7.xx-201611170128-e46\lib\groovy-all-2.4.7.jar;C:\Katalon_Studio\plugins\org.codehaus.groovy_2.4.7.xx-201611170128-e46\lib\ivy-2.4.0.jar;C:\Katalon_Studio\plugins\org.codehaus.groovy_2.4.7.xx-201611170128-e46\lib\org.apache.xerces.impl_2.11.0.jar;C:\Katalon_Studio\plugins\org.codehaus.groovy_2.4.7.xx-201611170128-e46\lib\servlet-api-2.4.jar;C:\Katalon_Studio\plugins\org.codehaus.groovy_2.4.7.xx-201611170128-e46\lib\xml-apis_1.4.1.jar;C:\Katalon_Studio\plugins\com.kms.katalon.core_1.0.0.201908270734.jar;C:\Katalon_Studio\plugins\net.sf.supercsv.super-csv_2.1.0.jar;C:\Katalon_Studio\plugins\org.apache.poi_3.9.0.v201405241750.jar;C:\Katalon_Studio\plugins\org.apache.poi.ooxml_3.9.0.v201405241905.jar;C:\Katalon_Studio\plugins\org.apache.poi.ooxml.schemas_3.9.0.v201405241750.jar;C:\Katalon_Studio\plugins\org.dom4j_1.6.1.v201312101416.jar;C:\Katalon_Studio\plugins\org.apache.commons.io_2.4.0.jar;C:\Katalon_Studio\plugins\org.apache.commons.lang_2.6.0.jar;C:\Katalon_Studio\plugins\org.apache.xmlbeans_2.6.0.jar;C:\Katalon_Studio\plugins\com.google.gson_2.8.0.jar;C:\Katalon_Studio\plugins\org.jsoup_1.7.2.jar;C:\Katalon_Studio\plugins\com.mysql.jdbc_5.1.38.jar;C:\Katalon_Studio\plugins\com.microsoft.sqlserver.sqljdbc4_4.1.5605.100.jar;C:\Katalon_Studio\plugins\org.apache.commons.dbutils_1.6.0.jar;C:\Katalon_Studio\plugins\com.oracle.jdbc.ojdbc7_12.1.0.2.jar;C:\Katalon_Studio\plugins\org.postgresql.jdbc41_9.4.1208.jre7.jar;c:\Katalon_Studio\plugins\org.eclipse.osgi_3.11.3.v20170209-1843.jar;C:\Katalon_Studio\plugins\com.kms.katalon.constant_1.0.0.201908270734.jar;C:\Katalon_Studio\plugins\org.eclipse.persistence.eclipselink_2.5.0.RC1.jar;C:\Katalon_Studio\plugins\com.kms.katalon.selenium-standalone_1.0.0.201908270734.jar;C:\Katalon_Studio\plugins\atu.testrecorder.screen-recorder_2.1.0.jar;C:\Katalon_Studio\plu
Launcher Type: SUN_STANDARD

Environment Variables:
PATH=C:/Katalon_Studio/jre/bin/server;C:/Katalon_Studio/jre/bin;C:/Katalon_Studio/jre/lib/amd64;C:\Program Files (x86)\Common Files\Oracle\Java\javapath;C:\ProgramData\Oracle\Java\javapath;C:\WINDOWS\system32;C:\WINDOWS;C:\WINDOWS\System32\Wbem;C:\WINDOWS\System32\WindowsPowerShell\v1.0\;C:\Program Files (x86)\Microsoft SQL Server\Client SDK\ODBC\130\Tools\Binn\;C:\Program Files (x86)\Microsoft SQL Server\130\Tools\Binn\;C:\Program Files (x86)\Microsoft SQL Server\130\DTS\Binn\;C:\Program Files (x86)\Microsoft SQL Server\130\Tools\Binn\ManagementStudio\;C:\Program Files\dotnet\;C:\Program Files\Microsoft SQL Server\130\Tools\Binn\;C:\WINDOWS\System32\OpenSSH\;C:\Program Files (x86)\SAP BusinessObjects\sqlanywhere\BIN64;C:\Program Files (x86)\SAP BusinessObjects\sqlanywhere\BIN32;C:\Users\alflopez-ext\AppData\Local\Programs\Git\cmd;C:\Users\alflopez-ext\AppData\Local\Microsoft\WindowsApps;C:\Katalon_Studio;
USERNAME=alflopez-ext
OS=Windows_NT
PROCESSOR_IDENTIFIER=Intel64 Family 6 Model 45 Stepping 7, GenuineIntel



---------------  S Y S T E M  ---------------

OS: Windows 10.0 , 64 bit Build 18362 (10.0.18362.329)

CPU:total 4 (initial active 4) (2 cores per cpu, 1 threads per core) family 6 model 45 stepping 7, cmov, cx8, fxsr, mmx, sse, sse2, sse3, ssse3, sse4.1, sse4.2, popcnt, avx, aes, clmul, tsc, tscinvbit, tscinv

Memory: 4k page, physical 12582452k(4359064k free), swap 28173552k(5148k free)

vm_info: Java HotSpot(TM) 64-Bit Server VM (25.181-b13) for windows-amd64 JRE (1.8.0_181-b13), built on Jul  7 2018 04:01:33 by "java_re" with MS VC++ 10.0 (VS2010)

time: Mon Jun 08 06:27:48 2020
elapsed time: 14 seconds (0d 0h 0m 14s)

