#
# There is insufficient memory for the Java Runtime Environment to continue.
# Native memory allocation (malloc) failed to allocate 216976 bytes for Chunk::new
# Possible reasons:
#   The system is out of physical RAM or swap space
#   In 32 bit mode, the process size limit was hit
# Possible solutions:
#   Reduce memory load on the system
#   Increase physical memory or swap space
#   Check if swap backing store is full
#   Use 64 bit Java on a 64 bit OS
#   Decrease Java heap size (-Xmx/-Xms)
#   Decrease number of Java threads
#   Decrease Java thread stack sizes (-Xss)
#   Set larger code cache with -XX:ReservedCodeCacheSize=
# This output file may be truncated or incomplete.
#
#  Out of Memory Error (allocation.cpp:390), pid=56216, tid=0x0000000000006e24
#
# JRE version: Java(TM) SE Runtime Environment (8.0_181-b13) (build 1.8.0_181-b13)
# Java VM: Java HotSpot(TM) 64-Bit Server VM (25.181-b13 mixed mode windows-amd64 compressed oops)
# Failed to write core dump. Minidumps are not enabled by default on client versions of Windows
#

---------------  T H R E A D  ---------------

Current thread (0x0000000018a0a800):  JavaThread "C2 CompilerThread1" daemon [_thread_in_native, id=28196, stack(0x000000001a1b0000,0x000000001a2b0000)]

Stack: [0x000000001a1b0000,0x000000001a2b0000]
[error occurred during error reporting (printing stack bounds), id 0xc0000005]

Native frames: (J=compiled Java code, j=interpreted, Vv=VM code, C=native code)


Current CompileTask:
C2:  22336 4597   !   4       java.net.URL::<init> (543 bytes)


---------------  P R O C E S S  ---------------

Java Threads: ( => current thread )
  0x000000001f94e800 JavaThread "Image Fetcher 3" daemon [_thread_blocked, id=63416, stack(0x000000001fbc0000,0x000000001fcc0000)]
  0x000000001a674800 JavaThread "Image Fetcher 2" daemon [_thread_blocked, id=43676, stack(0x000000001e6e0000,0x000000001e7e0000)]
  0x000000001a671000 JavaThread "Image Fetcher 1" daemon [_thread_blocked, id=9692, stack(0x000000001e5e0000,0x000000001e6e0000)]
  0x000000001a674000 JavaThread "Image Fetcher 0" daemon [_thread_blocked, id=11368, stack(0x000000001e4e0000,0x000000001e5e0000)]
  0x000000001a670000 JavaThread "pool-2-thread-1" [_thread_blocked, id=5228, stack(0x000000001e3e0000,0x000000001e4e0000)]
  0x000000001a66f800 JavaThread "pool-1-thread-1" [_thread_blocked, id=62236, stack(0x000000001e2e0000,0x000000001e3e0000)]
  0x000000001a672800 JavaThread "AWT-Windows" daemon [_thread_in_native, id=14128, stack(0x000000001e1e0000,0x000000001e2e0000)]
  0x000000001a676000 JavaThread "AWT-Shutdown" [_thread_blocked, id=34972, stack(0x000000001e0e0000,0x000000001e1e0000)]
  0x000000001a673000 JavaThread "Java2D Disposer" daemon [_thread_blocked, id=58776, stack(0x000000001dfe0000,0x000000001e0e0000)]
  0x000000001a3e5800 JavaThread "Service Thread" daemon [_thread_blocked, id=14164, stack(0x000000001a7b0000,0x000000001a8b0000)]
  0x0000000018a18000 JavaThread "C1 CompilerThread2" daemon [_thread_blocked, id=59936, stack(0x000000001a2b0000,0x000000001a3b0000)]
=>0x0000000018a0a800 JavaThread "C2 CompilerThread1" daemon [_thread_in_native, id=28196, stack(0x000000001a1b0000,0x000000001a2b0000)]
  0x0000000018a03000 JavaThread "C2 CompilerThread0" daemon [_thread_blocked, id=61068, stack(0x000000001a0b0000,0x000000001a1b0000)]
  0x0000000018a01800 JavaThread "Attach Listener" daemon [_thread_blocked, id=59748, stack(0x0000000019fb0000,0x000000001a0b0000)]
  0x0000000018a00000 JavaThread "Signal Dispatcher" daemon [_thread_blocked, id=62432, stack(0x0000000019eb0000,0x0000000019fb0000)]
  0x00000000189eb000 JavaThread "Finalizer" daemon [_thread_blocked, id=45784, stack(0x0000000019c90000,0x0000000019d90000)]
  0x0000000001886000 JavaThread "Reference Handler" daemon [_thread_blocked, id=45716, stack(0x0000000019b90000,0x0000000019c90000)]
  0x0000000001795800 JavaThread "main" [_thread_in_Java, id=58516, stack(0x0000000001690000,0x0000000001790000)]

Other Threads:
  0x00000000189c7800 VMThread [stack: 0x0000000019a90000,0x0000000019b90000] [id=62216]
  0x000000001a436000 WatcherThread [stack: 0x000000001a8b0000,0x000000001a9b0000] [id=57252]

VM state:not at safepoint (normal execution)

VM Mutex/Monitor currently owned by a thread: None

Heap:
 PSYoungGen      total 366080K, used 330177K [0x0000000780000000, 0x00000007a0000000, 0x00000007c0000000)
  eden space 321536K, 88% used [0x0000000780000000,0x00000007916fbfa8,0x0000000793a00000)
  from space 44544K, 99% used [0x0000000793a00000,0x00000007965745f0,0x0000000796580000)
  to   space 50688K, 0% used [0x000000079ce80000,0x000000079ce80000,0x00000007a0000000)
 ParOldGen       total 159744K, used 111191K [0x0000000700000000, 0x0000000709c00000, 0x0000000780000000)
  object space 159744K, 69% used [0x0000000700000000,0x0000000706c95dc0,0x0000000709c00000)
 Metaspace       used 29724K, capacity 30110K, committed 30336K, reserved 1077248K
  class space    used 3256K, capacity 3366K, committed 3456K, reserved 1048576K

Card table byte_map: [0x0000000010c50000,0x0000000011260000] byte_map_base: 0x000000000d450000

Marking Bits: (ParMarkBitMap*) 0x0000000070a32d00
 Begin Bits: [0x0000000011a60000, 0x0000000014a60000)
 End Bits:   [0x0000000014a60000, 0x0000000017a60000)

Polling page: 0x0000000001440000

CodeCache: size=245760Kb used=18708Kb max_used=18714Kb free=227051Kb
 bounds [0x0000000001890000, 0x0000000002af0000, 0x0000000010890000]
 total_blobs=4952 nmethods=4178 adapters=685
 compilation: enabled

Compilation events (10 events):
Event: 22.316 Thread 0x0000000018a18000 nmethod 4624 0x0000000002adc810 code [0x0000000002adc9a0, 0x0000000002adcd68]
Event: 22.316 Thread 0x0000000018a18000 4626       3       java.awt.image.BufferedImage::createGraphics (10 bytes)
Event: 22.316 Thread 0x0000000018a18000 nmethod 4626 0x0000000002adced0 code [0x0000000002add060, 0x0000000002add518]
Event: 22.317 Thread 0x0000000018a18000 4627       3       com.kms.katalon.core.helper.screenrecorder.ATUVideoRecorder$2::run (8 bytes)
Event: 22.317 Thread 0x0000000018a18000 nmethod 4627 0x0000000002add690 code [0x0000000002add840, 0x0000000002addd18]
Event: 22.317 Thread 0x0000000018a18000 4628       3       com.kms.katalon.core.helper.screenrecorder.ATUVideoRecorder::access$1 (5 bytes)
Event: 22.317 Thread 0x0000000018a18000 nmethod 4628 0x0000000002addfd0 code [0x0000000002ade160, 0x0000000002ade598]
Event: 22.319 Thread 0x0000000018a18000 4629       3       java.util.concurrent.ThreadPoolExecutor$Worker::unlock (7 bytes)
Event: 22.319 Thread 0x0000000018a18000 nmethod 4629 0x0000000002ade7d0 code [0x0000000002ade960, 0x0000000002adeea8]
Event: 22.319 Thread 0x0000000018a18000 4633   !   3       java.util.concurrent.ScheduledThreadPoolExecutor$DelayedWorkQueue::take (203 bytes)

GC Heap History (10 events):
Event: 16.973 GC heap before
{Heap before GC invocations=15 (full 2):
 PSYoungGen      total 250880K, used 230665K [0x0000000780000000, 0x0000000793180000, 0x00000007c0000000)
  eden space 231424K, 99% used [0x0000000780000000,0x000000078e142450,0x000000078e200000)
  from space 19456K, 0% used [0x0000000790100000,0x0000000790100000,0x0000000791400000)
  to   space 31744K, 0% used [0x000000078e200000,0x000000078e200000,0x0000000790100000)
 ParOldGen       total 159744K, used 37230K [0x0000000700000000, 0x0000000709c00000, 0x0000000780000000)
  object space 159744K, 23% used [0x0000000700000000,0x000000070245baf8,0x0000000709c00000)
 Metaspace       used 29121K, capacity 29502K, committed 29824K, reserved 1075200K
  class space    used 3237K, capacity 3349K, committed 3456K, reserved 1048576K
Event: 17.010 GC heap after
Heap after GC invocations=15 (full 2):
 PSYoungGen      total 263168K, used 31722K [0x0000000780000000, 0x0000000798c00000, 0x00000007c0000000)
  eden space 231424K, 0% used [0x0000000780000000,0x0000000780000000,0x000000078e200000)
  from space 31744K, 99% used [0x000000078e200000,0x00000007900fa968,0x0000000790100000)
  to   space 39424K, 0% used [0x0000000796580000,0x0000000796580000,0x0000000798c00000)
 ParOldGen       total 159744K, used 44990K [0x0000000700000000, 0x0000000709c00000, 0x0000000780000000)
  object space 159744K, 28% used [0x0000000700000000,0x0000000702befbb8,0x0000000709c00000)
 Metaspace       used 29121K, capacity 29502K, committed 29824K, reserved 1075200K
  class space    used 3237K, capacity 3349K, committed 3456K, reserved 1048576K
}
Event: 17.954 GC heap before
{Heap before GC invocations=16 (full 2):
 PSYoungGen      total 263168K, used 263146K [0x0000000780000000, 0x0000000798c00000, 0x00000007c0000000)
  eden space 231424K, 100% used [0x0000000780000000,0x000000078e200000,0x000000078e200000)
  from space 31744K, 99% used [0x000000078e200000,0x00000007900fa968,0x0000000790100000)
  to   space 39424K, 0% used [0x0000000796580000,0x0000000796580000,0x0000000798c00000)
 ParOldGen       total 159744K, used 45469K [0x0000000700000000, 0x0000000709c00000, 0x0000000780000000)
  object space 159744K, 28% used [0x0000000700000000,0x0000000702c67648,0x0000000709c00000)
 Metaspace       used 29335K, capacity 29754K, committed 30080K, reserved 1075200K
  class space    used 3253K, capacity 3360K, committed 3456K, reserved 1048576K
Event: 18.042 GC heap after
Heap after GC invocations=16 (full 2):
 PSYoungGen      total 360960K, used 35679K [0x0000000780000000, 0x000000079a280000, 0x00000007c0000000)
  eden space 321536K, 0% used [0x0000000780000000,0x0000000780000000,0x0000000793a00000)
  from space 39424K, 90% used [0x0000000796580000,0x0000000798857d50,0x0000000798c00000)
  to   space 44544K, 0% used [0x0000000793a00000,0x0000000793a00000,0x0000000796580000)
 ParOldGen       total 159744K, used 70860K [0x0000000700000000, 0x0000000709c00000, 0x0000000780000000)
  object space 159744K, 44% used [0x0000000700000000,0x0000000704533360,0x0000000709c00000)
 Metaspace       used 29335K, capacity 29754K, committed 30080K, reserved 1075200K
  class space    used 3253K, capacity 3360K, committed 3456K, reserved 1048576K
}
Event: 19.141 GC heap before
{Heap before GC invocations=17 (full 2):
 PSYoungGen      total 360960K, used 357215K [0x0000000780000000, 0x000000079a280000, 0x00000007c0000000)
  eden space 321536K, 100% used [0x0000000780000000,0x0000000793a00000,0x0000000793a00000)
  from space 39424K, 90% used [0x0000000796580000,0x0000000798857d50,0x0000000798c00000)
  to   space 44544K, 0% used [0x0000000793a00000,0x0000000793a00000,0x0000000796580000)
 ParOldGen       total 159744K, used 70870K [0x0000000700000000, 0x0000000709c00000, 0x0000000780000000)
  object space 159744K, 44% used [0x0000000700000000,0x0000000704535be0,0x0000000709c00000)
 Metaspace       used 29518K, capacity 29900K, committed 30080K, reserved 1075200K
  class space    used 3254K, capacity 3363K, committed 3456K, reserved 1048576K
Event: 19.212 GC heap after
Heap after GC invocations=17 (full 2):
 PSYoungGen      total 366080K, used 25733K [0x0000000780000000, 0x000000079a280000, 0x00000007c0000000)
  eden space 321536K, 0% used [0x0000000780000000,0x0000000780000000,0x0000000793a00000)
  from space 44544K, 57% used [0x0000000793a00000,0x0000000795321410,0x0000000796580000)
  to   space 39424K, 0% used [0x0000000796580000,0x0000000796580000,0x0000000798c00000)
 ParOldGen       total 159744K, used 91935K [0x0000000700000000, 0x0000000709c00000, 0x0000000780000000)
  object space 159744K, 57% used [0x0000000700000000,0x00000007059c7c90,0x0000000709c00000)
 Metaspace       used 29518K, capacity 29900K, committed 30080K, reserved 1075200K
  class space    used 3254K, capacity 3363K, committed 3456K, reserved 1048576K
}
Event: 19.891 GC heap before
{Heap before GC invocations=18 (full 2):
 PSYoungGen      total 366080K, used 347269K [0x0000000780000000, 0x000000079a280000, 0x00000007c0000000)
  eden space 321536K, 100% used [0x0000000780000000,0x0000000793a00000,0x0000000793a00000)
  from space 44544K, 57% used [0x0000000793a00000,0x0000000795321410,0x0000000796580000)
  to   space 39424K, 0% used [0x0000000796580000,0x0000000796580000,0x0000000798c00000)
 ParOldGen       total 159744K, used 91935K [0x0000000700000000, 0x0000000709c00000, 0x0000000780000000)
  object space 159744K, 57% used [0x0000000700000000,0x00000007059c7c90,0x0000000709c00000)
 Metaspace       used 29593K, capacity 30040K, committed 30336K, reserved 1077248K
  class space    used 3256K, capacity 3365K, committed 3456K, reserved 1048576K
Event: 19.924 GC heap after
Heap after GC invocations=18 (full 2):
 PSYoungGen      total 360960K, used 10713K [0x0000000780000000, 0x000000079a280000, 0x00000007c0000000)
  eden space 321536K, 0% used [0x0000000780000000,0x0000000780000000,0x0000000793a00000)
  from space 39424K, 27% used [0x0000000796580000,0x0000000796ff6528,0x0000000798c00000)
  to   space 44544K, 0% used [0x0000000793a00000,0x0000000793a00000,0x0000000796580000)
 ParOldGen       total 159744K, used 111143K [0x0000000700000000, 0x0000000709c00000, 0x0000000780000000)
  object space 159744K, 69% used [0x0000000700000000,0x0000000706c89db0,0x0000000709c00000)
 Metaspace       used 29593K, capacity 30040K, committed 30336K, reserved 1077248K
  class space    used 3256K, capacity 3365K, committed 3456K, reserved 1048576K
}
Event: 21.105 GC heap before
{Heap before GC invocations=19 (full 2):
 PSYoungGen      total 360960K, used 332249K [0x0000000780000000, 0x000000079a280000, 0x00000007c0000000)
  eden space 321536K, 100% used [0x0000000780000000,0x0000000793a00000,0x0000000793a00000)
  from space 39424K, 27% used [0x0000000796580000,0x0000000796ff6528,0x0000000798c00000)
  to   space 44544K, 0% used [0x0000000793a00000,0x0000000793a00000,0x0000000796580000)
 ParOldGen       total 159744K, used 111143K [0x0000000700000000, 0x0000000709c00000, 0x0000000780000000)
  object space 159744K, 69% used [0x0000000700000000,0x0000000706c89db0,0x0000000709c00000)
 Metaspace       used 29633K, capacity 30040K, committed 30336K, reserved 1077248K
  class space    used 3256K, capacity 3365K, committed 3456K, reserved 1048576K
Event: 21.144 GC heap after
Heap after GC invocations=19 (full 2):
 PSYoungGen      total 366080K, used 44497K [0x0000000780000000, 0x00000007a0000000, 0x00000007c0000000)
  eden space 321536K, 0% used [0x0000000780000000,0x0000000780000000,0x0000000793a00000)
  from space 44544K, 99% used [0x0000000793a00000,0x00000007965745f0,0x0000000796580000)
  to   space 50688K, 0% used [0x000000079ce80000,0x000000079ce80000,0x00000007a0000000)
 ParOldGen       total 159744K, used 111191K [0x0000000700000000, 0x0000000709c00000, 0x0000000780000000)
  object space 159744K, 69% used [0x0000000700000000,0x0000000706c95dc0,0x0000000709c00000)
 Metaspace       used 29633K, capacity 30040K, committed 30336K, reserved 1077248K
  class space    used 3256K, capacity 3365K, committed 3456K, reserved 1048576K
}

Deoptimization events (10 events):
Event: 16.728 Thread 0x0000000001795800 Uncommon trap: reason=bimorphic action=maybe_recompile pc=0x0000000002732e58 method=org.apache.xmlbeans.impl.store.Xobj.compute_flags()I @ 29
Event: 17.282 Thread 0x0000000001795800 Uncommon trap: reason=unstable_if action=reinterpret pc=0x0000000002667c10 method=java.lang.Integer.compare(II)I @ 2
Event: 17.294 Thread 0x0000000001795800 Uncommon trap: reason=class_check action=maybe_recompile pc=0x00000000028b424c method=org.apache.xmlbeans.impl.store.Xobj.compute_flags()I @ 40
Event: 17.295 Thread 0x0000000001795800 Uncommon trap: reason=class_check action=maybe_recompile pc=0x00000000028b424c method=org.apache.xmlbeans.impl.store.Xobj.compute_flags()I @ 40
Event: 17.295 Thread 0x0000000001795800 Uncommon trap: reason=class_check action=maybe_recompile pc=0x00000000028b424c method=org.apache.xmlbeans.impl.store.Xobj.compute_flags()I @ 40
Event: 17.295 Thread 0x0000000001795800 Uncommon trap: reason=class_check action=maybe_recompile pc=0x00000000028b424c method=org.apache.xmlbeans.impl.store.Xobj.compute_flags()I @ 40
Event: 17.297 Thread 0x0000000001795800 Uncommon trap: reason=class_check action=maybe_recompile pc=0x000000000288e7b0 method=org.apache.xmlbeans.impl.store.Xobj.compute_flags()I @ 40
Event: 17.311 Thread 0x0000000001795800 Uncommon trap: reason=unstable_if action=reinterpret pc=0x00000000027c23f8 method=java.util.regex.Pattern$Start.match(Ljava/util/regex/Matcher;ILjava/lang/CharSequence;)Z @ 10
Event: 17.514 Thread 0x000000001a66f800 Uncommon trap: reason=unstable_if action=reinterpret pc=0x0000000002397e10 method=atu.testrecorder.media.avi.TechSmithCodec.writeDelta8(Ljava/io/OutputStream;[B[BIIII)V @ 65
Event: 17.619 Thread 0x000000001a66f800 Uncommon trap: reason=unstable_if action=reinterpret pc=0x000000000237e3c4 method=atu.testrecorder.media.avi.TechSmithCodec.writeDelta8(Ljava/io/OutputStream;[B[BIIII)V @ 65

Classes redefined (0 events):
No events

Internal exceptions (10 events):
Event: 14.043 Thread 0x0000000001795800 Implicit null exception at 0x00000000025b6dcf to 0x00000000025b6f81
Event: 14.043 Thread 0x0000000001795800 Implicit null exception at 0x00000000025efcf6 to 0x00000000025f0499
Event: 14.169 Thread 0x0000000001795800 Implicit null exception at 0x00000000025ad2f0 to 0x00000000025ad3ed
Event: 15.368 Thread 0x0000000001795800 Exception <a 'java/lang/ClassNotFoundException': com/kms/katalon/core/testdata/reader/SheetPOIBeanInfo> (0x0000000789633950) thrown at [C:\re\workspace\8-2-build-windows-amd64-cygwin\jdk8u181\11358\hotspot\src\share\vm\classfile\systemDictionary.cpp, line
Event: 15.375 Thread 0x0000000001795800 Exception <a 'java/lang/ClassNotFoundException': com/kms/katalon/core/testdata/ExcelDataBeanInfo> (0x0000000789673ce0) thrown at [C:\re\workspace\8-2-build-windows-amd64-cygwin\jdk8u181\11358\hotspot\src\share\vm\classfile\systemDictionary.cpp, line 210]
Event: 15.380 Thread 0x0000000001795800 Exception <a 'java/lang/ClassNotFoundException': com/kms/katalon/core/testdata/AbstractTestDataBeanInfo> (0x00000007899f9290) thrown at [C:\re\workspace\8-2-build-windows-amd64-cygwin\jdk8u181\11358\hotspot\src\share\vm\classfile\systemDictionary.cpp, lin
Event: 15.424 Thread 0x0000000001795800 Exception <a 'java/lang/ClassNotFoundException': com/kms/katalon/core/testdata/AbstractTestDataCustomizer> (0x0000000789a40ac8) thrown at [C:\re\workspace\8-2-build-windows-amd64-cygwin\jdk8u181\11358\hotspot\src\share\vm\classfile\systemDictionary.cpp, l
Event: 15.432 Thread 0x0000000001795800 Exception <a 'java/lang/ClassNotFoundException': com/kms/katalon/core/testdata/ExcelDataCustomizer> (0x0000000789a88d00) thrown at [C:\re\workspace\8-2-build-windows-amd64-cygwin\jdk8u181\11358\hotspot\src\share\vm\classfile\systemDictionary.cpp, line 210
Event: 15.446 Thread 0x0000000001795800 Exception <a 'java/lang/ClassNotFoundException': com/kms/katalon/core/testdata/reader/SheetPOICustomizer> (0x0000000789ad7168) thrown at [C:\re\workspace\8-2-build-windows-amd64-cygwin\jdk8u181\11358\hotspot\src\share\vm\classfile\systemDictionary.cpp, li
Event: 15.956 Thread 0x0000000001795800 Implicit null exception at 0x0000000002611e5d to 0x0000000002614859

Events (10 events):
Event: 21.146 Executing VM operation: RevokeBias
Event: 21.146 Executing VM operation: RevokeBias done
Event: 21.146 Executing VM operation: RevokeBias
Event: 21.146 Executing VM operation: RevokeBias done
Event: 21.146 Executing VM operation: RevokeBias
Event: 21.147 Executing VM operation: RevokeBias done
Event: 21.188 Thread 0x000000001a66f800 DEOPT PACKING pc=0x00000000022298a1 sp=0x000000001e3dec60
Event: 21.188 Thread 0x000000001a66f800 DEOPT UNPACKING pc=0x00000000018d7890 sp=0x000000001e3de970 mode 0
Event: 22.015 Thread 0x0000000001795800 DEOPT PACKING pc=0x0000000002a55932 sp=0x000000000178c590
Event: 22.015 Thread 0x0000000001795800 DEOPT UNPACKING pc=0x00000000018d7890 sp=0x000000000178c318 mode 0


Dynamic libraries:
0x00007ff7edfb0000 - 0x00007ff7edfe7000 	C:\Katalon_Studio\jre\bin\java.exe
0x00007ffe1c940000 - 0x00007ffe1cb30000 	C:\WINDOWS\SYSTEM32\ntdll.dll
0x00007ffe1bef0000 - 0x00007ffe1bfa2000 	C:\WINDOWS\System32\KERNEL32.dll
0x00007ffe11c00000 - 0x00007ffe11d27000 	C:\Windows\system32\hmpalert.dll
0x00007ffe1a4b0000 - 0x00007ffe1a753000 	C:\WINDOWS\System32\KERNELBASE.dll
0x00007ffe1b460000 - 0x00007ffe1b503000 	C:\WINDOWS\System32\ADVAPI32.dll
0x00007ffe1b6b0000 - 0x00007ffe1b74e000 	C:\WINDOWS\System32\msvcrt.dll
0x00007ffe1c090000 - 0x00007ffe1c127000 	C:\WINDOWS\System32\sechost.dll
0x00007ffe1bd40000 - 0x00007ffe1be60000 	C:\WINDOWS\System32\RPCRT4.dll
0x00007ffe1b510000 - 0x00007ffe1b6a4000 	C:\WINDOWS\System32\USER32.dll
0x00007ffe19b70000 - 0x00007ffe19b91000 	C:\WINDOWS\System32\win32u.dll
0x00007ffe1c8d0000 - 0x00007ffe1c8f6000 	C:\WINDOWS\System32\GDI32.dll
0x00007ffe1a760000 - 0x00007ffe1a8f4000 	C:\WINDOWS\System32\gdi32full.dll
0x00007ffe1a950000 - 0x00007ffe1a9ee000 	C:\WINDOWS\System32\msvcp_win.dll
0x00007ffe1a3b0000 - 0x00007ffe1a4aa000 	C:\WINDOWS\System32\ucrtbase.dll
0x00007ffe08090000 - 0x00007ffe08315000 	C:\WINDOWS\WinSxS\amd64_microsoft.windows.common-controls_6595b64144ccf1df_6.0.18362.720_none_e6beb5c51314836b\COMCTL32.dll
0x00007ffe1b760000 - 0x00007ffe1ba96000 	C:\WINDOWS\System32\combase.dll
0x00007ffe19980000 - 0x00007ffe19a00000 	C:\WINDOWS\System32\bcryptPrimitives.dll
0x00007ffe0eb10000 - 0x00007ffe0eb4d000 	C:\WINDOWS\system32\SophosAV\SOPHOS~1.DLL
0x00007ffe1bd30000 - 0x00007ffe1bd38000 	C:\WINDOWS\System32\PSAPI.DLL
0x000000006ff60000 - 0x0000000070032000 	C:\Katalon_Studio\jre\bin\msvcr100.dll
0x0000000070210000 - 0x0000000070ab2000 	C:\Katalon_Studio\jre\bin\server\jvm.dll
0x00007ffe09a50000 - 0x00007ffe09a59000 	C:\WINDOWS\SYSTEM32\WSOCK32.dll
0x00007ffe1c020000 - 0x00007ffe1c08f000 	C:\WINDOWS\System32\WS2_32.dll
0x00007ffe144a0000 - 0x00007ffe144c4000 	C:\WINDOWS\SYSTEM32\WINMM.dll
0x00007ffe145d0000 - 0x00007ffe145da000 	C:\WINDOWS\SYSTEM32\VERSION.dll
0x00007ffe14470000 - 0x00007ffe1449d000 	C:\WINDOWS\SYSTEM32\WINMMBASE.dll
0x00007ffe1a900000 - 0x00007ffe1a94a000 	C:\WINDOWS\System32\cfgmgr32.dll
0x0000000070120000 - 0x000000007012f000 	C:\Katalon_Studio\jre\bin\verify.dll
0x00000000700f0000 - 0x0000000070119000 	C:\Katalon_Studio\jre\bin\java.dll
0x00000000700d0000 - 0x00000000700e6000 	C:\Katalon_Studio\jre\bin\zip.dll
0x00007ffe1ad70000 - 0x00007ffe1b455000 	C:\WINDOWS\System32\SHELL32.dll
0x00007ffe1c710000 - 0x00007ffe1c7b9000 	C:\WINDOWS\System32\shcore.dll
0x00007ffe19ba0000 - 0x00007ffe1a320000 	C:\WINDOWS\System32\windows.storage.dll
0x00007ffe19880000 - 0x00007ffe198a3000 	C:\WINDOWS\System32\profapi.dll
0x00007ffe19830000 - 0x00007ffe1987a000 	C:\WINDOWS\System32\powrprof.dll
0x00007ffe19800000 - 0x00007ffe19810000 	C:\WINDOWS\System32\UMPDC.dll
0x00007ffe1bb20000 - 0x00007ffe1bb72000 	C:\WINDOWS\System32\shlwapi.dll
0x00007ffe198b0000 - 0x00007ffe198c1000 	C:\WINDOWS\System32\kernel.appcore.dll
0x00007ffe19b50000 - 0x00007ffe19b67000 	C:\WINDOWS\System32\cryptsp.dll
0x00000000700b0000 - 0x00000000700ca000 	C:\Katalon_Studio\jre\bin\net.dll
0x00007ffe19030000 - 0x00007ffe19097000 	C:\WINDOWS\system32\mswsock.dll
0x0000000070090000 - 0x00000000700a1000 	C:\Katalon_Studio\jre\bin\nio.dll
0x000000006fdc0000 - 0x000000006ff59000 	C:\Katalon_Studio\jre\bin\awt.dll
0x00007ffe1aca0000 - 0x00007ffe1ad64000 	C:\WINDOWS\System32\OLEAUT32.dll
0x00007ffe176f0000 - 0x00007ffe1777f000 	C:\WINDOWS\SYSTEM32\apphelp.dll
0x00007ffe17cf0000 - 0x00007ffe17d1d000 	C:\WINDOWS\system32\DWMAPI.DLL
0x00007ffe070c0000 - 0x00007ffe07216000 	C:\WINDOWS\system32\opengl32.dll
0x00007ffe13e30000 - 0x00007ffe13e5c000 	C:\WINDOWS\SYSTEM32\GLU32.dll
0x00007ffe181c0000 - 0x00007ffe181e0000 	C:\WINDOWS\SYSTEM32\dxcore.dll
0x00007ffe1c5b0000 - 0x00007ffe1c707000 	C:\WINDOWS\System32\ole32.dll

VM Arguments:
java_command: org.codehaus.groovy.tools.GroovyStarter --main groovy.ui.GroovyMain C:\FarmaTesting\katalonProjects\Libs\TempTestSuite1591330513943.groovy
java_class_path (initial): ;C:\Katalon_Studio\plugins\org.codehaus.groovy_2.4.7.xx-201611170128-e46\lib\bsf-2.4.0.jar;C:\Katalon_Studio\plugins\org.codehaus.groovy_2.4.7.xx-201611170128-e46\lib\groovy-all-2.4.7.jar;C:\Katalon_Studio\plugins\org.codehaus.groovy_2.4.7.xx-201611170128-e46\lib\ivy-2.4.0.jar;C:\Katalon_Studio\plugins\org.codehaus.groovy_2.4.7.xx-201611170128-e46\lib\org.apache.xerces.impl_2.11.0.jar;C:\Katalon_Studio\plugins\org.codehaus.groovy_2.4.7.xx-201611170128-e46\lib\servlet-api-2.4.jar;C:\Katalon_Studio\plugins\org.codehaus.groovy_2.4.7.xx-201611170128-e46\lib\xml-apis_1.4.1.jar;C:\Katalon_Studio\plugins\com.kms.katalon.core_1.0.0.201908270734.jar;C:\Katalon_Studio\plugins\net.sf.supercsv.super-csv_2.1.0.jar;C:\Katalon_Studio\plugins\org.apache.poi_3.9.0.v201405241750.jar;C:\Katalon_Studio\plugins\org.apache.poi.ooxml_3.9.0.v201405241905.jar;C:\Katalon_Studio\plugins\org.apache.poi.ooxml.schemas_3.9.0.v201405241750.jar;C:\Katalon_Studio\plugins\org.dom4j_1.6.1.v201312101416.jar;C:\Katalon_Studio\plugins\org.apache.commons.io_2.4.0.jar;C:\Katalon_Studio\plugins\org.apache.commons.lang_2.6.0.jar;C:\Katalon_Studio\plugins\org.apache.xmlbeans_2.6.0.jar;C:\Katalon_Studio\plugins\com.google.gson_2.8.0.jar;C:\Katalon_Studio\plugins\org.jsoup_1.7.2.jar;C:\Katalon_Studio\plugins\com.mysql.jdbc_5.1.38.jar;C:\Katalon_Studio\plugins\com.microsoft.sqlserver.sqljdbc4_4.1.5605.100.jar;C:\Katalon_Studio\plugins\org.apache.commons.dbutils_1.6.0.jar;C:\Katalon_Studio\plugins\com.oracle.jdbc.ojdbc7_12.1.0.2.jar;C:\Katalon_Studio\plugins\org.postgresql.jdbc41_9.4.1208.jre7.jar;c:\Katalon_Studio\plugins\org.eclipse.osgi_3.11.3.v20170209-1843.jar;C:\Katalon_Studio\plugins\com.kms.katalon.constant_1.0.0.201908270734.jar;C:\Katalon_Studio\plugins\org.eclipse.persistence.eclipselink_2.5.0.RC1.jar;C:\Katalon_Studio\plugins\com.kms.katalon.selenium-standalone_1.0.0.201908270734.jar;C:\Katalon_Studio\plugins\atu.testrecorder.screen-recorder_2.1.0.jar;C:\Katalon_Studio\plu
Launcher Type: SUN_STANDARD

Environment Variables:
PATH=C:/Katalon_Studio/jre/bin/server;C:/Katalon_Studio/jre/bin;C:/Katalon_Studio/jre/lib/amd64;C:\Program Files (x86)\Common Files\Oracle\Java\javapath;C:\ProgramData\Oracle\Java\javapath;C:\WINDOWS\system32;C:\WINDOWS;C:\WINDOWS\System32\Wbem;C:\WINDOWS\System32\WindowsPowerShell\v1.0\;C:\Program Files (x86)\Microsoft SQL Server\Client SDK\ODBC\130\Tools\Binn\;C:\Program Files (x86)\Microsoft SQL Server\130\Tools\Binn\;C:\Program Files (x86)\Microsoft SQL Server\130\DTS\Binn\;C:\Program Files (x86)\Microsoft SQL Server\130\Tools\Binn\ManagementStudio\;C:\Program Files\dotnet\;C:\Program Files\Microsoft SQL Server\130\Tools\Binn\;C:\WINDOWS\System32\OpenSSH\;C:\Program Files (x86)\SAP BusinessObjects\sqlanywhere\BIN64;C:\Program Files (x86)\SAP BusinessObjects\sqlanywhere\BIN32;C:\Users\alflopez-ext\AppData\Local\Programs\Git\cmd;C:\Users\alflopez-ext\AppData\Local\Microsoft\WindowsApps;C:\Katalon_Studio;
USERNAME=alflopez-ext
OS=Windows_NT
PROCESSOR_IDENTIFIER=Intel64 Family 6 Model 45 Stepping 7, GenuineIntel



---------------  S Y S T E M  ---------------

OS: Windows 10.0 , 64 bit Build 18362 (10.0.18362.329)

CPU:total 4 (initial active 4) (2 cores per cpu, 1 threads per core) family 6 model 45 stepping 7, cmov, cx8, fxsr, mmx, sse, sse2, sse3, ssse3, sse4.1, sse4.2, popcnt, avx, aes, clmul, tsc, tscinvbit, tscinv

Memory: 4k page, physical 12582452k(1932472k free), swap 28173552k(228k free)

vm_info: Java HotSpot(TM) 64-Bit Server VM (25.181-b13) for windows-amd64 JRE (1.8.0_181-b13), built on Jul  7 2018 04:01:33 by "java_re" with MS VC++ 10.0 (VS2010)

time: Fri Jun 05 01:15:37 2020
elapsed time: 22 seconds (0d 0h 0m 22s)

