#
# There is insufficient memory for the Java Runtime Environment to continue.
# Native memory allocation (malloc) failed to allocate 32744 bytes for ChunkPool::allocate
# Possible reasons:
#   The system is out of physical RAM or swap space
#   In 32 bit mode, the process size limit was hit
# Possible solutions:
#   Reduce memory load on the system
#   Increase physical memory or swap space
#   Check if swap backing store is full
#   Use 64 bit Java on a 64 bit OS
#   Decrease Java heap size (-Xmx/-Xms)
#   Decrease number of Java threads
#   Decrease Java thread stack sizes (-Xss)
#   Set larger code cache with -XX:ReservedCodeCacheSize=
# This output file may be truncated or incomplete.
#
#  Out of Memory Error (allocation.cpp:273), pid=63160, tid=0x000000000000ec78
#
# JRE version: Java(TM) SE Runtime Environment (8.0_181-b13) (build 1.8.0_181-b13)
# Java VM: Java HotSpot(TM) 64-Bit Server VM (25.181-b13 mixed mode windows-amd64 compressed oops)
# Failed to write core dump. Minidumps are not enabled by default on client versions of Windows
#

---------------  T H R E A D  ---------------

Current thread (0x000000001875e000):  JavaThread "C2 CompilerThread1" daemon [_thread_in_native, id=60536, stack(0x000000001a280000,0x000000001a380000)]

Stack: [0x000000001a280000,0x000000001a380000]
[error occurred during error reporting (printing stack bounds), id 0xc0000005]

Native frames: (J=compiled Java code, j=interpreted, Vv=VM code, C=native code)


Current CompileTask:
C2:  29236 5340       4       org.apache.poi.xssf.usermodel.helpers.ColumnHelper::addCleanColIntoCols (553 bytes)


---------------  P R O C E S S  ---------------

Java Threads: ( => current thread )
  0x000000001f206800 JavaThread "Image Fetcher 3" daemon [_thread_blocked, id=47732, stack(0x000000001f890000,0x000000001f990000)]
  0x000000001f203000 JavaThread "Image Fetcher 2" daemon [_thread_blocked, id=12204, stack(0x000000001e5a0000,0x000000001e6a0000)]
  0x000000001cc01800 JavaThread "Image Fetcher 1" daemon [_thread_blocked, id=62196, stack(0x000000001e2a0000,0x000000001e3a0000)]
  0x000000001d0c1000 JavaThread "Image Fetcher 0" daemon [_thread_blocked, id=53448, stack(0x000000001e1a0000,0x000000001e2a0000)]
  0x000000001baf1000 JavaThread "pool-2-thread-1" [_thread_blocked, id=7888, stack(0x000000001e0a0000,0x000000001e1a0000)]
  0x000000001bda2800 JavaThread "pool-1-thread-1" [_thread_blocked, id=56232, stack(0x000000001dfa0000,0x000000001e0a0000)]
  0x000000001b212800 JavaThread "AWT-Windows" daemon [_thread_in_native, id=45696, stack(0x000000001dea0000,0x000000001dfa0000)]
  0x000000001b8ca000 JavaThread "Java2D Disposer" daemon [_thread_blocked, id=62796, stack(0x000000001dca0000,0x000000001dda0000)]
  0x0000000019e91000 JavaThread "Service Thread" daemon [_thread_blocked, id=61932, stack(0x000000001a480000,0x000000001a580000)]
  0x0000000019e8b000 JavaThread "C1 CompilerThread2" daemon [_thread_blocked, id=30188, stack(0x000000001a380000,0x000000001a480000)]
=>0x000000001875e000 JavaThread "C2 CompilerThread1" daemon [_thread_in_native, id=60536, stack(0x000000001a280000,0x000000001a380000)]
  0x0000000018709800 JavaThread "C2 CompilerThread0" daemon [_thread_blocked, id=60656, stack(0x0000000019d80000,0x0000000019e80000)]
  0x0000000018706800 JavaThread "Attach Listener" daemon [_thread_blocked, id=2348, stack(0x0000000019c80000,0x0000000019d80000)]
  0x0000000018703000 JavaThread "Signal Dispatcher" daemon [_thread_blocked, id=62480, stack(0x0000000019b80000,0x0000000019c80000)]
  0x00000000186eb000 JavaThread "Finalizer" daemon [_thread_blocked, id=62368, stack(0x0000000019960000,0x0000000019a60000)]
  0x0000000001586000 JavaThread "Reference Handler" daemon [_thread_blocked, id=43092, stack(0x0000000019860000,0x0000000019960000)]
  0x0000000001495800 JavaThread "main" [_thread_in_Java, id=24132, stack(0x0000000001390000,0x0000000001490000)]

Other Threads:
  0x00000000186c7800 VMThread [stack: 0x0000000019760000,0x0000000019860000] [id=54672]
  0x0000000019ebb000 WatcherThread [stack: 0x000000001a580000,0x000000001a680000] [id=59956]

VM state:not at safepoint (normal execution)

VM Mutex/Monitor currently owned by a thread: None

Heap:
 PSYoungGen      total 439808K, used 380323K [0x0000000780000000, 0x00000007a2200000, 0x00000007c0000000)
  eden space 403456K, 93% used [0x0000000780000000,0x00000007970ab148,0x0000000798a00000)
  from space 36352K, 7% used [0x0000000798a00000,0x0000000798cbdb30,0x000000079ad80000)
  to   space 50176K, 0% used [0x000000079f100000,0x000000079f100000,0x00000007a2200000)
 ParOldGen       total 205824K, used 123427K [0x0000000700000000, 0x000000070c900000, 0x0000000780000000)
  object space 205824K, 59% used [0x0000000700000000,0x0000000707888cd8,0x000000070c900000)
 Metaspace       used 30116K, capacity 30588K, committed 30848K, reserved 1077248K
  class space    used 3276K, capacity 3421K, committed 3456K, reserved 1048576K

Card table byte_map: [0x0000000010950000,0x0000000010f60000] byte_map_base: 0x000000000d150000

Marking Bits: (ParMarkBitMap*) 0x0000000070a32d00
 Begin Bits: [0x0000000011760000, 0x0000000014760000)
 End Bits:   [0x0000000014760000, 0x0000000017760000)

Polling page: 0x00000000010a0000

CodeCache: size=245760Kb used=18860Kb max_used=18899Kb free=226899Kb
 bounds [0x0000000001590000, 0x0000000002820000, 0x0000000010590000]
 total_blobs=5221 nmethods=4448 adapters=685
 compilation: enabled

Compilation events (10 events):
Event: 28.978 Thread 0x0000000019e8b000 nmethod 5335 0x00000000022ba110 code [0x00000000022ba260, 0x00000000022ba430]
Event: 28.979 Thread 0x0000000019e8b000 5336       3       java.util.Calendar::getSetStateFields (36 bytes)
Event: 28.979 Thread 0x0000000019e8b000 nmethod 5336 0x00000000022b9bd0 code [0x00000000022b9d40, 0x00000000022b9fd0]
Event: 28.980 Thread 0x0000000019e8b000 5337   !   3       sun.nio.cs.StreamDecoder::forInputStreamReader (48 bytes)
Event: 28.980 Thread 0x0000000018709800 5338       4       java.io.File::<init> (47 bytes)
Event: 28.981 Thread 0x0000000019e8b000 nmethod 5337 0x0000000001ee9a50 code [0x0000000001ee9c80, 0x0000000001eea888]
Event: 28.984 Thread 0x0000000018709800 nmethod 5338 0x00000000022b93d0 code [0x00000000022b9540, 0x00000000022b97e8]
Event: 28.986 Thread 0x0000000019e8b000 5339   !   3       sun.reflect.GeneratedConstructorAccessor19::newInstance (53 bytes)
Event: 28.987 Thread 0x0000000019e8b000 nmethod 5339 0x0000000001ee8a90 code [0x0000000001ee8c80, 0x0000000001ee9588]
Event: 29.135 Thread 0x000000001875e000 5340       4       org.apache.poi.xssf.usermodel.helpers.ColumnHelper::addCleanColIntoCols (553 bytes)

GC Heap History (10 events):
Event: 25.334 GC heap before
{Heap before GC invocations=30 (full 3):
 PSYoungGen      total 438784K, used 411630K [0x0000000780000000, 0x000000079d100000, 0x00000007c0000000)
  eden space 403456K, 99% used [0x0000000780000000,0x0000000798859088,0x0000000798a00000)
  from space 35328K, 27% used [0x000000079ae80000,0x000000079b8227f0,0x000000079d100000)
  to   space 36352K, 0% used [0x0000000798a00000,0x0000000798a00000,0x000000079ad80000)
 ParOldGen       total 205824K, used 75512K [0x0000000700000000, 0x000000070c900000, 0x0000000780000000)
  object space 205824K, 36% used [0x0000000700000000,0x00000007049be020,0x000000070c900000)
 Metaspace       used 30027K, capacity 30524K, committed 30592K, reserved 1077248K
  class space    used 3273K, capacity 3421K, committed 3456K, reserved 1048576K
Event: 25.339 GC heap after
Heap after GC invocations=30 (full 3):
 PSYoungGen      total 439808K, used 5550K [0x0000000780000000, 0x00000007a2200000, 0x00000007c0000000)
  eden space 403456K, 0% used [0x0000000780000000,0x0000000780000000,0x0000000798a00000)
  from space 36352K, 15% used [0x0000000798a00000,0x0000000798f6bbd0,0x000000079ad80000)
  to   space 50176K, 0% used [0x000000079f100000,0x000000079f100000,0x00000007a2200000)
 ParOldGen       total 205824K, used 75528K [0x0000000700000000, 0x000000070c900000, 0x0000000780000000)
  object space 205824K, 36% used [0x0000000700000000,0x00000007049c2020,0x000000070c900000)
 Metaspace       used 30027K, capacity 30524K, committed 30592K, reserved 1077248K
  class space    used 3273K, capacity 3421K, committed 3456K, reserved 1048576K
}
Event: 26.100 GC heap before
{Heap before GC invocations=31 (full 3):
 PSYoungGen      total 439808K, used 409006K [0x0000000780000000, 0x00000007a2200000, 0x00000007c0000000)
  eden space 403456K, 100% used [0x0000000780000000,0x0000000798a00000,0x0000000798a00000)
  from space 36352K, 15% used [0x0000000798a00000,0x0000000798f6bbd0,0x000000079ad80000)
  to   space 50176K, 0% used [0x000000079f100000,0x000000079f100000,0x00000007a2200000)
 ParOldGen       total 205824K, used 75528K [0x0000000700000000, 0x000000070c900000, 0x0000000780000000)
  object space 205824K, 36% used [0x0000000700000000,0x00000007049c2020,0x000000070c900000)
 Metaspace       used 30036K, capacity 30588K, committed 30848K, reserved 1077248K
  class space    used 3273K, capacity 3421K, committed 3456K, reserved 1048576K
Event: 26.148 GC heap after
Heap after GC invocations=31 (full 3):
 PSYoungGen      total 453632K, used 47205K [0x0000000780000000, 0x00000007a2200000, 0x00000007c0000000)
  eden space 403456K, 0% used [0x0000000780000000,0x0000000780000000,0x0000000798a00000)
  from space 50176K, 94% used [0x000000079f100000,0x00000007a1f196e0,0x00000007a2200000)
  to   space 36352K, 0% used [0x0000000798a00000,0x0000000798a00000,0x000000079ad80000)
 ParOldGen       total 205824K, used 75536K [0x0000000700000000, 0x000000070c900000, 0x0000000780000000)
  object space 205824K, 36% used [0x0000000700000000,0x00000007049c4020,0x000000070c900000)
 Metaspace       used 30036K, capacity 30588K, committed 30848K, reserved 1077248K
  class space    used 3273K, capacity 3421K, committed 3456K, reserved 1048576K
}
Event: 26.900 GC heap before
{Heap before GC invocations=32 (full 3):
 PSYoungGen      total 453632K, used 450661K [0x0000000780000000, 0x00000007a2200000, 0x00000007c0000000)
  eden space 403456K, 100% used [0x0000000780000000,0x0000000798a00000,0x0000000798a00000)
  from space 50176K, 94% used [0x000000079f100000,0x00000007a1f196e0,0x00000007a2200000)
  to   space 36352K, 0% used [0x0000000798a00000,0x0000000798a00000,0x000000079ad80000)
 ParOldGen       total 205824K, used 75536K [0x0000000700000000, 0x000000070c900000, 0x0000000780000000)
  object space 205824K, 36% used [0x0000000700000000,0x00000007049c4020,0x000000070c900000)
 Metaspace       used 30075K, capacity 30588K, committed 30848K, reserved 1077248K
  class space    used 3276K, capacity 3421K, committed 3456K, reserved 1048576K
Event: 26.930 GC heap after
Heap after GC invocations=32 (full 3):
 PSYoungGen      total 439808K, used 36325K [0x0000000780000000, 0x00000007a2200000, 0x00000007c0000000)
  eden space 403456K, 0% used [0x0000000780000000,0x0000000780000000,0x0000000798a00000)
  from space 36352K, 99% used [0x0000000798a00000,0x000000079ad796d0,0x000000079ad80000)
  to   space 50176K, 0% used [0x000000079f100000,0x000000079f100000,0x00000007a2200000)
 ParOldGen       total 205824K, used 85776K [0x0000000700000000, 0x000000070c900000, 0x0000000780000000)
  object space 205824K, 41% used [0x0000000700000000,0x00000007053c4030,0x000000070c900000)
 Metaspace       used 30075K, capacity 30588K, committed 30848K, reserved 1077248K
  class space    used 3276K, capacity 3421K, committed 3456K, reserved 1048576K
}
Event: 27.702 GC heap before
{Heap before GC invocations=33 (full 3):
 PSYoungGen      total 439808K, used 439781K [0x0000000780000000, 0x00000007a2200000, 0x00000007c0000000)
  eden space 403456K, 100% used [0x0000000780000000,0x0000000798a00000,0x0000000798a00000)
  from space 36352K, 99% used [0x0000000798a00000,0x000000079ad796d0,0x000000079ad80000)
  to   space 50176K, 0% used [0x000000079f100000,0x000000079f100000,0x00000007a2200000)
 ParOldGen       total 205824K, used 85776K [0x0000000700000000, 0x000000070c900000, 0x0000000780000000)
  object space 205824K, 41% used [0x0000000700000000,0x00000007053c4030,0x000000070c900000)
 Metaspace       used 30091K, capacity 30588K, committed 30848K, reserved 1077248K
  class space    used 3276K, capacity 3421K, committed 3456K, reserved 1048576K
Event: 27.760 GC heap after
Heap after GC invocations=33 (full 3):
 PSYoungGen      total 453632K, used 45669K [0x0000000780000000, 0x00000007a2200000, 0x00000007c0000000)
  eden space 403456K, 0% used [0x0000000780000000,0x0000000780000000,0x0000000798a00000)
  from space 50176K, 91% used [0x000000079f100000,0x00000007a1d996d0,0x00000007a2200000)
  to   space 36352K, 0% used [0x0000000798a00000,0x0000000798a00000,0x000000079ad80000)
 ParOldGen       total 205824K, used 122219K [0x0000000700000000, 0x000000070c900000, 0x0000000780000000)
  object space 205824K, 59% used [0x0000000700000000,0x000000070775acd8,0x000000070c900000)
 Metaspace       used 30091K, capacity 30588K, committed 30848K, reserved 1077248K
  class space    used 3276K, capacity 3421K, committed 3456K, reserved 1048576K
}
Event: 28.551 GC heap before
{Heap before GC invocations=34 (full 3):
 PSYoungGen      total 453632K, used 448643K [0x0000000780000000, 0x00000007a2200000, 0x00000007c0000000)
  eden space 403456K, 99% used [0x0000000780000000,0x0000000798987538,0x0000000798a00000)
  from space 50176K, 91% used [0x000000079f100000,0x00000007a1d996d0,0x00000007a2200000)
  to   space 36352K, 0% used [0x0000000798a00000,0x0000000798a00000,0x000000079ad80000)
 ParOldGen       total 205824K, used 122219K [0x0000000700000000, 0x000000070c900000, 0x0000000780000000)
  object space 205824K, 59% used [0x0000000700000000,0x000000070775acd8,0x000000070c900000)
 Metaspace       used 30111K, capacity 30588K, committed 30848K, reserved 1077248K
  class space    used 3276K, capacity 3421K, committed 3456K, reserved 1048576K
Event: 28.555 GC heap after
Heap after GC invocations=34 (full 3):
 PSYoungGen      total 439808K, used 2806K [0x0000000780000000, 0x00000007a2200000, 0x00000007c0000000)
  eden space 403456K, 0% used [0x0000000780000000,0x0000000780000000,0x0000000798a00000)
  from space 36352K, 7% used [0x0000000798a00000,0x0000000798cbdb30,0x000000079ad80000)
  to   space 50176K, 0% used [0x000000079f100000,0x000000079f100000,0x00000007a2200000)
 ParOldGen       total 205824K, used 123427K [0x0000000700000000, 0x000000070c900000, 0x0000000780000000)
  object space 205824K, 59% used [0x0000000700000000,0x0000000707888cd8,0x000000070c900000)
 Metaspace       used 30111K, capacity 30588K, committed 30848K, reserved 1077248K
  class space    used 3276K, capacity 3421K, committed 3456K, reserved 1048576K
}

Deoptimization events (10 events):
Event: 13.855 Thread 0x0000000001495800 Uncommon trap: reason=class_check action=maybe_recompile pc=0x00000000022d8c70 method=org.apache.xmlbeans.impl.store.Locale$ScrubBuffer.scrub(Ljava/lang/Object;II)V @ 25
Event: 18.714 Thread 0x000000001f203000 Uncommon trap: reason=unstable_if action=reinterpret pc=0x00000000022fd788 method=java.util.WeakHashMap.remove(Ljava/lang/Object;)Ljava/lang/Object; @ 94
Event: 19.021 Thread 0x000000001bda2800 Uncommon trap: reason=unstable_if action=reinterpret pc=0x0000000001f07050 method=atu.testrecorder.media.avi.TechSmithCodec.writeDelta8(Ljava/io/OutputStream;[B[BIIII)V @ 65
Event: 19.148 Thread 0x000000001bda2800 Uncommon trap: reason=unstable_if action=reinterpret pc=0x0000000001ef4744 method=atu.testrecorder.media.avi.TechSmithCodec.writeDelta8(Ljava/io/OutputStream;[B[BIIII)V @ 65
Event: 22.511 Thread 0x000000001bda2800 Uncommon trap: reason=unstable_if action=reinterpret pc=0x0000000001a78c80 method=atu.testrecorder.media.avi.TechSmithCodec.writeDelta8(Ljava/io/OutputStream;[B[BIIII)V @ 262
Event: 24.195 Thread 0x0000000001495800 Uncommon trap: reason=predicate action=maybe_recompile pc=0x00000000027c2b54 method=java.util.AbstractCollection.toArray([Ljava/lang/Object;)[Ljava/lang/Object; @ 49
Event: 24.592 Thread 0x0000000001495800 Uncommon trap: reason=array_check action=maybe_recompile pc=0x00000000027f8a48 method=java.util.AbstractCollection.toArray([Ljava/lang/Object;)[Ljava/lang/Object; @ 119
Event: 24.592 Thread 0x0000000001495800 Uncommon trap: reason=array_check action=maybe_recompile pc=0x00000000027f8a48 method=java.util.AbstractCollection.toArray([Ljava/lang/Object;)[Ljava/lang/Object; @ 119
Event: 24.592 Thread 0x0000000001495800 Uncommon trap: reason=array_check action=maybe_recompile pc=0x00000000027f8a48 method=java.util.AbstractCollection.toArray([Ljava/lang/Object;)[Ljava/lang/Object; @ 119
Event: 24.592 Thread 0x0000000001495800 Uncommon trap: reason=array_check action=maybe_recompile pc=0x00000000027f8a48 method=java.util.AbstractCollection.toArray([Ljava/lang/Object;)[Ljava/lang/Object; @ 119

Classes redefined (0 events):
No events

Internal exceptions (10 events):
Event: 10.227 Thread 0x0000000001495800 Implicit null exception at 0x000000000213820f to 0x00000000021383c1
Event: 10.227 Thread 0x0000000001495800 Implicit null exception at 0x0000000002150cb6 to 0x0000000002151455
Event: 10.352 Thread 0x0000000001495800 Implicit null exception at 0x0000000002132770 to 0x000000000213286d
Event: 11.242 Thread 0x0000000001495800 Exception <a 'java/lang/ClassNotFoundException': com/kms/katalon/core/testdata/reader/SheetPOIBeanInfo> (0x00000007872276f8) thrown at [C:\re\workspace\8-2-build-windows-amd64-cygwin\jdk8u181\11358\hotspot\src\share\vm\classfile\systemDictionary.cpp, line
Event: 11.249 Thread 0x0000000001495800 Exception <a 'java/lang/ClassNotFoundException': com/kms/katalon/core/testdata/ExcelDataBeanInfo> (0x0000000787267a88) thrown at [C:\re\workspace\8-2-build-windows-amd64-cygwin\jdk8u181\11358\hotspot\src\share\vm\classfile\systemDictionary.cpp, line 210]
Event: 11.256 Thread 0x0000000001495800 Exception <a 'java/lang/ClassNotFoundException': com/kms/katalon/core/testdata/AbstractTestDataBeanInfo> (0x00000007872adb10) thrown at [C:\re\workspace\8-2-build-windows-amd64-cygwin\jdk8u181\11358\hotspot\src\share\vm\classfile\systemDictionary.cpp, lin
Event: 11.262 Thread 0x0000000001495800 Exception <a 'java/lang/ClassNotFoundException': com/kms/katalon/core/testdata/AbstractTestDataCustomizer> (0x00000007872f5348) thrown at [C:\re\workspace\8-2-build-windows-amd64-cygwin\jdk8u181\11358\hotspot\src\share\vm\classfile\systemDictionary.cpp, l
Event: 11.269 Thread 0x0000000001495800 Exception <a 'java/lang/ClassNotFoundException': com/kms/katalon/core/testdata/ExcelDataCustomizer> (0x000000078733d610) thrown at [C:\re\workspace\8-2-build-windows-amd64-cygwin\jdk8u181\11358\hotspot\src\share\vm\classfile\systemDictionary.cpp, line 210
Event: 11.275 Thread 0x0000000001495800 Exception <a 'java/lang/ClassNotFoundException': com/kms/katalon/core/testdata/reader/SheetPOICustomizer> (0x000000078738b9e8) thrown at [C:\re\workspace\8-2-build-windows-amd64-cygwin\jdk8u181\11358\hotspot\src\share\vm\classfile\systemDictionary.cpp, li
Event: 25.342 Thread 0x000000001bda2800 Exception <a 'java/lang/OutOfMemoryError': OutOfMemoryError> (0x0000000780a14918) thrown at [C:\re\workspace\8-2-build-windows-amd64-cygwin\jdk8u181\11358\hotspot\src\share\vm\prims\jni.cpp, line 735]

Events (10 events):
Event: 26.336 loading class sun/awt/AWTAutoShutdown$1 done
Event: 26.336 Executing VM operation: RevokeBias
Event: 26.336 Executing VM operation: RevokeBias done
Event: 26.336 Thread 0x000000001b212000 Thread exited: 0x000000001b212000
Event: 26.900 Executing VM operation: ParallelGCFailedAllocation
Event: 26.930 Executing VM operation: ParallelGCFailedAllocation done
Event: 27.702 Executing VM operation: ParallelGCFailedAllocation
Event: 27.760 Executing VM operation: ParallelGCFailedAllocation done
Event: 28.551 Executing VM operation: ParallelGCFailedAllocation
Event: 28.555 Executing VM operation: ParallelGCFailedAllocation done


Dynamic libraries:
0x00007ff7edfb0000 - 0x00007ff7edfe7000 	C:\Katalon_Studio\jre\bin\java.exe
0x00007ffe1c940000 - 0x00007ffe1cb30000 	C:\WINDOWS\SYSTEM32\ntdll.dll
0x00007ffe1bef0000 - 0x00007ffe1bfa2000 	C:\WINDOWS\System32\KERNEL32.dll
0x00007ffe11c00000 - 0x00007ffe11d27000 	C:\Windows\system32\hmpalert.dll
0x00007ffe1a4b0000 - 0x00007ffe1a753000 	C:\WINDOWS\System32\KERNELBASE.dll
0x00007ffe1b460000 - 0x00007ffe1b503000 	C:\WINDOWS\System32\ADVAPI32.dll
0x00007ffe1b6b0000 - 0x00007ffe1b74e000 	C:\WINDOWS\System32\msvcrt.dll
0x00007ffe1c090000 - 0x00007ffe1c127000 	C:\WINDOWS\System32\sechost.dll
0x00007ffe1bd40000 - 0x00007ffe1be60000 	C:\WINDOWS\System32\RPCRT4.dll
0x00007ffe1b510000 - 0x00007ffe1b6a4000 	C:\WINDOWS\System32\USER32.dll
0x00007ffe19b70000 - 0x00007ffe19b91000 	C:\WINDOWS\System32\win32u.dll
0x00007ffe1c8d0000 - 0x00007ffe1c8f6000 	C:\WINDOWS\System32\GDI32.dll
0x00007ffe1a760000 - 0x00007ffe1a8f4000 	C:\WINDOWS\System32\gdi32full.dll
0x00007ffe1a950000 - 0x00007ffe1a9ee000 	C:\WINDOWS\System32\msvcp_win.dll
0x00007ffe1a3b0000 - 0x00007ffe1a4aa000 	C:\WINDOWS\System32\ucrtbase.dll
0x00007ffe08090000 - 0x00007ffe08315000 	C:\WINDOWS\WinSxS\amd64_microsoft.windows.common-controls_6595b64144ccf1df_6.0.18362.720_none_e6beb5c51314836b\COMCTL32.dll
0x00007ffe1b760000 - 0x00007ffe1ba96000 	C:\WINDOWS\System32\combase.dll
0x00007ffe19980000 - 0x00007ffe19a00000 	C:\WINDOWS\System32\bcryptPrimitives.dll
0x00007ffe0eb10000 - 0x00007ffe0eb4d000 	C:\WINDOWS\system32\SophosAV\SOPHOS~1.DLL
0x00007ffe1bd30000 - 0x00007ffe1bd38000 	C:\WINDOWS\System32\PSAPI.DLL
0x000000006ff60000 - 0x0000000070032000 	C:\Katalon_Studio\jre\bin\msvcr100.dll
0x0000000070210000 - 0x0000000070ab2000 	C:\Katalon_Studio\jre\bin\server\jvm.dll
0x00007ffe09a50000 - 0x00007ffe09a59000 	C:\WINDOWS\SYSTEM32\WSOCK32.dll
0x00007ffe1c020000 - 0x00007ffe1c08f000 	C:\WINDOWS\System32\WS2_32.dll
0x00007ffe144a0000 - 0x00007ffe144c4000 	C:\WINDOWS\SYSTEM32\WINMM.dll
0x00007ffe145d0000 - 0x00007ffe145da000 	C:\WINDOWS\SYSTEM32\VERSION.dll
0x00007ffe14470000 - 0x00007ffe1449d000 	C:\WINDOWS\SYSTEM32\WINMMBASE.dll
0x00007ffe1a900000 - 0x00007ffe1a94a000 	C:\WINDOWS\System32\cfgmgr32.dll
0x0000000070120000 - 0x000000007012f000 	C:\Katalon_Studio\jre\bin\verify.dll
0x00000000700f0000 - 0x0000000070119000 	C:\Katalon_Studio\jre\bin\java.dll
0x00000000700d0000 - 0x00000000700e6000 	C:\Katalon_Studio\jre\bin\zip.dll
0x00007ffe1ad70000 - 0x00007ffe1b455000 	C:\WINDOWS\System32\SHELL32.dll
0x00007ffe1c710000 - 0x00007ffe1c7b9000 	C:\WINDOWS\System32\shcore.dll
0x00007ffe19ba0000 - 0x00007ffe1a320000 	C:\WINDOWS\System32\windows.storage.dll
0x00007ffe19880000 - 0x00007ffe198a3000 	C:\WINDOWS\System32\profapi.dll
0x00007ffe19830000 - 0x00007ffe1987a000 	C:\WINDOWS\System32\powrprof.dll
0x00007ffe19800000 - 0x00007ffe19810000 	C:\WINDOWS\System32\UMPDC.dll
0x00007ffe1bb20000 - 0x00007ffe1bb72000 	C:\WINDOWS\System32\shlwapi.dll
0x00007ffe198b0000 - 0x00007ffe198c1000 	C:\WINDOWS\System32\kernel.appcore.dll
0x00007ffe19b50000 - 0x00007ffe19b67000 	C:\WINDOWS\System32\cryptsp.dll
0x00000000700b0000 - 0x00000000700ca000 	C:\Katalon_Studio\jre\bin\net.dll
0x00007ffe19030000 - 0x00007ffe19097000 	C:\WINDOWS\system32\mswsock.dll
0x0000000070090000 - 0x00000000700a1000 	C:\Katalon_Studio\jre\bin\nio.dll
0x000000006fdc0000 - 0x000000006ff59000 	C:\Katalon_Studio\jre\bin\awt.dll
0x00007ffe1aca0000 - 0x00007ffe1ad64000 	C:\WINDOWS\System32\OLEAUT32.dll
0x00007ffe176f0000 - 0x00007ffe1777f000 	C:\WINDOWS\SYSTEM32\apphelp.dll
0x00007ffe17cf0000 - 0x00007ffe17d1d000 	C:\WINDOWS\system32\DWMAPI.DLL
0x00007ffe070c0000 - 0x00007ffe07216000 	C:\WINDOWS\system32\opengl32.dll
0x00007ffe13e30000 - 0x00007ffe13e5c000 	C:\WINDOWS\SYSTEM32\GLU32.dll
0x00007ffe181c0000 - 0x00007ffe181e0000 	C:\WINDOWS\SYSTEM32\dxcore.dll
0x00007ffe1c5b0000 - 0x00007ffe1c707000 	C:\WINDOWS\System32\ole32.dll

VM Arguments:
java_command: org.codehaus.groovy.tools.GroovyStarter --main groovy.ui.GroovyMain C:\FarmaTesting\katalonProjects\Libs\TempTestSuite1591368821799.groovy
java_class_path (initial): ;C:\Katalon_Studio\plugins\org.codehaus.groovy_2.4.7.xx-201611170128-e46\lib\bsf-2.4.0.jar;C:\Katalon_Studio\plugins\org.codehaus.groovy_2.4.7.xx-201611170128-e46\lib\groovy-all-2.4.7.jar;C:\Katalon_Studio\plugins\org.codehaus.groovy_2.4.7.xx-201611170128-e46\lib\ivy-2.4.0.jar;C:\Katalon_Studio\plugins\org.codehaus.groovy_2.4.7.xx-201611170128-e46\lib\org.apache.xerces.impl_2.11.0.jar;C:\Katalon_Studio\plugins\org.codehaus.groovy_2.4.7.xx-201611170128-e46\lib\servlet-api-2.4.jar;C:\Katalon_Studio\plugins\org.codehaus.groovy_2.4.7.xx-201611170128-e46\lib\xml-apis_1.4.1.jar;C:\Katalon_Studio\plugins\com.kms.katalon.core_1.0.0.201908270734.jar;C:\Katalon_Studio\plugins\net.sf.supercsv.super-csv_2.1.0.jar;C:\Katalon_Studio\plugins\org.apache.poi_3.9.0.v201405241750.jar;C:\Katalon_Studio\plugins\org.apache.poi.ooxml_3.9.0.v201405241905.jar;C:\Katalon_Studio\plugins\org.apache.poi.ooxml.schemas_3.9.0.v201405241750.jar;C:\Katalon_Studio\plugins\org.dom4j_1.6.1.v201312101416.jar;C:\Katalon_Studio\plugins\org.apache.commons.io_2.4.0.jar;C:\Katalon_Studio\plugins\org.apache.commons.lang_2.6.0.jar;C:\Katalon_Studio\plugins\org.apache.xmlbeans_2.6.0.jar;C:\Katalon_Studio\plugins\com.google.gson_2.8.0.jar;C:\Katalon_Studio\plugins\org.jsoup_1.7.2.jar;C:\Katalon_Studio\plugins\com.mysql.jdbc_5.1.38.jar;C:\Katalon_Studio\plugins\com.microsoft.sqlserver.sqljdbc4_4.1.5605.100.jar;C:\Katalon_Studio\plugins\org.apache.commons.dbutils_1.6.0.jar;C:\Katalon_Studio\plugins\com.oracle.jdbc.ojdbc7_12.1.0.2.jar;C:\Katalon_Studio\plugins\org.postgresql.jdbc41_9.4.1208.jre7.jar;c:\Katalon_Studio\plugins\org.eclipse.osgi_3.11.3.v20170209-1843.jar;C:\Katalon_Studio\plugins\com.kms.katalon.constant_1.0.0.201908270734.jar;C:\Katalon_Studio\plugins\org.eclipse.persistence.eclipselink_2.5.0.RC1.jar;C:\Katalon_Studio\plugins\com.kms.katalon.selenium-standalone_1.0.0.201908270734.jar;C:\Katalon_Studio\plugins\atu.testrecorder.screen-recorder_2.1.0.jar;C:\Katalon_Studio\plu
Launcher Type: SUN_STANDARD

Environment Variables:
PATH=C:/Katalon_Studio/jre/bin/server;C:/Katalon_Studio/jre/bin;C:/Katalon_Studio/jre/lib/amd64;C:\Program Files (x86)\Common Files\Oracle\Java\javapath;C:\ProgramData\Oracle\Java\javapath;C:\WINDOWS\system32;C:\WINDOWS;C:\WINDOWS\System32\Wbem;C:\WINDOWS\System32\WindowsPowerShell\v1.0\;C:\Program Files (x86)\Microsoft SQL Server\Client SDK\ODBC\130\Tools\Binn\;C:\Program Files (x86)\Microsoft SQL Server\130\Tools\Binn\;C:\Program Files (x86)\Microsoft SQL Server\130\DTS\Binn\;C:\Program Files (x86)\Microsoft SQL Server\130\Tools\Binn\ManagementStudio\;C:\Program Files\dotnet\;C:\Program Files\Microsoft SQL Server\130\Tools\Binn\;C:\WINDOWS\System32\OpenSSH\;C:\Program Files (x86)\SAP BusinessObjects\sqlanywhere\BIN64;C:\Program Files (x86)\SAP BusinessObjects\sqlanywhere\BIN32;C:\Users\alflopez-ext\AppData\Local\Programs\Git\cmd;C:\Users\alflopez-ext\AppData\Local\Microsoft\WindowsApps;C:\Katalon_Studio;
USERNAME=alflopez-ext
OS=Windows_NT
PROCESSOR_IDENTIFIER=Intel64 Family 6 Model 45 Stepping 7, GenuineIntel



---------------  S Y S T E M  ---------------

OS: Windows 10.0 , 64 bit Build 18362 (10.0.18362.329)

CPU:total 4 (initial active 4) (2 cores per cpu, 1 threads per core) family 6 model 45 stepping 7, cmov, cx8, fxsr, mmx, sse, sse2, sse3, ssse3, sse4.1, sse4.2, popcnt, avx, aes, clmul, tsc, tscinvbit, tscinv

Memory: 4k page, physical 12582452k(3150768k free), swap 28173552k(5188k free)

vm_info: Java HotSpot(TM) 64-Bit Server VM (25.181-b13) for windows-amd64 JRE (1.8.0_181-b13), built on Jul  7 2018 04:01:33 by "java_re" with MS VC++ 10.0 (VS2010)

time: Fri Jun 05 11:54:11 2020
elapsed time: 29 seconds (0d 0h 0m 29s)

