#
# There is insufficient memory for the Java Runtime Environment to continue.
# Native memory allocation (malloc) failed to allocate 1386096 bytes for Chunk::new
# Possible reasons:
#   The system is out of physical RAM or swap space
#   In 32 bit mode, the process size limit was hit
# Possible solutions:
#   Reduce memory load on the system
#   Increase physical memory or swap space
#   Check if swap backing store is full
#   Use 64 bit Java on a 64 bit OS
#   Decrease Java heap size (-Xmx/-Xms)
#   Decrease number of Java threads
#   Decrease Java thread stack sizes (-Xss)
#   Set larger code cache with -XX:ReservedCodeCacheSize=
# This output file may be truncated or incomplete.
#
#  Out of Memory Error (allocation.cpp:390), pid=16672, tid=0x00000000000088fc
#
# JRE version: Java(TM) SE Runtime Environment (8.0_181-b13) (build 1.8.0_181-b13)
# Java VM: Java HotSpot(TM) 64-Bit Server VM (25.181-b13 mixed mode windows-amd64 compressed oops)
# Failed to write core dump. Minidumps are not enabled by default on client versions of Windows
#

---------------  T H R E A D  ---------------

Current thread (0x0000000018659000):  JavaThread "C2 CompilerThread0" daemon [_thread_in_native, id=35068, stack(0x0000000019cd0000,0x0000000019dd0000)]

Stack: [0x0000000019cd0000,0x0000000019dd0000]
[error occurred during error reporting (printing stack bounds), id 0xc0000005]

Native frames: (J=compiled Java code, j=interpreted, Vv=VM code, C=native code)


Current CompileTask:
C2:  62073 8252       4       org.apache.xerces.impl.xs.opti.SchemaDOMParser::startElement (255 bytes)


---------------  P R O C E S S  ---------------

Java Threads: ( => current thread )
  0x000000001d321800 JavaThread "User Overview subreports #1" [_thread_in_native, id=21208, stack(0x000000001dbe0000,0x000000001dce0000)]
  0x000000001d326000 JavaThread "Okio Watchdog" daemon [_thread_blocked, id=27972, stack(0x0000000021f30000,0x0000000022030000)]
  0x000000001d323000 JavaThread "OkHttp ConnectionPool" daemon [_thread_blocked, id=7516, stack(0x0000000021e30000,0x0000000021f30000)]
  0x000000001b75f000 JavaThread "Exec Stream Pumper" daemon [_thread_in_native, id=44808, stack(0x0000000021530000,0x0000000021630000)]
  0x000000001b761800 JavaThread "Exec Stream Pumper" daemon [_thread_in_native, id=54820, stack(0x0000000021430000,0x0000000021530000)]
  0x000000001b760000 JavaThread "UrlChecker-2" daemon [_thread_blocked, id=35700, stack(0x0000000021230000,0x0000000021330000)]
  0x000000001b75e800 JavaThread "Exec Default Executor" daemon [_thread_in_native, id=59852, stack(0x00000000209c0000,0x0000000020ac0000)]
  0x000000001aca6800 JavaThread "AWT-Windows" daemon [_thread_in_native, id=62940, stack(0x000000001dce0000,0x000000001dde0000)]
  0x000000001aca5000 JavaThread "Java2D Disposer" daemon [_thread_blocked, id=25220, stack(0x000000001dae0000,0x000000001dbe0000)]
  0x000000001a001800 JavaThread "Service Thread" daemon [_thread_blocked, id=18668, stack(0x000000001a3d0000,0x000000001a4d0000)]
  0x0000000018663000 JavaThread "C1 CompilerThread2" daemon [_thread_blocked, id=6064, stack(0x0000000019ed0000,0x0000000019fd0000)]
  0x000000001865f800 JavaThread "C2 CompilerThread1" daemon [_thread_in_native, id=47892, stack(0x0000000019dd0000,0x0000000019ed0000)]
=>0x0000000018659000 JavaThread "C2 CompilerThread0" daemon [_thread_in_native, id=35068, stack(0x0000000019cd0000,0x0000000019dd0000)]
  0x0000000018655800 JavaThread "Attach Listener" daemon [_thread_blocked, id=53540, stack(0x0000000019bd0000,0x0000000019cd0000)]
  0x0000000018654000 JavaThread "Signal Dispatcher" daemon [_thread_blocked, id=46372, stack(0x0000000019ad0000,0x0000000019bd0000)]
  0x000000001863c000 JavaThread "Finalizer" daemon [_thread_blocked, id=51876, stack(0x00000000198a0000,0x00000000199a0000)]
  0x0000000001496000 JavaThread "Reference Handler" daemon [_thread_blocked, id=50188, stack(0x00000000197a0000,0x00000000198a0000)]
  0x00000000013a5800 JavaThread "main" [_thread_blocked, id=31068, stack(0x00000000012a0000,0x00000000013a0000)]

Other Threads:
  0x0000000018617800 VMThread [stack: 0x00000000196a0000,0x00000000197a0000] [id=55724]
  0x000000001a055800 WatcherThread [stack: 0x000000001a4d0000,0x000000001a5d0000] [id=44436]

VM state:not at safepoint (normal execution)

VM Mutex/Monitor currently owned by a thread: None

Heap:
 PSYoungGen      total 897536K, used 204244K [0x0000000780000000, 0x00000007b9280000, 0x00000007c0000000)
  eden space 858624K, 21% used [0x0000000780000000,0x000000078b5b52a8,0x00000007b4680000)
  from space 38912K, 46% used [0x00000007b4680000,0x00000007b583fdf0,0x00000007b6c80000)
  to   space 27136K, 0% used [0x00000007b7800000,0x00000007b7800000,0x00000007b9280000)
 ParOldGen       total 155648K, used 106117K [0x0000000700000000, 0x0000000709800000, 0x0000000780000000)
  object space 155648K, 68% used [0x0000000700000000,0x00000007067a14d8,0x0000000709800000)
 Metaspace       used 54952K, capacity 56506K, committed 56704K, reserved 1099776K
  class space    used 6539K, capacity 6998K, committed 7040K, reserved 1048576K

Card table byte_map: [0x0000000010860000,0x0000000010e70000] byte_map_base: 0x000000000d060000

Marking Bits: (ParMarkBitMap*) 0x00000000624c2d00
 Begin Bits: [0x0000000011670000, 0x0000000014670000)
 End Bits:   [0x0000000014670000, 0x0000000017670000)

Polling page: 0x0000000001260000

CodeCache: size=245760Kb used=26893Kb max_used=27726Kb free=218866Kb
 bounds [0x00000000014a0000, 0x0000000002fe0000, 0x00000000104a0000]
 total_blobs=7541 nmethods=6670 adapters=782
 compilation: enabled

Compilation events (10 events):
Event: 61.292 Thread 0x0000000018659000 nmethod 8305 0x0000000002efd510 code [0x0000000002efd920, 0x0000000002f01f68]
Event: 61.292 Thread 0x0000000018659000 8346       4       sun.nio.cs.UTF_8$Decoder::decodeArrayLoop (691 bytes)
Event: 61.303 Thread 0x0000000018659000 nmethod 8346 0x0000000001685610 code [0x0000000001685780, 0x0000000001685eb8]
Event: 61.303 Thread 0x0000000018659000 8344       4       sun.nio.cs.StreamDecoder::implRead (243 bytes)
Event: 61.326 Thread 0x0000000018659000 nmethod 8344 0x0000000001686e10 code [0x0000000001686fe0, 0x00000000016878d8]
Event: 61.326 Thread 0x0000000018659000 8342       4       java.nio.CharBuffer::arrayOffset (35 bytes)
Event: 61.327 Thread 0x0000000018659000 nmethod 8342 0x0000000002052750 code [0x0000000002052880, 0x0000000002052918]
Event: 61.327 Thread 0x0000000018659000 8252       4       org.apache.xerces.impl.xs.opti.SchemaDOMParser::startElement (255 bytes)
Event: 61.372 Thread 0x0000000018663000 8363       3       org.codehaus.groovy.control.ResolveVisitor::visitField (30 bytes)
Event: 61.372 Thread 0x0000000018663000 nmethod 8363 0x00000000021fa110 code [0x00000000021fa2c0, 0x00000000021fa8b8]

GC Heap History (10 events):
Event: 33.847 GC heap before
{Heap before GC invocations=19 (full 2):
 PSYoungGen      total 573952K, used 572317K [0x0000000780000000, 0x00000007a7080000, 0x00000007c0000000)
  eden space 543232K, 100% used [0x0000000780000000,0x00000007a1280000,0x00000007a1280000)
  from space 30720K, 94% used [0x00000007a3400000,0x00000007a5067408,0x00000007a5200000)
  to   space 34304K, 0% used [0x00000007a1280000,0x00000007a1280000,0x00000007a3400000)
 ParOldGen       total 155648K, used 54820K [0x0000000700000000, 0x0000000709800000, 0x0000000780000000)
  object space 155648K, 35% used [0x0000000700000000,0x00000007035890a8,0x0000000709800000)
 Metaspace       used 38461K, capacity 39676K, committed 39936K, reserved 1085440K
  class space    used 4507K, capacity 4821K, committed 4864K, reserved 1048576K
Event: 33.921 GC heap after
Heap after GC invocations=19 (full 2):
 PSYoungGen      total 577536K, used 12743K [0x0000000780000000, 0x00000007ae300000, 0x00000007c0000000)
  eden space 543232K, 0% used [0x0000000780000000,0x0000000780000000,0x00000007a1280000)
  from space 34304K, 37% used [0x00000007a1280000,0x00000007a1ef1e80,0x00000007a3400000)
  to   space 33280K, 0% used [0x00000007ac280000,0x00000007ac280000,0x00000007ae300000)
 ParOldGen       total 155648K, used 74996K [0x0000000700000000, 0x0000000709800000, 0x0000000780000000)
  object space 155648K, 48% used [0x0000000700000000,0x000000070493d1e8,0x0000000709800000)
 Metaspace       used 38461K, capacity 39676K, committed 39936K, reserved 1085440K
  class space    used 4507K, capacity 4821K, committed 4864K, reserved 1048576K
}
Event: 36.548 GC heap before
{Heap before GC invocations=20 (full 2):
 PSYoungGen      total 577536K, used 555975K [0x0000000780000000, 0x00000007ae300000, 0x00000007c0000000)
  eden space 543232K, 100% used [0x0000000780000000,0x00000007a1280000,0x00000007a1280000)
  from space 34304K, 37% used [0x00000007a1280000,0x00000007a1ef1e80,0x00000007a3400000)
  to   space 33280K, 0% used [0x00000007ac280000,0x00000007ac280000,0x00000007ae300000)
 ParOldGen       total 155648K, used 74996K [0x0000000700000000, 0x0000000709800000, 0x0000000780000000)
  object space 155648K, 48% used [0x0000000700000000,0x000000070493d1e8,0x0000000709800000)
 Metaspace       used 38548K, capacity 39774K, committed 39936K, reserved 1085440K
  class space    used 4513K, capacity 4828K, committed 4864K, reserved 1048576K
Event: 36.656 GC heap after
Heap after GC invocations=20 (full 2):
 PSYoungGen      total 716288K, used 33258K [0x0000000780000000, 0x00000007af900000, 0x00000007c0000000)
  eden space 683008K, 0% used [0x0000000780000000,0x0000000780000000,0x00000007a9b00000)
  from space 33280K, 99% used [0x00000007ac280000,0x00000007ae2fa810,0x00000007ae300000)
  to   space 40448K, 0% used [0x00000007a9b00000,0x00000007a9b00000,0x00000007ac280000)
 ParOldGen       total 155648K, used 82100K [0x0000000700000000, 0x0000000709800000, 0x0000000780000000)
  object space 155648K, 52% used [0x0000000700000000,0x000000070502d2a8,0x0000000709800000)
 Metaspace       used 38548K, capacity 39774K, committed 39936K, reserved 1085440K
  class space    used 4513K, capacity 4828K, committed 4864K, reserved 1048576K
}
Event: 40.166 GC heap before
{Heap before GC invocations=21 (full 2):
 PSYoungGen      total 716288K, used 716266K [0x0000000780000000, 0x00000007af900000, 0x00000007c0000000)
  eden space 683008K, 100% used [0x0000000780000000,0x00000007a9b00000,0x00000007a9b00000)
  from space 33280K, 99% used [0x00000007ac280000,0x00000007ae2fa810,0x00000007ae300000)
  to   space 40448K, 0% used [0x00000007a9b00000,0x00000007a9b00000,0x00000007ac280000)
 ParOldGen       total 155648K, used 82100K [0x0000000700000000, 0x0000000709800000, 0x0000000780000000)
  object space 155648K, 52% used [0x0000000700000000,0x000000070502d2a8,0x0000000709800000)
 Metaspace       used 38734K, capacity 39950K, committed 40192K, reserved 1085440K
  class space    used 4522K, capacity 4840K, committed 4864K, reserved 1048576K
Event: 40.215 GC heap after
Heap after GC invocations=21 (full 2):
 PSYoungGen      total 723456K, used 21868K [0x0000000780000000, 0x00000007b9e80000, 0x00000007c0000000)
  eden space 683008K, 0% used [0x0000000780000000,0x0000000780000000,0x00000007a9b00000)
  from space 40448K, 54% used [0x00000007a9b00000,0x00000007ab05b388,0x00000007ac280000)
  to   space 39424K, 0% used [0x00000007b7800000,0x00000007b7800000,0x00000007b9e80000)
 ParOldGen       total 155648K, used 101516K [0x0000000700000000, 0x0000000709800000, 0x0000000780000000)
  object space 155648K, 65% used [0x0000000700000000,0x00000007063233c8,0x0000000709800000)
 Metaspace       used 38734K, capacity 39950K, committed 40192K, reserved 1085440K
  class space    used 4522K, capacity 4840K, committed 4864K, reserved 1048576K
}
Event: 44.210 GC heap before
{Heap before GC invocations=22 (full 2):
 PSYoungGen      total 723456K, used 702252K [0x0000000780000000, 0x00000007b9e80000, 0x00000007c0000000)
  eden space 683008K, 99% used [0x0000000780000000,0x00000007a986fce8,0x00000007a9b00000)
  from space 40448K, 54% used [0x00000007a9b00000,0x00000007ab05b388,0x00000007ac280000)
  to   space 39424K, 0% used [0x00000007b7800000,0x00000007b7800000,0x00000007b9e80000)
 ParOldGen       total 155648K, used 101516K [0x0000000700000000, 0x0000000709800000, 0x0000000780000000)
  object space 155648K, 65% used [0x0000000700000000,0x00000007063233c8,0x0000000709800000)
 Metaspace       used 39036K, capacity 40254K, committed 40576K, reserved 1085440K
  class space    used 4553K, capacity 4871K, committed 4992K, reserved 1048576K
Event: 44.241 GC heap after
Heap after GC invocations=22 (full 2):
 PSYoungGen      total 885760K, used 9233K [0x0000000780000000, 0x00000007b9280000, 0x00000007c0000000)
  eden space 858624K, 0% used [0x0000000780000000,0x0000000780000000,0x00000007b4680000)
  from space 27136K, 34% used [0x00000007b7800000,0x00000007b8104568,0x00000007b9280000)
  to   space 38912K, 0% used [0x00000007b4680000,0x00000007b4680000,0x00000007b6c80000)
 ParOldGen       total 155648K, used 105285K [0x0000000700000000, 0x0000000709800000, 0x0000000780000000)
  object space 155648K, 67% used [0x0000000700000000,0x00000007066d1428,0x0000000709800000)
 Metaspace       used 39036K, capacity 40254K, committed 40576K, reserved 1085440K
  class space    used 4553K, capacity 4871K, committed 4992K, reserved 1048576K
}
Event: 55.842 GC heap before
{Heap before GC invocations=23 (full 2):
 PSYoungGen      total 885760K, used 867857K [0x0000000780000000, 0x00000007b9280000, 0x00000007c0000000)
  eden space 858624K, 100% used [0x0000000780000000,0x00000007b4680000,0x00000007b4680000)
  from space 27136K, 34% used [0x00000007b7800000,0x00000007b8104568,0x00000007b9280000)
  to   space 38912K, 0% used [0x00000007b4680000,0x00000007b4680000,0x00000007b6c80000)
 ParOldGen       total 155648K, used 105285K [0x0000000700000000, 0x0000000709800000, 0x0000000780000000)
  object space 155648K, 67% used [0x0000000700000000,0x00000007066d1428,0x0000000709800000)
 Metaspace       used 47654K, capacity 48964K, committed 49152K, reserved 1091584K
  class space    used 5758K, capacity 6121K, committed 6144K, reserved 1048576K
Event: 55.929 GC heap after
Heap after GC invocations=23 (full 2):
 PSYoungGen      total 897536K, used 18175K [0x0000000780000000, 0x00000007b9280000, 0x00000007c0000000)
  eden space 858624K, 0% used [0x0000000780000000,0x0000000780000000,0x00000007b4680000)
  from space 38912K, 46% used [0x00000007b4680000,0x00000007b583fdf0,0x00000007b6c80000)
  to   space 27136K, 0% used [0x00000007b7800000,0x00000007b7800000,0x00000007b9280000)
 ParOldGen       total 155648K, used 106117K [0x0000000700000000, 0x0000000709800000, 0x0000000780000000)
  object space 155648K, 68% used [0x0000000700000000,0x00000007067a14d8,0x0000000709800000)
 Metaspace       used 47654K, capacity 48964K, committed 49152K, reserved 1091584K
  class space    used 5758K, capacity 6121K, committed 6144K, reserved 1048576K
}

Deoptimization events (10 events):
Event: 59.086 Thread 0x00000000013a5800 Uncommon trap: reason=unstable_if action=reinterpret pc=0x00000000015c63d8 method=java.util.HashMap.hash(Ljava/lang/Object;)I @ 1
Event: 59.185 Thread 0x000000001d321800 Uncommon trap: reason=predicate action=maybe_recompile pc=0x00000000017729b4 method=java.util.AbstractCollection.toArray([Ljava/lang/Object;)[Ljava/lang/Object; @ 49
Event: 59.207 Thread 0x000000001d321800 Uncommon trap: reason=array_check action=maybe_recompile pc=0x0000000001f37f14 method=java.util.AbstractCollection.toArray([Ljava/lang/Object;)[Ljava/lang/Object; @ 119
Event: 59.207 Thread 0x000000001d321800 Uncommon trap: reason=array_check action=maybe_recompile pc=0x0000000001f37f14 method=java.util.AbstractCollection.toArray([Ljava/lang/Object;)[Ljava/lang/Object; @ 119
Event: 59.237 Thread 0x00000000013a5800 Uncommon trap: reason=array_check action=maybe_recompile pc=0x0000000001f37f14 method=java.util.AbstractCollection.toArray([Ljava/lang/Object;)[Ljava/lang/Object; @ 119
Event: 59.237 Thread 0x00000000013a5800 Uncommon trap: reason=array_check action=maybe_recompile pc=0x0000000001f37f14 method=java.util.AbstractCollection.toArray([Ljava/lang/Object;)[Ljava/lang/Object; @ 119
Event: 59.269 Thread 0x00000000013a5800 Uncommon trap: reason=unstable_if action=reinterpret pc=0x00000000026f5ebc method=org.apache.xerces.impl.XMLEntityScanner.scanLiteral(ILorg/apache/xerces/xni/XMLString;)I @ 43
Event: 59.296 Thread 0x00000000013a5800 Uncommon trap: reason=unstable_if action=reinterpret pc=0x0000000002caf454 method=org.apache.xerces.impl.XMLScanner.scanAttributeValue(Lorg/apache/xerces/xni/XMLString;Lorg/apache/xerces/xni/XMLString;Ljava/lang/String;ZLjava/lang/String;)Z @ 633
Event: 59.312 Thread 0x00000000013a5800 Uncommon trap: reason=unstable_if action=reinterpret pc=0x0000000002b43244 method=org.apache.xerces.util.SymbolTable.addSymbol([CII)Ljava/lang/String; @ 97
Event: 60.710 Thread 0x00000000013a5800 Uncommon trap: reason=predicate action=maybe_recompile pc=0x0000000002a0edb0 method=java.util.TimSort.countRunAndMakeAscending([Ljava/lang/Object;IILjava/util/Comparator;)I @ 57

Classes redefined (0 events):
No events

Internal exceptions (10 events):
Event: 59.345 Thread 0x00000000013a5800 Exception <a 'java/lang/ClassNotFoundException': net/sf/jasperreports/components/list/StandardListComponentCustomizer> (0x0000000784e26b88) thrown at [C:\re\workspace\8-2-build-windows-amd64-cygwin\jdk8u181\11358\hotspot\src\share\vm\classfile\systemDicti
Event: 59.351 Thread 0x00000000013a5800 Exception <a 'java/lang/ClassNotFoundException': net/sf/jasperreports/components/list/DesignListContentsBeanInfo> (0x0000000784ebb108) thrown at [C:\re\workspace\8-2-build-windows-amd64-cygwin\jdk8u181\11358\hotspot\src\share\vm\classfile\systemDictionary
Event: 59.353 Thread 0x00000000013a5800 Exception <a 'java/lang/ClassNotFoundException': net/sf/jasperreports/components/list/DesignListContentsCustomizer> (0x0000000784ee3158) thrown at [C:\re\workspace\8-2-build-windows-amd64-cygwin\jdk8u181\11358\hotspot\src\share\vm\classfile\systemDictiona
Event: 59.980 Thread 0x00000000013a5800 Exception <a 'java/lang/ArrayIndexOutOfBoundsException': 17800> (0x00000007868dace8) thrown at [C:\re\workspace\8-2-build-windows-amd64-cygwin\jdk8u181\11358\hotspot\src\share\vm\interpreter\interpreterRuntime.cpp, line 366]
Event: 60.046 Thread 0x00000000013a5800 Exception <a 'java/lang/ArrayIndexOutOfBoundsException': 18598> (0x00000007869d3eb8) thrown at [C:\re\workspace\8-2-build-windows-amd64-cygwin\jdk8u181\11358\hotspot\src\share\vm\interpreter\interpreterRuntime.cpp, line 366]
Event: 60.053 Thread 0x00000000013a5800 Exception <a 'java/lang/ArrayIndexOutOfBoundsException': 9763> (0x00000007869dd208) thrown at [C:\re\workspace\8-2-build-windows-amd64-cygwin\jdk8u181\11358\hotspot\src\share\vm\interpreter\interpreterRuntime.cpp, line 366]
Event: 60.339 Thread 0x00000000013a5800 Exception <a 'java/security/PrivilegedActionException'> (0x00000007871375f8) thrown at [C:\re\workspace\8-2-build-windows-amd64-cygwin\jdk8u181\11358\hotspot\src\share\vm\prims\jvm.cpp, line 1435]
Event: 60.339 Thread 0x00000000013a5800 Exception <a 'java/security/PrivilegedActionException'> (0x0000000787137dc0) thrown at [C:\re\workspace\8-2-build-windows-amd64-cygwin\jdk8u181\11358\hotspot\src\share\vm\prims\jvm.cpp, line 1435]
Event: 60.340 Thread 0x00000000013a5800 Exception <a 'java/security/PrivilegedActionException'> (0x00000007871406e8) thrown at [C:\re\workspace\8-2-build-windows-amd64-cygwin\jdk8u181\11358\hotspot\src\share\vm\prims\jvm.cpp, line 1435]
Event: 60.340 Thread 0x00000000013a5800 Exception <a 'java/security/PrivilegedActionException'> (0x0000000787140eb0) thrown at [C:\re\workspace\8-2-build-windows-amd64-cygwin\jdk8u181\11358\hotspot\src\share\vm\prims\jvm.cpp, line 1435]

Events (10 events):
Event: 62.016 loading class java/net/java/math/com$kms$katalon$core$logging$model$TestCaseLogRecord
Event: 62.016 loading class java/net/java/math/com$kms$katalon$core$logging$model$TestCaseLogRecord done
Event: 62.017 loading class net/sf/jasperreports/engine/fill/JasperReportsContextAware$java$util$java$math$com$kms$katalon$core$logging$model$TestCaseLogRecord
Event: 62.017 loading class net/sf/jasperreports/engine/fill/JasperReportsContextAware$java$util$java$math$com$kms$katalon$core$logging$model$TestCaseLogRecord done
Event: 62.019 loading class net/sf/jasperreports/engine/fill/DatasetExpressionEvaluator$java$util$java$math$com$kms$katalon$core$logging$model$TestCaseLogRecord
Event: 62.019 loading class net/sf/jasperreports/engine/fill/DatasetExpressionEvaluator$java$util$java$math$com$kms$katalon$core$logging$model$TestCaseLogRecord done
Event: 62.020 loading class java/util/java/math/com$kms$katalon$core$logging$model$TestCaseLogRecord
Event: 62.020 loading class java/util/java/math/com$kms$katalon$core$logging$model$TestCaseLogRecord done
Event: 62.031 loading class net/sf/jasperreports/engine/fill/JasperReportsContextAware$groovy$lang$java$math$com$kms$katalon$core$logging$model$TestCaseLogRecord
Event: 62.031 loading class net/sf/jasperreports/engine/fill/JasperReportsContextAware$groovy$lang$java$math$com$kms$katalon$core$logging$model$TestCaseLogRecord done


Dynamic libraries:
0x00007ff62e600000 - 0x00007ff62e637000 	C:\Katalon_Studio\jre\bin\java.exe
0x00007ff8fb0a0000 - 0x00007ff8fb290000 	C:\WINDOWS\SYSTEM32\ntdll.dll
0x00007ff8f9f90000 - 0x00007ff8fa042000 	C:\WINDOWS\System32\KERNEL32.dll
0x00007ff8f7d10000 - 0x00007ff8f7e42000 	C:\Windows\system32\hmpalert.dll
0x00007ff8f8650000 - 0x00007ff8f88f3000 	C:\WINDOWS\System32\KERNELBASE.dll
0x00007ff8f9150000 - 0x00007ff8f91f3000 	C:\WINDOWS\System32\ADVAPI32.dll
0x00007ff8fafc0000 - 0x00007ff8fb05e000 	C:\WINDOWS\System32\msvcrt.dll
0x00007ff8fa610000 - 0x00007ff8fa6a7000 	C:\WINDOWS\System32\sechost.dll
0x00007ff8f9900000 - 0x00007ff8f9a20000 	C:\WINDOWS\System32\RPCRT4.dll
0x00007ff8f9c70000 - 0x00007ff8f9e04000 	C:\WINDOWS\System32\USER32.dll
0x00007ff8f8480000 - 0x00007ff8f84a1000 	C:\WINDOWS\System32\win32u.dll
0x00007ff8fa8a0000 - 0x00007ff8fa8c6000 	C:\WINDOWS\System32\GDI32.dll
0x00007ff8f84b0000 - 0x00007ff8f8644000 	C:\WINDOWS\System32\gdi32full.dll
0x00007ff8f81e0000 - 0x00007ff8f827e000 	C:\WINDOWS\System32\msvcp_win.dll
0x00007ff8f8380000 - 0x00007ff8f847a000 	C:\WINDOWS\System32\ucrtbase.dll
0x00007ff8e7820000 - 0x00007ff8e7aa5000 	C:\WINDOWS\WinSxS\amd64_microsoft.windows.common-controls_6595b64144ccf1df_6.0.18362.720_none_e6beb5c51314836b\COMCTL32.dll
0x00007ff8f94f0000 - 0x00007ff8f9826000 	C:\WINDOWS\System32\combase.dll
0x00007ff8f8900000 - 0x00007ff8f8980000 	C:\WINDOWS\System32\bcryptPrimitives.dll
0x00007ff8dd200000 - 0x00007ff8dd23d000 	C:\WINDOWS\system32\SophosAV\SOPHOS~1.DLL
0x00007ff8f9a20000 - 0x00007ff8f9a28000 	C:\WINDOWS\System32\PSAPI.DLL
0x0000000062550000 - 0x0000000062622000 	C:\Katalon_Studio\jre\bin\msvcr100.dll
0x0000000061ca0000 - 0x0000000062542000 	C:\Katalon_Studio\jre\bin\server\jvm.dll
0x00007ff8f3470000 - 0x00007ff8f3494000 	C:\WINDOWS\SYSTEM32\WINMM.dll
0x00007ff8e9c30000 - 0x00007ff8e9c39000 	C:\WINDOWS\SYSTEM32\WSOCK32.dll
0x00007ff8fa520000 - 0x00007ff8fa58f000 	C:\WINDOWS\System32\WS2_32.dll
0x00007ff8f3570000 - 0x00007ff8f357a000 	C:\WINDOWS\SYSTEM32\VERSION.dll
0x00007ff8f3440000 - 0x00007ff8f346d000 	C:\WINDOWS\SYSTEM32\WINMMBASE.dll
0x00007ff8f8280000 - 0x00007ff8f82ca000 	C:\WINDOWS\System32\cfgmgr32.dll
0x0000000061bb0000 - 0x0000000061bbf000 	C:\Katalon_Studio\jre\bin\verify.dll
0x0000000061b80000 - 0x0000000061ba9000 	C:\Katalon_Studio\jre\bin\java.dll
0x0000000061b60000 - 0x0000000061b76000 	C:\Katalon_Studio\jre\bin\zip.dll
0x00007ff8fa8d0000 - 0x00007ff8fafb5000 	C:\WINDOWS\System32\SHELL32.dll
0x00007ff8f9ee0000 - 0x00007ff8f9f89000 	C:\WINDOWS\System32\shcore.dll
0x00007ff8f89b0000 - 0x00007ff8f9130000 	C:\WINDOWS\System32\windows.storage.dll
0x00007ff8f7fc0000 - 0x00007ff8f7fe3000 	C:\WINDOWS\System32\profapi.dll
0x00007ff8f7f70000 - 0x00007ff8f7fba000 	C:\WINDOWS\System32\powrprof.dll
0x00007ff8f7f60000 - 0x00007ff8f7f70000 	C:\WINDOWS\System32\UMPDC.dll
0x00007ff8fa050000 - 0x00007ff8fa0a2000 	C:\WINDOWS\System32\shlwapi.dll
0x00007ff8f7ff0000 - 0x00007ff8f8001000 	C:\WINDOWS\System32\kernel.appcore.dll
0x00007ff8f9130000 - 0x00007ff8f9147000 	C:\WINDOWS\System32\cryptsp.dll
0x0000000061b40000 - 0x0000000061b5a000 	C:\Katalon_Studio\jre\bin\net.dll
0x00007ff8f7650000 - 0x00007ff8f76b7000 	C:\WINDOWS\system32\mswsock.dll
0x0000000061b20000 - 0x0000000061b31000 	C:\Katalon_Studio\jre\bin\nio.dll
0x0000000061790000 - 0x0000000061929000 	C:\Katalon_Studio\jre\bin\awt.dll
0x00007ff8f9830000 - 0x00007ff8f98f4000 	C:\WINDOWS\System32\OLEAUT32.dll
0x00007ff8f5d10000 - 0x00007ff8f5d9f000 	C:\WINDOWS\SYSTEM32\apphelp.dll
0x00007ff8f6240000 - 0x00007ff8f626d000 	C:\WINDOWS\system32\DWMAPI.DLL
0x00007ff8ab530000 - 0x00007ff8ab686000 	C:\WINDOWS\system32\opengl32.dll
0x00007ff8b9750000 - 0x00007ff8b977c000 	C:\WINDOWS\SYSTEM32\GLU32.dll
0x00007ff8f67e0000 - 0x00007ff8f6800000 	C:\WINDOWS\SYSTEM32\dxcore.dll
0x00007ff8f9390000 - 0x00007ff8f94e7000 	C:\WINDOWS\System32\ole32.dll
0x00007ff8f73b0000 - 0x00007ff8f747a000 	C:\WINDOWS\SYSTEM32\DNSAPI.dll
0x00007ff8f9200000 - 0x00007ff8f9208000 	C:\WINDOWS\System32\NSI.dll
0x00007ff8f7360000 - 0x00007ff8f739a000 	C:\WINDOWS\SYSTEM32\IPHLPAPI.DLL
0x00007ff8f1660000 - 0x00007ff8f166a000 	C:\Windows\System32\rasadhlp.dll
0x00007ff8f4100000 - 0x00007ff8f4177000 	C:\WINDOWS\System32\fwpuclnt.dll
0x00007ff8f8980000 - 0x00007ff8f89a6000 	C:\WINDOWS\System32\bcrypt.dll
0x0000000061af0000 - 0x0000000061b14000 	C:\Katalon_Studio\jre\bin\sunec.dll
0x0000000061ae0000 - 0x0000000061aeb000 	C:\Katalon_Studio\jre\bin\sunmscapi.dll
0x00007ff8f8090000 - 0x00007ff8f81d9000 	C:\WINDOWS\System32\CRYPT32.dll
0x00007ff8f8010000 - 0x00007ff8f8022000 	C:\WINDOWS\System32\MSASN1.dll
0x00007ff8f3840000 - 0x00007ff8f3856000 	C:\WINDOWS\SYSTEM32\dhcpcsvc6.DLL
0x00007ff8f3820000 - 0x00007ff8f383c000 	C:\WINDOWS\SYSTEM32\dhcpcsvc.DLL
0x00007ff8f6f50000 - 0x00007ff8f6f83000 	C:\WINDOWS\system32\rsaenh.dll
0x00007ff8f7e80000 - 0x00007ff8f7ea5000 	C:\WINDOWS\SYSTEM32\USERENV.dll
0x00007ff8f7820000 - 0x00007ff8f782c000 	C:\WINDOWS\SYSTEM32\CRYPTBASE.dll
0x00007ff8f0490000 - 0x00007ff8f04a6000 	C:\WINDOWS\system32\napinsp.dll
0x00007ff8f04b0000 - 0x00007ff8f04ca000 	C:\WINDOWS\system32\pnrpnsp.dll
0x00007ff8f05f0000 - 0x00007ff8f05fe000 	C:\WINDOWS\System32\winrnr.dll
0x00007ff8f4620000 - 0x00007ff8f463c000 	C:\WINDOWS\system32\NLAapi.dll
0x00007ff8f04d0000 - 0x00007ff8f04e5000 	C:\WINDOWS\system32\wshbth.dll
0x0000000061a80000 - 0x0000000061ac7000 	C:\Katalon_Studio\jre\bin\fontmanager.dll
0x0000000061a30000 - 0x0000000061a72000 	C:\Katalon_Studio\jre\bin\t2k.dll

VM Arguments:
java_command: org.codehaus.groovy.tools.GroovyStarter --main groovy.ui.GroovyMain C:\FarmaTesting\katalonProjects\Libs\TempTestSuite1596825308915.groovy
java_class_path (initial): ;C:\Katalon_Studio\plugins\org.codehaus.groovy_2.4.7.xx-201611170128-e46\lib\bsf-2.4.0.jar;C:\Katalon_Studio\plugins\org.codehaus.groovy_2.4.7.xx-201611170128-e46\lib\groovy-all-2.4.7.jar;C:\Katalon_Studio\plugins\org.codehaus.groovy_2.4.7.xx-201611170128-e46\lib\ivy-2.4.0.jar;C:\Katalon_Studio\plugins\org.codehaus.groovy_2.4.7.xx-201611170128-e46\lib\org.apache.xerces.impl_2.11.0.jar;C:\Katalon_Studio\plugins\org.codehaus.groovy_2.4.7.xx-201611170128-e46\lib\servlet-api-2.4.jar;C:\Katalon_Studio\plugins\org.codehaus.groovy_2.4.7.xx-201611170128-e46\lib\xml-apis_1.4.1.jar;C:\Katalon_Studio\plugins\com.kms.katalon.core_1.0.0.201908270734.jar;C:\Katalon_Studio\plugins\net.sf.supercsv.super-csv_2.1.0.jar;C:\Katalon_Studio\plugins\org.apache.poi_3.9.0.v201405241750.jar;C:\Katalon_Studio\plugins\org.apache.poi.ooxml_3.9.0.v201405241905.jar;C:\Katalon_Studio\plugins\org.apache.poi.ooxml.schemas_3.9.0.v201405241750.jar;C:\Katalon_Studio\plugins\org.dom4j_1.6.1.v201312101416.jar;C:\Katalon_Studio\plugins\org.apache.commons.io_2.4.0.jar;C:\Katalon_Studio\plugins\org.apache.commons.lang_2.6.0.jar;C:\Katalon_Studio\plugins\org.apache.xmlbeans_2.6.0.jar;C:\Katalon_Studio\plugins\com.google.gson_2.8.0.jar;C:\Katalon_Studio\plugins\org.jsoup_1.7.2.jar;C:\Katalon_Studio\plugins\com.mysql.jdbc_5.1.38.jar;C:\Katalon_Studio\plugins\com.microsoft.sqlserver.sqljdbc4_4.1.5605.100.jar;C:\Katalon_Studio\plugins\org.apache.commons.dbutils_1.6.0.jar;C:\Katalon_Studio\plugins\com.oracle.jdbc.ojdbc7_12.1.0.2.jar;C:\Katalon_Studio\plugins\org.postgresql.jdbc41_9.4.1208.jre7.jar;c:\Katalon_Studio\plugins\org.eclipse.osgi_3.11.3.v20170209-1843.jar;C:\Katalon_Studio\plugins\com.kms.katalon.constant_1.0.0.201908270734.jar;C:\Katalon_Studio\plugins\org.eclipse.persistence.eclipselink_2.5.0.RC1.jar;C:\Katalon_Studio\plugins\com.kms.katalon.selenium-standalone_1.0.0.201908270734.jar;C:\Katalon_Studio\plugins\atu.testrecorder.screen-recorder_2.1.0.jar;C:\Katalon_Studio\plu
Launcher Type: SUN_STANDARD

Environment Variables:
PATH=C:/Katalon_Studio/jre/bin/server;C:/Katalon_Studio/jre/bin;C:/Katalon_Studio/jre/lib/amd64;C:\Program Files (x86)\Common Files\Oracle\Java\javapath;C:\ProgramData\Oracle\Java\javapath;C:\WINDOWS\system32;C:\WINDOWS;C:\WINDOWS\System32\Wbem;C:\WINDOWS\System32\WindowsPowerShell\v1.0\;C:\Program Files (x86)\Microsoft SQL Server\Client SDK\ODBC\130\Tools\Binn\;C:\Program Files (x86)\Microsoft SQL Server\130\Tools\Binn\;C:\Program Files (x86)\Microsoft SQL Server\130\DTS\Binn\;C:\Program Files (x86)\Microsoft SQL Server\130\Tools\Binn\ManagementStudio\;C:\Program Files\dotnet\;C:\Program Files\Microsoft SQL Server\130\Tools\Binn\;C:\WINDOWS\System32\OpenSSH\;C:\Program Files (x86)\SAP BusinessObjects\sqlanywhere\BIN64;C:\Program Files (x86)\SAP BusinessObjects\sqlanywhere\BIN32;C:\Users\alflopez-ext\AppData\Local\Programs\Git\cmd;C:\Users\tareasprogramadas\AppData\Local\Microsoft\WindowsApps;C:\Katalon_Studio;
USERNAME=tareasprogramadas
OS=Windows_NT
PROCESSOR_IDENTIFIER=Intel64 Family 6 Model 45 Stepping 7, GenuineIntel



---------------  S Y S T E M  ---------------

OS: Windows 10.0 , 64 bit Build 18362 (10.0.18362.329)

CPU:total 4 (initial active 4) (2 cores per cpu, 1 threads per core) family 6 model 45 stepping 7, cmov, cx8, fxsr, mmx, sse, sse2, sse3, ssse3, sse4.1, sse4.2, popcnt, avx, aes, clmul, tsc, tscinvbit, tscinv

Memory: 4k page, physical 12582452k(643908k free), swap 28173552k(5684k free)

vm_info: Java HotSpot(TM) 64-Bit Server VM (25.181-b13) for windows-amd64 JRE (1.8.0_181-b13), built on Jul  7 2018 04:01:33 by "java_re" with MS VC++ 10.0 (VS2010)

time: Fri Aug 07 15:36:12 2020
elapsed time: 62 seconds (0d 0h 1m 2s)

