#
# There is insufficient memory for the Java Runtime Environment to continue.
# Native memory allocation (malloc) failed to allocate 595744 bytes for Chunk::new
# Possible reasons:
#   The system is out of physical RAM or swap space
#   In 32 bit mode, the process size limit was hit
# Possible solutions:
#   Reduce memory load on the system
#   Increase physical memory or swap space
#   Check if swap backing store is full
#   Use 64 bit Java on a 64 bit OS
#   Decrease Java heap size (-Xmx/-Xms)
#   Decrease number of Java threads
#   Decrease Java thread stack sizes (-Xss)
#   Set larger code cache with -XX:ReservedCodeCacheSize=
# This output file may be truncated or incomplete.
#
#  Out of Memory Error (allocation.cpp:390), pid=60680, tid=0x0000000000005ce0
#
# JRE version: Java(TM) SE Runtime Environment (8.0_181-b13) (build 1.8.0_181-b13)
# Java VM: Java HotSpot(TM) 64-Bit Server VM (25.181-b13 mixed mode windows-amd64 compressed oops)
# Failed to write core dump. Minidumps are not enabled by default on client versions of Windows
#

---------------  T H R E A D  ---------------

Current thread (0x00000000190f5800):  JavaThread "C2 CompilerThread0" daemon [_thread_in_native, id=23776, stack(0x000000001a770000,0x000000001a870000)]

Stack: [0x000000001a770000,0x000000001a870000]
[error occurred during error reporting (printing stack bounds), id 0xc0000005]

Native frames: (J=compiled Java code, j=interpreted, Vv=VM code, C=native code)


Current CompileTask:
C2:  73105 4906       4       java.net.URLStreamHandler::parseURL (1193 bytes)


---------------  P R O C E S S  ---------------

Java Threads: ( => current thread )
  0x000000001b1ec000 JavaThread "Okio Watchdog" daemon [_thread_blocked, id=41096, stack(0x0000000023a10000,0x0000000023b10000)]
  0x000000001b1eb800 JavaThread "OkHttp ConnectionPool" daemon [_thread_blocked, id=53520, stack(0x0000000023910000,0x0000000023a10000)]
  0x000000001b1e7800 JavaThread "Exec Stream Pumper" daemon [_thread_in_native, id=56860, stack(0x00000000230f0000,0x00000000231f0000)]
  0x000000001b1e7000 JavaThread "Exec Stream Pumper" daemon [_thread_in_native, id=43452, stack(0x0000000022ff0000,0x00000000230f0000)]
  0x000000001b1ed800 JavaThread "UrlChecker-2" daemon [_thread_blocked, id=61564, stack(0x0000000022df0000,0x0000000022ef0000)]
  0x000000001b1ed000 JavaThread "Exec Default Executor" daemon [_thread_in_native, id=34892, stack(0x0000000022bf0000,0x0000000022cf0000)]
  0x000000001b0e3800 JavaThread "Image Fetcher 3" daemon [_thread_blocked, id=44108, stack(0x000000001ffb0000,0x00000000200b0000)]
  0x000000001b0de800 JavaThread "Image Fetcher 2" daemon [_thread_blocked, id=6744, stack(0x000000001fda0000,0x000000001fea0000)]
  0x000000001e47c000 JavaThread "Image Fetcher 1" daemon [_thread_blocked, id=62456, stack(0x000000001feb0000,0x000000001ffb0000)]
  0x000000001ddf0800 JavaThread "Image Fetcher 0" daemon [_thread_blocked, id=62192, stack(0x000000001faa0000,0x000000001fba0000)]
  0x000000001e0a2000 JavaThread "pool-2-thread-1" [_thread_blocked, id=63384, stack(0x000000001f9a0000,0x000000001faa0000)]
  0x000000001e0a1800 JavaThread "pool-1-thread-1" [_thread_blocked, id=43108, stack(0x000000001f8a0000,0x000000001f9a0000)]
  0x000000001c2a0000 JavaThread "AWT-Windows" daemon [_thread_in_native, id=62232, stack(0x000000001f7a0000,0x000000001f8a0000)]
  0x000000001c581000 JavaThread "AWT-Shutdown" [_thread_blocked, id=54156, stack(0x000000001e4a0000,0x000000001e5a0000)]
  0x000000001c580000 JavaThread "Java2D Disposer" daemon [_thread_blocked, id=59472, stack(0x000000001ca40000,0x000000001cb40000)]
  0x000000001aaab800 JavaThread "Service Thread" daemon [_thread_blocked, id=6540, stack(0x000000001ae70000,0x000000001af70000)]
  0x000000001910a800 JavaThread "C1 CompilerThread2" daemon [_thread_blocked, id=7068, stack(0x000000001a970000,0x000000001aa70000)]
  0x00000000190fe000 JavaThread "C2 CompilerThread1" daemon [_thread_blocked, id=55844, stack(0x000000001a870000,0x000000001a970000)]
=>0x00000000190f5800 JavaThread "C2 CompilerThread0" daemon [_thread_in_native, id=23776, stack(0x000000001a770000,0x000000001a870000)]
  0x00000000190f4800 JavaThread "Attach Listener" daemon [_thread_blocked, id=50912, stack(0x000000001a670000,0x000000001a770000)]
  0x00000000190f3000 JavaThread "Signal Dispatcher" daemon [_thread_blocked, id=56716, stack(0x000000001a570000,0x000000001a670000)]
  0x0000000001f7a800 JavaThread "Finalizer" daemon [_thread_blocked, id=62252, stack(0x000000001a350000,0x000000001a450000)]
  0x00000000190da000 JavaThread "Reference Handler" daemon [_thread_blocked, id=44800, stack(0x000000001a250000,0x000000001a350000)]
  0x0000000001e85800 JavaThread "Forwarding newSession on session null to remote" [_thread_in_native, id=62300, stack(0x0000000001d80000,0x0000000001e80000)]

Other Threads:
  0x00000000190b7000 VMThread [stack: 0x000000001a150000,0x000000001a250000] [id=30952]
  0x000000001aafc800 WatcherThread [stack: 0x000000001af70000,0x000000001b070000] [id=53716]

VM state:not at safepoint (normal execution)

VM Mutex/Monitor currently owned by a thread: None

Heap:
 PSYoungGen      total 434688K, used 346003K [0x0000000780000000, 0x000000079ea00000, 0x00000007c0000000)
  eden space 406016K, 82% used [0x0000000780000000,0x000000079476ce00,0x0000000798c80000)
  from space 28672K, 37% used [0x000000079ac80000,0x000000079b6f8030,0x000000079c880000)
  to   space 32768K, 0% used [0x0000000798c80000,0x0000000798c80000,0x000000079ac80000)
 ParOldGen       total 164352K, used 54994K [0x0000000700000000, 0x000000070a080000, 0x0000000780000000)
  object space 164352K, 33% used [0x0000000700000000,0x00000007035b4840,0x000000070a080000)
 Metaspace       used 36156K, capacity 37092K, committed 37376K, reserved 1081344K
  class space    used 4278K, capacity 4520K, committed 4608K, reserved 1048576K

Card table byte_map: [0x0000000011340000,0x0000000011950000] byte_map_base: 0x000000000db40000

Marking Bits: (ParMarkBitMap*) 0x0000000070a32d00
 Begin Bits: [0x0000000012150000, 0x0000000015150000)
 End Bits:   [0x0000000015150000, 0x0000000018150000)

Polling page: 0x0000000001ac0000

CodeCache: size=245760Kb used=16549Kb max_used=17606Kb free=229210Kb
 bounds [0x0000000001f80000, 0x00000000030d0000, 0x0000000010f80000]
 total_blobs=4846 nmethods=4049 adapters=708
 compilation: enabled

Compilation events (10 events):
Event: 69.163 Thread 0x000000001910a800 nmethod 4901 0x0000000002b9a550 code [0x0000000002b9a840, 0x0000000002b9beb8]
Event: 69.227 Thread 0x00000000190fe000 4902  s    4       atu.testrecorder.media.io.ByteArrayImageOutputStream::clear (18 bytes)
Event: 69.228 Thread 0x00000000190fe000 nmethod 4902 0x0000000002b9a190 code [0x0000000002b9a2c0, 0x0000000002b9a4b8]
Event: 69.294 Thread 0x000000001910a800 4903       1       atu.testrecorder.media.io.ByteArrayImageOutputStream::length (11 bytes)
Event: 69.294 Thread 0x000000001910a800 nmethod 4903 0x0000000002798150 code [0x00000000027982a0, 0x00000000027983b0]
Event: 70.810 Thread 0x00000000190f5800 4904       4       java.lang.ClassLoader::getResource (36 bytes)
Event: 70.811 Thread 0x00000000190f5800 nmethod 4904 0x0000000002534510 code [0x0000000002534660, 0x0000000002534768]
Event: 71.008 Thread 0x00000000190fe000 4905       4       java.net.URLClassLoader::findResource (37 bytes)
Event: 71.011 Thread 0x00000000190fe000 nmethod 4905 0x0000000002e77d90 code [0x0000000002e77ee0, 0x0000000002e78048]
Event: 72.987 Thread 0x00000000190f5800 4906       4       java.net.URLStreamHandler::parseURL (1193 bytes)

GC Heap History (10 events):
Event: 34.035 GC heap before
{Heap before GC invocations=20 (full 2):
 PSYoungGen      total 360448K, used 323800K [0x0000000780000000, 0x000000079d380000, 0x00000007c0000000)
  eden space 320000K, 99% used [0x0000000780000000,0x0000000793816230,0x0000000793880000)
  from space 40448K, 10% used [0x0000000793880000,0x0000000793ca0010,0x0000000796000000)
  to   space 39936K, 0% used [0x000000079ac80000,0x000000079ac80000,0x000000079d380000)
 ParOldGen       total 164352K, used 54874K [0x0000000700000000, 0x000000070a080000, 0x0000000780000000)
  object space 164352K, 33% used [0x0000000700000000,0x0000000703596840,0x000000070a080000)
 Metaspace       used 36139K, capacity 37028K, committed 37120K, reserved 1081344K
  class space    used 4278K, capacity 4520K, committed 4608K, reserved 1048576K
Event: 34.042 GC heap after
Heap after GC invocations=20 (full 2):
 PSYoungGen      total 419328K, used 10400K [0x0000000780000000, 0x000000079c880000, 0x00000007c0000000)
  eden space 390656K, 0% used [0x0000000780000000,0x0000000780000000,0x0000000797d80000)
  from space 28672K, 36% used [0x000000079ac80000,0x000000079b6a8030,0x000000079c880000)
  to   space 38400K, 0% used [0x0000000797d80000,0x0000000797d80000,0x000000079a300000)
 ParOldGen       total 164352K, used 54922K [0x0000000700000000, 0x000000070a080000, 0x0000000780000000)
  object space 164352K, 33% used [0x0000000700000000,0x00000007035a2840,0x000000070a080000)
 Metaspace       used 36139K, capacity 37028K, committed 37120K, reserved 1081344K
  class space    used 4278K, capacity 4520K, committed 4608K, reserved 1048576K
}
Event: 41.971 GC heap before
{Heap before GC invocations=21 (full 2):
 PSYoungGen      total 419328K, used 401056K [0x0000000780000000, 0x000000079c880000, 0x00000007c0000000)
  eden space 390656K, 100% used [0x0000000780000000,0x0000000797d80000,0x0000000797d80000)
  from space 28672K, 36% used [0x000000079ac80000,0x000000079b6a8030,0x000000079c880000)
  to   space 38400K, 0% used [0x0000000797d80000,0x0000000797d80000,0x000000079a300000)
 ParOldGen       total 164352K, used 54922K [0x0000000700000000, 0x000000070a080000, 0x0000000780000000)
  object space 164352K, 33% used [0x0000000700000000,0x00000007035a2840,0x000000070a080000)
 Metaspace       used 36153K, capacity 37092K, committed 37376K, reserved 1081344K
  class space    used 4278K, capacity 4520K, committed 4608K, reserved 1048576K
Event: 41.979 GC heap after
Heap after GC invocations=21 (full 2):
 PSYoungGen      total 429056K, used 10624K [0x0000000780000000, 0x000000079c880000, 0x00000007c0000000)
  eden space 390656K, 0% used [0x0000000780000000,0x0000000780000000,0x0000000797d80000)
  from space 38400K, 27% used [0x0000000797d80000,0x00000007987e0030,0x000000079a300000)
  to   space 28672K, 0% used [0x000000079ac80000,0x000000079ac80000,0x000000079c880000)
 ParOldGen       total 164352K, used 54954K [0x0000000700000000, 0x000000070a080000, 0x0000000780000000)
  object space 164352K, 33% used [0x0000000700000000,0x00000007035aa840,0x000000070a080000)
 Metaspace       used 36153K, capacity 37092K, committed 37376K, reserved 1081344K
  class space    used 4278K, capacity 4520K, committed 4608K, reserved 1048576K
}
Event: 50.073 GC heap before
{Heap before GC invocations=22 (full 2):
 PSYoungGen      total 429056K, used 400596K [0x0000000780000000, 0x000000079c880000, 0x00000007c0000000)
  eden space 390656K, 99% used [0x0000000780000000,0x0000000797cd53c8,0x0000000797d80000)
  from space 38400K, 27% used [0x0000000797d80000,0x00000007987e0030,0x000000079a300000)
  to   space 28672K, 0% used [0x000000079ac80000,0x000000079ac80000,0x000000079c880000)
 ParOldGen       total 164352K, used 54954K [0x0000000700000000, 0x000000070a080000, 0x0000000780000000)
  object space 164352K, 33% used [0x0000000700000000,0x00000007035aa840,0x000000070a080000)
 Metaspace       used 36156K, capacity 37092K, committed 37376K, reserved 1081344K
  class space    used 4278K, capacity 4520K, committed 4608K, reserved 1048576K
Event: 50.077 GC heap after
Heap after GC invocations=22 (full 2):
 PSYoungGen      total 419328K, used 10656K [0x0000000780000000, 0x000000079c880000, 0x00000007c0000000)
  eden space 390656K, 0% used [0x0000000780000000,0x0000000780000000,0x0000000797d80000)
  from space 28672K, 37% used [0x000000079ac80000,0x000000079b6e8030,0x000000079c880000)
  to   space 38400K, 0% used [0x0000000797d80000,0x0000000797d80000,0x000000079a300000)
 ParOldGen       total 164352K, used 54994K [0x0000000700000000, 0x000000070a080000, 0x0000000780000000)
  object space 164352K, 33% used [0x0000000700000000,0x00000007035b4840,0x000000070a080000)
 Metaspace       used 36156K, capacity 37092K, committed 37376K, reserved 1081344K
  class space    used 4278K, capacity 4520K, committed 4608K, reserved 1048576K
}
Event: 58.125 GC heap before
{Heap before GC invocations=23 (full 2):
 PSYoungGen      total 419328K, used 400305K [0x0000000780000000, 0x000000079c880000, 0x00000007c0000000)
  eden space 390656K, 99% used [0x0000000780000000,0x0000000797c845a8,0x0000000797d80000)
  from space 28672K, 37% used [0x000000079ac80000,0x000000079b6e8030,0x000000079c880000)
  to   space 38400K, 0% used [0x0000000797d80000,0x0000000797d80000,0x000000079a300000)
 ParOldGen       total 164352K, used 54994K [0x0000000700000000, 0x000000070a080000, 0x0000000780000000)
  object space 164352K, 33% used [0x0000000700000000,0x00000007035b4840,0x000000070a080000)
 Metaspace       used 36156K, capacity 37092K, committed 37376K, reserved 1081344K
  class space    used 4278K, capacity 4520K, committed 4608K, reserved 1048576K
Event: 58.129 GC heap after
Heap after GC invocations=23 (full 2):
 PSYoungGen      total 429056K, used 10656K [0x0000000780000000, 0x000000079c880000, 0x00000007c0000000)
  eden space 390656K, 0% used [0x0000000780000000,0x0000000780000000,0x0000000797d80000)
  from space 38400K, 27% used [0x0000000797d80000,0x00000007987e8030,0x000000079a300000)
  to   space 28672K, 0% used [0x000000079ac80000,0x000000079ac80000,0x000000079c880000)
 ParOldGen       total 164352K, used 54994K [0x0000000700000000, 0x000000070a080000, 0x0000000780000000)
  object space 164352K, 33% used [0x0000000700000000,0x00000007035b4840,0x000000070a080000)
 Metaspace       used 36156K, capacity 37092K, committed 37376K, reserved 1081344K
  class space    used 4278K, capacity 4520K, committed 4608K, reserved 1048576K
}
Event: 66.178 GC heap before
{Heap before GC invocations=24 (full 2):
 PSYoungGen      total 429056K, used 400001K [0x0000000780000000, 0x000000079c880000, 0x00000007c0000000)
  eden space 390656K, 99% used [0x0000000780000000,0x0000000797c387b0,0x0000000797d80000)
  from space 38400K, 27% used [0x0000000797d80000,0x00000007987e8030,0x000000079a300000)
  to   space 28672K, 0% used [0x000000079ac80000,0x000000079ac80000,0x000000079c880000)
 ParOldGen       total 164352K, used 54994K [0x0000000700000000, 0x000000070a080000, 0x0000000780000000)
  object space 164352K, 33% used [0x0000000700000000,0x00000007035b4840,0x000000070a080000)
 Metaspace       used 36156K, capacity 37092K, committed 37376K, reserved 1081344K
  class space    used 4278K, capacity 4520K, committed 4608K, reserved 1048576K
Event: 66.183 GC heap after
Heap after GC invocations=24 (full 2):
 PSYoungGen      total 434688K, used 10720K [0x0000000780000000, 0x000000079ea00000, 0x00000007c0000000)
  eden space 406016K, 0% used [0x0000000780000000,0x0000000780000000,0x0000000798c80000)
  from space 28672K, 37% used [0x000000079ac80000,0x000000079b6f8030,0x000000079c880000)
  to   space 32768K, 0% used [0x0000000798c80000,0x0000000798c80000,0x000000079ac80000)
 ParOldGen       total 164352K, used 54994K [0x0000000700000000, 0x000000070a080000, 0x0000000780000000)
  object space 164352K, 33% used [0x0000000700000000,0x00000007035b4840,0x000000070a080000)
 Metaspace       used 36156K, capacity 37092K, committed 37376K, reserved 1081344K
  class space    used 4278K, capacity 4520K, committed 4608K, reserved 1048576K
}

Deoptimization events (10 events):
Event: 17.419 Thread 0x000000001e0a1800 Uncommon trap: reason=unstable_if action=reinterpret pc=0x00000000022c6b10 method=atu.testrecorder.media.avi.TechSmithCodec.writeDelta8(Ljava/io/OutputStream;[B[BIIII)V @ 65
Event: 17.485 Thread 0x000000001e0a1800 Uncommon trap: reason=unstable_if action=reinterpret pc=0x00000000022c7938 method=atu.testrecorder.media.avi.TechSmithCodec.writeDelta8(Ljava/io/OutputStream;[B[BIIII)V @ 65
Event: 17.985 Thread 0x000000001b1e9000 Uncommon trap: reason=unstable_if action=reinterpret pc=0x0000000002c49160 method=java.util.concurrent.ConcurrentHashMap.putVal(Ljava/lang/Object;Ljava/lang/Object;Z)Ljava/lang/Object; @ 206
Event: 17.989 Thread 0x0000000001e85800 Uncommon trap: reason=bimorphic action=maybe_recompile pc=0x000000000309c430 method=java.util.regex.Matcher.search(I)Z @ 86
Event: 17.989 Thread 0x0000000001e85800 Uncommon trap: reason=bimorphic action=maybe_recompile pc=0x000000000309c430 method=java.util.regex.Matcher.search(I)Z @ 86
Event: 17.989 Thread 0x0000000001e85800 Uncommon trap: reason=bimorphic action=maybe_recompile pc=0x000000000309c430 method=java.util.regex.Matcher.search(I)Z @ 86
Event: 17.989 Thread 0x0000000001e85800 Uncommon trap: reason=bimorphic action=maybe_recompile pc=0x000000000309c430 method=java.util.regex.Matcher.search(I)Z @ 86
Event: 18.130 Thread 0x0000000001e85800 Uncommon trap: reason=unstable_if action=reinterpret pc=0x000000000302e0ec method=java.util.regex.Pattern$BmpCharProperty.match(Ljava/util/regex/Matcher;ILjava/lang/CharSequence;)Z @ 34
Event: 18.202 Thread 0x0000000001e85800 Uncommon trap: reason=class_check action=maybe_recompile pc=0x000000000276f758 method=java.util.HashSet.contains(Ljava/lang/Object;)Z @ 5
Event: 18.202 Thread 0x0000000001e85800 Uncommon trap: reason=class_check action=maybe_recompile pc=0x000000000276f758 method=java.util.HashSet.contains(Ljava/lang/Object;)Z @ 5

Classes redefined (0 events):
No events

Internal exceptions (10 events):
Event: 15.677 Thread 0x0000000001e85800 Exception <a 'java/lang/ClassNotFoundException': com/kms/katalon/core/webui/keyword/builtin/OpenBrowserKeywordBeanInfo> (0x0000000789f41708) thrown at [C:\re\workspace\8-2-build-windows-amd64-cygwin\jdk8u181\11358\hotspot\src\share\vm\classfile\systemDict
Event: 15.681 Thread 0x0000000001e85800 Exception <a 'java/lang/ClassNotFoundException': com/kms/katalon/core/webui/keyword/internal/WebUIAbstractKeywordBeanInfo> (0x0000000789f962d0) thrown at [C:\re\workspace\8-2-build-windows-amd64-cygwin\jdk8u181\11358\hotspot\src\share\vm\classfile\systemD
Event: 15.684 Thread 0x0000000001e85800 Exception <a 'java/lang/ClassNotFoundException': com/kms/katalon/core/webui/keyword/internal/WebUIAbstractKeywordCustomizer> (0x0000000789fec830) thrown at [C:\re\workspace\8-2-build-windows-amd64-cygwin\jdk8u181\11358\hotspot\src\share\vm\classfile\syste
Event: 15.689 Thread 0x0000000001e85800 Exception <a 'java/lang/ClassNotFoundException': com/kms/katalon/core/webui/keyword/builtin/OpenBrowserKeywordCustomizer> (0x000000078a0476e8) thrown at [C:\re\workspace\8-2-build-windows-amd64-cygwin\jdk8u181\11358\hotspot\src\share\vm\classfile\systemDi
Event: 17.005 Thread 0x0000000001e85800 Implicit null exception at 0x0000000002dee256 to 0x0000000002dee4ad
Event: 17.600 Thread 0x000000001b1ed800 Exception <a 'java/net/SocketTimeoutException': connect timed out> (0x00000007822a4830) thrown at [C:\re\workspace\8-2-build-windows-amd64-cygwin\jdk8u181\11358\hotspot\src\share\vm\prims\jni.cpp, line 735]
Event: 17.655 Thread 0x0000000001e85800 Exception <a 'java/lang/IncompatibleClassChangeError': Found class java.lang.Object, but interface was expected> (0x0000000783e14b58) thrown at [C:\re\workspace\8-2-build-windows-amd64-cygwin\jdk8u181\11358\hotspot\src\share\vm\interpreter\linkResolver.cp
Event: 17.663 Thread 0x0000000001e85800 Exception <a 'java/lang/NoSuchMethodError': java.lang.Object.lambda$or$2(Ljava/util/function/Predicate;Ljava/lang/Object;)Z> (0x0000000783e22fc8) thrown at [C:\re\workspace\8-2-build-windows-amd64-cygwin\jdk8u181\11358\hotspot\src\share\vm\interpreter\lin
Event: 17.832 Thread 0x0000000001e85800 Exception <a 'java/lang/NoSuchMethodError': java.lang.Object.lambda$chars$0()Ljava/util/Spliterator$OfInt;> (0x000000078447ac70) thrown at [C:\re\workspace\8-2-build-windows-amd64-cygwin\jdk8u181\11358\hotspot\src\share\vm\interpreter\linkResolver.cpp, li
Event: 73.043 Thread 0x000000001e0a1800 Exception <a 'java/lang/OutOfMemoryError': OutOfMemoryError> (0x000000078c801bd0) thrown at [C:\re\workspace\8-2-build-windows-amd64-cygwin\jdk8u181\11358\hotspot\src\share\vm\prims\jni.cpp, line 735]

Events (10 events):
Event: 41.979 Executing VM operation: ParallelGCFailedAllocation done
Event: 50.073 Executing VM operation: ParallelGCFailedAllocation
Event: 50.078 Executing VM operation: ParallelGCFailedAllocation done
Event: 58.125 Executing VM operation: ParallelGCFailedAllocation
Event: 58.129 Executing VM operation: ParallelGCFailedAllocation done
Event: 66.178 Executing VM operation: ParallelGCFailedAllocation
Event: 66.183 Executing VM operation: ParallelGCFailedAllocation done
Event: 71.011 Thread 0x00000000190fe000 flushing nmethod 0x00000000021107d0
Event: 71.011 Thread 0x00000000190fe000 flushing nmethod 0x00000000021644d0
Event: 71.011 Thread 0x00000000190fe000 flushing nmethod 0x000000000216b8d0


Dynamic libraries:
0x00007ff7edfb0000 - 0x00007ff7edfe7000 	C:\Katalon_Studio\jre\bin\java.exe
0x00007ffe1c940000 - 0x00007ffe1cb30000 	C:\WINDOWS\SYSTEM32\ntdll.dll
0x00007ffe1bef0000 - 0x00007ffe1bfa2000 	C:\WINDOWS\System32\KERNEL32.dll
0x00007ffe11c00000 - 0x00007ffe11d27000 	C:\Windows\system32\hmpalert.dll
0x00007ffe1a4b0000 - 0x00007ffe1a753000 	C:\WINDOWS\System32\KERNELBASE.dll
0x00007ffe1b460000 - 0x00007ffe1b503000 	C:\WINDOWS\System32\ADVAPI32.dll
0x00007ffe1b6b0000 - 0x00007ffe1b74e000 	C:\WINDOWS\System32\msvcrt.dll
0x00007ffe1c090000 - 0x00007ffe1c127000 	C:\WINDOWS\System32\sechost.dll
0x00007ffe1bd40000 - 0x00007ffe1be60000 	C:\WINDOWS\System32\RPCRT4.dll
0x00007ffe1b510000 - 0x00007ffe1b6a4000 	C:\WINDOWS\System32\USER32.dll
0x00007ffe19b70000 - 0x00007ffe19b91000 	C:\WINDOWS\System32\win32u.dll
0x00007ffe1c8d0000 - 0x00007ffe1c8f6000 	C:\WINDOWS\System32\GDI32.dll
0x00007ffe1a760000 - 0x00007ffe1a8f4000 	C:\WINDOWS\System32\gdi32full.dll
0x00007ffe1a950000 - 0x00007ffe1a9ee000 	C:\WINDOWS\System32\msvcp_win.dll
0x00007ffe1a3b0000 - 0x00007ffe1a4aa000 	C:\WINDOWS\System32\ucrtbase.dll
0x00007ffe08090000 - 0x00007ffe08315000 	C:\WINDOWS\WinSxS\amd64_microsoft.windows.common-controls_6595b64144ccf1df_6.0.18362.720_none_e6beb5c51314836b\COMCTL32.dll
0x00007ffe1b760000 - 0x00007ffe1ba96000 	C:\WINDOWS\System32\combase.dll
0x00007ffe19980000 - 0x00007ffe19a00000 	C:\WINDOWS\System32\bcryptPrimitives.dll
0x00007ffe0eb10000 - 0x00007ffe0eb4d000 	C:\WINDOWS\system32\SophosAV\SOPHOS~1.DLL
0x00007ffe1bd30000 - 0x00007ffe1bd38000 	C:\WINDOWS\System32\PSAPI.DLL
0x000000006ff60000 - 0x0000000070032000 	C:\Katalon_Studio\jre\bin\msvcr100.dll
0x0000000070210000 - 0x0000000070ab2000 	C:\Katalon_Studio\jre\bin\server\jvm.dll
0x00007ffe144a0000 - 0x00007ffe144c4000 	C:\WINDOWS\SYSTEM32\WINMM.dll
0x00007ffe09a50000 - 0x00007ffe09a59000 	C:\WINDOWS\SYSTEM32\WSOCK32.dll
0x00007ffe1c020000 - 0x00007ffe1c08f000 	C:\WINDOWS\System32\WS2_32.dll
0x00007ffe145d0000 - 0x00007ffe145da000 	C:\WINDOWS\SYSTEM32\VERSION.dll
0x00007ffe14470000 - 0x00007ffe1449d000 	C:\WINDOWS\SYSTEM32\WINMMBASE.dll
0x00007ffe1a900000 - 0x00007ffe1a94a000 	C:\WINDOWS\System32\cfgmgr32.dll
0x0000000070120000 - 0x000000007012f000 	C:\Katalon_Studio\jre\bin\verify.dll
0x00000000700f0000 - 0x0000000070119000 	C:\Katalon_Studio\jre\bin\java.dll
0x00000000700d0000 - 0x00000000700e6000 	C:\Katalon_Studio\jre\bin\zip.dll
0x00007ffe1ad70000 - 0x00007ffe1b455000 	C:\WINDOWS\System32\SHELL32.dll
0x00007ffe1c710000 - 0x00007ffe1c7b9000 	C:\WINDOWS\System32\shcore.dll
0x00007ffe19ba0000 - 0x00007ffe1a320000 	C:\WINDOWS\System32\windows.storage.dll
0x00007ffe19880000 - 0x00007ffe198a3000 	C:\WINDOWS\System32\profapi.dll
0x00007ffe19830000 - 0x00007ffe1987a000 	C:\WINDOWS\System32\powrprof.dll
0x00007ffe19800000 - 0x00007ffe19810000 	C:\WINDOWS\System32\UMPDC.dll
0x00007ffe1bb20000 - 0x00007ffe1bb72000 	C:\WINDOWS\System32\shlwapi.dll
0x00007ffe198b0000 - 0x00007ffe198c1000 	C:\WINDOWS\System32\kernel.appcore.dll
0x00007ffe19b50000 - 0x00007ffe19b67000 	C:\WINDOWS\System32\cryptsp.dll
0x00000000700b0000 - 0x00000000700ca000 	C:\Katalon_Studio\jre\bin\net.dll
0x00007ffe19030000 - 0x00007ffe19097000 	C:\WINDOWS\system32\mswsock.dll
0x0000000070090000 - 0x00000000700a1000 	C:\Katalon_Studio\jre\bin\nio.dll
0x000000006fdc0000 - 0x000000006ff59000 	C:\Katalon_Studio\jre\bin\awt.dll
0x00007ffe1aca0000 - 0x00007ffe1ad64000 	C:\WINDOWS\System32\OLEAUT32.dll
0x00007ffe176f0000 - 0x00007ffe1777f000 	C:\WINDOWS\SYSTEM32\apphelp.dll
0x00007ffe17cf0000 - 0x00007ffe17d1d000 	C:\WINDOWS\system32\DWMAPI.DLL
0x00007ffe070c0000 - 0x00007ffe07216000 	C:\WINDOWS\system32\opengl32.dll
0x00007ffe13e30000 - 0x00007ffe13e5c000 	C:\WINDOWS\SYSTEM32\GLU32.dll
0x00007ffe181c0000 - 0x00007ffe181e0000 	C:\WINDOWS\SYSTEM32\dxcore.dll
0x00007ffe1c5b0000 - 0x00007ffe1c707000 	C:\WINDOWS\System32\ole32.dll
0x00007ffe18de0000 - 0x00007ffe18eaa000 	C:\WINDOWS\SYSTEM32\DNSAPI.dll
0x00007ffe1b750000 - 0x00007ffe1b758000 	C:\WINDOWS\System32\NSI.dll
0x00007ffe18d40000 - 0x00007ffe18d7a000 	C:\WINDOWS\SYSTEM32\IPHLPAPI.DLL
0x00007ffe141d0000 - 0x00007ffe141da000 	C:\Windows\System32\rasadhlp.dll
0x00007ffe15ca0000 - 0x00007ffe15d17000 	C:\WINDOWS\System32\fwpuclnt.dll
0x00007ffe1a320000 - 0x00007ffe1a346000 	C:\WINDOWS\System32\bcrypt.dll
0x0000000070050000 - 0x0000000070074000 	C:\Katalon_Studio\jre\bin\sunec.dll
0x0000000070040000 - 0x000000007004b000 	C:\Katalon_Studio\jre\bin\sunmscapi.dll
0x00007ffe19a00000 - 0x00007ffe19b49000 	C:\WINDOWS\System32\CRYPT32.dll
0x00007ffe19810000 - 0x00007ffe19822000 	C:\WINDOWS\System32\MSASN1.dll
0x00007ffe15a70000 - 0x00007ffe15a86000 	C:\WINDOWS\SYSTEM32\dhcpcsvc6.DLL
0x00007ffe15a50000 - 0x00007ffe15a6c000 	C:\WINDOWS\SYSTEM32\dhcpcsvc.DLL
0x00007ffe18930000 - 0x00007ffe18963000 	C:\WINDOWS\system32\rsaenh.dll
0x00007ffe19720000 - 0x00007ffe19745000 	C:\WINDOWS\SYSTEM32\USERENV.dll
0x00007ffe19200000 - 0x00007ffe1920c000 	C:\WINDOWS\SYSTEM32\CRYPTBASE.dll

VM Arguments:
java_command: org.codehaus.groovy.tools.GroovyStarter --main groovy.ui.GroovyMain C:\FarmaTesting\katalonProjects\Libs\TempTestSuite1591368999938.groovy
java_class_path (initial): ;C:\Katalon_Studio\plugins\org.codehaus.groovy_2.4.7.xx-201611170128-e46\lib\bsf-2.4.0.jar;C:\Katalon_Studio\plugins\org.codehaus.groovy_2.4.7.xx-201611170128-e46\lib\groovy-all-2.4.7.jar;C:\Katalon_Studio\plugins\org.codehaus.groovy_2.4.7.xx-201611170128-e46\lib\ivy-2.4.0.jar;C:\Katalon_Studio\plugins\org.codehaus.groovy_2.4.7.xx-201611170128-e46\lib\org.apache.xerces.impl_2.11.0.jar;C:\Katalon_Studio\plugins\org.codehaus.groovy_2.4.7.xx-201611170128-e46\lib\servlet-api-2.4.jar;C:\Katalon_Studio\plugins\org.codehaus.groovy_2.4.7.xx-201611170128-e46\lib\xml-apis_1.4.1.jar;C:\Katalon_Studio\plugins\com.kms.katalon.core_1.0.0.201908270734.jar;C:\Katalon_Studio\plugins\net.sf.supercsv.super-csv_2.1.0.jar;C:\Katalon_Studio\plugins\org.apache.poi_3.9.0.v201405241750.jar;C:\Katalon_Studio\plugins\org.apache.poi.ooxml_3.9.0.v201405241905.jar;C:\Katalon_Studio\plugins\org.apache.poi.ooxml.schemas_3.9.0.v201405241750.jar;C:\Katalon_Studio\plugins\org.dom4j_1.6.1.v201312101416.jar;C:\Katalon_Studio\plugins\org.apache.commons.io_2.4.0.jar;C:\Katalon_Studio\plugins\org.apache.commons.lang_2.6.0.jar;C:\Katalon_Studio\plugins\org.apache.xmlbeans_2.6.0.jar;C:\Katalon_Studio\plugins\com.google.gson_2.8.0.jar;C:\Katalon_Studio\plugins\org.jsoup_1.7.2.jar;C:\Katalon_Studio\plugins\com.mysql.jdbc_5.1.38.jar;C:\Katalon_Studio\plugins\com.microsoft.sqlserver.sqljdbc4_4.1.5605.100.jar;C:\Katalon_Studio\plugins\org.apache.commons.dbutils_1.6.0.jar;C:\Katalon_Studio\plugins\com.oracle.jdbc.ojdbc7_12.1.0.2.jar;C:\Katalon_Studio\plugins\org.postgresql.jdbc41_9.4.1208.jre7.jar;c:\Katalon_Studio\plugins\org.eclipse.osgi_3.11.3.v20170209-1843.jar;C:\Katalon_Studio\plugins\com.kms.katalon.constant_1.0.0.201908270734.jar;C:\Katalon_Studio\plugins\org.eclipse.persistence.eclipselink_2.5.0.RC1.jar;C:\Katalon_Studio\plugins\com.kms.katalon.selenium-standalone_1.0.0.201908270734.jar;C:\Katalon_Studio\plugins\atu.testrecorder.screen-recorder_2.1.0.jar;C:\Katalon_Studio\plu
Launcher Type: SUN_STANDARD

Environment Variables:
PATH=C:/Katalon_Studio/jre/bin/server;C:/Katalon_Studio/jre/bin;C:/Katalon_Studio/jre/lib/amd64;C:\Program Files (x86)\Common Files\Oracle\Java\javapath;C:\ProgramData\Oracle\Java\javapath;C:\WINDOWS\system32;C:\WINDOWS;C:\WINDOWS\System32\Wbem;C:\WINDOWS\System32\WindowsPowerShell\v1.0\;C:\Program Files (x86)\Microsoft SQL Server\Client SDK\ODBC\130\Tools\Binn\;C:\Program Files (x86)\Microsoft SQL Server\130\Tools\Binn\;C:\Program Files (x86)\Microsoft SQL Server\130\DTS\Binn\;C:\Program Files (x86)\Microsoft SQL Server\130\Tools\Binn\ManagementStudio\;C:\Program Files\dotnet\;C:\Program Files\Microsoft SQL Server\130\Tools\Binn\;C:\WINDOWS\System32\OpenSSH\;C:\Program Files (x86)\SAP BusinessObjects\sqlanywhere\BIN64;C:\Program Files (x86)\SAP BusinessObjects\sqlanywhere\BIN32;C:\Users\alflopez-ext\AppData\Local\Programs\Git\cmd;C:\Users\alflopez-ext\AppData\Local\Microsoft\WindowsApps;C:\Katalon_Studio;
USERNAME=alflopez-ext
OS=Windows_NT
PROCESSOR_IDENTIFIER=Intel64 Family 6 Model 45 Stepping 7, GenuineIntel



---------------  S Y S T E M  ---------------

OS: Windows 10.0 , 64 bit Build 18362 (10.0.18362.329)

CPU:total 4 (initial active 4) (2 cores per cpu, 1 threads per core) family 6 model 45 stepping 7, cmov, cx8, fxsr, mmx, sse, sse2, sse3, ssse3, sse4.1, sse4.2, popcnt, avx, aes, clmul, tsc, tscinvbit, tscinv

Memory: 4k page, physical 12582452k(3261232k free), swap 28173552k(5616k free)

vm_info: Java HotSpot(TM) 64-Bit Server VM (25.181-b13) for windows-amd64 JRE (1.8.0_181-b13), built on Jul  7 2018 04:01:33 by "java_re" with MS VC++ 10.0 (VS2010)

time: Fri Jun 05 11:57:53 2020
elapsed time: 73 seconds (0d 0h 1m 13s)

