#
# There is insufficient memory for the Java Runtime Environment to continue.
# Native memory allocation (malloc) failed to allocate 886656 bytes for Chunk::new
# Possible reasons:
#   The system is out of physical RAM or swap space
#   In 32 bit mode, the process size limit was hit
# Possible solutions:
#   Reduce memory load on the system
#   Increase physical memory or swap space
#   Check if swap backing store is full
#   Use 64 bit Java on a 64 bit OS
#   Decrease Java heap size (-Xmx/-Xms)
#   Decrease number of Java threads
#   Decrease Java thread stack sizes (-Xss)
#   Set larger code cache with -XX:ReservedCodeCacheSize=
# This output file may be truncated or incomplete.
#
#  Out of Memory Error (allocation.cpp:390), pid=42576, tid=0x000000000000ad20
#
# JRE version: Java(TM) SE Runtime Environment (8.0_181-b13) (build 1.8.0_181-b13)
# Java VM: Java HotSpot(TM) 64-Bit Server VM (25.181-b13 mixed mode windows-amd64 compressed oops)
# Failed to write core dump. Minidumps are not enabled by default on client versions of Windows
#

---------------  T H R E A D  ---------------

Current thread (0x00000000183e5000):  JavaThread "C2 CompilerThread0" daemon [_thread_in_native, id=44320, stack(0x0000000019b90000,0x0000000019c90000)]

Stack: [0x0000000019b90000,0x0000000019c90000]
[error occurred during error reporting (printing stack bounds), id 0xc0000005]

Native frames: (J=compiled Java code, j=interpreted, Vv=VM code, C=native code)


Current CompileTask:
C2: 218930 9039       4       org.apache.poi.hssf.usermodel.HSSFFormulaEvaluator::evaluateAllFormulaCells (114 bytes)


---------------  P R O C E S S  ---------------

Java Threads: ( => current thread )
  0x0000000019dda000 JavaThread "Okio Watchdog" daemon [_thread_blocked, id=22280, stack(0x00000000209d0000,0x0000000020ad0000)]
  0x000000001e5c8000 JavaThread "OkHttp ConnectionPool" daemon [_thread_blocked, id=62944, stack(0x00000000208d0000,0x00000000209d0000)]
  0x000000001e5c4800 JavaThread "Exec Stream Pumper" daemon [_thread_in_native, id=6712, stack(0x000000001ffd0000,0x00000000200d0000)]
  0x000000001e5c3000 JavaThread "Exec Stream Pumper" daemon [_thread_in_native, id=5892, stack(0x000000001fed0000,0x000000001ffd0000)]
  0x000000001e5c1800 JavaThread "Exec Default Executor" daemon [_thread_in_native, id=57900, stack(0x000000001f590000,0x000000001f690000)]
  0x000000001e5c2000 JavaThread "Image Fetcher 3" daemon [_thread_blocked, id=54576, stack(0x000000001f690000,0x000000001f790000)]
  0x0000000019e53800 JavaThread "Image Fetcher 2" daemon [_thread_blocked, id=57620, stack(0x000000001e2c0000,0x000000001e3c0000)]
  0x000000001d1a4000 JavaThread "Image Fetcher 1" daemon [_thread_blocked, id=62168, stack(0x000000001dfc0000,0x000000001e0c0000)]
  0x000000001b0ff800 JavaThread "Image Fetcher 0" daemon [_thread_blocked, id=44808, stack(0x000000001dec0000,0x000000001dfc0000)]
  0x0000000019fef000 JavaThread "pool-2-thread-1" [_thread_blocked, id=61504, stack(0x000000001ddc0000,0x000000001dec0000)]
  0x000000001b213000 JavaThread "pool-1-thread-1" [_thread_blocked, id=38612, stack(0x000000001dcc0000,0x000000001ddc0000)]
  0x000000001aa7d000 JavaThread "AWT-Windows" daemon [_thread_in_native, id=23272, stack(0x000000001dbc0000,0x000000001dcc0000)]
  0x000000001aa7c000 JavaThread "AWT-Shutdown" [_thread_blocked, id=62428, stack(0x000000001dac0000,0x000000001dbc0000)]
  0x000000001aa7b800 JavaThread "Java2D Disposer" daemon [_thread_blocked, id=46336, stack(0x000000001be60000,0x000000001bf60000)]
  0x0000000019ca0000 JavaThread "Service Thread" daemon [_thread_blocked, id=55748, stack(0x000000001a290000,0x000000001a390000)]
  0x0000000019c9a000 JavaThread "C1 CompilerThread2" daemon [_thread_blocked, id=50380, stack(0x000000001a190000,0x000000001a290000)]
  0x00000000183e8000 JavaThread "C2 CompilerThread1" daemon [_thread_blocked, id=14960, stack(0x000000001a090000,0x000000001a190000)]
=>0x00000000183e5000 JavaThread "C2 CompilerThread0" daemon [_thread_in_native, id=44320, stack(0x0000000019b90000,0x0000000019c90000)]
  0x00000000183e3800 JavaThread "Attach Listener" daemon [_thread_blocked, id=59036, stack(0x0000000019a90000,0x0000000019b90000)]
  0x00000000183e2000 JavaThread "Signal Dispatcher" daemon [_thread_blocked, id=6540, stack(0x0000000019990000,0x0000000019a90000)]
  0x0000000001269000 JavaThread "Finalizer" daemon [_thread_blocked, id=15600, stack(0x0000000019660000,0x0000000019760000)]
  0x0000000001266000 JavaThread "Reference Handler" daemon [_thread_blocked, id=38824, stack(0x0000000019560000,0x0000000019660000)]
  0x0000000001175800 JavaThread "main" [_thread_in_Java, id=62536, stack(0x0000000001070000,0x0000000001170000)]

Other Threads:
  0x00000000183a7800 VMThread [stack: 0x0000000019460000,0x0000000019560000] [id=62728]
  0x0000000019ccd800 WatcherThread [stack: 0x000000001a390000,0x000000001a490000] [id=55164]

VM state:not at safepoint (normal execution)

VM Mutex/Monitor currently owned by a thread: None

Heap:
 PSYoungGen      total 968704K, used 636465K [0x0000000780000000, 0x00000007bfc00000, 0x00000007c0000000)
  eden space 899584K, 68% used [0x0000000780000000,0x00000007a5b34a98,0x00000007b6e80000)
  from space 69120K, 27% used [0x00000007b6e80000,0x00000007b80d7c60,0x00000007bb200000)
  to   space 65536K, 0% used [0x00000007bbc00000,0x00000007bbc00000,0x00000007bfc00000)
 ParOldGen       total 262144K, used 141010K [0x0000000700000000, 0x0000000710000000, 0x0000000780000000)
  object space 262144K, 53% used [0x0000000700000000,0x00000007089b4a98,0x0000000710000000)
 Metaspace       used 42757K, capacity 44462K, committed 44672K, reserved 1089536K
  class space    used 4995K, capacity 5414K, committed 5504K, reserved 1048576K

Card table byte_map: [0x0000000010630000,0x0000000010c40000] byte_map_base: 0x000000000ce30000

Marking Bits: (ParMarkBitMap*) 0x0000000070a32d00
 Begin Bits: [0x0000000011440000, 0x0000000014440000)
 End Bits:   [0x0000000014440000, 0x0000000017440000)

Polling page: 0x0000000000ac0000

CodeCache: size=245760Kb used=29241Kb max_used=29268Kb free=216518Kb
 bounds [0x0000000001270000, 0x0000000002f90000, 0x0000000010270000]
 total_blobs=8030 nmethods=7217 adapters=724
 compilation: enabled

Compilation events (10 events):
Event: 218.845 Thread 0x00000000183e8000 9054   !   4       org.openxmlformats.schemas.spreadsheetml.x2006.main.impl.CTRstImpl::getT (52 bytes)
Event: 218.848 Thread 0x0000000019c9a000 9055       3       org.apache.poi.ss.formula.ptg.RefPtgBase::setRow (6 bytes)
Event: 218.848 Thread 0x0000000019c9a000 nmethod 9055 0x0000000002821490 code [0x00000000028215e0, 0x0000000002821730]
Event: 218.854 Thread 0x00000000183e8000 nmethod 9054 0x00000000014a4890 code [0x00000000014a4a40, 0x00000000014a5408]
Event: 218.854 Thread 0x00000000183e8000 9056       4       java.util.concurrent.ScheduledThreadPoolExecutor$ScheduledFutureTask::isPeriodic (15 bytes)
Event: 218.855 Thread 0x00000000183e8000 nmethod 9056 0x00000000026aecd0 code [0x00000000026aee00, 0x00000000026aee98]
Event: 218.855 Thread 0x00000000183e8000 9057       4       java.util.concurrent.Executors$RunnableAdapter::call (14 bytes)
Event: 218.878 Thread 0x00000000183e8000 nmethod 9057 0x0000000001c5c510 code [0x0000000001c5c720, 0x0000000001c5d808]
Event: 218.878 Thread 0x00000000183e8000 9058       4       java.util.Stack::push (7 bytes)
Event: 218.881 Thread 0x00000000183e8000 nmethod 9058 0x0000000002caa950 code [0x0000000002caaaa0, 0x0000000002caae68]

GC Heap History (10 events):
Event: 165.330 GC heap before
{Heap before GC invocations=36 (full 3):
 PSYoungGen      total 953856K, used 886429K [0x0000000780000000, 0x00000007bf900000, 0x00000007c0000000)
  eden space 874496K, 99% used [0x0000000780000000,0x00000007b544f720,0x00000007b5600000)
  from space 79360K, 17% used [0x00000007bab80000,0x00000007bb8d8070,0x00000007bf900000)
  to   space 83456K, 0% used [0x00000007b5600000,0x00000007b5600000,0x00000007ba780000)
 ParOldGen       total 262144K, used 140978K [0x0000000700000000, 0x0000000710000000, 0x0000000780000000)
  object space 262144K, 53% used [0x0000000700000000,0x00000007089aca98,0x0000000710000000)
 Metaspace       used 42032K, capacity 43560K, committed 43776K, reserved 1087488K
  class space    used 4921K, capacity 5300K, committed 5376K, reserved 1048576K
Event: 165.344 GC heap after
Heap after GC invocations=36 (full 3):
 PSYoungGen      total 957952K, used 23876K [0x0000000780000000, 0x00000007bfa00000, 0x00000007c0000000)
  eden space 874496K, 0% used [0x0000000780000000,0x0000000780000000,0x00000007b5600000)
  from space 83456K, 28% used [0x00000007b5600000,0x00000007b6d510d0,0x00000007ba780000)
  to   space 78336K, 0% used [0x00000007bad80000,0x00000007bad80000,0x00000007bfa00000)
 ParOldGen       total 262144K, used 140986K [0x0000000700000000, 0x0000000710000000, 0x0000000780000000)
  object space 262144K, 53% used [0x0000000700000000,0x00000007089aea98,0x0000000710000000)
 Metaspace       used 42032K, capacity 43560K, committed 43776K, reserved 1087488K
  class space    used 4921K, capacity 5300K, committed 5376K, reserved 1048576K
}
Event: 174.546 GC heap before
{Heap before GC invocations=37 (full 3):
 PSYoungGen      total 957952K, used 898372K [0x0000000780000000, 0x00000007bfa00000, 0x00000007c0000000)
  eden space 874496K, 100% used [0x0000000780000000,0x00000007b5600000,0x00000007b5600000)
  from space 83456K, 28% used [0x00000007b5600000,0x00000007b6d510d0,0x00000007ba780000)
  to   space 78336K, 0% used [0x00000007bad80000,0x00000007bad80000,0x00000007bfa00000)
 ParOldGen       total 262144K, used 140986K [0x0000000700000000, 0x0000000710000000, 0x0000000780000000)
  object space 262144K, 53% used [0x0000000700000000,0x00000007089aea98,0x0000000710000000)
 Metaspace       used 42376K, capacity 43940K, committed 44032K, reserved 1087488K
  class space    used 4954K, capacity 5352K, committed 5376K, reserved 1048576K
Event: 174.556 GC heap after
Heap after GC invocations=37 (full 3):
 PSYoungGen      total 961024K, used 13787K [0x0000000780000000, 0x00000007bf600000, 0x00000007c0000000)
  eden space 886784K, 0% used [0x0000000780000000,0x0000000780000000,0x00000007b6200000)
  from space 74240K, 18% used [0x00000007bad80000,0x00000007bbaf6e20,0x00000007bf600000)
  to   space 75776K, 0% used [0x00000007b6200000,0x00000007b6200000,0x00000007bac00000)
 ParOldGen       total 262144K, used 140994K [0x0000000700000000, 0x0000000710000000, 0x0000000780000000)
  object space 262144K, 53% used [0x0000000700000000,0x00000007089b0a98,0x0000000710000000)
 Metaspace       used 42376K, capacity 43940K, committed 44032K, reserved 1087488K
  class space    used 4954K, capacity 5352K, committed 5376K, reserved 1048576K
}
Event: 176.681 GC heap before
{Heap before GC invocations=38 (full 3):
 PSYoungGen      total 961024K, used 899564K [0x0000000780000000, 0x00000007bf600000, 0x00000007c0000000)
  eden space 886784K, 99% used [0x0000000780000000,0x00000007b6104260,0x00000007b6200000)
  from space 74240K, 18% used [0x00000007bad80000,0x00000007bbaf6e20,0x00000007bf600000)
  to   space 75776K, 0% used [0x00000007b6200000,0x00000007b6200000,0x00000007bac00000)
 ParOldGen       total 262144K, used 140994K [0x0000000700000000, 0x0000000710000000, 0x0000000780000000)
  object space 262144K, 53% used [0x0000000700000000,0x00000007089b0a98,0x0000000710000000)
 Metaspace       used 42421K, capacity 44074K, committed 44288K, reserved 1087488K
  class space    used 4955K, capacity 5354K, committed 5376K, reserved 1048576K
Event: 176.690 GC heap after
Heap after GC invocations=38 (full 3):
 PSYoungGen      total 962560K, used 11407K [0x0000000780000000, 0x00000007bfc80000, 0x00000007c0000000)
  eden space 886784K, 0% used [0x0000000780000000,0x0000000780000000,0x00000007b6200000)
  from space 75776K, 15% used [0x00000007b6200000,0x00000007b6d23c20,0x00000007bac00000)
  to   space 73216K, 0% used [0x00000007bb500000,0x00000007bb500000,0x00000007bfc80000)
 ParOldGen       total 262144K, used 141002K [0x0000000700000000, 0x0000000710000000, 0x0000000780000000)
  object space 262144K, 53% used [0x0000000700000000,0x00000007089b2a98,0x0000000710000000)
 Metaspace       used 42421K, capacity 44074K, committed 44288K, reserved 1087488K
  class space    used 4955K, capacity 5354K, committed 5376K, reserved 1048576K
}
Event: 192.191 GC heap before
{Heap before GC invocations=39 (full 3):
 PSYoungGen      total 962560K, used 897673K [0x0000000780000000, 0x00000007bfc80000, 0x00000007c0000000)
  eden space 886784K, 99% used [0x0000000780000000,0x00000007b617eb78,0x00000007b6200000)
  from space 75776K, 15% used [0x00000007b6200000,0x00000007b6d23c20,0x00000007bac00000)
  to   space 73216K, 0% used [0x00000007bb500000,0x00000007bb500000,0x00000007bfc80000)
 ParOldGen       total 262144K, used 141002K [0x0000000700000000, 0x0000000710000000, 0x0000000780000000)
  object space 262144K, 53% used [0x0000000700000000,0x00000007089b2a98,0x0000000710000000)
 Metaspace       used 42718K, capacity 44398K, committed 44672K, reserved 1089536K
  class space    used 4995K, capacity 5414K, committed 5504K, reserved 1048576K
Event: 192.202 GC heap after
Heap after GC invocations=39 (full 3):
 PSYoungGen      total 965632K, used 18335K [0x0000000780000000, 0x00000007bf580000, 0x00000007c0000000)
  eden space 899584K, 0% used [0x0000000780000000,0x0000000780000000,0x00000007b6e80000)
  from space 66048K, 27% used [0x00000007bb500000,0x00000007bc6e7c80,0x00000007bf580000)
  to   space 69120K, 0% used [0x00000007b6e80000,0x00000007b6e80000,0x00000007bb200000)
 ParOldGen       total 262144K, used 141010K [0x0000000700000000, 0x0000000710000000, 0x0000000780000000)
  object space 262144K, 53% used [0x0000000700000000,0x00000007089b4a98,0x0000000710000000)
 Metaspace       used 42718K, capacity 44398K, committed 44672K, reserved 1089536K
  class space    used 4995K, capacity 5414K, committed 5504K, reserved 1048576K
}
Event: 210.606 GC heap before
{Heap before GC invocations=40 (full 3):
 PSYoungGen      total 965632K, used 915618K [0x0000000780000000, 0x00000007bf580000, 0x00000007c0000000)
  eden space 899584K, 99% used [0x0000000780000000,0x00000007b6c40e08,0x00000007b6e80000)
  from space 66048K, 27% used [0x00000007bb500000,0x00000007bc6e7c80,0x00000007bf580000)
  to   space 69120K, 0% used [0x00000007b6e80000,0x00000007b6e80000,0x00000007bb200000)
 ParOldGen       total 262144K, used 141010K [0x0000000700000000, 0x0000000710000000, 0x0000000780000000)
  object space 262144K, 53% used [0x0000000700000000,0x00000007089b4a98,0x0000000710000000)
 Metaspace       used 42735K, capacity 44462K, committed 44672K, reserved 1089536K
  class space    used 4995K, capacity 5414K, committed 5504K, reserved 1048576K
Event: 210.624 GC heap after
Heap after GC invocations=40 (full 3):
 PSYoungGen      total 968704K, used 18783K [0x0000000780000000, 0x00000007bfc00000, 0x00000007c0000000)
  eden space 899584K, 0% used [0x0000000780000000,0x0000000780000000,0x00000007b6e80000)
  from space 69120K, 27% used [0x00000007b6e80000,0x00000007b80d7c60,0x00000007bb200000)
  to   space 65536K, 0% used [0x00000007bbc00000,0x00000007bbc00000,0x00000007bfc00000)
 ParOldGen       total 262144K, used 141010K [0x0000000700000000, 0x0000000710000000, 0x0000000780000000)
  object space 262144K, 53% used [0x0000000700000000,0x00000007089b4a98,0x0000000710000000)
 Metaspace       used 42735K, capacity 44462K, committed 44672K, reserved 1089536K
  class space    used 4995K, capacity 5414K, committed 5504K, reserved 1048576K
}

Deoptimization events (10 events):
Event: 166.958 Thread 0x0000000001175800 Uncommon trap: reason=class_check action=maybe_recompile pc=0x000000000295f1bc method=org.apache.xmlbeans.impl.values.XmlObjectBase.newCursorForce()Lorg/apache/xmlbeans/XmlCursor; @ 11
Event: 181.948 Thread 0x0000000001175800 Uncommon trap: reason=unstable_if action=reinterpret pc=0x00000000019d73fc method=org.codehaus.groovy.antlr.UnicodeEscapingReader.read()I @ 66
Event: 202.224 Thread 0x0000000001175800 Uncommon trap: reason=class_check action=maybe_recompile pc=0x0000000001b7bfbc method=java.util.stream.AbstractPipeline.wrapAndCopyInto(Ljava/util/stream/Sink;Ljava/util/Spliterator;)Ljava/util/stream/Sink; @ 6
Event: 202.225 Thread 0x0000000001175800 Uncommon trap: reason=class_check action=maybe_recompile pc=0x0000000001b7bfbc method=java.util.stream.AbstractPipeline.wrapAndCopyInto(Ljava/util/stream/Sink;Ljava/util/Spliterator;)Ljava/util/stream/Sink; @ 6
Event: 202.225 Thread 0x0000000001175800 Uncommon trap: reason=class_check action=maybe_recompile pc=0x0000000001b7bfbc method=java.util.stream.AbstractPipeline.wrapAndCopyInto(Ljava/util/stream/Sink;Ljava/util/Spliterator;)Ljava/util/stream/Sink; @ 6
Event: 202.225 Thread 0x0000000001175800 Uncommon trap: reason=class_check action=maybe_recompile pc=0x0000000001b7bfbc method=java.util.stream.AbstractPipeline.wrapAndCopyInto(Ljava/util/stream/Sink;Ljava/util/Spliterator;)Ljava/util/stream/Sink; @ 6
Event: 218.575 Thread 0x0000000001175800 Uncommon trap: reason=bimorphic action=maybe_recompile pc=0x0000000002840324 method=org.apache.xmlbeans.impl.values.XmlObjectBase.check_element_dated()V @ 44
Event: 218.841 Thread 0x000000001b213000 Uncommon trap: reason=unstable_if action=reinterpret pc=0x0000000002cbd108 method=java.util.concurrent.FutureTask.runAndReset()Z @ 115
Event: 218.841 Thread 0x000000001b213000 Uncommon trap: reason=unstable_if action=reinterpret pc=0x0000000002609440 method=java.util.concurrent.ScheduledThreadPoolExecutor$ScheduledFutureTask.run()V @ 40
Event: 218.841 Thread 0x000000001b213000 Uncommon trap: reason=unstable_if action=reinterpret pc=0x00000000027a5938 method=java.util.concurrent.ScheduledThreadPoolExecutor$DelayedWorkQueue.take()Ljava/util/concurrent/RunnableScheduledFuture; @ 17

Classes redefined (0 events):
No events

Internal exceptions (10 events):
Event: 213.539 Thread 0x0000000001175800 Exception <a 'java/net/SocketTimeoutException': Read timed out> (0x00000007813c4e78) thrown at [C:\re\workspace\8-2-build-windows-amd64-cygwin\jdk8u181\11358\hotspot\src\share\vm\prims\jni.cpp, line 735]
Event: 214.053 Thread 0x0000000001175800 Exception <a 'java/net/SocketTimeoutException': Read timed out> (0x00000007813d8bb0) thrown at [C:\re\workspace\8-2-build-windows-amd64-cygwin\jdk8u181\11358\hotspot\src\share\vm\prims\jni.cpp, line 735]
Event: 214.570 Thread 0x0000000001175800 Exception <a 'java/net/SocketTimeoutException': Read timed out> (0x00000007813ec8e8) thrown at [C:\re\workspace\8-2-build-windows-amd64-cygwin\jdk8u181\11358\hotspot\src\share\vm\prims\jni.cpp, line 735]
Event: 215.166 Thread 0x0000000001175800 Exception <a 'java/net/SocketTimeoutException': Read timed out> (0x0000000781400620) thrown at [C:\re\workspace\8-2-build-windows-amd64-cygwin\jdk8u181\11358\hotspot\src\share\vm\prims\jni.cpp, line 735]
Event: 215.954 Thread 0x0000000001175800 Exception <a 'java/net/SocketTimeoutException': Read timed out> (0x0000000781414400) thrown at [C:\re\workspace\8-2-build-windows-amd64-cygwin\jdk8u181\11358\hotspot\src\share\vm\prims\jni.cpp, line 735]
Event: 216.467 Thread 0x0000000001175800 Exception <a 'java/net/SocketTimeoutException': Read timed out> (0x0000000781428138) thrown at [C:\re\workspace\8-2-build-windows-amd64-cygwin\jdk8u181\11358\hotspot\src\share\vm\prims\jni.cpp, line 735]
Event: 216.981 Thread 0x0000000001175800 Exception <a 'java/net/SocketTimeoutException': Read timed out> (0x000000078143be70) thrown at [C:\re\workspace\8-2-build-windows-amd64-cygwin\jdk8u181\11358\hotspot\src\share\vm\prims\jni.cpp, line 735]
Event: 217.494 Thread 0x0000000001175800 Exception <a 'java/net/SocketTimeoutException': Read timed out> (0x000000078144fba8) thrown at [C:\re\workspace\8-2-build-windows-amd64-cygwin\jdk8u181\11358\hotspot\src\share\vm\prims\jni.cpp, line 735]
Event: 218.841 Thread 0x000000001b213000 Exception <a 'java/lang/OutOfMemoryError': OutOfMemoryError> (0x000000079b1a6a08) thrown at [C:\re\workspace\8-2-build-windows-amd64-cygwin\jdk8u181\11358\hotspot\src\share\vm\prims\jni.cpp, line 735]
Event: 218.841 Thread 0x000000001b213000 Implicit null exception at 0x00000000027a4961 to 0x00000000027a5919

Events (10 events):
Event: 218.706 Thread 0x0000000001175800 DEOPT UNPACKING pc=0x00000000012b7890 sp=0x000000000116cdf0 mode 0
Event: 218.841 Thread 0x000000001b213000 Uncommon trap: trap_request=0xffffff65 fr.pc=0x0000000002cbd108
Event: 218.841 Thread 0x000000001b213000 DEOPT PACKING pc=0x0000000002cbd108 sp=0x000000001ddbeef0
Event: 218.841 Thread 0x000000001b213000 DEOPT UNPACKING pc=0x00000000012b583b sp=0x000000001ddbeed8 mode 2
Event: 218.841 Thread 0x000000001b213000 Uncommon trap: trap_request=0xffffff65 fr.pc=0x0000000002609440
Event: 218.841 Thread 0x000000001b213000 DEOPT PACKING pc=0x0000000002609440 sp=0x000000001ddbef90
Event: 218.841 Thread 0x000000001b213000 DEOPT UNPACKING pc=0x00000000012b583b sp=0x000000001ddbef50 mode 2
Event: 218.841 Thread 0x000000001b213000 Uncommon trap: trap_request=0xffffff65 fr.pc=0x00000000027a5938
Event: 218.841 Thread 0x000000001b213000 DEOPT PACKING pc=0x00000000027a5938 sp=0x000000001ddbef30
Event: 218.841 Thread 0x000000001b213000 DEOPT UNPACKING pc=0x00000000012b583b sp=0x000000001ddbee40 mode 2


Dynamic libraries:
0x00007ff7edfb0000 - 0x00007ff7edfe7000 	C:\Katalon_Studio\jre\bin\java.exe
0x00007ffe1c940000 - 0x00007ffe1cb30000 	C:\WINDOWS\SYSTEM32\ntdll.dll
0x00007ffe1bef0000 - 0x00007ffe1bfa2000 	C:\WINDOWS\System32\KERNEL32.dll
0x00007ffe11c00000 - 0x00007ffe11d27000 	C:\Windows\system32\hmpalert.dll
0x00007ffe1a4b0000 - 0x00007ffe1a753000 	C:\WINDOWS\System32\KERNELBASE.dll
0x00007ffe1b460000 - 0x00007ffe1b503000 	C:\WINDOWS\System32\ADVAPI32.dll
0x00007ffe1b6b0000 - 0x00007ffe1b74e000 	C:\WINDOWS\System32\msvcrt.dll
0x00007ffe1c090000 - 0x00007ffe1c127000 	C:\WINDOWS\System32\sechost.dll
0x00007ffe1bd40000 - 0x00007ffe1be60000 	C:\WINDOWS\System32\RPCRT4.dll
0x00007ffe1b510000 - 0x00007ffe1b6a4000 	C:\WINDOWS\System32\USER32.dll
0x00007ffe19b70000 - 0x00007ffe19b91000 	C:\WINDOWS\System32\win32u.dll
0x00007ffe1c8d0000 - 0x00007ffe1c8f6000 	C:\WINDOWS\System32\GDI32.dll
0x00007ffe1a760000 - 0x00007ffe1a8f4000 	C:\WINDOWS\System32\gdi32full.dll
0x00007ffe1a950000 - 0x00007ffe1a9ee000 	C:\WINDOWS\System32\msvcp_win.dll
0x00007ffe1a3b0000 - 0x00007ffe1a4aa000 	C:\WINDOWS\System32\ucrtbase.dll
0x00007ffe08090000 - 0x00007ffe08315000 	C:\WINDOWS\WinSxS\amd64_microsoft.windows.common-controls_6595b64144ccf1df_6.0.18362.720_none_e6beb5c51314836b\COMCTL32.dll
0x00007ffe1b760000 - 0x00007ffe1ba96000 	C:\WINDOWS\System32\combase.dll
0x00007ffe19980000 - 0x00007ffe19a00000 	C:\WINDOWS\System32\bcryptPrimitives.dll
0x00007ffe0eb10000 - 0x00007ffe0eb4d000 	C:\WINDOWS\system32\SophosAV\SOPHOS~1.DLL
0x00007ffe1bd30000 - 0x00007ffe1bd38000 	C:\WINDOWS\System32\PSAPI.DLL
0x000000006ff60000 - 0x0000000070032000 	C:\Katalon_Studio\jre\bin\msvcr100.dll
0x0000000070210000 - 0x0000000070ab2000 	C:\Katalon_Studio\jre\bin\server\jvm.dll
0x00007ffe09a50000 - 0x00007ffe09a59000 	C:\WINDOWS\SYSTEM32\WSOCK32.dll
0x00007ffe1c020000 - 0x00007ffe1c08f000 	C:\WINDOWS\System32\WS2_32.dll
0x00007ffe144a0000 - 0x00007ffe144c4000 	C:\WINDOWS\SYSTEM32\WINMM.dll
0x00007ffe145d0000 - 0x00007ffe145da000 	C:\WINDOWS\SYSTEM32\VERSION.dll
0x00007ffe14470000 - 0x00007ffe1449d000 	C:\WINDOWS\SYSTEM32\WINMMBASE.dll
0x00007ffe1a900000 - 0x00007ffe1a94a000 	C:\WINDOWS\System32\cfgmgr32.dll
0x0000000070120000 - 0x000000007012f000 	C:\Katalon_Studio\jre\bin\verify.dll
0x00000000700f0000 - 0x0000000070119000 	C:\Katalon_Studio\jre\bin\java.dll
0x00000000700d0000 - 0x00000000700e6000 	C:\Katalon_Studio\jre\bin\zip.dll
0x00007ffe1ad70000 - 0x00007ffe1b455000 	C:\WINDOWS\System32\SHELL32.dll
0x00007ffe1c710000 - 0x00007ffe1c7b9000 	C:\WINDOWS\System32\shcore.dll
0x00007ffe19ba0000 - 0x00007ffe1a320000 	C:\WINDOWS\System32\windows.storage.dll
0x00007ffe19880000 - 0x00007ffe198a3000 	C:\WINDOWS\System32\profapi.dll
0x00007ffe19830000 - 0x00007ffe1987a000 	C:\WINDOWS\System32\powrprof.dll
0x00007ffe19800000 - 0x00007ffe19810000 	C:\WINDOWS\System32\UMPDC.dll
0x00007ffe1bb20000 - 0x00007ffe1bb72000 	C:\WINDOWS\System32\shlwapi.dll
0x00007ffe198b0000 - 0x00007ffe198c1000 	C:\WINDOWS\System32\kernel.appcore.dll
0x00007ffe19b50000 - 0x00007ffe19b67000 	C:\WINDOWS\System32\cryptsp.dll
0x00000000700b0000 - 0x00000000700ca000 	C:\Katalon_Studio\jre\bin\net.dll
0x00007ffe19030000 - 0x00007ffe19097000 	C:\WINDOWS\system32\mswsock.dll
0x0000000070090000 - 0x00000000700a1000 	C:\Katalon_Studio\jre\bin\nio.dll
0x000000006fdc0000 - 0x000000006ff59000 	C:\Katalon_Studio\jre\bin\awt.dll
0x00007ffe1aca0000 - 0x00007ffe1ad64000 	C:\WINDOWS\System32\OLEAUT32.dll
0x00007ffe176f0000 - 0x00007ffe1777f000 	C:\WINDOWS\SYSTEM32\apphelp.dll
0x00007ffe17cf0000 - 0x00007ffe17d1d000 	C:\WINDOWS\system32\DWMAPI.DLL
0x00007ffe00a80000 - 0x00007ffe00bd6000 	C:\WINDOWS\system32\opengl32.dll
0x00007ffe13e30000 - 0x00007ffe13e5c000 	C:\WINDOWS\SYSTEM32\GLU32.dll
0x00007ffe181c0000 - 0x00007ffe181e0000 	C:\WINDOWS\SYSTEM32\dxcore.dll
0x00007ffe1c5b0000 - 0x00007ffe1c707000 	C:\WINDOWS\System32\ole32.dll
0x00007ffe18de0000 - 0x00007ffe18eaa000 	C:\WINDOWS\SYSTEM32\DNSAPI.dll
0x00007ffe1b750000 - 0x00007ffe1b758000 	C:\WINDOWS\System32\NSI.dll
0x00007ffe18d40000 - 0x00007ffe18d7a000 	C:\WINDOWS\SYSTEM32\IPHLPAPI.DLL
0x00007ffe141d0000 - 0x00007ffe141da000 	C:\Windows\System32\rasadhlp.dll
0x00007ffe15ca0000 - 0x00007ffe15d17000 	C:\WINDOWS\System32\fwpuclnt.dll
0x00007ffe1a320000 - 0x00007ffe1a346000 	C:\WINDOWS\System32\bcrypt.dll
0x0000000070050000 - 0x0000000070074000 	C:\Katalon_Studio\jre\bin\sunec.dll
0x0000000070040000 - 0x000000007004b000 	C:\Katalon_Studio\jre\bin\sunmscapi.dll
0x00007ffe19a00000 - 0x00007ffe19b49000 	C:\WINDOWS\System32\CRYPT32.dll
0x00007ffe19810000 - 0x00007ffe19822000 	C:\WINDOWS\System32\MSASN1.dll
0x00007ffe15a70000 - 0x00007ffe15a86000 	C:\WINDOWS\SYSTEM32\dhcpcsvc6.DLL
0x00007ffe15a50000 - 0x00007ffe15a6c000 	C:\WINDOWS\SYSTEM32\dhcpcsvc.DLL
0x00007ffe18930000 - 0x00007ffe18963000 	C:\WINDOWS\system32\rsaenh.dll
0x00007ffe19720000 - 0x00007ffe19745000 	C:\WINDOWS\SYSTEM32\USERENV.dll
0x00007ffe19200000 - 0x00007ffe1920c000 	C:\WINDOWS\SYSTEM32\CRYPTBASE.dll
0x00007ffe11d30000 - 0x00007ffe11d46000 	C:\WINDOWS\system32\napinsp.dll
0x00007ffe11df0000 - 0x00007ffe11e0a000 	C:\WINDOWS\system32\pnrpnsp.dll
0x00007ffe11e10000 - 0x00007ffe11e1e000 	C:\WINDOWS\System32\winrnr.dll
0x00007ffe16190000 - 0x00007ffe161ac000 	C:\WINDOWS\system32\NLAapi.dll
0x00007ffe11e20000 - 0x00007ffe11e35000 	C:\WINDOWS\system32\wshbth.dll

VM Arguments:
java_command: org.codehaus.groovy.tools.GroovyStarter --main groovy.ui.GroovyMain C:\FarmaTesting\katalonProjects\Libs\TempTestSuite1591397276826.groovy
java_class_path (initial): ;C:\Katalon_Studio\plugins\org.codehaus.groovy_2.4.7.xx-201611170128-e46\lib\bsf-2.4.0.jar;C:\Katalon_Studio\plugins\org.codehaus.groovy_2.4.7.xx-201611170128-e46\lib\groovy-all-2.4.7.jar;C:\Katalon_Studio\plugins\org.codehaus.groovy_2.4.7.xx-201611170128-e46\lib\ivy-2.4.0.jar;C:\Katalon_Studio\plugins\org.codehaus.groovy_2.4.7.xx-201611170128-e46\lib\org.apache.xerces.impl_2.11.0.jar;C:\Katalon_Studio\plugins\org.codehaus.groovy_2.4.7.xx-201611170128-e46\lib\servlet-api-2.4.jar;C:\Katalon_Studio\plugins\org.codehaus.groovy_2.4.7.xx-201611170128-e46\lib\xml-apis_1.4.1.jar;C:\Katalon_Studio\plugins\com.kms.katalon.core_1.0.0.201908270734.jar;C:\Katalon_Studio\plugins\net.sf.supercsv.super-csv_2.1.0.jar;C:\Katalon_Studio\plugins\org.apache.poi_3.9.0.v201405241750.jar;C:\Katalon_Studio\plugins\org.apache.poi.ooxml_3.9.0.v201405241905.jar;C:\Katalon_Studio\plugins\org.apache.poi.ooxml.schemas_3.9.0.v201405241750.jar;C:\Katalon_Studio\plugins\org.dom4j_1.6.1.v201312101416.jar;C:\Katalon_Studio\plugins\org.apache.commons.io_2.4.0.jar;C:\Katalon_Studio\plugins\org.apache.commons.lang_2.6.0.jar;C:\Katalon_Studio\plugins\org.apache.xmlbeans_2.6.0.jar;C:\Katalon_Studio\plugins\com.google.gson_2.8.0.jar;C:\Katalon_Studio\plugins\org.jsoup_1.7.2.jar;C:\Katalon_Studio\plugins\com.mysql.jdbc_5.1.38.jar;C:\Katalon_Studio\plugins\com.microsoft.sqlserver.sqljdbc4_4.1.5605.100.jar;C:\Katalon_Studio\plugins\org.apache.commons.dbutils_1.6.0.jar;C:\Katalon_Studio\plugins\com.oracle.jdbc.ojdbc7_12.1.0.2.jar;C:\Katalon_Studio\plugins\org.postgresql.jdbc41_9.4.1208.jre7.jar;c:\Katalon_Studio\plugins\org.eclipse.osgi_3.11.3.v20170209-1843.jar;C:\Katalon_Studio\plugins\com.kms.katalon.constant_1.0.0.201908270734.jar;C:\Katalon_Studio\plugins\org.eclipse.persistence.eclipselink_2.5.0.RC1.jar;C:\Katalon_Studio\plugins\com.kms.katalon.selenium-standalone_1.0.0.201908270734.jar;C:\Katalon_Studio\plugins\atu.testrecorder.screen-recorder_2.1.0.jar;C:\Katalon_Studio\plu
Launcher Type: SUN_STANDARD

Environment Variables:
PATH=C:/Katalon_Studio/jre/bin/server;C:/Katalon_Studio/jre/bin;C:/Katalon_Studio/jre/lib/amd64;C:\Program Files (x86)\Common Files\Oracle\Java\javapath;C:\ProgramData\Oracle\Java\javapath;C:\WINDOWS\system32;C:\WINDOWS;C:\WINDOWS\System32\Wbem;C:\WINDOWS\System32\WindowsPowerShell\v1.0\;C:\Program Files (x86)\Microsoft SQL Server\Client SDK\ODBC\130\Tools\Binn\;C:\Program Files (x86)\Microsoft SQL Server\130\Tools\Binn\;C:\Program Files (x86)\Microsoft SQL Server\130\DTS\Binn\;C:\Program Files (x86)\Microsoft SQL Server\130\Tools\Binn\ManagementStudio\;C:\Program Files\dotnet\;C:\Program Files\Microsoft SQL Server\130\Tools\Binn\;C:\WINDOWS\System32\OpenSSH\;C:\Program Files (x86)\SAP BusinessObjects\sqlanywhere\BIN64;C:\Program Files (x86)\SAP BusinessObjects\sqlanywhere\BIN32;C:\Users\alflopez-ext\AppData\Local\Programs\Git\cmd;C:\Users\alflopez-ext\AppData\Local\Microsoft\WindowsApps;C:\Katalon_Studio;
USERNAME=alflopez-ext
OS=Windows_NT
PROCESSOR_IDENTIFIER=Intel64 Family 6 Model 45 Stepping 7, GenuineIntel



---------------  S Y S T E M  ---------------

OS: Windows 10.0 , 64 bit Build 18362 (10.0.18362.329)

CPU:total 4 (initial active 4) (2 cores per cpu, 1 threads per core) family 6 model 45 stepping 7, cmov, cx8, fxsr, mmx, sse, sse2, sse3, ssse3, sse4.1, sse4.2, popcnt, avx, aes, clmul, tsc, tscinvbit, tscinv

Memory: 4k page, physical 12582452k(2589560k free), swap 28173552k(3948k free)

vm_info: Java HotSpot(TM) 64-Bit Server VM (25.181-b13) for windows-amd64 JRE (1.8.0_181-b13), built on Jul  7 2018 04:01:33 by "java_re" with MS VC++ 10.0 (VS2010)

time: Fri Jun 05 19:51:37 2020
elapsed time: 218 seconds (0d 0h 3m 38s)

