#
# There is insufficient memory for the Java Runtime Environment to continue.
# Native memory allocation (malloc) failed to allocate 508160 bytes for Chunk::new
# Possible reasons:
#   The system is out of physical RAM or swap space
#   In 32 bit mode, the process size limit was hit
# Possible solutions:
#   Reduce memory load on the system
#   Increase physical memory or swap space
#   Check if swap backing store is full
#   Use 64 bit Java on a 64 bit OS
#   Decrease Java heap size (-Xmx/-Xms)
#   Decrease number of Java threads
#   Decrease Java thread stack sizes (-Xss)
#   Set larger code cache with -XX:ReservedCodeCacheSize=
# This output file may be truncated or incomplete.
#
#  Out of Memory Error (allocation.cpp:390), pid=54520, tid=0x000000000000bc98
#
# JRE version: Java(TM) SE Runtime Environment (8.0_181-b13) (build 1.8.0_181-b13)
# Java VM: Java HotSpot(TM) 64-Bit Server VM (25.181-b13 mixed mode windows-amd64 compressed oops)
# Failed to write core dump. Minidumps are not enabled by default on client versions of Windows
#

---------------  T H R E A D  ---------------

Current thread (0x0000000019015000):  JavaThread "C2 CompilerThread0" daemon [_thread_in_native, id=48280, stack(0x000000001a680000,0x000000001a780000)]

Stack: [0x000000001a680000,0x000000001a780000]
[error occurred during error reporting (printing stack bounds), id 0xc0000005]

Native frames: (J=compiled Java code, j=interpreted, Vv=VM code, C=native code)


Current CompileTask:
C2:  62508 7891       4       org.apache.xmlbeans.impl.values.XmlObjectBase::set_String (110 bytes)


---------------  P R O C E S S  ---------------

Java Threads: ( => current thread )
  0x000000001db23000 JavaThread "AWT-Shutdown" [_thread_blocked, id=25436, stack(0x0000000001390000,0x0000000001490000)]
  0x000000001db23800 JavaThread "Okio Watchdog" daemon [_thread_blocked, id=7364, stack(0x00000000228f0000,0x00000000229f0000)]
  0x00000000207a9000 JavaThread "OkHttp ConnectionPool" daemon [_thread_blocked, id=15280, stack(0x00000000227f0000,0x00000000228f0000)]
  0x00000000207a7800 JavaThread "Exec Stream Pumper" daemon [_thread_in_native, id=27448, stack(0x0000000021fe0000,0x00000000220e0000)]
  0x00000000207ad800 JavaThread "Exec Stream Pumper" daemon [_thread_in_native, id=58196, stack(0x0000000021dd0000,0x0000000021ed0000)]
  0x00000000207ac800 JavaThread "UrlChecker-2" daemon [_thread_blocked, id=46028, stack(0x0000000021bd0000,0x0000000021cd0000)]
  0x00000000207ac000 JavaThread "Exec Default Executor" daemon [_thread_in_native, id=19136, stack(0x0000000021ee0000,0x0000000021fe0000)]
  0x00000000207ae000 JavaThread "Image Fetcher 3" daemon [_thread_blocked, id=54792, stack(0x000000001efa0000,0x000000001f0a0000)]
  0x000000001b5fe000 JavaThread "Image Fetcher 2" daemon [_thread_blocked, id=13352, stack(0x000000001f0d0000,0x000000001f1d0000)]
  0x000000001be2e800 JavaThread "Image Fetcher 1" daemon [_thread_blocked, id=29004, stack(0x000000001eca0000,0x000000001eda0000)]
  0x000000001bebb000 JavaThread "Image Fetcher 0" daemon [_thread_blocked, id=36224, stack(0x000000001eba0000,0x000000001eca0000)]
  0x000000001d8b1800 JavaThread "pool-2-thread-1" [_thread_blocked, id=42956, stack(0x000000001e8a0000,0x000000001e9a0000)]
  0x000000001aa3c800 JavaThread "pool-1-thread-1" [_thread_blocked, id=42176, stack(0x000000001e7a0000,0x000000001e8a0000)]
  0x000000001b743000 JavaThread "AWT-Windows" daemon [_thread_in_native, id=39980, stack(0x000000001e6a0000,0x000000001e7a0000)]
  0x000000001b741800 JavaThread "Java2D Disposer" daemon [_thread_blocked, id=21336, stack(0x000000001c950000,0x000000001ca50000)]
  0x000000001a788000 JavaThread "Service Thread" daemon [_thread_blocked, id=23992, stack(0x000000001ad80000,0x000000001ae80000)]
  0x000000001a786800 JavaThread "C1 CompilerThread2" daemon [_thread_blocked, id=9436, stack(0x000000001ac80000,0x000000001ad80000)]
  0x000000001a783800 JavaThread "C2 CompilerThread1" daemon [_thread_in_native, id=49692, stack(0x000000001ab80000,0x000000001ac80000)]
=>0x0000000019015000 JavaThread "C2 CompilerThread0" daemon [_thread_in_native, id=48280, stack(0x000000001a680000,0x000000001a780000)]
  0x0000000019011800 JavaThread "Attach Listener" daemon [_thread_blocked, id=56584, stack(0x000000001a580000,0x000000001a680000)]
  0x0000000019010000 JavaThread "Signal Dispatcher" daemon [_thread_blocked, id=50392, stack(0x000000001a480000,0x000000001a580000)]
  0x0000000001e99800 JavaThread "Finalizer" daemon [_thread_blocked, id=49072, stack(0x000000001a260000,0x000000001a360000)]
  0x0000000001e96000 JavaThread "Reference Handler" daemon [_thread_blocked, id=9504, stack(0x000000001a160000,0x000000001a260000)]
  0x0000000001da5800 JavaThread "main" [_thread_in_Java, id=35572, stack(0x0000000001ca0000,0x0000000001da0000)]

Other Threads:
  0x0000000018fd7800 VMThread [stack: 0x000000001a060000,0x000000001a160000] [id=29596]
  0x000000001a789800 WatcherThread [stack: 0x000000001ae80000,0x000000001af80000] [id=24488]

VM state:not at safepoint (normal execution)

VM Mutex/Monitor currently owned by a thread: None

Heap:
 PSYoungGen      total 950784K, used 297092K [0x0000000780000000, 0x00000007c0000000, 0x00000007c0000000)
  eden space 904192K, 32% used [0x0000000780000000,0x0000000792221098,0x00000007b7300000)
  from space 46592K, 0% used [0x00000007bd280000,0x00000007bd280000,0x00000007c0000000)
  to   space 72192K, 0% used [0x00000007b7300000,0x00000007b7300000,0x00000007bb980000)
 ParOldGen       total 251392K, used 93558K [0x0000000700000000, 0x000000070f580000, 0x0000000780000000)
  object space 251392K, 37% used [0x0000000700000000,0x0000000705b5d938,0x000000070f580000)
 Metaspace       used 41366K, capacity 42646K, committed 42880K, reserved 1087488K
  class space    used 4834K, capacity 5164K, committed 5248K, reserved 1048576K

Card table byte_map: [0x0000000011260000,0x0000000011870000] byte_map_base: 0x000000000da60000

Marking Bits: (ParMarkBitMap*) 0x00000000624c2d00
 Begin Bits: [0x0000000012070000, 0x0000000015070000)
 End Bits:   [0x0000000015070000, 0x0000000018070000)

Polling page: 0x00000000011f0000

CodeCache: size=245760Kb used=26750Kb max_used=26990Kb free=219009Kb
 bounds [0x0000000001ea0000, 0x0000000003920000, 0x0000000010ea0000]
 total_blobs=7397 nmethods=6584 adapters=724
 compilation: enabled

Compilation events (10 events):
Event: 62.331 Thread 0x000000001a783800 7890       4       java.util.HashSet::size (8 bytes)
Event: 62.332 Thread 0x000000001a783800 nmethod 7890 0x0000000002be2d10 code [0x0000000002be2e40, 0x0000000002be2eb8]
Event: 62.348 Thread 0x0000000019015000 7891       4       org.apache.xmlbeans.impl.values.XmlObjectBase::set_String (110 bytes)
Event: 62.348 Thread 0x000000001a783800 7892   !   4       org.apache.xmlbeans.impl.store.Xobj::store_text (128 bytes)
Event: 62.407 Thread 0x000000001a783800 nmethod 7892 0x0000000002fc8210 code [0x0000000002fc8460, 0x0000000002fc9b10]
Event: 62.407 Thread 0x000000001a783800 7894   !   4       org.apache.poi.ss.formula.WorkbookEvaluator::evaluateAny (581 bytes)
Event: 62.426 Thread 0x000000001a786800 7896       3       org.apache.poi.openxml4j.opc.PackagePartName::getExtension (38 bytes)
Event: 62.428 Thread 0x000000001a786800 nmethod 7896 0x00000000024c8910 code [0x00000000024c8ac0, 0x00000000024c9248]
Event: 62.434 Thread 0x000000001a786800 7897       3       org.apache.poi.openxml4j.opc.OPCPackage::throwExceptionIfReadOnly (21 bytes)
Event: 62.435 Thread 0x000000001a786800 nmethod 7897 0x00000000024c8450 code [0x00000000024c85c0, 0x00000000024c8828]

GC Heap History (10 events):
Event: 48.082 GC heap before
{Heap before GC invocations=25 (full 2):
 PSYoungGen      total 747520K, used 740273K [0x0000000780000000, 0x00000007b0880000, 0x00000007c0000000)
  eden space 726528K, 100% used [0x0000000780000000,0x00000007ac580000,0x00000007ac580000)
  from space 20992K, 65% used [0x00000007af400000,0x00000007b016c6c0,0x00000007b0880000)
  to   space 34304K, 0% used [0x00000007ac580000,0x00000007ac580000,0x00000007ae700000)
 ParOldGen       total 150016K, used 72777K [0x0000000700000000, 0x0000000709280000, 0x0000000780000000)
  object space 150016K, 48% used [0x0000000700000000,0x0000000704712788,0x0000000709280000)
 Metaspace       used 40719K, capacity 41938K, committed 41984K, reserved 1085440K
  class space    used 4788K, capacity 5103K, committed 5120K, reserved 1048576K
Event: 48.103 GC heap after
Heap after GC invocations=25 (full 2):
 PSYoungGen      total 760832K, used 10203K [0x0000000780000000, 0x00000007b8600000, 0x00000007c0000000)
  eden space 726528K, 0% used [0x0000000780000000,0x0000000780000000,0x00000007ac580000)
  from space 34304K, 29% used [0x00000007ac580000,0x00000007acf76c50,0x00000007ae700000)
  to   space 33792K, 0% used [0x00000007b6500000,0x00000007b6500000,0x00000007b8600000)
 ParOldGen       total 150016K, used 73498K [0x0000000700000000, 0x0000000709280000, 0x0000000780000000)
  object space 150016K, 48% used [0x0000000700000000,0x00000007047c6808,0x0000000709280000)
 Metaspace       used 40719K, capacity 41938K, committed 41984K, reserved 1085440K
  class space    used 4788K, capacity 5103K, committed 5120K, reserved 1048576K
}
Event: 52.569 GC heap before
{Heap before GC invocations=26 (full 2):
 PSYoungGen      total 760832K, used 734285K [0x0000000780000000, 0x00000007b8600000, 0x00000007c0000000)
  eden space 726528K, 99% used [0x0000000780000000,0x00000007ac31c870,0x00000007ac580000)
  from space 34304K, 29% used [0x00000007ac580000,0x00000007acf76c50,0x00000007ae700000)
  to   space 33792K, 0% used [0x00000007b6500000,0x00000007b6500000,0x00000007b8600000)
 ParOldGen       total 150016K, used 73498K [0x0000000700000000, 0x0000000709280000, 0x0000000780000000)
  object space 150016K, 48% used [0x0000000700000000,0x00000007047c6808,0x0000000709280000)
 Metaspace       used 41199K, capacity 42524K, committed 42624K, reserved 1087488K
  class space    used 4831K, capacity 5165K, committed 5248K, reserved 1048576K
Event: 52.603 GC heap after
Heap after GC invocations=26 (full 2):
 PSYoungGen      total 881664K, used 27239K [0x0000000780000000, 0x00000007b8480000, 0x00000007c0000000)
  eden space 849408K, 0% used [0x0000000780000000,0x0000000780000000,0x00000007b3d80000)
  from space 32256K, 84% used [0x00000007b6500000,0x00000007b7f99ce8,0x00000007b8480000)
  to   space 36352K, 0% used [0x00000007b3d80000,0x00000007b3d80000,0x00000007b6100000)
 ParOldGen       total 150016K, used 73506K [0x0000000700000000, 0x0000000709280000, 0x0000000780000000)
  object space 150016K, 48% used [0x0000000700000000,0x00000007047c8808,0x0000000709280000)
 Metaspace       used 41199K, capacity 42524K, committed 42624K, reserved 1087488K
  class space    used 4831K, capacity 5165K, committed 5248K, reserved 1048576K
}
Event: 56.331 GC heap before
{Heap before GC invocations=27 (full 2):
 PSYoungGen      total 881664K, used 876647K [0x0000000780000000, 0x00000007b8480000, 0x00000007c0000000)
  eden space 849408K, 100% used [0x0000000780000000,0x00000007b3d80000,0x00000007b3d80000)
  from space 32256K, 84% used [0x00000007b6500000,0x00000007b7f99ce8,0x00000007b8480000)
  to   space 36352K, 0% used [0x00000007b3d80000,0x00000007b3d80000,0x00000007b6100000)
 ParOldGen       total 150016K, used 73506K [0x0000000700000000, 0x0000000709280000, 0x0000000780000000)
  object space 150016K, 48% used [0x0000000700000000,0x00000007047c8808,0x0000000709280000)
 Metaspace       used 41272K, capacity 42588K, committed 42880K, reserved 1087488K
  class space    used 4831K, capacity 5165K, committed 5248K, reserved 1048576K
Event: 56.526 GC heap after
Heap after GC invocations=27 (full 2):
 PSYoungGen      total 885760K, used 36327K [0x0000000780000000, 0x00000007c0000000, 0x00000007c0000000)
  eden space 849408K, 0% used [0x0000000780000000,0x0000000780000000,0x00000007b3d80000)
  from space 36352K, 99% used [0x00000007b3d80000,0x00000007b60f9d40,0x00000007b6100000)
  to   space 46592K, 0% used [0x00000007bd280000,0x00000007bd280000,0x00000007c0000000)
 ParOldGen       total 150016K, used 86646K [0x0000000700000000, 0x0000000709280000, 0x0000000780000000)
  object space 150016K, 57% used [0x0000000700000000,0x000000070549d868,0x0000000709280000)
 Metaspace       used 41272K, capacity 42588K, committed 42880K, reserved 1087488K
  class space    used 4831K, capacity 5165K, committed 5248K, reserved 1048576K
}
Event: 60.690 GC heap before
{Heap before GC invocations=28 (full 2):
 PSYoungGen      total 885760K, used 885735K [0x0000000780000000, 0x00000007c0000000, 0x00000007c0000000)
  eden space 849408K, 100% used [0x0000000780000000,0x00000007b3d80000,0x00000007b3d80000)
  from space 36352K, 99% used [0x00000007b3d80000,0x00000007b60f9d40,0x00000007b6100000)
  to   space 46592K, 0% used [0x00000007bd280000,0x00000007bd280000,0x00000007c0000000)
 ParOldGen       total 150016K, used 89718K [0x0000000700000000, 0x0000000709280000, 0x0000000780000000)
  object space 150016K, 59% used [0x0000000700000000,0x000000070579d878,0x0000000709280000)
 Metaspace       used 41364K, capacity 42658K, committed 42880K, reserved 1087488K
  class space    used 4832K, capacity 5166K, committed 5248K, reserved 1048576K
Event: 60.841 GC heap after
Heap after GC invocations=28 (full 2):
 PSYoungGen      total 950784K, used 46591K [0x0000000780000000, 0x00000007c0000000, 0x00000007c0000000)
  eden space 904192K, 0% used [0x0000000780000000,0x0000000780000000,0x00000007b7300000)
  from space 46592K, 99% used [0x00000007bd280000,0x00000007bffffd50,0x00000007c0000000)
  to   space 72192K, 0% used [0x00000007b7300000,0x00000007b7300000,0x00000007bb980000)
 ParOldGen       total 150016K, used 139953K [0x0000000700000000, 0x0000000709280000, 0x0000000780000000)
  object space 150016K, 93% used [0x0000000700000000,0x00000007088ac770,0x0000000709280000)
 Metaspace       used 41364K, capacity 42658K, committed 42880K, reserved 1087488K
  class space    used 4832K, capacity 5166K, committed 5248K, reserved 1048576K
}
Event: 60.841 GC heap before
{Heap before GC invocations=29 (full 3):
 PSYoungGen      total 950784K, used 46591K [0x0000000780000000, 0x00000007c0000000, 0x00000007c0000000)
  eden space 904192K, 0% used [0x0000000780000000,0x0000000780000000,0x00000007b7300000)
  from space 46592K, 99% used [0x00000007bd280000,0x00000007bffffd50,0x00000007c0000000)
  to   space 72192K, 0% used [0x00000007b7300000,0x00000007b7300000,0x00000007bb980000)
 ParOldGen       total 150016K, used 139953K [0x0000000700000000, 0x0000000709280000, 0x0000000780000000)
  object space 150016K, 93% used [0x0000000700000000,0x00000007088ac770,0x0000000709280000)
 Metaspace       used 41364K, capacity 42658K, committed 42880K, reserved 1087488K
  class space    used 4832K, capacity 5166K, committed 5248K, reserved 1048576K
Event: 61.704 GC heap after
Heap after GC invocations=29 (full 3):
 PSYoungGen      total 950784K, used 0K [0x0000000780000000, 0x00000007c0000000, 0x00000007c0000000)
  eden space 904192K, 0% used [0x0000000780000000,0x0000000780000000,0x00000007b7300000)
  from space 46592K, 0% used [0x00000007bd280000,0x00000007bd280000,0x00000007c0000000)
  to   space 72192K, 0% used [0x00000007b7300000,0x00000007b7300000,0x00000007bb980000)
 ParOldGen       total 251392K, used 93558K [0x0000000700000000, 0x000000070f580000, 0x0000000780000000)
  object space 251392K, 37% used [0x0000000700000000,0x0000000705b5d938,0x000000070f580000)
 Metaspace       used 41360K, capacity 42646K, committed 42880K, reserved 1087488K
  class space    used 4830K, capacity 5164K, committed 5248K, reserved 1048576K
}

Deoptimization events (10 events):
Event: 49.731 Thread 0x0000000001da5800 Uncommon trap: reason=unstable_if action=reinterpret pc=0x0000000002e29588 method=groovyjarjarasm.asm.ByteVector.putUTF8(Ljava/lang/String;)Lgroovyjarjarasm/asm/ByteVector; @ 98
Event: 49.803 Thread 0x0000000001da5800 Uncommon trap: reason=unstable_if action=reinterpret pc=0x0000000002211b84 method=sun.nio.cs.UTF_8$Decoder.decode([BII[C)I @ 30
Event: 51.868 Thread 0x0000000001da5800 Uncommon trap: reason=unstable_if action=reinterpret pc=0x00000000036a377c method=org.apache.poi.xssf.usermodel.XSSFRow.onDocumentWrite()V @ 121
Event: 52.366 Thread 0x0000000001da5800 Uncommon trap: reason=predicate action=maybe_recompile pc=0x00000000038858a0 method=java.util.AbstractCollection.toArray([Ljava/lang/Object;)[Ljava/lang/Object; @ 49
Event: 52.382 Thread 0x0000000001da5800 Uncommon trap: reason=array_check action=maybe_recompile pc=0x0000000003884714 method=java.util.AbstractCollection.toArray([Ljava/lang/Object;)[Ljava/lang/Object; @ 119
Event: 52.382 Thread 0x0000000001da5800 Uncommon trap: reason=array_check action=maybe_recompile pc=0x0000000003884714 method=java.util.AbstractCollection.toArray([Ljava/lang/Object;)[Ljava/lang/Object; @ 119
Event: 52.382 Thread 0x0000000001da5800 Uncommon trap: reason=array_check action=maybe_recompile pc=0x0000000003884714 method=java.util.AbstractCollection.toArray([Ljava/lang/Object;)[Ljava/lang/Object; @ 119
Event: 52.382 Thread 0x0000000001da5800 Uncommon trap: reason=array_check action=maybe_recompile pc=0x0000000003884714 method=java.util.AbstractCollection.toArray([Ljava/lang/Object;)[Ljava/lang/Object; @ 119
Event: 59.854 Thread 0x000000001aa3c800 Uncommon trap: reason=unstable_if action=reinterpret pc=0x00000000027be3d4 method=atu.testrecorder.media.avi.TechSmithCodec.writeKey8(Ljava/io/OutputStream;[BIIII)V @ 425
Event: 62.319 Thread 0x0000000001da5800 Uncommon trap: reason=unstable_if action=reinterpret pc=0x00000000038648a0 method=org.apache.poi.ss.util.CellReference.convertNumToColString(I)Ljava/lang/String; @ 21

Classes redefined (0 events):
No events

Internal exceptions (10 events):
Event: 51.238 Thread 0x0000000001da5800 Exception <a 'java/security/PrivilegedActionException'> (0x0000000791f0cb20) thrown at [C:\re\workspace\8-2-build-windows-amd64-cygwin\jdk8u181\11358\hotspot\src\share\vm\prims\jvm.cpp, line 1435]
Event: 51.261 Thread 0x0000000001da5800 Exception <a 'java/security/PrivilegedActionException'> (0x000000079208dc30) thrown at [C:\re\workspace\8-2-build-windows-amd64-cygwin\jdk8u181\11358\hotspot\src\share\vm\prims\jvm.cpp, line 1435]
Event: 51.261 Thread 0x0000000001da5800 Exception <a 'java/security/PrivilegedActionException'> (0x000000079208e210) thrown at [C:\re\workspace\8-2-build-windows-amd64-cygwin\jdk8u181\11358\hotspot\src\share\vm\prims\jvm.cpp, line 1435]
Event: 51.279 Thread 0x0000000001da5800 Exception <a 'java/lang/ClassNotFoundException': Script1BeanInfo> (0x0000000792ab44b0) thrown at [C:\re\workspace\8-2-build-windows-amd64-cygwin\jdk8u181\11358\hotspot\src\share\vm\classfile\systemDictionary.cpp, line 210]
Event: 51.285 Thread 0x0000000001da5800 Exception <a 'java/lang/ClassNotFoundException': Script1Customizer> (0x0000000792ae2470) thrown at [C:\re\workspace\8-2-build-windows-amd64-cygwin\jdk8u181\11358\hotspot\src\share\vm\classfile\systemDictionary.cpp, line 210]
Event: 51.299 Thread 0x0000000001da5800 Exception <a 'java/lang/ClassNotFoundException': groovy/tmp/templates/GStringTemplateScript37BeanInfo> (0x0000000792bafff0) thrown at [C:\re\workspace\8-2-build-windows-amd64-cygwin\jdk8u181\11358\hotspot\src\share\vm\classfile\systemDictionary.cpp, line 
Event: 51.306 Thread 0x0000000001da5800 Exception <a 'java/lang/ClassNotFoundException': groovy/tmp/templates/GStringTemplateScript37Customizer> (0x0000000792c07570) thrown at [C:\re\workspace\8-2-build-windows-amd64-cygwin\jdk8u181\11358\hotspot\src\share\vm\classfile\systemDictionary.cpp, lin
Event: 51.317 Thread 0x0000000001da5800 Exception <a 'java/net/SocketTimeoutException': Read timed out> (0x0000000792d12b68) thrown at [C:\re\workspace\8-2-build-windows-amd64-cygwin\jdk8u181\11358\hotspot\src\share\vm\prims\jni.cpp, line 735]
Event: 51.346 Thread 0x0000000001da5800 Exception <a 'java/net/SocketTimeoutException': Read timed out> (0x0000000792ddb950) thrown at [C:\re\workspace\8-2-build-windows-amd64-cygwin\jdk8u181\11358\hotspot\src\share\vm\prims\jni.cpp, line 735]
Event: 62.491 Thread 0x000000001aa3c800 Exception <a 'java/lang/OutOfMemoryError': OutOfMemoryError> (0x0000000780c6ca18) thrown at [C:\re\workspace\8-2-build-windows-amd64-cygwin\jdk8u181\11358\hotspot\src\share\vm\prims\jni.cpp, line 735]

Events (10 events):
Event: 61.719 loading class sun/awt/AppContext$PostShutdownEventRunnable done
Event: 61.720 loading class sun/awt/AWTAutoShutdown$1
Event: 61.720 loading class sun/awt/AWTAutoShutdown$1 done
Event: 61.721 Executing VM operation: RevokeBias
Event: 61.722 Executing VM operation: RevokeBias done
Event: 61.722 Thread 0x000000001b742800 Thread exited: 0x000000001b742800
Event: 61.742 Thread 0x000000001db23000 Thread added: 0x000000001db23000
Event: 62.319 Thread 0x0000000001da5800 Uncommon trap: trap_request=0xffffff65 fr.pc=0x00000000038648a0
Event: 62.319 Thread 0x0000000001da5800 DEOPT PACKING pc=0x00000000038648a0 sp=0x0000000001d9ce20
Event: 62.319 Thread 0x0000000001da5800 DEOPT UNPACKING pc=0x0000000001ee583b sp=0x0000000001d9cdd0 mode 2


Dynamic libraries:
0x00007ff62e600000 - 0x00007ff62e637000 	C:\Katalon_Studio\jre\bin\java.exe
0x00007ff8fb0a0000 - 0x00007ff8fb290000 	C:\WINDOWS\SYSTEM32\ntdll.dll
0x00007ff8f9f90000 - 0x00007ff8fa042000 	C:\WINDOWS\System32\KERNEL32.dll
0x00007ff8f7d10000 - 0x00007ff8f7e42000 	C:\Windows\system32\hmpalert.dll
0x00007ff8f8650000 - 0x00007ff8f88f3000 	C:\WINDOWS\System32\KERNELBASE.dll
0x00007ff8f9150000 - 0x00007ff8f91f3000 	C:\WINDOWS\System32\ADVAPI32.dll
0x00007ff8fafc0000 - 0x00007ff8fb05e000 	C:\WINDOWS\System32\msvcrt.dll
0x00007ff8fa610000 - 0x00007ff8fa6a7000 	C:\WINDOWS\System32\sechost.dll
0x00007ff8f9900000 - 0x00007ff8f9a20000 	C:\WINDOWS\System32\RPCRT4.dll
0x00007ff8f9c70000 - 0x00007ff8f9e04000 	C:\WINDOWS\System32\USER32.dll
0x00007ff8f8480000 - 0x00007ff8f84a1000 	C:\WINDOWS\System32\win32u.dll
0x00007ff8fa8a0000 - 0x00007ff8fa8c6000 	C:\WINDOWS\System32\GDI32.dll
0x00007ff8f84b0000 - 0x00007ff8f8644000 	C:\WINDOWS\System32\gdi32full.dll
0x00007ff8f81e0000 - 0x00007ff8f827e000 	C:\WINDOWS\System32\msvcp_win.dll
0x00007ff8f8380000 - 0x00007ff8f847a000 	C:\WINDOWS\System32\ucrtbase.dll
0x00007ff8e7820000 - 0x00007ff8e7aa5000 	C:\WINDOWS\WinSxS\amd64_microsoft.windows.common-controls_6595b64144ccf1df_6.0.18362.720_none_e6beb5c51314836b\COMCTL32.dll
0x00007ff8f94f0000 - 0x00007ff8f9826000 	C:\WINDOWS\System32\combase.dll
0x00007ff8f8900000 - 0x00007ff8f8980000 	C:\WINDOWS\System32\bcryptPrimitives.dll
0x00007ff8dd200000 - 0x00007ff8dd23d000 	C:\WINDOWS\system32\SophosAV\SOPHOS~1.DLL
0x00007ff8f9a20000 - 0x00007ff8f9a28000 	C:\WINDOWS\System32\PSAPI.DLL
0x0000000062550000 - 0x0000000062622000 	C:\Katalon_Studio\jre\bin\msvcr100.dll
0x0000000061ca0000 - 0x0000000062542000 	C:\Katalon_Studio\jre\bin\server\jvm.dll
0x00007ff8f3470000 - 0x00007ff8f3494000 	C:\WINDOWS\SYSTEM32\WINMM.dll
0x00007ff8e9c30000 - 0x00007ff8e9c39000 	C:\WINDOWS\SYSTEM32\WSOCK32.dll
0x00007ff8fa520000 - 0x00007ff8fa58f000 	C:\WINDOWS\System32\WS2_32.dll
0x00007ff8f3440000 - 0x00007ff8f346d000 	C:\WINDOWS\SYSTEM32\WINMMBASE.dll
0x00007ff8f8280000 - 0x00007ff8f82ca000 	C:\WINDOWS\System32\cfgmgr32.dll
0x00007ff8f3570000 - 0x00007ff8f357a000 	C:\WINDOWS\SYSTEM32\VERSION.dll
0x0000000061bb0000 - 0x0000000061bbf000 	C:\Katalon_Studio\jre\bin\verify.dll
0x0000000061b80000 - 0x0000000061ba9000 	C:\Katalon_Studio\jre\bin\java.dll
0x0000000061b60000 - 0x0000000061b76000 	C:\Katalon_Studio\jre\bin\zip.dll
0x00007ff8fa8d0000 - 0x00007ff8fafb5000 	C:\WINDOWS\System32\SHELL32.dll
0x00007ff8f9ee0000 - 0x00007ff8f9f89000 	C:\WINDOWS\System32\shcore.dll
0x00007ff8f89b0000 - 0x00007ff8f9130000 	C:\WINDOWS\System32\windows.storage.dll
0x00007ff8f7fc0000 - 0x00007ff8f7fe3000 	C:\WINDOWS\System32\profapi.dll
0x00007ff8f7f70000 - 0x00007ff8f7fba000 	C:\WINDOWS\System32\powrprof.dll
0x00007ff8f7f60000 - 0x00007ff8f7f70000 	C:\WINDOWS\System32\UMPDC.dll
0x00007ff8fa050000 - 0x00007ff8fa0a2000 	C:\WINDOWS\System32\shlwapi.dll
0x00007ff8f7ff0000 - 0x00007ff8f8001000 	C:\WINDOWS\System32\kernel.appcore.dll
0x00007ff8f9130000 - 0x00007ff8f9147000 	C:\WINDOWS\System32\cryptsp.dll
0x0000000061b40000 - 0x0000000061b5a000 	C:\Katalon_Studio\jre\bin\net.dll
0x00007ff8f7650000 - 0x00007ff8f76b7000 	C:\WINDOWS\system32\mswsock.dll
0x0000000061b20000 - 0x0000000061b31000 	C:\Katalon_Studio\jre\bin\nio.dll
0x0000000061790000 - 0x0000000061929000 	C:\Katalon_Studio\jre\bin\awt.dll
0x00007ff8f9830000 - 0x00007ff8f98f4000 	C:\WINDOWS\System32\OLEAUT32.dll
0x00007ff8f5d10000 - 0x00007ff8f5d9f000 	C:\WINDOWS\SYSTEM32\apphelp.dll
0x00007ff8f6240000 - 0x00007ff8f626d000 	C:\WINDOWS\system32\DWMAPI.DLL
0x00007ff8ab530000 - 0x00007ff8ab686000 	C:\WINDOWS\system32\opengl32.dll
0x00007ff8b9750000 - 0x00007ff8b977c000 	C:\WINDOWS\SYSTEM32\GLU32.dll
0x00007ff8f67e0000 - 0x00007ff8f6800000 	C:\WINDOWS\SYSTEM32\dxcore.dll
0x00007ff8f9390000 - 0x00007ff8f94e7000 	C:\WINDOWS\System32\ole32.dll
0x00007ff8f73b0000 - 0x00007ff8f747a000 	C:\WINDOWS\SYSTEM32\DNSAPI.dll
0x00007ff8f9200000 - 0x00007ff8f9208000 	C:\WINDOWS\System32\NSI.dll
0x00007ff8f7360000 - 0x00007ff8f739a000 	C:\WINDOWS\SYSTEM32\IPHLPAPI.DLL
0x00007ff8f1660000 - 0x00007ff8f166a000 	C:\Windows\System32\rasadhlp.dll
0x00007ff8f4100000 - 0x00007ff8f4177000 	C:\WINDOWS\System32\fwpuclnt.dll
0x00007ff8f8980000 - 0x00007ff8f89a6000 	C:\WINDOWS\System32\bcrypt.dll
0x0000000061af0000 - 0x0000000061b14000 	C:\Katalon_Studio\jre\bin\sunec.dll
0x0000000061ae0000 - 0x0000000061aeb000 	C:\Katalon_Studio\jre\bin\sunmscapi.dll
0x00007ff8f8090000 - 0x00007ff8f81d9000 	C:\WINDOWS\System32\CRYPT32.dll
0x00007ff8f8010000 - 0x00007ff8f8022000 	C:\WINDOWS\System32\MSASN1.dll
0x00007ff8f3840000 - 0x00007ff8f3856000 	C:\WINDOWS\SYSTEM32\dhcpcsvc6.DLL
0x00007ff8f3820000 - 0x00007ff8f383c000 	C:\WINDOWS\SYSTEM32\dhcpcsvc.DLL
0x00007ff8f6f50000 - 0x00007ff8f6f83000 	C:\WINDOWS\system32\rsaenh.dll
0x00007ff8f7e80000 - 0x00007ff8f7ea5000 	C:\WINDOWS\SYSTEM32\USERENV.dll
0x00007ff8f7820000 - 0x00007ff8f782c000 	C:\WINDOWS\SYSTEM32\CRYPTBASE.dll
0x00007ff8f0490000 - 0x00007ff8f04a6000 	C:\WINDOWS\system32\napinsp.dll
0x00007ff8f04b0000 - 0x00007ff8f04ca000 	C:\WINDOWS\system32\pnrpnsp.dll
0x00007ff8f05f0000 - 0x00007ff8f05fe000 	C:\WINDOWS\System32\winrnr.dll
0x00007ff8f4620000 - 0x00007ff8f463c000 	C:\WINDOWS\system32\NLAapi.dll
0x00007ff8f04d0000 - 0x00007ff8f04e5000 	C:\WINDOWS\system32\wshbth.dll

VM Arguments:
java_command: org.codehaus.groovy.tools.GroovyStarter --main groovy.ui.GroovyMain C:\FarmaTesting\katalonProjects\Libs\TempTestSuite1596826643520.groovy
java_class_path (initial): ;C:\Katalon_Studio\plugins\org.codehaus.groovy_2.4.7.xx-201611170128-e46\lib\bsf-2.4.0.jar;C:\Katalon_Studio\plugins\org.codehaus.groovy_2.4.7.xx-201611170128-e46\lib\groovy-all-2.4.7.jar;C:\Katalon_Studio\plugins\org.codehaus.groovy_2.4.7.xx-201611170128-e46\lib\ivy-2.4.0.jar;C:\Katalon_Studio\plugins\org.codehaus.groovy_2.4.7.xx-201611170128-e46\lib\org.apache.xerces.impl_2.11.0.jar;C:\Katalon_Studio\plugins\org.codehaus.groovy_2.4.7.xx-201611170128-e46\lib\servlet-api-2.4.jar;C:\Katalon_Studio\plugins\org.codehaus.groovy_2.4.7.xx-201611170128-e46\lib\xml-apis_1.4.1.jar;C:\Katalon_Studio\plugins\com.kms.katalon.core_1.0.0.201908270734.jar;C:\Katalon_Studio\plugins\net.sf.supercsv.super-csv_2.1.0.jar;C:\Katalon_Studio\plugins\org.apache.poi_3.9.0.v201405241750.jar;C:\Katalon_Studio\plugins\org.apache.poi.ooxml_3.9.0.v201405241905.jar;C:\Katalon_Studio\plugins\org.apache.poi.ooxml.schemas_3.9.0.v201405241750.jar;C:\Katalon_Studio\plugins\org.dom4j_1.6.1.v201312101416.jar;C:\Katalon_Studio\plugins\org.apache.commons.io_2.4.0.jar;C:\Katalon_Studio\plugins\org.apache.commons.lang_2.6.0.jar;C:\Katalon_Studio\plugins\org.apache.xmlbeans_2.6.0.jar;C:\Katalon_Studio\plugins\com.google.gson_2.8.0.jar;C:\Katalon_Studio\plugins\org.jsoup_1.7.2.jar;C:\Katalon_Studio\plugins\com.mysql.jdbc_5.1.38.jar;C:\Katalon_Studio\plugins\com.microsoft.sqlserver.sqljdbc4_4.1.5605.100.jar;C:\Katalon_Studio\plugins\org.apache.commons.dbutils_1.6.0.jar;C:\Katalon_Studio\plugins\com.oracle.jdbc.ojdbc7_12.1.0.2.jar;C:\Katalon_Studio\plugins\org.postgresql.jdbc41_9.4.1208.jre7.jar;c:\Katalon_Studio\plugins\org.eclipse.osgi_3.11.3.v20170209-1843.jar;C:\Katalon_Studio\plugins\com.kms.katalon.constant_1.0.0.201908270734.jar;C:\Katalon_Studio\plugins\org.eclipse.persistence.eclipselink_2.5.0.RC1.jar;C:\Katalon_Studio\plugins\com.kms.katalon.selenium-standalone_1.0.0.201908270734.jar;C:\Katalon_Studio\plugins\atu.testrecorder.screen-recorder_2.1.0.jar;C:\Katalon_Studio\plu
Launcher Type: SUN_STANDARD

Environment Variables:
PATH=C:/Katalon_Studio/jre/bin/server;C:/Katalon_Studio/jre/bin;C:/Katalon_Studio/jre/lib/amd64;C:\Program Files (x86)\Common Files\Oracle\Java\javapath;C:\ProgramData\Oracle\Java\javapath;C:\WINDOWS\system32;C:\WINDOWS;C:\WINDOWS\System32\Wbem;C:\WINDOWS\System32\WindowsPowerShell\v1.0\;C:\Program Files (x86)\Microsoft SQL Server\Client SDK\ODBC\130\Tools\Binn\;C:\Program Files (x86)\Microsoft SQL Server\130\Tools\Binn\;C:\Program Files (x86)\Microsoft SQL Server\130\DTS\Binn\;C:\Program Files (x86)\Microsoft SQL Server\130\Tools\Binn\ManagementStudio\;C:\Program Files\dotnet\;C:\Program Files\Microsoft SQL Server\130\Tools\Binn\;C:\WINDOWS\System32\OpenSSH\;C:\Program Files (x86)\SAP BusinessObjects\sqlanywhere\BIN64;C:\Program Files (x86)\SAP BusinessObjects\sqlanywhere\BIN32;C:\Users\alflopez-ext\AppData\Local\Programs\Git\cmd;C:\Users\tareasprogramadas\AppData\Local\Microsoft\WindowsApps;C:\Katalon_Studio;
USERNAME=tareasprogramadas
OS=Windows_NT
PROCESSOR_IDENTIFIER=Intel64 Family 6 Model 45 Stepping 7, GenuineIntel



---------------  S Y S T E M  ---------------

OS: Windows 10.0 , 64 bit Build 18362 (10.0.18362.329)

CPU:total 4 (initial active 4) (2 cores per cpu, 1 threads per core) family 6 model 45 stepping 7, cmov, cx8, fxsr, mmx, sse, sse2, sse3, ssse3, sse4.1, sse4.2, popcnt, avx, aes, clmul, tsc, tscinvbit, tscinv

Memory: 4k page, physical 12582452k(847944k free), swap 28173552k(6984k free)

vm_info: Java HotSpot(TM) 64-Bit Server VM (25.181-b13) for windows-amd64 JRE (1.8.0_181-b13), built on Jul  7 2018 04:01:33 by "java_re" with MS VC++ 10.0 (VS2010)

time: Fri Aug 07 15:58:27 2020
elapsed time: 62 seconds (0d 0h 1m 2s)

