#
# There is insufficient memory for the Java Runtime Environment to continue.
# Native memory allocation (malloc) failed to allocate 1612656 bytes for Chunk::new
# Possible reasons:
#   The system is out of physical RAM or swap space
#   In 32 bit mode, the process size limit was hit
# Possible solutions:
#   Reduce memory load on the system
#   Increase physical memory or swap space
#   Check if swap backing store is full
#   Use 64 bit Java on a 64 bit OS
#   Decrease Java heap size (-Xmx/-Xms)
#   Decrease number of Java threads
#   Decrease Java thread stack sizes (-Xss)
#   Set larger code cache with -XX:ReservedCodeCacheSize=
# This output file may be truncated or incomplete.
#
#  Out of Memory Error (allocation.cpp:390), pid=57856, tid=0x000000000000afc8
#
# JRE version: Java(TM) SE Runtime Environment (8.0_181-b13) (build 1.8.0_181-b13)
# Java VM: Java HotSpot(TM) 64-Bit Server VM (25.181-b13 mixed mode windows-amd64 compressed oops)
# Failed to write core dump. Minidumps are not enabled by default on client versions of Windows
#

---------------  T H R E A D  ---------------

Current thread (0x0000000018eed800):  JavaThread "C2 CompilerThread1" daemon [_thread_in_native, id=45000, stack(0x000000001a670000,0x000000001a770000)]

Stack: [0x000000001a670000,0x000000001a770000]
[error occurred during error reporting (printing stack bounds), id 0xc0000005]

Native frames: (J=compiled Java code, j=interpreted, Vv=VM code, C=native code)


Current CompileTask:
C2:  74137 8260       4       org.eclipse.jdt.internal.compiler.lookup.BinaryTypeBinding::createMethod (899 bytes)


---------------  P R O C E S S  ---------------

Java Threads: ( => current thread )
  0x000000001c0a1800 JavaThread "User Overview subreports #1" [_thread_in_native, id=37988, stack(0x0000000001180000,0x0000000001280000)]
  0x000000001c097000 JavaThread "Okio Watchdog" daemon [_thread_blocked, id=56648, stack(0x00000000228c0000,0x00000000229c0000)]
  0x000000001c098800 JavaThread "OkHttp ConnectionPool" daemon [_thread_blocked, id=62180, stack(0x00000000227c0000,0x00000000228c0000)]
  0x000000001b64c800 JavaThread "Exec Stream Pumper" daemon [_thread_in_native, id=18412, stack(0x0000000021fa0000,0x00000000220a0000)]
  0x000000001b650000 JavaThread "Exec Stream Pumper" daemon [_thread_in_native, id=11824, stack(0x0000000021ea0000,0x0000000021fa0000)]
  0x000000001b64f800 JavaThread "UrlChecker-2" daemon [_thread_blocked, id=35568, stack(0x00000000205a0000,0x00000000206a0000)]
  0x000000001b64a000 JavaThread "Exec Default Executor" daemon [_thread_in_native, id=5204, stack(0x0000000020270000,0x0000000020370000)]
  0x000000001d936000 JavaThread "AWT-Windows" daemon [_thread_in_native, id=58788, stack(0x000000001e5a0000,0x000000001e6a0000)]
  0x000000001d633800 JavaThread "Java2D Disposer" daemon [_thread_blocked, id=24488, stack(0x000000001c840000,0x000000001c940000)]
  0x000000001a89f000 JavaThread "Service Thread" daemon [_thread_blocked, id=56584, stack(0x000000001ac70000,0x000000001ad70000)]
  0x0000000018efa000 JavaThread "C1 CompilerThread2" daemon [_thread_blocked, id=50392, stack(0x000000001a770000,0x000000001a870000)]
=>0x0000000018eed800 JavaThread "C2 CompilerThread1" daemon [_thread_in_native, id=45000, stack(0x000000001a670000,0x000000001a770000)]
  0x0000000018ee7000 JavaThread "C2 CompilerThread0" daemon [_thread_in_native, id=51168, stack(0x000000001a570000,0x000000001a670000)]
  0x0000000018ee3800 JavaThread "Attach Listener" daemon [_thread_blocked, id=49072, stack(0x000000001a470000,0x000000001a570000)]
  0x0000000018ee2000 JavaThread "Signal Dispatcher" daemon [_thread_blocked, id=9504, stack(0x000000001a370000,0x000000001a470000)]
  0x0000000018ecd000 JavaThread "Finalizer" daemon [_thread_blocked, id=29596, stack(0x000000001a150000,0x000000001a250000)]
  0x0000000001d67000 JavaThread "Reference Handler" daemon [_thread_blocked, id=12316, stack(0x000000001a050000,0x000000001a150000)]
  0x0000000001c75800 JavaThread "main" [_thread_blocked, id=36224, stack(0x0000000001a90000,0x0000000001b90000)]

Other Threads:
  0x0000000018ea7000 VMThread [stack: 0x0000000019f50000,0x000000001a050000] [id=59644]
  0x000000001a8e9800 WatcherThread [stack: 0x000000001ad70000,0x000000001ae70000] [id=48280]

VM state:not at safepoint (normal execution)

VM Mutex/Monitor currently owned by a thread: None

Heap:
 PSYoungGen      total 559616K, used 133470K [0x0000000780000000, 0x00000007a5b80000, 0x00000007c0000000)
  eden space 501248K, 26% used [0x0000000780000000,0x0000000788257998,0x000000079e980000)
  from space 58368K, 0% used [0x000000079e980000,0x000000079e980000,0x00000007a2280000)
  to   space 48128K, 0% used [0x00000007a2c80000,0x00000007a2c80000,0x00000007a5b80000)
 ParOldGen       total 197632K, used 44702K [0x0000000700000000, 0x000000070c100000, 0x0000000780000000)
  object space 197632K, 22% used [0x0000000700000000,0x0000000702ba78c0,0x000000070c100000)
 Metaspace       used 54939K, capacity 56442K, committed 56664K, reserved 1099776K
  class space    used 6534K, capacity 6994K, committed 7000K, reserved 1048576K

Card table byte_map: [0x0000000011130000,0x0000000011740000] byte_map_base: 0x000000000d930000

Marking Bits: (ParMarkBitMap*) 0x00000000624c2d00
 Begin Bits: [0x0000000011f40000, 0x0000000014f40000)
 End Bits:   [0x0000000014f40000, 0x0000000017f40000)

Polling page: 0x0000000001a70000

CodeCache: size=245760Kb used=27525Kb max_used=27809Kb free=218234Kb
 bounds [0x0000000001d70000, 0x00000000038c0000, 0x0000000010d70000]
 total_blobs=7614 nmethods=6743 adapters=782
 compilation: enabled

Compilation events (10 events):
Event: 73.872 Thread 0x0000000018efa000 8437       3       org.codehaus.groovy.antlr.AntlrParserPlugin::ifStatement (81 bytes)
Event: 73.873 Thread 0x0000000018efa000 nmethod 8437 0x00000000037ec0d0 code [0x00000000037ec300, 0x00000000037ed298]
Event: 73.873 Thread 0x0000000018efa000 8438       3       org.codehaus.groovy.ast.CodeVisitorSupport::visitPropertyExpression (17 bytes)
Event: 73.873 Thread 0x0000000018efa000 nmethod 8438 0x0000000002e84210 code [0x0000000002e843a0, 0x0000000002e847b8]
Event: 73.873 Thread 0x0000000018efa000 8439       3       org.codehaus.groovy.classgen.VariableScopeVisitor::visitPropertyExpression (22 bytes)
Event: 73.873 Thread 0x0000000018efa000 nmethod 8439 0x0000000002e83ad0 code [0x0000000002e83c60, 0x0000000002e840c8]
Event: 73.898 Thread 0x0000000018efa000 8440       2       sun.nio.cs.SingleByte$Decoder::decodeArrayLoop (154 bytes)
Event: 73.900 Thread 0x0000000018efa000 nmethod 8440 0x0000000002eebb10 code [0x0000000002eebe00, 0x0000000002eeca08]
Event: 74.057 Thread 0x0000000018efa000 8441       3       org.codehaus.groovy.control.ResolveVisitor::visitField (30 bytes)
Event: 74.058 Thread 0x0000000018efa000 nmethod 8441 0x0000000002ee7e50 code [0x0000000002ee8000, 0x0000000002ee85d8]

GC Heap History (10 events):
Event: 53.707 GC heap before
{Heap before GC invocations=26 (full 2):
 PSYoungGen      total 559616K, used 513615K [0x0000000780000000, 0x00000007a5b80000, 0x00000007c0000000)
  eden space 501248K, 100% used [0x0000000780000000,0x000000079e980000,0x000000079e980000)
  from space 58368K, 21% used [0x000000079e980000,0x000000079f593c98,0x00000007a2280000)
  to   space 48128K, 0% used [0x00000007a2c80000,0x00000007a2c80000,0x00000007a5b80000)
 ParOldGen       total 196608K, used 80668K [0x0000000700000000, 0x000000070c000000, 0x0000000780000000)
  object space 196608K, 41% used [0x0000000700000000,0x0000000704ec7298,0x000000070c000000)
 Metaspace       used 38862K, capacity 40060K, committed 40192K, reserved 1085440K
  class space    used 4525K, capacity 4847K, committed 4864K, reserved 1048576K
Event: 53.718 GC heap after
Heap after GC invocations=26 (full 2):
 PSYoungGen      total 549376K, used 11948K [0x0000000780000000, 0x00000007a5b80000, 0x00000007c0000000)
  eden space 501248K, 0% used [0x0000000780000000,0x0000000780000000,0x000000079e980000)
  from space 48128K, 24% used [0x00000007a2c80000,0x00000007a382b348,0x00000007a5b80000)
  to   space 58368K, 0% used [0x000000079e980000,0x000000079e980000,0x00000007a2280000)
 ParOldGen       total 196608K, used 81068K [0x0000000700000000, 0x000000070c000000, 0x0000000780000000)
  object space 196608K, 41% used [0x0000000700000000,0x0000000704f2b2f8,0x000000070c000000)
 Metaspace       used 38862K, capacity 40060K, committed 40192K, reserved 1085440K
  class space    used 4525K, capacity 4847K, committed 4864K, reserved 1048576K
}
Event: 56.347 GC heap before
{Heap before GC invocations=27 (full 2):
 PSYoungGen      total 549376K, used 513196K [0x0000000780000000, 0x00000007a5b80000, 0x00000007c0000000)
  eden space 501248K, 100% used [0x0000000780000000,0x000000079e980000,0x000000079e980000)
  from space 48128K, 24% used [0x00000007a2c80000,0x00000007a382b348,0x00000007a5b80000)
  to   space 58368K, 0% used [0x000000079e980000,0x000000079e980000,0x00000007a2280000)
 ParOldGen       total 196608K, used 81068K [0x0000000700000000, 0x000000070c000000, 0x0000000780000000)
  object space 196608K, 41% used [0x0000000700000000,0x0000000704f2b2f8,0x000000070c000000)
 Metaspace       used 39104K, capacity 40328K, committed 40576K, reserved 1085440K
  class space    used 4551K, capacity 4870K, committed 4992K, reserved 1048576K
Event: 56.359 GC heap after
Heap after GC invocations=27 (full 2):
 PSYoungGen      total 559616K, used 11984K [0x0000000780000000, 0x00000007a5b80000, 0x00000007c0000000)
  eden space 501248K, 0% used [0x0000000780000000,0x0000000780000000,0x000000079e980000)
  from space 58368K, 20% used [0x000000079e980000,0x000000079f534288,0x00000007a2280000)
  to   space 48128K, 0% used [0x00000007a2c80000,0x00000007a2c80000,0x00000007a5b80000)
 ParOldGen       total 196608K, used 81316K [0x0000000700000000, 0x000000070c000000, 0x0000000780000000)
  object space 196608K, 41% used [0x0000000700000000,0x0000000704f69338,0x000000070c000000)
 Metaspace       used 39104K, capacity 40328K, committed 40576K, reserved 1085440K
  class space    used 4551K, capacity 4870K, committed 4992K, reserved 1048576K
}
Event: 66.526 GC heap before
{Heap before GC invocations=28 (full 2):
 PSYoungGen      total 559616K, used 513232K [0x0000000780000000, 0x00000007a5b80000, 0x00000007c0000000)
  eden space 501248K, 100% used [0x0000000780000000,0x000000079e980000,0x000000079e980000)
  from space 58368K, 20% used [0x000000079e980000,0x000000079f534288,0x00000007a2280000)
  to   space 48128K, 0% used [0x00000007a2c80000,0x00000007a2c80000,0x00000007a5b80000)
 ParOldGen       total 196608K, used 81316K [0x0000000700000000, 0x000000070c000000, 0x0000000780000000)
  object space 196608K, 41% used [0x0000000700000000,0x0000000704f69338,0x000000070c000000)
 Metaspace       used 47675K, capacity 48980K, committed 49152K, reserved 1091584K
  class space    used 5753K, capacity 6121K, committed 6144K, reserved 1048576K
Event: 66.541 GC heap after
Heap after GC invocations=28 (full 2):
 PSYoungGen      total 549376K, used 18180K [0x0000000780000000, 0x00000007a5b80000, 0x00000007c0000000)
  eden space 501248K, 0% used [0x0000000780000000,0x0000000780000000,0x000000079e980000)
  from space 48128K, 37% used [0x00000007a2c80000,0x00000007a3e41060,0x00000007a5b80000)
  to   space 58368K, 0% used [0x000000079e980000,0x000000079e980000,0x00000007a2280000)
 ParOldGen       total 196608K, used 81324K [0x0000000700000000, 0x000000070c000000, 0x0000000780000000)
  object space 196608K, 41% used [0x0000000700000000,0x0000000704f6b338,0x000000070c000000)
 Metaspace       used 47675K, capacity 48980K, committed 49152K, reserved 1091584K
  class space    used 5753K, capacity 6121K, committed 6144K, reserved 1048576K
}
Event: 69.430 GC heap before
{Heap before GC invocations=29 (full 2):
 PSYoungGen      total 549376K, used 307490K [0x0000000780000000, 0x00000007a5b80000, 0x00000007c0000000)
  eden space 501248K, 57% used [0x0000000780000000,0x0000000791a877d8,0x000000079e980000)
  from space 48128K, 37% used [0x00000007a2c80000,0x00000007a3e41060,0x00000007a5b80000)
  to   space 58368K, 0% used [0x000000079e980000,0x000000079e980000,0x00000007a2280000)
 ParOldGen       total 196608K, used 81324K [0x0000000700000000, 0x000000070c000000, 0x0000000780000000)
  object space 196608K, 41% used [0x0000000700000000,0x0000000704f6b338,0x000000070c000000)
 Metaspace       used 48049K, capacity 49332K, committed 49496K, reserved 1093632K
  class space    used 5791K, capacity 6153K, committed 6232K, reserved 1048576K
Event: 69.439 GC heap after
Heap after GC invocations=29 (full 2):
 PSYoungGen      total 559616K, used 12483K [0x0000000780000000, 0x00000007a5b80000, 0x00000007c0000000)
  eden space 501248K, 0% used [0x0000000780000000,0x0000000780000000,0x000000079e980000)
  from space 58368K, 21% used [0x000000079e980000,0x000000079f5b0f90,0x00000007a2280000)
  to   space 48128K, 0% used [0x00000007a2c80000,0x00000007a2c80000,0x00000007a5b80000)
 ParOldGen       total 196608K, used 81396K [0x0000000700000000, 0x000000070c000000, 0x0000000780000000)
  object space 196608K, 41% used [0x0000000700000000,0x0000000704f7d348,0x000000070c000000)
 Metaspace       used 48049K, capacity 49332K, committed 49496K, reserved 1093632K
  class space    used 5791K, capacity 6153K, committed 6232K, reserved 1048576K
}
Event: 69.440 GC heap before
{Heap before GC invocations=30 (full 3):
 PSYoungGen      total 559616K, used 12483K [0x0000000780000000, 0x00000007a5b80000, 0x00000007c0000000)
  eden space 501248K, 0% used [0x0000000780000000,0x0000000780000000,0x000000079e980000)
  from space 58368K, 21% used [0x000000079e980000,0x000000079f5b0f90,0x00000007a2280000)
  to   space 48128K, 0% used [0x00000007a2c80000,0x00000007a2c80000,0x00000007a5b80000)
 ParOldGen       total 196608K, used 81396K [0x0000000700000000, 0x000000070c000000, 0x0000000780000000)
  object space 196608K, 41% used [0x0000000700000000,0x0000000704f7d348,0x000000070c000000)
 Metaspace       used 48049K, capacity 49332K, committed 49496K, reserved 1093632K
  class space    used 5791K, capacity 6153K, committed 6232K, reserved 1048576K
Event: 69.693 GC heap after
Heap after GC invocations=30 (full 3):
 PSYoungGen      total 559616K, used 0K [0x0000000780000000, 0x00000007a5b80000, 0x00000007c0000000)
  eden space 501248K, 0% used [0x0000000780000000,0x0000000780000000,0x000000079e980000)
  from space 58368K, 0% used [0x000000079e980000,0x000000079e980000,0x00000007a2280000)
  to   space 48128K, 0% used [0x00000007a2c80000,0x00000007a2c80000,0x00000007a5b80000)
 ParOldGen       total 197632K, used 44702K [0x0000000700000000, 0x000000070c100000, 0x0000000780000000)
  object space 197632K, 22% used [0x0000000700000000,0x0000000702ba78c0,0x000000070c100000)
 Metaspace       used 48042K, capacity 49316K, committed 49496K, reserved 1093632K
  class space    used 5789K, capacity 6149K, committed 6232K, reserved 1048576K
}

Deoptimization events (10 events):
Event: 71.307 Thread 0x000000001c0a1800 Uncommon trap: reason=array_check action=maybe_recompile pc=0x0000000002d78bd4 method=java.util.AbstractCollection.toArray([Ljava/lang/Object;)[Ljava/lang/Object; @ 119
Event: 71.307 Thread 0x000000001c0a1800 Uncommon trap: reason=array_check action=maybe_recompile pc=0x0000000002d78bd4 method=java.util.AbstractCollection.toArray([Ljava/lang/Object;)[Ljava/lang/Object; @ 119
Event: 71.308 Thread 0x000000001c0a1800 Uncommon trap: reason=array_check action=maybe_recompile pc=0x0000000002d78bd4 method=java.util.AbstractCollection.toArray([Ljava/lang/Object;)[Ljava/lang/Object; @ 119
Event: 71.405 Thread 0x0000000001c75800 Uncommon trap: reason=unstable_if action=reinterpret pc=0x0000000002d32d7c method=org.apache.xerces.impl.XMLEntityScanner.scanLiteral(ILorg/apache/xerces/xni/XMLString;)I @ 43
Event: 71.461 Thread 0x0000000001c75800 Uncommon trap: reason=unstable_if action=reinterpret pc=0x00000000035f57d0 method=org.apache.xerces.impl.XMLScanner.scanAttributeValue(Lorg/apache/xerces/xni/XMLString;Lorg/apache/xerces/xni/XMLString;Ljava/lang/String;ZLjava/lang/String;)Z @ 633
Event: 71.476 Thread 0x0000000001c75800 Uncommon trap: reason=unstable_if action=reinterpret pc=0x00000000034a4b78 method=org.apache.xerces.util.SymbolTable.addSymbol([CII)Ljava/lang/String; @ 97
Event: 73.755 Thread 0x000000001c0a1800 Uncommon trap: reason=bimorphic action=maybe_recompile pc=0x00000000037f0174 method=org.apache.xerces.impl.XMLNSDocumentScannerImpl.scanEndElement()I @ 164
Event: 73.757 Thread 0x000000001c0a1800 Uncommon trap: reason=bimorphic action=maybe_recompile pc=0x00000000037f0174 method=org.apache.xerces.impl.XMLNSDocumentScannerImpl.scanEndElement()I @ 164
Event: 73.757 Thread 0x000000001c0a1800 Uncommon trap: reason=bimorphic action=maybe_recompile pc=0x00000000037f0174 method=org.apache.xerces.impl.XMLNSDocumentScannerImpl.scanEndElement()I @ 164
Event: 73.757 Thread 0x000000001c0a1800 Uncommon trap: reason=bimorphic action=maybe_recompile pc=0x00000000037f0174 method=org.apache.xerces.impl.XMLNSDocumentScannerImpl.scanEndElement()I @ 164

Classes redefined (0 events):
No events

Internal exceptions (10 events):
Event: 71.513 Thread 0x0000000001c75800 Exception <a 'java/lang/ClassNotFoundException': net/sf/jasperreports/components/list/StandardListComponentCustomizer> (0x000000078353bbe8) thrown at [C:\re\workspace\8-2-build-windows-amd64-cygwin\jdk8u181\11358\hotspot\src\share\vm\classfile\systemDicti
Event: 71.520 Thread 0x0000000001c75800 Exception <a 'java/lang/ClassNotFoundException': net/sf/jasperreports/components/list/DesignListContentsBeanInfo> (0x00000007835d0348) thrown at [C:\re\workspace\8-2-build-windows-amd64-cygwin\jdk8u181\11358\hotspot\src\share\vm\classfile\systemDictionary
Event: 71.525 Thread 0x0000000001c75800 Exception <a 'java/lang/ClassNotFoundException': net/sf/jasperreports/components/list/DesignListContentsCustomizer> (0x00000007835f8398) thrown at [C:\re\workspace\8-2-build-windows-amd64-cygwin\jdk8u181\11358\hotspot\src\share\vm\classfile\systemDictiona
Event: 72.159 Thread 0x0000000001c75800 Exception <a 'java/lang/ArrayIndexOutOfBoundsException': 17798> (0x0000000784feb8f0) thrown at [C:\re\workspace\8-2-build-windows-amd64-cygwin\jdk8u181\11358\hotspot\src\share\vm\interpreter\interpreterRuntime.cpp, line 366]
Event: 72.236 Thread 0x0000000001c75800 Exception <a 'java/lang/ArrayIndexOutOfBoundsException': 18596> (0x00000007850e4ac8) thrown at [C:\re\workspace\8-2-build-windows-amd64-cygwin\jdk8u181\11358\hotspot\src\share\vm\interpreter\interpreterRuntime.cpp, line 366]
Event: 72.243 Thread 0x0000000001c75800 Exception <a 'java/lang/ArrayIndexOutOfBoundsException': 9761> (0x00000007850ede08) thrown at [C:\re\workspace\8-2-build-windows-amd64-cygwin\jdk8u181\11358\hotspot\src\share\vm\interpreter\interpreterRuntime.cpp, line 366]
Event: 72.559 Thread 0x0000000001c75800 Exception <a 'java/security/PrivilegedActionException'> (0x00000007858481a0) thrown at [C:\re\workspace\8-2-build-windows-amd64-cygwin\jdk8u181\11358\hotspot\src\share\vm\prims\jvm.cpp, line 1435]
Event: 72.559 Thread 0x0000000001c75800 Exception <a 'java/security/PrivilegedActionException'> (0x0000000785848968) thrown at [C:\re\workspace\8-2-build-windows-amd64-cygwin\jdk8u181\11358\hotspot\src\share\vm\prims\jvm.cpp, line 1435]
Event: 72.560 Thread 0x0000000001c75800 Exception <a 'java/security/PrivilegedActionException'> (0x0000000785851290) thrown at [C:\re\workspace\8-2-build-windows-amd64-cygwin\jdk8u181\11358\hotspot\src\share\vm\prims\jvm.cpp, line 1435]
Event: 72.560 Thread 0x0000000001c75800 Exception <a 'java/security/PrivilegedActionException'> (0x0000000785851a58) thrown at [C:\re\workspace\8-2-build-windows-amd64-cygwin\jdk8u181\11358\hotspot\src\share\vm\prims\jvm.cpp, line 1435]

Events (10 events):
Event: 74.103 loading class net/sf/jasperreports/engine/fill/JasperReportsContextAware$java$math$String
Event: 74.103 loading class net/sf/jasperreports/engine/fill/JasperReportsContextAware$java$math$String done
Event: 74.107 loading class net/sf/jasperreports/engine/fill/DatasetExpressionEvaluator$java$math$String
Event: 74.107 loading class net/sf/jasperreports/engine/fill/DatasetExpressionEvaluator$java$math$String done
Event: 74.108 loading class java/math/String
Event: 74.108 loading class java/math/String done
Event: 74.110 loading class net/sf/jasperreports/engine/fill/JasperReportsContextAware$java$text$String
Event: 74.110 loading class net/sf/jasperreports/engine/fill/JasperReportsContextAware$java$text$String done
Event: 74.122 loading class net/sf/jasperreports/engine/fill/DatasetExpressionEvaluator$java$text$String
Event: 74.122 loading class net/sf/jasperreports/engine/fill/DatasetExpressionEvaluator$java$text$String done


Dynamic libraries:
0x00007ff62e600000 - 0x00007ff62e637000 	C:\Katalon_Studio\jre\bin\java.exe
0x00007ff8fb0a0000 - 0x00007ff8fb290000 	C:\WINDOWS\SYSTEM32\ntdll.dll
0x00007ff8f9f90000 - 0x00007ff8fa042000 	C:\WINDOWS\System32\KERNEL32.dll
0x00007ff8f7d10000 - 0x00007ff8f7e42000 	C:\Windows\system32\hmpalert.dll
0x00007ff8f8650000 - 0x00007ff8f88f3000 	C:\WINDOWS\System32\KERNELBASE.dll
0x00007ff8f9150000 - 0x00007ff8f91f3000 	C:\WINDOWS\System32\ADVAPI32.dll
0x00007ff8fafc0000 - 0x00007ff8fb05e000 	C:\WINDOWS\System32\msvcrt.dll
0x00007ff8fa610000 - 0x00007ff8fa6a7000 	C:\WINDOWS\System32\sechost.dll
0x00007ff8f9900000 - 0x00007ff8f9a20000 	C:\WINDOWS\System32\RPCRT4.dll
0x00007ff8f9c70000 - 0x00007ff8f9e04000 	C:\WINDOWS\System32\USER32.dll
0x00007ff8f8480000 - 0x00007ff8f84a1000 	C:\WINDOWS\System32\win32u.dll
0x00007ff8fa8a0000 - 0x00007ff8fa8c6000 	C:\WINDOWS\System32\GDI32.dll
0x00007ff8f84b0000 - 0x00007ff8f8644000 	C:\WINDOWS\System32\gdi32full.dll
0x00007ff8f81e0000 - 0x00007ff8f827e000 	C:\WINDOWS\System32\msvcp_win.dll
0x00007ff8f8380000 - 0x00007ff8f847a000 	C:\WINDOWS\System32\ucrtbase.dll
0x00007ff8e7820000 - 0x00007ff8e7aa5000 	C:\WINDOWS\WinSxS\amd64_microsoft.windows.common-controls_6595b64144ccf1df_6.0.18362.720_none_e6beb5c51314836b\COMCTL32.dll
0x00007ff8f94f0000 - 0x00007ff8f9826000 	C:\WINDOWS\System32\combase.dll
0x00007ff8f8900000 - 0x00007ff8f8980000 	C:\WINDOWS\System32\bcryptPrimitives.dll
0x00007ff8dd200000 - 0x00007ff8dd23d000 	C:\WINDOWS\system32\SophosAV\SOPHOS~1.DLL
0x00007ff8f9a20000 - 0x00007ff8f9a28000 	C:\WINDOWS\System32\PSAPI.DLL
0x0000000062550000 - 0x0000000062622000 	C:\Katalon_Studio\jre\bin\msvcr100.dll
0x0000000061ca0000 - 0x0000000062542000 	C:\Katalon_Studio\jre\bin\server\jvm.dll
0x00007ff8e9c30000 - 0x00007ff8e9c39000 	C:\WINDOWS\SYSTEM32\WSOCK32.dll
0x00007ff8f3570000 - 0x00007ff8f357a000 	C:\WINDOWS\SYSTEM32\VERSION.dll
0x00007ff8fa520000 - 0x00007ff8fa58f000 	C:\WINDOWS\System32\WS2_32.dll
0x00007ff8f3470000 - 0x00007ff8f3494000 	C:\WINDOWS\SYSTEM32\WINMM.dll
0x00007ff8f3440000 - 0x00007ff8f346d000 	C:\WINDOWS\SYSTEM32\WINMMBASE.dll
0x00007ff8f8280000 - 0x00007ff8f82ca000 	C:\WINDOWS\System32\cfgmgr32.dll
0x0000000061bb0000 - 0x0000000061bbf000 	C:\Katalon_Studio\jre\bin\verify.dll
0x0000000061b80000 - 0x0000000061ba9000 	C:\Katalon_Studio\jre\bin\java.dll
0x0000000061b60000 - 0x0000000061b76000 	C:\Katalon_Studio\jre\bin\zip.dll
0x00007ff8fa8d0000 - 0x00007ff8fafb5000 	C:\WINDOWS\System32\SHELL32.dll
0x00007ff8f9ee0000 - 0x00007ff8f9f89000 	C:\WINDOWS\System32\shcore.dll
0x00007ff8f89b0000 - 0x00007ff8f9130000 	C:\WINDOWS\System32\windows.storage.dll
0x00007ff8f7fc0000 - 0x00007ff8f7fe3000 	C:\WINDOWS\System32\profapi.dll
0x00007ff8f7f70000 - 0x00007ff8f7fba000 	C:\WINDOWS\System32\powrprof.dll
0x00007ff8f7f60000 - 0x00007ff8f7f70000 	C:\WINDOWS\System32\UMPDC.dll
0x00007ff8fa050000 - 0x00007ff8fa0a2000 	C:\WINDOWS\System32\shlwapi.dll
0x00007ff8f7ff0000 - 0x00007ff8f8001000 	C:\WINDOWS\System32\kernel.appcore.dll
0x00007ff8f9130000 - 0x00007ff8f9147000 	C:\WINDOWS\System32\cryptsp.dll
0x0000000061b40000 - 0x0000000061b5a000 	C:\Katalon_Studio\jre\bin\net.dll
0x00007ff8f7650000 - 0x00007ff8f76b7000 	C:\WINDOWS\system32\mswsock.dll
0x0000000061b20000 - 0x0000000061b31000 	C:\Katalon_Studio\jre\bin\nio.dll
0x0000000061790000 - 0x0000000061929000 	C:\Katalon_Studio\jre\bin\awt.dll
0x00007ff8f9830000 - 0x00007ff8f98f4000 	C:\WINDOWS\System32\OLEAUT32.dll
0x00007ff8f5d10000 - 0x00007ff8f5d9f000 	C:\WINDOWS\SYSTEM32\apphelp.dll
0x00007ff8f6240000 - 0x00007ff8f626d000 	C:\WINDOWS\system32\DWMAPI.DLL
0x00007ff8ab530000 - 0x00007ff8ab686000 	C:\WINDOWS\system32\opengl32.dll
0x00007ff8b9750000 - 0x00007ff8b977c000 	C:\WINDOWS\SYSTEM32\GLU32.dll
0x00007ff8f67e0000 - 0x00007ff8f6800000 	C:\WINDOWS\SYSTEM32\dxcore.dll
0x00007ff8f9390000 - 0x00007ff8f94e7000 	C:\WINDOWS\System32\ole32.dll
0x00007ff8f73b0000 - 0x00007ff8f747a000 	C:\WINDOWS\SYSTEM32\DNSAPI.dll
0x00007ff8f9200000 - 0x00007ff8f9208000 	C:\WINDOWS\System32\NSI.dll
0x00007ff8f7360000 - 0x00007ff8f739a000 	C:\WINDOWS\SYSTEM32\IPHLPAPI.DLL
0x00007ff8f1660000 - 0x00007ff8f166a000 	C:\Windows\System32\rasadhlp.dll
0x00007ff8f4100000 - 0x00007ff8f4177000 	C:\WINDOWS\System32\fwpuclnt.dll
0x00007ff8f8980000 - 0x00007ff8f89a6000 	C:\WINDOWS\System32\bcrypt.dll
0x0000000061af0000 - 0x0000000061b14000 	C:\Katalon_Studio\jre\bin\sunec.dll
0x0000000061ae0000 - 0x0000000061aeb000 	C:\Katalon_Studio\jre\bin\sunmscapi.dll
0x00007ff8f8090000 - 0x00007ff8f81d9000 	C:\WINDOWS\System32\CRYPT32.dll
0x00007ff8f8010000 - 0x00007ff8f8022000 	C:\WINDOWS\System32\MSASN1.dll
0x00007ff8f3840000 - 0x00007ff8f3856000 	C:\WINDOWS\SYSTEM32\dhcpcsvc6.DLL
0x00007ff8f3820000 - 0x00007ff8f383c000 	C:\WINDOWS\SYSTEM32\dhcpcsvc.DLL
0x00007ff8f6f50000 - 0x00007ff8f6f83000 	C:\WINDOWS\system32\rsaenh.dll
0x00007ff8f7e80000 - 0x00007ff8f7ea5000 	C:\WINDOWS\SYSTEM32\USERENV.dll
0x00007ff8f7820000 - 0x00007ff8f782c000 	C:\WINDOWS\SYSTEM32\CRYPTBASE.dll
0x00007ff8f0490000 - 0x00007ff8f04a6000 	C:\WINDOWS\system32\napinsp.dll
0x00007ff8f04b0000 - 0x00007ff8f04ca000 	C:\WINDOWS\system32\pnrpnsp.dll
0x00007ff8f05f0000 - 0x00007ff8f05fe000 	C:\WINDOWS\System32\winrnr.dll
0x00007ff8f4620000 - 0x00007ff8f463c000 	C:\WINDOWS\system32\NLAapi.dll
0x00007ff8f04d0000 - 0x00007ff8f04e5000 	C:\WINDOWS\system32\wshbth.dll
0x0000000061a80000 - 0x0000000061ac7000 	C:\Katalon_Studio\jre\bin\fontmanager.dll
0x0000000061a30000 - 0x0000000061a72000 	C:\Katalon_Studio\jre\bin\t2k.dll

VM Arguments:
java_command: org.codehaus.groovy.tools.GroovyStarter --main groovy.ui.GroovyMain C:\FarmaTesting\katalonProjects\Libs\TempTestSuite1596826272095.groovy
java_class_path (initial): ;C:\Katalon_Studio\plugins\org.codehaus.groovy_2.4.7.xx-201611170128-e46\lib\bsf-2.4.0.jar;C:\Katalon_Studio\plugins\org.codehaus.groovy_2.4.7.xx-201611170128-e46\lib\groovy-all-2.4.7.jar;C:\Katalon_Studio\plugins\org.codehaus.groovy_2.4.7.xx-201611170128-e46\lib\ivy-2.4.0.jar;C:\Katalon_Studio\plugins\org.codehaus.groovy_2.4.7.xx-201611170128-e46\lib\org.apache.xerces.impl_2.11.0.jar;C:\Katalon_Studio\plugins\org.codehaus.groovy_2.4.7.xx-201611170128-e46\lib\servlet-api-2.4.jar;C:\Katalon_Studio\plugins\org.codehaus.groovy_2.4.7.xx-201611170128-e46\lib\xml-apis_1.4.1.jar;C:\Katalon_Studio\plugins\com.kms.katalon.core_1.0.0.201908270734.jar;C:\Katalon_Studio\plugins\net.sf.supercsv.super-csv_2.1.0.jar;C:\Katalon_Studio\plugins\org.apache.poi_3.9.0.v201405241750.jar;C:\Katalon_Studio\plugins\org.apache.poi.ooxml_3.9.0.v201405241905.jar;C:\Katalon_Studio\plugins\org.apache.poi.ooxml.schemas_3.9.0.v201405241750.jar;C:\Katalon_Studio\plugins\org.dom4j_1.6.1.v201312101416.jar;C:\Katalon_Studio\plugins\org.apache.commons.io_2.4.0.jar;C:\Katalon_Studio\plugins\org.apache.commons.lang_2.6.0.jar;C:\Katalon_Studio\plugins\org.apache.xmlbeans_2.6.0.jar;C:\Katalon_Studio\plugins\com.google.gson_2.8.0.jar;C:\Katalon_Studio\plugins\org.jsoup_1.7.2.jar;C:\Katalon_Studio\plugins\com.mysql.jdbc_5.1.38.jar;C:\Katalon_Studio\plugins\com.microsoft.sqlserver.sqljdbc4_4.1.5605.100.jar;C:\Katalon_Studio\plugins\org.apache.commons.dbutils_1.6.0.jar;C:\Katalon_Studio\plugins\com.oracle.jdbc.ojdbc7_12.1.0.2.jar;C:\Katalon_Studio\plugins\org.postgresql.jdbc41_9.4.1208.jre7.jar;c:\Katalon_Studio\plugins\org.eclipse.osgi_3.11.3.v20170209-1843.jar;C:\Katalon_Studio\plugins\com.kms.katalon.constant_1.0.0.201908270734.jar;C:\Katalon_Studio\plugins\org.eclipse.persistence.eclipselink_2.5.0.RC1.jar;C:\Katalon_Studio\plugins\com.kms.katalon.selenium-standalone_1.0.0.201908270734.jar;C:\Katalon_Studio\plugins\atu.testrecorder.screen-recorder_2.1.0.jar;C:\Katalon_Studio\plu
Launcher Type: SUN_STANDARD

Environment Variables:
PATH=C:/Katalon_Studio/jre/bin/server;C:/Katalon_Studio/jre/bin;C:/Katalon_Studio/jre/lib/amd64;C:\Program Files (x86)\Common Files\Oracle\Java\javapath;C:\ProgramData\Oracle\Java\javapath;C:\WINDOWS\system32;C:\WINDOWS;C:\WINDOWS\System32\Wbem;C:\WINDOWS\System32\WindowsPowerShell\v1.0\;C:\Program Files (x86)\Microsoft SQL Server\Client SDK\ODBC\130\Tools\Binn\;C:\Program Files (x86)\Microsoft SQL Server\130\Tools\Binn\;C:\Program Files (x86)\Microsoft SQL Server\130\DTS\Binn\;C:\Program Files (x86)\Microsoft SQL Server\130\Tools\Binn\ManagementStudio\;C:\Program Files\dotnet\;C:\Program Files\Microsoft SQL Server\130\Tools\Binn\;C:\WINDOWS\System32\OpenSSH\;C:\Program Files (x86)\SAP BusinessObjects\sqlanywhere\BIN64;C:\Program Files (x86)\SAP BusinessObjects\sqlanywhere\BIN32;C:\Users\alflopez-ext\AppData\Local\Programs\Git\cmd;C:\Users\tareasprogramadas\AppData\Local\Microsoft\WindowsApps;C:\Katalon_Studio;
USERNAME=tareasprogramadas
OS=Windows_NT
PROCESSOR_IDENTIFIER=Intel64 Family 6 Model 45 Stepping 7, GenuineIntel



---------------  S Y S T E M  ---------------

OS: Windows 10.0 , 64 bit Build 18362 (10.0.18362.329)

CPU:total 4 (initial active 4) (2 cores per cpu, 1 threads per core) family 6 model 45 stepping 7, cmov, cx8, fxsr, mmx, sse, sse2, sse3, ssse3, sse4.1, sse4.2, popcnt, avx, aes, clmul, tsc, tscinvbit, tscinv

Memory: 4k page, physical 12582452k(866580k free), swap 28173552k(6460k free)

vm_info: Java HotSpot(TM) 64-Bit Server VM (25.181-b13) for windows-amd64 JRE (1.8.0_181-b13), built on Jul  7 2018 04:01:33 by "java_re" with MS VC++ 10.0 (VS2010)

time: Fri Aug 07 15:52:27 2020
elapsed time: 74 seconds (0d 0h 1m 14s)

