#
# There is insufficient memory for the Java Runtime Environment to continue.
# Native memory allocation (malloc) failed to allocate 708016 bytes for Chunk::new
# Possible reasons:
#   The system is out of physical RAM or swap space
#   In 32 bit mode, the process size limit was hit
# Possible solutions:
#   Reduce memory load on the system
#   Increase physical memory or swap space
#   Check if swap backing store is full
#   Use 64 bit Java on a 64 bit OS
#   Decrease Java heap size (-Xmx/-Xms)
#   Decrease number of Java threads
#   Decrease Java thread stack sizes (-Xss)
#   Set larger code cache with -XX:ReservedCodeCacheSize=
# This output file may be truncated or incomplete.
#
#  Out of Memory Error (allocation.cpp:390), pid=62796, tid=0x00000000000080c4
#
# JRE version: Java(TM) SE Runtime Environment (8.0_181-b13) (build 1.8.0_181-b13)
# Java VM: Java HotSpot(TM) 64-Bit Server VM (25.181-b13 mixed mode windows-amd64 compressed oops)
# Failed to write core dump. Minidumps are not enabled by default on client versions of Windows
#

---------------  T H R E A D  ---------------

Current thread (0x00000000187d5800):  JavaThread "C2 CompilerThread0" daemon [_thread_in_native, id=32964, stack(0x0000000019e50000,0x0000000019f50000)]

Stack: [0x0000000019e50000,0x0000000019f50000]
[error occurred during error reporting (printing stack bounds), id 0xc0000005]

Native frames: (J=compiled Java code, j=interpreted, Vv=VM code, C=native code)


Current CompileTask:
C2:  53697 5993   !   4       org.apache.xmlbeans.impl.values.XmlObjectBase::check_dated (270 bytes)


---------------  P R O C E S S  ---------------

Java Threads: ( => current thread )
  0x000000001d47b800 JavaThread "Okio Watchdog" daemon [_thread_blocked, id=52268, stack(0x0000000022130000,0x0000000022230000)]
  0x000000001d475000 JavaThread "OkHttp ConnectionPool" daemon [_thread_blocked, id=30024, stack(0x0000000021d20000,0x0000000021e20000)]
  0x000000001d477000 JavaThread "Exec Stream Pumper" daemon [_thread_in_native, id=40692, stack(0x0000000021720000,0x0000000021820000)]
  0x000000001d478000 JavaThread "Exec Stream Pumper" daemon [_thread_in_native, id=28548, stack(0x0000000021620000,0x0000000021720000)]
  0x000000001d479800 JavaThread "UrlChecker-2" daemon [_thread_blocked, id=61628, stack(0x0000000021110000,0x0000000021210000)]
  0x000000001d47a000 JavaThread "Exec Default Executor" daemon [_thread_in_native, id=33932, stack(0x0000000020940000,0x0000000020a40000)]
  0x000000001b499000 JavaThread "Image Fetcher 3" daemon [_thread_blocked, id=53444, stack(0x0000000020ad0000,0x0000000020bd0000)]
  0x000000001b498800 JavaThread "Image Fetcher 2" daemon [_thread_blocked, id=53160, stack(0x000000001e360000,0x000000001e460000)]
  0x000000001b49f000 JavaThread "Image Fetcher 1" daemon [_thread_blocked, id=61924, stack(0x000000001e4a0000,0x000000001e5a0000)]
  0x000000001b49d800 JavaThread "Image Fetcher 0" daemon [_thread_blocked, id=61824, stack(0x000000001e260000,0x000000001e360000)]
  0x000000001b49d000 JavaThread "pool-2-thread-1" [_thread_blocked, id=11312, stack(0x000000001e160000,0x000000001e260000)]
  0x000000001b49a800 JavaThread "pool-1-thread-1" [_thread_blocked, id=61288, stack(0x000000001e060000,0x000000001e160000)]
  0x000000001b49a000 JavaThread "AWT-Windows" daemon [_thread_in_native, id=52460, stack(0x000000001df60000,0x000000001e060000)]
  0x000000001b49b800 JavaThread "AWT-Shutdown" [_thread_blocked, id=60320, stack(0x000000001de60000,0x000000001df60000)]
  0x000000001b49e800 JavaThread "Java2D Disposer" daemon [_thread_blocked, id=53680, stack(0x000000001dd60000,0x000000001de60000)]
  0x000000001a05f000 JavaThread "Service Thread" daemon [_thread_blocked, id=63096, stack(0x000000001a550000,0x000000001a650000)]
  0x000000001a058800 JavaThread "C1 CompilerThread2" daemon [_thread_blocked, id=47644, stack(0x000000001a450000,0x000000001a550000)]
  0x00000000187d8800 JavaThread "C2 CompilerThread1" daemon [_thread_in_native, id=37996, stack(0x0000000019f50000,0x000000001a050000)]
=>0x00000000187d5800 JavaThread "C2 CompilerThread0" daemon [_thread_in_native, id=32964, stack(0x0000000019e50000,0x0000000019f50000)]
  0x00000000187d4800 JavaThread "Attach Listener" daemon [_thread_blocked, id=58252, stack(0x0000000019d50000,0x0000000019e50000)]
  0x00000000187d3800 JavaThread "Signal Dispatcher" daemon [_thread_blocked, id=44156, stack(0x0000000019c50000,0x0000000019d50000)]
  0x000000000165b000 JavaThread "Finalizer" daemon [_thread_blocked, id=24132, stack(0x0000000019a30000,0x0000000019b30000)]
  0x00000000187b9800 JavaThread "Reference Handler" daemon [_thread_blocked, id=45008, stack(0x0000000019930000,0x0000000019a30000)]
  0x0000000001565800 JavaThread "main" [_thread_in_Java, id=56872, stack(0x0000000001460000,0x0000000001560000)]

Other Threads:
  0x0000000018797800 VMThread [stack: 0x0000000019830000,0x0000000019930000] [id=54960]
  0x000000001a095000 WatcherThread [stack: 0x000000001a650000,0x000000001a750000] [id=45316]

VM state:not at safepoint (normal execution)

VM Mutex/Monitor currently owned by a thread: None

Heap:
 PSYoungGen      total 398336K, used 58467K [0x0000000780000000, 0x00000007a0e80000, 0x00000007c0000000)
  eden space 379392K, 10% used [0x0000000780000000,0x0000000782699750,0x0000000797280000)
  from space 18944K, 99% used [0x0000000797280000,0x00000007984ff628,0x0000000798500000)
  to   space 27648K, 0% used [0x000000079f380000,0x000000079f380000,0x00000007a0e80000)
 ParOldGen       total 138240K, used 51085K [0x0000000700000000, 0x0000000708700000, 0x0000000780000000)
  object space 138240K, 36% used [0x0000000700000000,0x00000007031e3460,0x0000000708700000)
 Metaspace       used 38444K, capacity 39746K, committed 39936K, reserved 1085440K
  class space    used 4521K, capacity 4833K, committed 4864K, reserved 1048576K

Card table byte_map: [0x0000000010a20000,0x0000000011030000] byte_map_base: 0x000000000d220000

Marking Bits: (ParMarkBitMap*) 0x0000000070a32d00
 Begin Bits: [0x0000000011830000, 0x0000000014830000)
 End Bits:   [0x0000000014830000, 0x0000000017830000)

Polling page: 0x0000000000dd0000

CodeCache: size=245760Kb used=21754Kb max_used=21911Kb free=224005Kb
 bounds [0x0000000001660000, 0x0000000002be0000, 0x0000000010660000]
 total_blobs=6200 nmethods=5398 adapters=713
 compilation: enabled

Compilation events (10 events):
Event: 53.627 Thread 0x00000000187d5800 nmethod 5990 0x00000000019d7b90 code [0x00000000019d7ce0, 0x00000000019d8118]
Event: 53.627 Thread 0x00000000187d5800 5993   !   4       org.apache.xmlbeans.impl.values.XmlObjectBase::check_dated (270 bytes)
Event: 53.627 Thread 0x000000001a058800 5996       2       org.apache.xmlbeans.impl.values.NamespaceContext::pop (26 bytes)
Event: 53.628 Thread 0x000000001a058800 nmethod 5996 0x00000000019ded10 code [0x00000000019def00, 0x00000000019df3b8]
Event: 53.674 Thread 0x00000000187d8800 nmethod 5974 0x00000000020c4190 code [0x00000000020c45a0, 0x00000000020c8678]
Event: 53.674 Thread 0x00000000187d8800 6002       4       org.apache.xmlbeans.impl.store.Xobj::getChars (68 bytes)
Event: 53.676 Thread 0x00000000187d8800 nmethod 6002 0x0000000001c1cb50 code [0x0000000001c1cca0, 0x0000000001c1cdd8]
Event: 53.676 Thread 0x00000000187d8800 5997       4       org.apache.xmlbeans.impl.store.Xobj::cchRight (53 bytes)
Event: 53.677 Thread 0x00000000187d8800 nmethod 5997 0x00000000019e8f10 code [0x00000000019e9040, 0x00000000019e90b8]
Event: 53.677 Thread 0x00000000187d8800 6003       4       org.apache.xmlbeans.impl.store.Xobj::getValueAsString (243 bytes)

GC Heap History (10 events):
Event: 43.511 GC heap before
{Heap before GC invocations=19 (full 1):
 PSYoungGen      total 312320K, used 302534K [0x0000000780000000, 0x0000000796700000, 0x00000007c0000000)
  eden space 295936K, 99% used [0x0000000780000000,0x0000000791eaf0a0,0x0000000792100000)
  from space 16384K, 54% used [0x0000000792100000,0x00000007929c27b8,0x0000000793100000)
  to   space 15872K, 0% used [0x0000000795780000,0x0000000795780000,0x0000000796700000)
 ParOldGen       total 90112K, used 25498K [0x0000000700000000, 0x0000000705800000, 0x0000000780000000)
  object space 90112K, 28% used [0x0000000700000000,0x00000007018e6890,0x0000000705800000)
 Metaspace       used 33597K, capacity 34880K, committed 35072K, reserved 1079296K
  class space    used 3936K, capacity 4256K, committed 4352K, reserved 1048576K
Event: 43.525 GC heap after
Heap after GC invocations=19 (full 1):
 PSYoungGen      total 348672K, used 15868K [0x0000000780000000, 0x0000000796700000, 0x00000007c0000000)
  eden space 332800K, 0% used [0x0000000780000000,0x0000000780000000,0x0000000794500000)
  from space 15872K, 99% used [0x0000000795780000,0x00000007966ff0e8,0x0000000796700000)
  to   space 17408K, 0% used [0x0000000794500000,0x0000000794500000,0x0000000795600000)
 ParOldGen       total 90112K, used 25714K [0x0000000700000000, 0x0000000705800000, 0x0000000780000000)
  object space 90112K, 28% used [0x0000000700000000,0x000000070191c890,0x0000000705800000)
 Metaspace       used 33597K, capacity 34880K, committed 35072K, reserved 1079296K
  class space    used 3936K, capacity 4256K, committed 4352K, reserved 1048576K
}
Event: 49.244 GC heap before
{Heap before GC invocations=20 (full 1):
 PSYoungGen      total 348672K, used 346769K [0x0000000780000000, 0x0000000796700000, 0x00000007c0000000)
  eden space 332800K, 99% used [0x0000000780000000,0x00000007943254c8,0x0000000794500000)
  from space 15872K, 99% used [0x0000000795780000,0x00000007966ff0e8,0x0000000796700000)
  to   space 17408K, 0% used [0x0000000794500000,0x0000000794500000,0x0000000795600000)
 ParOldGen       total 90112K, used 25714K [0x0000000700000000, 0x0000000705800000, 0x0000000780000000)
  object space 90112K, 28% used [0x0000000700000000,0x000000070191c890,0x0000000705800000)
 Metaspace       used 33857K, capacity 35180K, committed 35328K, reserved 1081344K
  class space    used 3956K, capacity 4280K, committed 4352K, reserved 1048576K
Event: 49.293 GC heap after
Heap after GC invocations=20 (full 1):
 PSYoungGen      total 350208K, used 16590K [0x0000000780000000, 0x0000000799780000, 0x00000007c0000000)
  eden space 332800K, 0% used [0x0000000780000000,0x0000000780000000,0x0000000794500000)
  from space 17408K, 95% used [0x0000000794500000,0x0000000795533a68,0x0000000795600000)
  to   space 18944K, 0% used [0x0000000798500000,0x0000000798500000,0x0000000799780000)
 ParOldGen       total 90112K, used 26804K [0x0000000700000000, 0x0000000705800000, 0x0000000780000000)
  object space 90112K, 29% used [0x0000000700000000,0x0000000701a2d250,0x0000000705800000)
 Metaspace       used 33857K, capacity 35180K, committed 35328K, reserved 1081344K
  class space    used 3956K, capacity 4280K, committed 4352K, reserved 1048576K
}
Event: 49.673 GC heap before
{Heap before GC invocations=21 (full 1):
 PSYoungGen      total 350208K, used 66001K [0x0000000780000000, 0x0000000799780000, 0x00000007c0000000)
  eden space 332800K, 14% used [0x0000000780000000,0x0000000783040ae8,0x0000000794500000)
  from space 17408K, 95% used [0x0000000794500000,0x0000000795533a68,0x0000000795600000)
  to   space 18944K, 0% used [0x0000000798500000,0x0000000798500000,0x0000000799780000)
 ParOldGen       total 90112K, used 26804K [0x0000000700000000, 0x0000000705800000, 0x0000000780000000)
  object space 90112K, 29% used [0x0000000700000000,0x0000000701a2d250,0x0000000705800000)
 Metaspace       used 34156K, capacity 35404K, committed 35496K, reserved 1081344K
  class space    used 3989K, capacity 4312K, committed 4352K, reserved 1048576K
Event: 49.695 GC heap after
Heap after GC invocations=21 (full 1):
 PSYoungGen      total 398336K, used 13462K [0x0000000780000000, 0x000000079bb80000, 0x00000007c0000000)
  eden space 379392K, 0% used [0x0000000780000000,0x0000000780000000,0x0000000797280000)
  from space 18944K, 71% used [0x0000000798500000,0x0000000799225958,0x0000000799780000)
  to   space 18944K, 0% used [0x0000000797280000,0x0000000797280000,0x0000000798500000)
 ParOldGen       total 90112K, used 26812K [0x0000000700000000, 0x0000000705800000, 0x0000000780000000)
  object space 90112K, 29% used [0x0000000700000000,0x0000000701a2f250,0x0000000705800000)
 Metaspace       used 34156K, capacity 35404K, committed 35496K, reserved 1081344K
  class space    used 3989K, capacity 4312K, committed 4352K, reserved 1048576K
}
Event: 49.695 GC heap before
{Heap before GC invocations=22 (full 2):
 PSYoungGen      total 398336K, used 13462K [0x0000000780000000, 0x000000079bb80000, 0x00000007c0000000)
  eden space 379392K, 0% used [0x0000000780000000,0x0000000780000000,0x0000000797280000)
  from space 18944K, 71% used [0x0000000798500000,0x0000000799225958,0x0000000799780000)
  to   space 18944K, 0% used [0x0000000797280000,0x0000000797280000,0x0000000798500000)
 ParOldGen       total 90112K, used 26812K [0x0000000700000000, 0x0000000705800000, 0x0000000780000000)
  object space 90112K, 29% used [0x0000000700000000,0x0000000701a2f250,0x0000000705800000)
 Metaspace       used 34156K, capacity 35404K, committed 35496K, reserved 1081344K
  class space    used 3989K, capacity 4312K, committed 4352K, reserved 1048576K
Event: 49.903 GC heap after
Heap after GC invocations=22 (full 2):
 PSYoungGen      total 398336K, used 0K [0x0000000780000000, 0x000000079bb80000, 0x00000007c0000000)
  eden space 379392K, 0% used [0x0000000780000000,0x0000000780000000,0x0000000797280000)
  from space 18944K, 0% used [0x0000000798500000,0x0000000798500000,0x0000000799780000)
  to   space 18944K, 0% used [0x0000000797280000,0x0000000797280000,0x0000000798500000)
 ParOldGen       total 138240K, used 32510K [0x0000000700000000, 0x0000000708700000, 0x0000000780000000)
  object space 138240K, 23% used [0x0000000700000000,0x0000000701fbf9b0,0x0000000708700000)
 Metaspace       used 34156K, capacity 35404K, committed 35496K, reserved 1081344K
  class space    used 3989K, capacity 4312K, committed 4352K, reserved 1048576K
}
Event: 53.395 GC heap before
{Heap before GC invocations=23 (full 2):
 PSYoungGen      total 398336K, used 379392K [0x0000000780000000, 0x000000079bb80000, 0x00000007c0000000)
  eden space 379392K, 100% used [0x0000000780000000,0x0000000797280000,0x0000000797280000)
  from space 18944K, 0% used [0x0000000798500000,0x0000000798500000,0x0000000799780000)
  to   space 18944K, 0% used [0x0000000797280000,0x0000000797280000,0x0000000798500000)
 ParOldGen       total 138240K, used 32510K [0x0000000700000000, 0x0000000708700000, 0x0000000780000000)
  object space 138240K, 23% used [0x0000000700000000,0x0000000701fbf9b0,0x0000000708700000)
 Metaspace       used 38440K, capacity 39746K, committed 39936K, reserved 1085440K
  class space    used 4521K, capacity 4833K, committed 4864K, reserved 1048576K
Event: 53.450 GC heap after
Heap after GC invocations=23 (full 2):
 PSYoungGen      total 398336K, used 18941K [0x0000000780000000, 0x00000007a0e80000, 0x00000007c0000000)
  eden space 379392K, 0% used [0x0000000780000000,0x0000000780000000,0x0000000797280000)
  from space 18944K, 99% used [0x0000000797280000,0x00000007984ff628,0x0000000798500000)
  to   space 27648K, 0% used [0x000000079f380000,0x000000079f380000,0x00000007a0e80000)
 ParOldGen       total 138240K, used 51085K [0x0000000700000000, 0x0000000708700000, 0x0000000780000000)
  object space 138240K, 36% used [0x0000000700000000,0x00000007031e3460,0x0000000708700000)
 Metaspace       used 38440K, capacity 39746K, committed 39936K, reserved 1085440K
  class space    used 4521K, capacity 4833K, committed 4864K, reserved 1048576K
}

Deoptimization events (10 events):
Event: 53.022 Thread 0x0000000001565800 Uncommon trap: reason=unstable_if action=reinterpret pc=0x0000000002a36718 method=org.apache.xmlbeans.impl.store.Xobj.bitIsSet(I)Z @ 6
Event: 53.043 Thread 0x0000000001565800 Uncommon trap: reason=unstable_if action=reinterpret pc=0x000000000299ab8c method=org.apache.xmlbeans.impl.piccolo.xml.PiccoloLexer.parseOpenTagNS()I @ 381
Event: 53.177 Thread 0x0000000001565800 Uncommon trap: reason=bimorphic action=maybe_recompile pc=0x0000000002b7a2bc method=org.apache.xmlbeans.impl.store.Xobj.compute_flags()I @ 29
Event: 53.188 Thread 0x0000000001565800 Uncommon trap: reason=bimorphic action=maybe_recompile pc=0x0000000002b7a2bc method=org.apache.xmlbeans.impl.store.Xobj.compute_flags()I @ 29
Event: 53.281 Thread 0x0000000001565800 Uncommon trap: reason=unstable_if action=reinterpret pc=0x0000000002bc3508 method=org.apache.xmlbeans.impl.piccolo.xml.PiccoloLexer.parseCdataLiteral(CI)V @ 224
Event: 53.508 Thread 0x0000000001565800 Uncommon trap: reason=class_check action=maybe_recompile pc=0x0000000002b7aec0 method=org.apache.xmlbeans.impl.store.CharUtil.getString(Ljava/lang/Object;II)Ljava/lang/String; @ 55
Event: 53.521 Thread 0x0000000001565800 Uncommon trap: reason=class_check action=maybe_recompile pc=0x0000000002988bc0 method=org.apache.xmlbeans.impl.store.CharUtil.getChars([CILjava/lang/Object;II)V @ 84
Event: 53.562 Thread 0x0000000001565800 Uncommon trap: reason=class_check action=maybe_recompile pc=0x0000000002b7aec0 method=org.apache.xmlbeans.impl.store.CharUtil.getString(Ljava/lang/Object;II)Ljava/lang/String; @ 55
Event: 53.591 Thread 0x0000000001565800 Uncommon trap: reason=class_check action=maybe_recompile pc=0x0000000002b7aec0 method=org.apache.xmlbeans.impl.store.CharUtil.getString(Ljava/lang/Object;II)Ljava/lang/String; @ 55
Event: 53.624 Thread 0x0000000001565800 Uncommon trap: reason=class_check action=maybe_recompile pc=0x0000000002b7aec0 method=org.apache.xmlbeans.impl.store.CharUtil.getString(Ljava/lang/Object;II)Ljava/lang/String; @ 55

Classes redefined (0 events):
No events

Internal exceptions (10 events):
Event: 50.383 Thread 0x0000000001565800 Exception <a 'java/security/PrivilegedActionException'> (0x0000000783c00ae8) thrown at [C:\re\workspace\8-2-build-windows-amd64-cygwin\jdk8u181\11358\hotspot\src\share\vm\prims\jvm.cpp, line 1435]
Event: 50.383 Thread 0x0000000001565800 Exception <a 'java/security/PrivilegedActionException'> (0x0000000783c010c8) thrown at [C:\re\workspace\8-2-build-windows-amd64-cygwin\jdk8u181\11358\hotspot\src\share\vm\prims\jvm.cpp, line 1435]
Event: 50.685 Thread 0x0000000001565800 Implicit null exception at 0x00000000028de9f7 to 0x00000000028df0d1
Event: 50.896 Thread 0x0000000001565800 Implicit null exception at 0x00000000028b6b9f to 0x00000000028b7095
Event: 50.908 Thread 0x0000000001565800 Implicit null exception at 0x00000000028dd353 to 0x00000000028dd6c1
Event: 50.929 Thread 0x0000000001565800 Implicit null exception at 0x00000000028bf2ba to 0x00000000028bf735
Event: 52.047 Thread 0x0000000001565800 Implicit null exception at 0x0000000002a4c10f to 0x0000000002a4c2c1
Event: 52.047 Thread 0x0000000001565800 Implicit null exception at 0x0000000002a64cb6 to 0x0000000002a65459
Event: 52.366 Thread 0x0000000001565800 Implicit null exception at 0x0000000002a49a30 to 0x0000000002a49b2d
Event: 53.459 Thread 0x000000001b49a800 Exception <a 'java/lang/OutOfMemoryError': OutOfMemoryError> (0x00000007805771e0) thrown at [C:\re\workspace\8-2-build-windows-amd64-cygwin\jdk8u181\11358\hotspot\src\share\vm\prims\jni.cpp, line 735]

Events (10 events):
Event: 53.521 Thread 0x0000000001565800 DEOPT UNPACKING pc=0x00000000016a583b sp=0x000000000155d2b0 mode 2
Event: 53.562 Thread 0x0000000001565800 Uncommon trap: trap_request=0xffffffde fr.pc=0x0000000002b7aec0
Event: 53.562 Thread 0x0000000001565800 DEOPT PACKING pc=0x0000000002b7aec0 sp=0x000000000155d400
Event: 53.562 Thread 0x0000000001565800 DEOPT UNPACKING pc=0x00000000016a583b sp=0x000000000155d260 mode 2
Event: 53.591 Thread 0x0000000001565800 Uncommon trap: trap_request=0xffffffde fr.pc=0x0000000002b7aec0
Event: 53.591 Thread 0x0000000001565800 DEOPT PACKING pc=0x0000000002b7aec0 sp=0x000000000155d440
Event: 53.591 Thread 0x0000000001565800 DEOPT UNPACKING pc=0x00000000016a583b sp=0x000000000155d2a0 mode 2
Event: 53.624 Thread 0x0000000001565800 Uncommon trap: trap_request=0xffffffde fr.pc=0x0000000002b7aec0
Event: 53.624 Thread 0x0000000001565800 DEOPT PACKING pc=0x0000000002b7aec0 sp=0x000000000155d440
Event: 53.624 Thread 0x0000000001565800 DEOPT UNPACKING pc=0x00000000016a583b sp=0x000000000155d2a0 mode 2


Dynamic libraries:
0x00007ff7edfb0000 - 0x00007ff7edfe7000 	C:\Katalon_Studio\jre\bin\java.exe
0x00007ffe1c940000 - 0x00007ffe1cb30000 	C:\WINDOWS\SYSTEM32\ntdll.dll
0x00007ffe1bef0000 - 0x00007ffe1bfa2000 	C:\WINDOWS\System32\KERNEL32.dll
0x00007ffe11c00000 - 0x00007ffe11d27000 	C:\Windows\system32\hmpalert.dll
0x00007ffe1a4b0000 - 0x00007ffe1a753000 	C:\WINDOWS\System32\KERNELBASE.dll
0x00007ffe1b460000 - 0x00007ffe1b503000 	C:\WINDOWS\System32\ADVAPI32.dll
0x00007ffe1b6b0000 - 0x00007ffe1b74e000 	C:\WINDOWS\System32\msvcrt.dll
0x00007ffe1c090000 - 0x00007ffe1c127000 	C:\WINDOWS\System32\sechost.dll
0x00007ffe1bd40000 - 0x00007ffe1be60000 	C:\WINDOWS\System32\RPCRT4.dll
0x00007ffe1b510000 - 0x00007ffe1b6a4000 	C:\WINDOWS\System32\USER32.dll
0x00007ffe19b70000 - 0x00007ffe19b91000 	C:\WINDOWS\System32\win32u.dll
0x00007ffe1c8d0000 - 0x00007ffe1c8f6000 	C:\WINDOWS\System32\GDI32.dll
0x00007ffe1a760000 - 0x00007ffe1a8f4000 	C:\WINDOWS\System32\gdi32full.dll
0x00007ffe1a950000 - 0x00007ffe1a9ee000 	C:\WINDOWS\System32\msvcp_win.dll
0x00007ffe1a3b0000 - 0x00007ffe1a4aa000 	C:\WINDOWS\System32\ucrtbase.dll
0x00007ffe08090000 - 0x00007ffe08315000 	C:\WINDOWS\WinSxS\amd64_microsoft.windows.common-controls_6595b64144ccf1df_6.0.18362.720_none_e6beb5c51314836b\COMCTL32.dll
0x00007ffe1b760000 - 0x00007ffe1ba96000 	C:\WINDOWS\System32\combase.dll
0x00007ffe19980000 - 0x00007ffe19a00000 	C:\WINDOWS\System32\bcryptPrimitives.dll
0x00007ffe0eb10000 - 0x00007ffe0eb4d000 	C:\WINDOWS\system32\SophosAV\SOPHOS~1.DLL
0x00007ffe1bd30000 - 0x00007ffe1bd38000 	C:\WINDOWS\System32\PSAPI.DLL
0x000000006ff60000 - 0x0000000070032000 	C:\Katalon_Studio\jre\bin\msvcr100.dll
0x0000000070210000 - 0x0000000070ab2000 	C:\Katalon_Studio\jre\bin\server\jvm.dll
0x00007ffe09a50000 - 0x00007ffe09a59000 	C:\WINDOWS\SYSTEM32\WSOCK32.dll
0x00007ffe1c020000 - 0x00007ffe1c08f000 	C:\WINDOWS\System32\WS2_32.dll
0x00007ffe144a0000 - 0x00007ffe144c4000 	C:\WINDOWS\SYSTEM32\WINMM.dll
0x00007ffe145d0000 - 0x00007ffe145da000 	C:\WINDOWS\SYSTEM32\VERSION.dll
0x00007ffe14470000 - 0x00007ffe1449d000 	C:\WINDOWS\SYSTEM32\WINMMBASE.dll
0x00007ffe1a900000 - 0x00007ffe1a94a000 	C:\WINDOWS\System32\cfgmgr32.dll
0x0000000070120000 - 0x000000007012f000 	C:\Katalon_Studio\jre\bin\verify.dll
0x00000000700f0000 - 0x0000000070119000 	C:\Katalon_Studio\jre\bin\java.dll
0x00000000700d0000 - 0x00000000700e6000 	C:\Katalon_Studio\jre\bin\zip.dll
0x00007ffe1ad70000 - 0x00007ffe1b455000 	C:\WINDOWS\System32\SHELL32.dll
0x00007ffe1c710000 - 0x00007ffe1c7b9000 	C:\WINDOWS\System32\shcore.dll
0x00007ffe19ba0000 - 0x00007ffe1a320000 	C:\WINDOWS\System32\windows.storage.dll
0x00007ffe19880000 - 0x00007ffe198a3000 	C:\WINDOWS\System32\profapi.dll
0x00007ffe19830000 - 0x00007ffe1987a000 	C:\WINDOWS\System32\powrprof.dll
0x00007ffe19800000 - 0x00007ffe19810000 	C:\WINDOWS\System32\UMPDC.dll
0x00007ffe1bb20000 - 0x00007ffe1bb72000 	C:\WINDOWS\System32\shlwapi.dll
0x00007ffe198b0000 - 0x00007ffe198c1000 	C:\WINDOWS\System32\kernel.appcore.dll
0x00007ffe19b50000 - 0x00007ffe19b67000 	C:\WINDOWS\System32\cryptsp.dll
0x00000000700b0000 - 0x00000000700ca000 	C:\Katalon_Studio\jre\bin\net.dll
0x00007ffe19030000 - 0x00007ffe19097000 	C:\WINDOWS\system32\mswsock.dll
0x0000000070090000 - 0x00000000700a1000 	C:\Katalon_Studio\jre\bin\nio.dll
0x000000006fdc0000 - 0x000000006ff59000 	C:\Katalon_Studio\jre\bin\awt.dll
0x00007ffe1aca0000 - 0x00007ffe1ad64000 	C:\WINDOWS\System32\OLEAUT32.dll
0x00007ffe176f0000 - 0x00007ffe1777f000 	C:\WINDOWS\SYSTEM32\apphelp.dll
0x00007ffe17cf0000 - 0x00007ffe17d1d000 	C:\WINDOWS\system32\DWMAPI.DLL
0x00007ffe070c0000 - 0x00007ffe07216000 	C:\WINDOWS\system32\opengl32.dll
0x00007ffe13e30000 - 0x00007ffe13e5c000 	C:\WINDOWS\SYSTEM32\GLU32.dll
0x00007ffe181c0000 - 0x00007ffe181e0000 	C:\WINDOWS\SYSTEM32\dxcore.dll
0x00007ffe1c5b0000 - 0x00007ffe1c707000 	C:\WINDOWS\System32\ole32.dll
0x00007ffe18de0000 - 0x00007ffe18eaa000 	C:\WINDOWS\SYSTEM32\DNSAPI.dll
0x00007ffe1b750000 - 0x00007ffe1b758000 	C:\WINDOWS\System32\NSI.dll
0x00007ffe18d40000 - 0x00007ffe18d7a000 	C:\WINDOWS\SYSTEM32\IPHLPAPI.DLL
0x00007ffe141d0000 - 0x00007ffe141da000 	C:\Windows\System32\rasadhlp.dll
0x00007ffe15ca0000 - 0x00007ffe15d17000 	C:\WINDOWS\System32\fwpuclnt.dll
0x00007ffe1a320000 - 0x00007ffe1a346000 	C:\WINDOWS\System32\bcrypt.dll
0x0000000070050000 - 0x0000000070074000 	C:\Katalon_Studio\jre\bin\sunec.dll
0x0000000070040000 - 0x000000007004b000 	C:\Katalon_Studio\jre\bin\sunmscapi.dll
0x00007ffe19a00000 - 0x00007ffe19b49000 	C:\WINDOWS\System32\CRYPT32.dll
0x00007ffe19810000 - 0x00007ffe19822000 	C:\WINDOWS\System32\MSASN1.dll
0x00007ffe15a70000 - 0x00007ffe15a86000 	C:\WINDOWS\SYSTEM32\dhcpcsvc6.DLL
0x00007ffe15a50000 - 0x00007ffe15a6c000 	C:\WINDOWS\SYSTEM32\dhcpcsvc.DLL
0x00007ffe18930000 - 0x00007ffe18963000 	C:\WINDOWS\system32\rsaenh.dll
0x00007ffe19720000 - 0x00007ffe19745000 	C:\WINDOWS\SYSTEM32\USERENV.dll
0x00007ffe19200000 - 0x00007ffe1920c000 	C:\WINDOWS\SYSTEM32\CRYPTBASE.dll
0x00007ffe11d30000 - 0x00007ffe11d46000 	C:\WINDOWS\system32\napinsp.dll
0x00007ffe11df0000 - 0x00007ffe11e0a000 	C:\WINDOWS\system32\pnrpnsp.dll
0x00007ffe11e10000 - 0x00007ffe11e1e000 	C:\WINDOWS\System32\winrnr.dll
0x00007ffe16190000 - 0x00007ffe161ac000 	C:\WINDOWS\system32\NLAapi.dll
0x00007ffe11e20000 - 0x00007ffe11e35000 	C:\WINDOWS\system32\wshbth.dll

VM Arguments:
java_command: org.codehaus.groovy.tools.GroovyStarter --main groovy.ui.GroovyMain C:\FarmaTesting\katalonProjects\Libs\TempTestSuite1591369237507.groovy
java_class_path (initial): ;C:\Katalon_Studio\plugins\org.codehaus.groovy_2.4.7.xx-201611170128-e46\lib\bsf-2.4.0.jar;C:\Katalon_Studio\plugins\org.codehaus.groovy_2.4.7.xx-201611170128-e46\lib\groovy-all-2.4.7.jar;C:\Katalon_Studio\plugins\org.codehaus.groovy_2.4.7.xx-201611170128-e46\lib\ivy-2.4.0.jar;C:\Katalon_Studio\plugins\org.codehaus.groovy_2.4.7.xx-201611170128-e46\lib\org.apache.xerces.impl_2.11.0.jar;C:\Katalon_Studio\plugins\org.codehaus.groovy_2.4.7.xx-201611170128-e46\lib\servlet-api-2.4.jar;C:\Katalon_Studio\plugins\org.codehaus.groovy_2.4.7.xx-201611170128-e46\lib\xml-apis_1.4.1.jar;C:\Katalon_Studio\plugins\com.kms.katalon.core_1.0.0.201908270734.jar;C:\Katalon_Studio\plugins\net.sf.supercsv.super-csv_2.1.0.jar;C:\Katalon_Studio\plugins\org.apache.poi_3.9.0.v201405241750.jar;C:\Katalon_Studio\plugins\org.apache.poi.ooxml_3.9.0.v201405241905.jar;C:\Katalon_Studio\plugins\org.apache.poi.ooxml.schemas_3.9.0.v201405241750.jar;C:\Katalon_Studio\plugins\org.dom4j_1.6.1.v201312101416.jar;C:\Katalon_Studio\plugins\org.apache.commons.io_2.4.0.jar;C:\Katalon_Studio\plugins\org.apache.commons.lang_2.6.0.jar;C:\Katalon_Studio\plugins\org.apache.xmlbeans_2.6.0.jar;C:\Katalon_Studio\plugins\com.google.gson_2.8.0.jar;C:\Katalon_Studio\plugins\org.jsoup_1.7.2.jar;C:\Katalon_Studio\plugins\com.mysql.jdbc_5.1.38.jar;C:\Katalon_Studio\plugins\com.microsoft.sqlserver.sqljdbc4_4.1.5605.100.jar;C:\Katalon_Studio\plugins\org.apache.commons.dbutils_1.6.0.jar;C:\Katalon_Studio\plugins\com.oracle.jdbc.ojdbc7_12.1.0.2.jar;C:\Katalon_Studio\plugins\org.postgresql.jdbc41_9.4.1208.jre7.jar;c:\Katalon_Studio\plugins\org.eclipse.osgi_3.11.3.v20170209-1843.jar;C:\Katalon_Studio\plugins\com.kms.katalon.constant_1.0.0.201908270734.jar;C:\Katalon_Studio\plugins\org.eclipse.persistence.eclipselink_2.5.0.RC1.jar;C:\Katalon_Studio\plugins\com.kms.katalon.selenium-standalone_1.0.0.201908270734.jar;C:\Katalon_Studio\plugins\atu.testrecorder.screen-recorder_2.1.0.jar;C:\Katalon_Studio\plu
Launcher Type: SUN_STANDARD

Environment Variables:
PATH=C:/Katalon_Studio/jre/bin/server;C:/Katalon_Studio/jre/bin;C:/Katalon_Studio/jre/lib/amd64;C:\Program Files (x86)\Common Files\Oracle\Java\javapath;C:\ProgramData\Oracle\Java\javapath;C:\WINDOWS\system32;C:\WINDOWS;C:\WINDOWS\System32\Wbem;C:\WINDOWS\System32\WindowsPowerShell\v1.0\;C:\Program Files (x86)\Microsoft SQL Server\Client SDK\ODBC\130\Tools\Binn\;C:\Program Files (x86)\Microsoft SQL Server\130\Tools\Binn\;C:\Program Files (x86)\Microsoft SQL Server\130\DTS\Binn\;C:\Program Files (x86)\Microsoft SQL Server\130\Tools\Binn\ManagementStudio\;C:\Program Files\dotnet\;C:\Program Files\Microsoft SQL Server\130\Tools\Binn\;C:\WINDOWS\System32\OpenSSH\;C:\Program Files (x86)\SAP BusinessObjects\sqlanywhere\BIN64;C:\Program Files (x86)\SAP BusinessObjects\sqlanywhere\BIN32;C:\Users\alflopez-ext\AppData\Local\Programs\Git\cmd;C:\Users\alflopez-ext\AppData\Local\Microsoft\WindowsApps;C:\Katalon_Studio;
USERNAME=alflopez-ext
OS=Windows_NT
PROCESSOR_IDENTIFIER=Intel64 Family 6 Model 45 Stepping 7, GenuineIntel



---------------  S Y S T E M  ---------------

OS: Windows 10.0 , 64 bit Build 18362 (10.0.18362.329)

CPU:total 4 (initial active 4) (2 cores per cpu, 1 threads per core) family 6 model 45 stepping 7, cmov, cx8, fxsr, mmx, sse, sse2, sse3, ssse3, sse4.1, sse4.2, popcnt, avx, aes, clmul, tsc, tscinvbit, tscinv

Memory: 4k page, physical 12582452k(2681632k free), swap 28173552k(2036k free)

vm_info: Java HotSpot(TM) 64-Bit Server VM (25.181-b13) for windows-amd64 JRE (1.8.0_181-b13), built on Jul  7 2018 04:01:33 by "java_re" with MS VC++ 10.0 (VS2010)

time: Fri Jun 05 12:01:32 2020
elapsed time: 53 seconds (0d 0h 0m 53s)

