#
# There is insufficient memory for the Java Runtime Environment to continue.
# Native memory allocation (malloc) failed to allocate 1112336 bytes for Chunk::new
# Possible reasons:
#   The system is out of physical RAM or swap space
#   In 32 bit mode, the process size limit was hit
# Possible solutions:
#   Reduce memory load on the system
#   Increase physical memory or swap space
#   Check if swap backing store is full
#   Use 64 bit Java on a 64 bit OS
#   Decrease Java heap size (-Xmx/-Xms)
#   Decrease number of Java threads
#   Decrease Java thread stack sizes (-Xss)
#   Set larger code cache with -XX:ReservedCodeCacheSize=
# This output file may be truncated or incomplete.
#
#  Out of Memory Error (allocation.cpp:390), pid=7068, tid=0x00000000000032c8
#
# JRE version: Java(TM) SE Runtime Environment (8.0_181-b13) (build 1.8.0_181-b13)
# Java VM: Java HotSpot(TM) 64-Bit Server VM (25.181-b13 mixed mode windows-amd64 compressed oops)
# Failed to write core dump. Minidumps are not enabled by default on client versions of Windows
#

---------------  T H R E A D  ---------------

Current thread (0x0000000019265000):  JavaThread "C2 CompilerThread0" daemon [_thread_in_native, id=13000, stack(0x000000001a8d0000,0x000000001a9d0000)]

Stack: [0x000000001a8d0000,0x000000001a9d0000]
[error occurred during error reporting (printing stack bounds), id 0xc0000005]

Native frames: (J=compiled Java code, j=interpreted, Vv=VM code, C=native code)


Current CompileTask:
C2:  33309 5322       4       org.apache.poi.xssf.usermodel.helpers.ColumnHelper::addCleanColIntoCols (553 bytes)


---------------  P R O C E S S  ---------------

Java Threads: ( => current thread )
  0x000000001da67800 JavaThread "pool-2-thread-1" [_thread_blocked, id=40584, stack(0x000000001fab0000,0x000000001fbb0000)]
  0x000000001da66800 JavaThread "pool-1-thread-1" [_thread_blocked, id=6080, stack(0x000000001f9b0000,0x000000001fab0000)]
  0x000000001c4b4000 JavaThread "AWT-Windows" daemon [_thread_in_native, id=60644, stack(0x000000001f8b0000,0x000000001f9b0000)]
  0x000000001c4b2800 JavaThread "Java2D Disposer" daemon [_thread_blocked, id=63436, stack(0x000000001f6b0000,0x000000001f7b0000)]
  0x00000000192be000 JavaThread "Service Thread" daemon [_thread_blocked, id=57572, stack(0x000000001afd0000,0x000000001b0d0000)]
  0x000000001927a800 JavaThread "C1 CompilerThread2" daemon [_thread_blocked, id=47644, stack(0x000000001aad0000,0x000000001abd0000)]
  0x000000001926d800 JavaThread "C2 CompilerThread1" daemon [_thread_blocked, id=56404, stack(0x000000001a9d0000,0x000000001aad0000)]
=>0x0000000019265000 JavaThread "C2 CompilerThread0" daemon [_thread_in_native, id=13000, stack(0x000000001a8d0000,0x000000001a9d0000)]
  0x0000000019263800 JavaThread "Attach Listener" daemon [_thread_blocked, id=55788, stack(0x000000001a7d0000,0x000000001a8d0000)]
  0x0000000019262000 JavaThread "Signal Dispatcher" daemon [_thread_blocked, id=62376, stack(0x000000001a6d0000,0x000000001a7d0000)]
  0x000000001924c000 JavaThread "Finalizer" daemon [_thread_blocked, id=58588, stack(0x000000001a4b0000,0x000000001a5b0000)]
  0x00000000020e6000 JavaThread "Reference Handler" daemon [_thread_blocked, id=41476, stack(0x000000001a3b0000,0x000000001a4b0000)]
  0x0000000001ff5800 JavaThread "main" [_thread_in_vm, id=60460, stack(0x0000000001ef0000,0x0000000001ff0000)]

Other Threads:
  0x0000000019227800 VMThread [stack: 0x000000001a2b0000,0x000000001a3b0000] [id=54156]
  0x000000001ac52800 WatcherThread [stack: 0x000000001b0d0000,0x000000001b1d0000] [id=57520]

VM state:not at safepoint (normal execution)

VM Mutex/Monitor currently owned by a thread: None

Heap:
 PSYoungGen      total 532480K, used 60555K [0x0000000780000000, 0x00000007a3080000, 0x00000007c0000000)
  eden space 491008K, 5% used [0x0000000780000000,0x0000000781ca3470,0x000000079df80000)
  from space 41472K, 75% used [0x000000079df80000,0x000000079fdff9b8,0x00000007a0800000)
  to   space 36352K, 0% used [0x00000007a0d00000,0x00000007a0d00000,0x00000007a3080000)
 ParOldGen       total 197120K, used 124960K [0x0000000700000000, 0x000000070c080000, 0x0000000780000000)
  object space 197120K, 63% used [0x0000000700000000,0x0000000707a082b0,0x000000070c080000)
 Metaspace       used 30056K, capacity 30502K, committed 30848K, reserved 1077248K
  class space    used 3233K, capacity 3351K, committed 3456K, reserved 1048576K

Card table byte_map: [0x00000000114b0000,0x0000000011ac0000] byte_map_base: 0x000000000dcb0000

Marking Bits: (ParMarkBitMap*) 0x0000000070a32d00
 Begin Bits: [0x00000000122c0000, 0x00000000152c0000)
 End Bits:   [0x00000000152c0000, 0x00000000182c0000)

Polling page: 0x0000000001430000

CodeCache: size=245760Kb used=19050Kb max_used=19062Kb free=226709Kb
 bounds [0x00000000020f0000, 0x00000000033b0000, 0x00000000110f0000]
 total_blobs=5284 nmethods=4510 adapters=685
 compilation: enabled

Compilation events (10 events):
Event: 32.832 Thread 0x000000001927a800 nmethod 5318 0x000000000339b910 code [0x000000000339bac0, 0x000000000339c138]
Event: 32.832 Thread 0x000000001927a800 5319       3       sun.nio.cs.StreamDecoder::<init> (64 bytes)
Event: 32.833 Thread 0x000000001927a800 nmethod 5319 0x000000000339ac50 code [0x000000000339ae00, 0x000000000339b5d8]
Event: 32.840 Thread 0x000000001926d800 5320       4       java.lang.String::trim (77 bytes)
Event: 32.842 Thread 0x000000001926d800 nmethod 5320 0x000000000339a8d0 code [0x000000000339aa20, 0x000000000339ab38]
Event: 32.842 Thread 0x000000001927a800 5321   !   3       sun.reflect.GeneratedConstructorAccessor19::newInstance (53 bytes)
Event: 32.843 Thread 0x000000001927a800 nmethod 5321 0x000000000339f690 code [0x000000000339f880, 0x00000000033a0188]
Event: 32.996 Thread 0x0000000019265000 5322       4       org.apache.poi.xssf.usermodel.helpers.ColumnHelper::addCleanColIntoCols (553 bytes)
Event: 32.998 Thread 0x000000001927a800 5323       1       org.apache.xmlbeans.impl.piccolo.util.StringStack::clear (6 bytes)
Event: 32.998 Thread 0x000000001927a800 nmethod 5323 0x0000000003395110 code [0x0000000003395260, 0x0000000003395370]

GC Heap History (10 events):
Event: 28.804 GC heap before
{Heap before GC invocations=29 (full 2):
 PSYoungGen      total 505344K, used 465720K [0x0000000780000000, 0x00000007a2b00000, 0x00000007c0000000)
  eden space 461824K, 100% used [0x0000000780000000,0x000000079c300000,0x000000079c300000)
  from space 43520K, 8% used [0x00000007a0080000,0x00000007a044e080,0x00000007a2b00000)
  to   space 53248K, 0% used [0x000000079c300000,0x000000079c300000,0x000000079f700000)
 ParOldGen       total 197120K, used 124944K [0x0000000700000000, 0x000000070c080000, 0x0000000780000000)
  object space 197120K, 63% used [0x0000000700000000,0x0000000707a042b0,0x000000070c080000)
 Metaspace       used 29976K, capacity 30438K, committed 30592K, reserved 1077248K
  class space    used 3233K, capacity 3351K, committed 3456K, reserved 1048576K
Event: 28.809 GC heap after
Heap after GC invocations=29 (full 2):
 PSYoungGen      total 515072K, used 7053K [0x0000000780000000, 0x00000007a2b00000, 0x00000007c0000000)
  eden space 461824K, 0% used [0x0000000780000000,0x0000000780000000,0x000000079c300000)
  from space 53248K, 13% used [0x000000079c300000,0x000000079c9e3450,0x000000079f700000)
  to   space 43520K, 0% used [0x00000007a0080000,0x00000007a0080000,0x00000007a2b00000)
 ParOldGen       total 197120K, used 124952K [0x0000000700000000, 0x000000070c080000, 0x0000000780000000)
  object space 197120K, 63% used [0x0000000700000000,0x0000000707a062b0,0x000000070c080000)
 Metaspace       used 29976K, capacity 30438K, committed 30592K, reserved 1077248K
  class space    used 3233K, capacity 3351K, committed 3456K, reserved 1048576K
}
Event: 29.797 GC heap before
{Heap before GC invocations=30 (full 2):
 PSYoungGen      total 515072K, used 468877K [0x0000000780000000, 0x00000007a2b00000, 0x00000007c0000000)
  eden space 461824K, 100% used [0x0000000780000000,0x000000079c300000,0x000000079c300000)
  from space 53248K, 13% used [0x000000079c300000,0x000000079c9e3450,0x000000079f700000)
  to   space 43520K, 0% used [0x00000007a0080000,0x00000007a0080000,0x00000007a2b00000)
 ParOldGen       total 197120K, used 124952K [0x0000000700000000, 0x000000070c080000, 0x0000000780000000)
  object space 197120K, 63% used [0x0000000700000000,0x0000000707a062b0,0x000000070c080000)
 Metaspace       used 30014K, capacity 30438K, committed 30592K, reserved 1077248K
  class space    used 3233K, capacity 3351K, committed 3456K, reserved 1048576K
Event: 29.807 GC heap after
Heap after GC invocations=30 (full 2):
 PSYoungGen      total 505344K, used 7915K [0x0000000780000000, 0x00000007a2b00000, 0x00000007c0000000)
  eden space 461824K, 0% used [0x0000000780000000,0x0000000780000000,0x000000079c300000)
  from space 43520K, 18% used [0x00000007a0080000,0x00000007a083ae40,0x00000007a2b00000)
  to   space 53248K, 0% used [0x000000079c300000,0x000000079c300000,0x000000079f700000)
 ParOldGen       total 197120K, used 124952K [0x0000000700000000, 0x000000070c080000, 0x0000000780000000)
  object space 197120K, 63% used [0x0000000700000000,0x0000000707a062b0,0x000000070c080000)
 Metaspace       used 30014K, capacity 30438K, committed 30592K, reserved 1077248K
  class space    used 3233K, capacity 3351K, committed 3456K, reserved 1048576K
}
Event: 31.265 GC heap before
{Heap before GC invocations=31 (full 2):
 PSYoungGen      total 505344K, used 468864K [0x0000000780000000, 0x00000007a2b00000, 0x00000007c0000000)
  eden space 461824K, 99% used [0x0000000780000000,0x000000079c2252c0,0x000000079c300000)
  from space 43520K, 18% used [0x00000007a0080000,0x00000007a083ae40,0x00000007a2b00000)
  to   space 53248K, 0% used [0x000000079c300000,0x000000079c300000,0x000000079f700000)
 ParOldGen       total 197120K, used 124952K [0x0000000700000000, 0x000000070c080000, 0x0000000780000000)
  object space 197120K, 63% used [0x0000000700000000,0x0000000707a062b0,0x000000070c080000)
 Metaspace       used 30026K, capacity 30438K, committed 30592K, reserved 1077248K
  class space    used 3233K, capacity 3351K, committed 3456K, reserved 1048576K
Event: 31.268 GC heap after
Heap after GC invocations=31 (full 2):
 PSYoungGen      total 515072K, used 6443K [0x0000000780000000, 0x00000007a3780000, 0x00000007c0000000)
  eden space 461824K, 0% used [0x0000000780000000,0x0000000780000000,0x000000079c300000)
  from space 53248K, 12% used [0x000000079c300000,0x000000079c94ac90,0x000000079f700000)
  to   space 43520K, 0% used [0x00000007a0d00000,0x00000007a0d00000,0x00000007a3780000)
 ParOldGen       total 197120K, used 124960K [0x0000000700000000, 0x000000070c080000, 0x0000000780000000)
  object space 197120K, 63% used [0x0000000700000000,0x0000000707a082b0,0x000000070c080000)
 Metaspace       used 30026K, capacity 30438K, committed 30592K, reserved 1077248K
  class space    used 3233K, capacity 3351K, committed 3456K, reserved 1048576K
}
Event: 32.132 GC heap before
{Heap before GC invocations=32 (full 2):
 PSYoungGen      total 515072K, used 468267K [0x0000000780000000, 0x00000007a3780000, 0x00000007c0000000)
  eden space 461824K, 100% used [0x0000000780000000,0x000000079c300000,0x000000079c300000)
  from space 53248K, 12% used [0x000000079c300000,0x000000079c94ac90,0x000000079f700000)
  to   space 43520K, 0% used [0x00000007a0d00000,0x00000007a0d00000,0x00000007a3780000)
 ParOldGen       total 197120K, used 124960K [0x0000000700000000, 0x000000070c080000, 0x0000000780000000)
  object space 197120K, 63% used [0x0000000700000000,0x0000000707a082b0,0x000000070c080000)
 Metaspace       used 30044K, capacity 30502K, committed 30848K, reserved 1077248K
  class space    used 3233K, capacity 3351K, committed 3456K, reserved 1048576K
Event: 32.137 GC heap after
Heap after GC invocations=32 (full 2):
 PSYoungGen      total 527360K, used 7117K [0x0000000780000000, 0x00000007a3080000, 0x00000007c0000000)
  eden space 491008K, 0% used [0x0000000780000000,0x0000000780000000,0x000000079df80000)
  from space 36352K, 19% used [0x00000007a0d00000,0x00000007a13f3450,0x00000007a3080000)
  to   space 41472K, 0% used [0x000000079df80000,0x000000079df80000,0x00000007a0800000)
 ParOldGen       total 197120K, used 124960K [0x0000000700000000, 0x000000070c080000, 0x0000000780000000)
  object space 197120K, 63% used [0x0000000700000000,0x0000000707a082b0,0x000000070c080000)
 Metaspace       used 30044K, capacity 30502K, committed 30848K, reserved 1077248K
  class space    used 3233K, capacity 3351K, committed 3456K, reserved 1048576K
}
Event: 33.154 GC heap before
{Heap before GC invocations=33 (full 2):
 PSYoungGen      total 527360K, used 498125K [0x0000000780000000, 0x00000007a3080000, 0x00000007c0000000)
  eden space 491008K, 100% used [0x0000000780000000,0x000000079df80000,0x000000079df80000)
  from space 36352K, 19% used [0x00000007a0d00000,0x00000007a13f3450,0x00000007a3080000)
  to   space 41472K, 0% used [0x000000079df80000,0x000000079df80000,0x00000007a0800000)
 ParOldGen       total 197120K, used 124960K [0x0000000700000000, 0x000000070c080000, 0x0000000780000000)
  object space 197120K, 63% used [0x0000000700000000,0x0000000707a082b0,0x000000070c080000)
 Metaspace       used 30055K, capacity 30502K, committed 30848K, reserved 1077248K
  class space    used 3233K, capacity 3351K, committed 3456K, reserved 1048576K
Event: 33.210 GC heap after
Heap after GC invocations=33 (full 2):
 PSYoungGen      total 532480K, used 31230K [0x0000000780000000, 0x00000007a3080000, 0x00000007c0000000)
  eden space 491008K, 0% used [0x0000000780000000,0x0000000780000000,0x000000079df80000)
  from space 41472K, 75% used [0x000000079df80000,0x000000079fdff9b8,0x00000007a0800000)
  to   space 36352K, 0% used [0x00000007a0d00000,0x00000007a0d00000,0x00000007a3080000)
 ParOldGen       total 197120K, used 124960K [0x0000000700000000, 0x000000070c080000, 0x0000000780000000)
  object space 197120K, 63% used [0x0000000700000000,0x0000000707a082b0,0x000000070c080000)
 Metaspace       used 30055K, capacity 30502K, committed 30848K, reserved 1077248K
  class space    used 3233K, capacity 3351K, committed 3456K, reserved 1048576K
}

Deoptimization events (10 events):
Event: 15.505 Thread 0x0000000001ff5800 Uncommon trap: reason=class_check action=maybe_recompile pc=0x0000000002d24100 method=org.apache.xmlbeans.impl.store.CharUtil.getChars([CILjava/lang/Object;II)V @ 84
Event: 16.076 Thread 0x0000000001ff5800 Uncommon trap: reason=class_check action=maybe_recompile pc=0x0000000002f0d6b0 method=org.apache.xmlbeans.impl.store.Locale$ScrubBuffer.scrub(Ljava/lang/Object;II)V @ 25
Event: 16.513 Thread 0x0000000001ff5800 Uncommon trap: reason=class_check action=maybe_recompile pc=0x0000000002f0d6b0 method=org.apache.xmlbeans.impl.store.Locale$ScrubBuffer.scrub(Ljava/lang/Object;II)V @ 25
Event: 17.093 Thread 0x0000000001ff5800 Uncommon trap: reason=class_check action=maybe_recompile pc=0x0000000002f0d6b0 method=org.apache.xmlbeans.impl.store.Locale$ScrubBuffer.scrub(Ljava/lang/Object;II)V @ 25
Event: 18.170 Thread 0x0000000001ff5800 Uncommon trap: reason=class_check action=maybe_recompile pc=0x0000000002de32b8 method=org.apache.xmlbeans.impl.store.CharUtil.getString(Ljava/lang/Object;II)Ljava/lang/String; @ 55
Event: 27.509 Thread 0x0000000001ff5800 Uncommon trap: reason=predicate action=maybe_recompile pc=0x0000000002d3ca14 method=java.util.AbstractCollection.toArray([Ljava/lang/Object;)[Ljava/lang/Object; @ 49
Event: 27.521 Thread 0x0000000001ff5800 Uncommon trap: reason=array_check action=maybe_recompile pc=0x0000000002e13c88 method=java.util.AbstractCollection.toArray([Ljava/lang/Object;)[Ljava/lang/Object; @ 119
Event: 27.522 Thread 0x0000000001ff5800 Uncommon trap: reason=array_check action=maybe_recompile pc=0x0000000002e13c88 method=java.util.AbstractCollection.toArray([Ljava/lang/Object;)[Ljava/lang/Object; @ 119
Event: 27.522 Thread 0x0000000001ff5800 Uncommon trap: reason=array_check action=maybe_recompile pc=0x0000000002e13c88 method=java.util.AbstractCollection.toArray([Ljava/lang/Object;)[Ljava/lang/Object; @ 119
Event: 27.523 Thread 0x0000000001ff5800 Uncommon trap: reason=array_check action=maybe_recompile pc=0x0000000002e13c88 method=java.util.AbstractCollection.toArray([Ljava/lang/Object;)[Ljava/lang/Object; @ 119

Classes redefined (0 events):
No events

Internal exceptions (10 events):
Event: 11.125 Thread 0x0000000001ff5800 Implicit null exception at 0x0000000002d33fb6 to 0x0000000002d34759
Event: 11.278 Thread 0x0000000001ff5800 Implicit null exception at 0x0000000002d0b0f0 to 0x0000000002d0b1ed
Event: 12.542 Thread 0x0000000001ff5800 Exception <a 'java/lang/ClassNotFoundException': com/kms/katalon/core/testdata/reader/SheetPOIBeanInfo> (0x00000007832faa78) thrown at [C:\re\workspace\8-2-build-windows-amd64-cygwin\jdk8u181\11358\hotspot\src\share\vm\classfile\systemDictionary.cpp, line
Event: 12.546 Thread 0x0000000001ff5800 Exception <a 'java/lang/ClassNotFoundException': com/kms/katalon/core/testdata/ExcelDataBeanInfo> (0x000000078333a668) thrown at [C:\re\workspace\8-2-build-windows-amd64-cygwin\jdk8u181\11358\hotspot\src\share\vm\classfile\systemDictionary.cpp, line 210]
Event: 12.549 Thread 0x0000000001ff5800 Exception <a 'java/lang/ClassNotFoundException': com/kms/katalon/core/testdata/AbstractTestDataBeanInfo> (0x000000078337fd68) thrown at [C:\re\workspace\8-2-build-windows-amd64-cygwin\jdk8u181\11358\hotspot\src\share\vm\classfile\systemDictionary.cpp, lin
Event: 12.553 Thread 0x0000000001ff5800 Exception <a 'java/lang/ClassNotFoundException': com/kms/katalon/core/testdata/AbstractTestDataCustomizer> (0x00000007833c6c18) thrown at [C:\re\workspace\8-2-build-windows-amd64-cygwin\jdk8u181\11358\hotspot\src\share\vm\classfile\systemDictionary.cpp, l
Event: 12.557 Thread 0x0000000001ff5800 Exception <a 'java/lang/ClassNotFoundException': com/kms/katalon/core/testdata/ExcelDataCustomizer> (0x000000078340e558) thrown at [C:\re\workspace\8-2-build-windows-amd64-cygwin\jdk8u181\11358\hotspot\src\share\vm\classfile\systemDictionary.cpp, line 210
Event: 12.594 Thread 0x0000000001ff5800 Exception <a 'java/lang/ClassNotFoundException': com/kms/katalon/core/testdata/reader/SheetPOICustomizer> (0x0000000783a7ca28) thrown at [C:\re\workspace\8-2-build-windows-amd64-cygwin\jdk8u181\11358\hotspot\src\share\vm\classfile\systemDictionary.cpp, li
Event: 12.808 Thread 0x0000000001ff5800 Implicit null exception at 0x0000000002d6333a to 0x0000000002d653dd
Event: 18.066 Thread 0x000000001da66800 Exception <a 'java/lang/OutOfMemoryError': OutOfMemoryError> (0x00000007817a5de0) thrown at [C:\re\workspace\8-2-build-windows-amd64-cygwin\jdk8u181\11358\hotspot\src\share\vm\prims\jni.cpp, line 735]

Events (10 events):
Event: 28.804 Executing VM operation: ParallelGCFailedAllocation
Event: 28.809 Executing VM operation: ParallelGCFailedAllocation done
Event: 29.797 Executing VM operation: ParallelGCFailedAllocation
Event: 29.807 Executing VM operation: ParallelGCFailedAllocation done
Event: 31.265 Executing VM operation: ParallelGCFailedAllocation
Event: 31.268 Executing VM operation: ParallelGCFailedAllocation done
Event: 32.132 Executing VM operation: ParallelGCFailedAllocation
Event: 32.137 Executing VM operation: ParallelGCFailedAllocation done
Event: 33.154 Executing VM operation: ParallelGCFailedAllocation
Event: 33.210 Executing VM operation: ParallelGCFailedAllocation done


Dynamic libraries:
0x00007ff7edfb0000 - 0x00007ff7edfe7000 	C:\Katalon_Studio\jre\bin\java.exe
0x00007ffe1c940000 - 0x00007ffe1cb30000 	C:\WINDOWS\SYSTEM32\ntdll.dll
0x00007ffe1bef0000 - 0x00007ffe1bfa2000 	C:\WINDOWS\System32\KERNEL32.dll
0x00007ffe11c00000 - 0x00007ffe11d27000 	C:\Windows\system32\hmpalert.dll
0x00007ffe1a4b0000 - 0x00007ffe1a753000 	C:\WINDOWS\System32\KERNELBASE.dll
0x00007ffe1b460000 - 0x00007ffe1b503000 	C:\WINDOWS\System32\ADVAPI32.dll
0x00007ffe1b6b0000 - 0x00007ffe1b74e000 	C:\WINDOWS\System32\msvcrt.dll
0x00007ffe1c090000 - 0x00007ffe1c127000 	C:\WINDOWS\System32\sechost.dll
0x00007ffe1bd40000 - 0x00007ffe1be60000 	C:\WINDOWS\System32\RPCRT4.dll
0x00007ffe1b510000 - 0x00007ffe1b6a4000 	C:\WINDOWS\System32\USER32.dll
0x00007ffe19b70000 - 0x00007ffe19b91000 	C:\WINDOWS\System32\win32u.dll
0x00007ffe1c8d0000 - 0x00007ffe1c8f6000 	C:\WINDOWS\System32\GDI32.dll
0x00007ffe1a760000 - 0x00007ffe1a8f4000 	C:\WINDOWS\System32\gdi32full.dll
0x00007ffe1a950000 - 0x00007ffe1a9ee000 	C:\WINDOWS\System32\msvcp_win.dll
0x00007ffe1a3b0000 - 0x00007ffe1a4aa000 	C:\WINDOWS\System32\ucrtbase.dll
0x00007ffe08090000 - 0x00007ffe08315000 	C:\WINDOWS\WinSxS\amd64_microsoft.windows.common-controls_6595b64144ccf1df_6.0.18362.720_none_e6beb5c51314836b\COMCTL32.dll
0x00007ffe1b760000 - 0x00007ffe1ba96000 	C:\WINDOWS\System32\combase.dll
0x00007ffe19980000 - 0x00007ffe19a00000 	C:\WINDOWS\System32\bcryptPrimitives.dll
0x00007ffe0eb10000 - 0x00007ffe0eb4d000 	C:\WINDOWS\system32\SophosAV\SOPHOS~1.DLL
0x00007ffe1bd30000 - 0x00007ffe1bd38000 	C:\WINDOWS\System32\PSAPI.DLL
0x000000006ff60000 - 0x0000000070032000 	C:\Katalon_Studio\jre\bin\msvcr100.dll
0x0000000070210000 - 0x0000000070ab2000 	C:\Katalon_Studio\jre\bin\server\jvm.dll
0x00007ffe09a50000 - 0x00007ffe09a59000 	C:\WINDOWS\SYSTEM32\WSOCK32.dll
0x00007ffe1c020000 - 0x00007ffe1c08f000 	C:\WINDOWS\System32\WS2_32.dll
0x00007ffe144a0000 - 0x00007ffe144c4000 	C:\WINDOWS\SYSTEM32\WINMM.dll
0x00007ffe145d0000 - 0x00007ffe145da000 	C:\WINDOWS\SYSTEM32\VERSION.dll
0x00007ffe14470000 - 0x00007ffe1449d000 	C:\WINDOWS\SYSTEM32\WINMMBASE.dll
0x00007ffe1a900000 - 0x00007ffe1a94a000 	C:\WINDOWS\System32\cfgmgr32.dll
0x0000000070120000 - 0x000000007012f000 	C:\Katalon_Studio\jre\bin\verify.dll
0x00000000700f0000 - 0x0000000070119000 	C:\Katalon_Studio\jre\bin\java.dll
0x00000000700d0000 - 0x00000000700e6000 	C:\Katalon_Studio\jre\bin\zip.dll
0x00007ffe1ad70000 - 0x00007ffe1b455000 	C:\WINDOWS\System32\SHELL32.dll
0x00007ffe1c710000 - 0x00007ffe1c7b9000 	C:\WINDOWS\System32\shcore.dll
0x00007ffe19ba0000 - 0x00007ffe1a320000 	C:\WINDOWS\System32\windows.storage.dll
0x00007ffe19880000 - 0x00007ffe198a3000 	C:\WINDOWS\System32\profapi.dll
0x00007ffe19830000 - 0x00007ffe1987a000 	C:\WINDOWS\System32\powrprof.dll
0x00007ffe19800000 - 0x00007ffe19810000 	C:\WINDOWS\System32\UMPDC.dll
0x00007ffe1bb20000 - 0x00007ffe1bb72000 	C:\WINDOWS\System32\shlwapi.dll
0x00007ffe198b0000 - 0x00007ffe198c1000 	C:\WINDOWS\System32\kernel.appcore.dll
0x00007ffe19b50000 - 0x00007ffe19b67000 	C:\WINDOWS\System32\cryptsp.dll
0x00000000700b0000 - 0x00000000700ca000 	C:\Katalon_Studio\jre\bin\net.dll
0x00007ffe19030000 - 0x00007ffe19097000 	C:\WINDOWS\system32\mswsock.dll
0x0000000070090000 - 0x00000000700a1000 	C:\Katalon_Studio\jre\bin\nio.dll
0x000000006fdc0000 - 0x000000006ff59000 	C:\Katalon_Studio\jre\bin\awt.dll
0x00007ffe1aca0000 - 0x00007ffe1ad64000 	C:\WINDOWS\System32\OLEAUT32.dll
0x00007ffe176f0000 - 0x00007ffe1777f000 	C:\WINDOWS\SYSTEM32\apphelp.dll
0x00007ffe17cf0000 - 0x00007ffe17d1d000 	C:\WINDOWS\system32\DWMAPI.DLL
0x00007ffe070c0000 - 0x00007ffe07216000 	C:\WINDOWS\system32\opengl32.dll
0x00007ffe13e30000 - 0x00007ffe13e5c000 	C:\WINDOWS\SYSTEM32\GLU32.dll
0x00007ffe181c0000 - 0x00007ffe181e0000 	C:\WINDOWS\SYSTEM32\dxcore.dll
0x00007ffe1c5b0000 - 0x00007ffe1c707000 	C:\WINDOWS\System32\ole32.dll

VM Arguments:
java_command: org.codehaus.groovy.tools.GroovyStarter --main groovy.ui.GroovyMain C:\FarmaTesting\katalonProjects\Libs\TempTestSuite1591330425067.groovy
java_class_path (initial): ;C:\Katalon_Studio\plugins\org.codehaus.groovy_2.4.7.xx-201611170128-e46\lib\bsf-2.4.0.jar;C:\Katalon_Studio\plugins\org.codehaus.groovy_2.4.7.xx-201611170128-e46\lib\groovy-all-2.4.7.jar;C:\Katalon_Studio\plugins\org.codehaus.groovy_2.4.7.xx-201611170128-e46\lib\ivy-2.4.0.jar;C:\Katalon_Studio\plugins\org.codehaus.groovy_2.4.7.xx-201611170128-e46\lib\org.apache.xerces.impl_2.11.0.jar;C:\Katalon_Studio\plugins\org.codehaus.groovy_2.4.7.xx-201611170128-e46\lib\servlet-api-2.4.jar;C:\Katalon_Studio\plugins\org.codehaus.groovy_2.4.7.xx-201611170128-e46\lib\xml-apis_1.4.1.jar;C:\Katalon_Studio\plugins\com.kms.katalon.core_1.0.0.201908270734.jar;C:\Katalon_Studio\plugins\net.sf.supercsv.super-csv_2.1.0.jar;C:\Katalon_Studio\plugins\org.apache.poi_3.9.0.v201405241750.jar;C:\Katalon_Studio\plugins\org.apache.poi.ooxml_3.9.0.v201405241905.jar;C:\Katalon_Studio\plugins\org.apache.poi.ooxml.schemas_3.9.0.v201405241750.jar;C:\Katalon_Studio\plugins\org.dom4j_1.6.1.v201312101416.jar;C:\Katalon_Studio\plugins\org.apache.commons.io_2.4.0.jar;C:\Katalon_Studio\plugins\org.apache.commons.lang_2.6.0.jar;C:\Katalon_Studio\plugins\org.apache.xmlbeans_2.6.0.jar;C:\Katalon_Studio\plugins\com.google.gson_2.8.0.jar;C:\Katalon_Studio\plugins\org.jsoup_1.7.2.jar;C:\Katalon_Studio\plugins\com.mysql.jdbc_5.1.38.jar;C:\Katalon_Studio\plugins\com.microsoft.sqlserver.sqljdbc4_4.1.5605.100.jar;C:\Katalon_Studio\plugins\org.apache.commons.dbutils_1.6.0.jar;C:\Katalon_Studio\plugins\com.oracle.jdbc.ojdbc7_12.1.0.2.jar;C:\Katalon_Studio\plugins\org.postgresql.jdbc41_9.4.1208.jre7.jar;c:\Katalon_Studio\plugins\org.eclipse.osgi_3.11.3.v20170209-1843.jar;C:\Katalon_Studio\plugins\com.kms.katalon.constant_1.0.0.201908270734.jar;C:\Katalon_Studio\plugins\org.eclipse.persistence.eclipselink_2.5.0.RC1.jar;C:\Katalon_Studio\plugins\com.kms.katalon.selenium-standalone_1.0.0.201908270734.jar;C:\Katalon_Studio\plugins\atu.testrecorder.screen-recorder_2.1.0.jar;C:\Katalon_Studio\plu
Launcher Type: SUN_STANDARD

Environment Variables:
PATH=C:/Katalon_Studio/jre/bin/server;C:/Katalon_Studio/jre/bin;C:/Katalon_Studio/jre/lib/amd64;C:\Program Files (x86)\Common Files\Oracle\Java\javapath;C:\ProgramData\Oracle\Java\javapath;C:\WINDOWS\system32;C:\WINDOWS;C:\WINDOWS\System32\Wbem;C:\WINDOWS\System32\WindowsPowerShell\v1.0\;C:\Program Files (x86)\Microsoft SQL Server\Client SDK\ODBC\130\Tools\Binn\;C:\Program Files (x86)\Microsoft SQL Server\130\Tools\Binn\;C:\Program Files (x86)\Microsoft SQL Server\130\DTS\Binn\;C:\Program Files (x86)\Microsoft SQL Server\130\Tools\Binn\ManagementStudio\;C:\Program Files\dotnet\;C:\Program Files\Microsoft SQL Server\130\Tools\Binn\;C:\WINDOWS\System32\OpenSSH\;C:\Program Files (x86)\SAP BusinessObjects\sqlanywhere\BIN64;C:\Program Files (x86)\SAP BusinessObjects\sqlanywhere\BIN32;C:\Users\alflopez-ext\AppData\Local\Programs\Git\cmd;C:\Users\alflopez-ext\AppData\Local\Microsoft\WindowsApps;C:\Katalon_Studio;
USERNAME=alflopez-ext
OS=Windows_NT
PROCESSOR_IDENTIFIER=Intel64 Family 6 Model 45 Stepping 7, GenuineIntel



---------------  S Y S T E M  ---------------

OS: Windows 10.0 , 64 bit Build 18362 (10.0.18362.329)

CPU:total 4 (initial active 4) (2 cores per cpu, 1 threads per core) family 6 model 45 stepping 7, cmov, cx8, fxsr, mmx, sse, sse2, sse3, ssse3, sse4.1, sse4.2, popcnt, avx, aes, clmul, tsc, tscinvbit, tscinv

Memory: 4k page, physical 12582452k(1992352k free), swap 28173552k(6116k free)

vm_info: Java HotSpot(TM) 64-Bit Server VM (25.181-b13) for windows-amd64 JRE (1.8.0_181-b13), built on Jul  7 2018 04:01:33 by "java_re" with MS VC++ 10.0 (VS2010)

time: Fri Jun 05 01:14:19 2020
elapsed time: 33 seconds (0d 0h 0m 33s)

