#
# There is insufficient memory for the Java Runtime Environment to continue.
# Native memory allocation (malloc) failed to allocate 32744 bytes for ChunkPool::allocate
# Possible reasons:
#   The system is out of physical RAM or swap space
#   In 32 bit mode, the process size limit was hit
# Possible solutions:
#   Reduce memory load on the system
#   Increase physical memory or swap space
#   Check if swap backing store is full
#   Use 64 bit Java on a 64 bit OS
#   Decrease Java heap size (-Xmx/-Xms)
#   Decrease number of Java threads
#   Decrease Java thread stack sizes (-Xss)
#   Set larger code cache with -XX:ReservedCodeCacheSize=
# This output file may be truncated or incomplete.
#
#  Out of Memory Error (allocation.cpp:273), pid=61576, tid=0x000000000000d738
#
# JRE version: Java(TM) SE Runtime Environment (8.0_181-b13) (build 1.8.0_181-b13)
# Java VM: Java HotSpot(TM) 64-Bit Server VM (25.181-b13 mixed mode windows-amd64 compressed oops)
# Failed to write core dump. Minidumps are not enabled by default on client versions of Windows
#

---------------  T H R E A D  ---------------

Current thread (0x0000000018d1b000):  JavaThread "C2 CompilerThread1" daemon [_thread_in_native, id=55096, stack(0x000000001a440000,0x000000001a540000)]

Stack: [0x000000001a440000,0x000000001a540000]
[error occurred during error reporting (printing stack bounds), id 0xc0000005]

Native frames: (J=compiled Java code, j=interpreted, Vv=VM code, C=native code)


Current CompileTask:
C2: 135070 6906 %     4       groovy.lang.MetaClassImpl::applyStrayPropertyMethods @ 57 (293 bytes)


---------------  P R O C E S S  ---------------

Java Threads: ( => current thread )
  0x000000001bef1000 JavaThread "Okio Watchdog" daemon [_thread_blocked, id=56980, stack(0x00000000219d0000,0x0000000021ad0000)]
  0x000000001beef800 JavaThread "OkHttp ConnectionPool" daemon [_thread_blocked, id=59944, stack(0x00000000215c0000,0x00000000216c0000)]
  0x000000001f502000 JavaThread "Exec Stream Pumper" daemon [_thread_in_native, id=57264, stack(0x00000000208a0000,0x00000000209a0000)]
  0x000000001f4ff000 JavaThread "Exec Stream Pumper" daemon [_thread_in_native, id=44980, stack(0x00000000207a0000,0x00000000208a0000)]
  0x000000001f500000 JavaThread "Exec Default Executor" daemon [_thread_in_native, id=5512, stack(0x00000000209b0000,0x0000000020ab0000)]
  0x000000001bced800 JavaThread "pool-2-thread-1" [_thread_blocked, id=50000, stack(0x000000001e570000,0x000000001e670000)]
  0x000000001bcec800 JavaThread "pool-1-thread-1" [_thread_blocked, id=35992, stack(0x000000001e470000,0x000000001e570000)]
  0x000000001bd2d800 JavaThread "AWT-Windows" daemon [_thread_in_native, id=47196, stack(0x000000001e350000,0x000000001e450000)]
  0x000000001bd2c000 JavaThread "Java2D Disposer" daemon [_thread_blocked, id=36560, stack(0x000000001e150000,0x000000001e250000)]
  0x000000001a54c800 JavaThread "Service Thread" daemon [_thread_blocked, id=44264, stack(0x000000001aa40000,0x000000001ab40000)]
  0x000000001a548800 JavaThread "C1 CompilerThread2" daemon [_thread_blocked, id=20420, stack(0x000000001a940000,0x000000001aa40000)]
=>0x0000000018d1b000 JavaThread "C2 CompilerThread1" daemon [_thread_in_native, id=55096, stack(0x000000001a440000,0x000000001a540000)]
  0x0000000018cc6800 JavaThread "C2 CompilerThread0" daemon [_thread_blocked, id=26304, stack(0x000000001a340000,0x000000001a440000)]
  0x0000000018cc3800 JavaThread "Attach Listener" daemon [_thread_blocked, id=45660, stack(0x000000001a240000,0x000000001a340000)]
  0x0000000018cc2800 JavaThread "Signal Dispatcher" daemon [_thread_blocked, id=53064, stack(0x000000001a140000,0x000000001a240000)]
  0x0000000018cad000 JavaThread "Finalizer" daemon [_thread_blocked, id=41640, stack(0x0000000019f10000,0x000000001a010000)]
  0x0000000001b08000 JavaThread "Reference Handler" daemon [_thread_blocked, id=5508, stack(0x0000000019e10000,0x0000000019f10000)]
  0x0000000001a15800 JavaThread "main" [_thread_in_native, id=51936, stack(0x0000000001910000,0x0000000001a10000)]

Other Threads:
  0x0000000018c87800 VMThread [stack: 0x0000000019d10000,0x0000000019e10000] [id=59004]
  0x000000001a56e000 WatcherThread [stack: 0x000000001ab40000,0x000000001ac40000] [id=56312]

VM state:not at safepoint (normal execution)

VM Mutex/Monitor currently owned by a thread: None

Heap:
 PSYoungGen      total 1004544K, used 235653K [0x0000000780000000, 0x00000007c0000000, 0x00000007c0000000)
  eden space 966656K, 22% used [0x0000000780000000,0x000000078d4bae30,0x00000007bb000000)
  from space 37888K, 47% used [0x00000007bb000000,0x00000007bc1668e0,0x00000007bd500000)
  to   space 36864K, 0% used [0x00000007bdc00000,0x00000007bdc00000,0x00000007c0000000)
 ParOldGen       total 160256K, used 91467K [0x0000000700000000, 0x0000000709c80000, 0x0000000780000000)
  object space 160256K, 57% used [0x0000000700000000,0x0000000705952f08,0x0000000709c80000)
 Metaspace       used 39645K, capacity 41106K, committed 41216K, reserved 1085440K
  class space    used 4627K, capacity 5012K, committed 5120K, reserved 1048576K

Card table byte_map: [0x0000000010ed0000,0x00000000114e0000] byte_map_base: 0x000000000d6d0000

Marking Bits: (ParMarkBitMap*) 0x00000000625a2d00
 Begin Bits: [0x0000000011ce0000, 0x0000000014ce0000)
 End Bits:   [0x0000000014ce0000, 0x0000000017ce0000)

Polling page: 0x00000000018d0000

CodeCache: size=245760Kb used=22969Kb max_used=22980Kb free=222790Kb
 bounds [0x0000000001b10000, 0x00000000031a0000, 0x0000000010b10000]
 total_blobs=6580 nmethods=5775 adapters=716
 compilation: enabled

Compilation events (10 events):
Event: 134.107 Thread 0x000000001a548800 nmethod 6902 0x0000000003197dd0 code [0x0000000003197f40, 0x00000000031980c8]
Event: 134.112 Thread 0x0000000018cc6800 6903       4       org.codehaus.groovy.ast.ClassCodeVisitorSupport::visitClassCodeContainer (10 bytes)
Event: 134.113 Thread 0x0000000018cc6800 nmethod 6903 0x0000000003194990 code [0x0000000003194ae0, 0x0000000003194b78]
Event: 134.188 Thread 0x000000001a548800 6904       3       org.codehaus.groovy.ast.FieldNode::isStatic (16 bytes)
Event: 134.188 Thread 0x000000001a548800 nmethod 6904 0x000000000319aa90 code [0x000000000319abe0, 0x000000000319ad90]
Event: 134.191 Thread 0x000000001a548800 6905       1       org.codehaus.groovy.ast.GenericsType::getName (5 bytes)
Event: 134.191 Thread 0x000000001a548800 nmethod 6905 0x000000000319a7d0 code [0x000000000319a920, 0x000000000319aa30]
Event: 134.758 Thread 0x0000000018d1b000 6906 %     4       groovy.lang.MetaClassImpl::applyStrayPropertyMethods @ 57 (293 bytes)
Event: 134.759 Thread 0x0000000018cc6800 6907       4       org.codehaus.groovy.util.ComplexKeyHashMap$1::nextEntry (69 bytes)
Event: 134.763 Thread 0x0000000018cc6800 nmethod 6907 0x0000000003198ed0 code [0x0000000003199020, 0x00000000031991b8]

GC Heap History (10 events):
Event: 74.384 GC heap before
{Heap before GC invocations=21 (full 2):
 PSYoungGen      total 644096K, used 604938K [0x0000000780000000, 0x00000007aa800000, 0x00000007c0000000)
  eden space 605184K, 99% used [0x0000000780000000,0x00000007a4c0be18,0x00000007a4f00000)
  from space 38912K, 7% used [0x00000007a8200000,0x00000007a84b6bf8,0x00000007aa800000)
  to   space 45568K, 0% used [0x00000007a4f00000,0x00000007a4f00000,0x00000007a7b80000)
 ParOldGen       total 160256K, used 84274K [0x0000000700000000, 0x0000000709c80000, 0x0000000780000000)
  object space 160256K, 52% used [0x0000000700000000,0x000000070524cb30,0x0000000709c80000)
 Metaspace       used 34042K, capacity 34558K, committed 34816K, reserved 1079296K
  class space    used 3896K, capacity 4050K, committed 4096K, reserved 1048576K
Event: 74.403 GC heap after
Heap after GC invocations=21 (full 2):
 PSYoungGen      total 650752K, used 16644K [0x0000000780000000, 0x00000007b5700000, 0x00000007c0000000)
  eden space 605184K, 0% used [0x0000000780000000,0x0000000780000000,0x00000007a4f00000)
  from space 45568K, 36% used [0x00000007a4f00000,0x00000007a5f41320,0x00000007a7b80000)
  to   space 43008K, 0% used [0x00000007b2d00000,0x00000007b2d00000,0x00000007b5700000)
 ParOldGen       total 160256K, used 85613K [0x0000000700000000, 0x0000000709c80000, 0x0000000780000000)
  object space 160256K, 53% used [0x0000000700000000,0x000000070539b650,0x0000000709c80000)
 Metaspace       used 34042K, capacity 34558K, committed 34816K, reserved 1079296K
  class space    used 3896K, capacity 4050K, committed 4096K, reserved 1048576K
}
Event: 79.996 GC heap before
{Heap before GC invocations=22 (full 2):
 PSYoungGen      total 650752K, used 618877K [0x0000000780000000, 0x00000007b5700000, 0x00000007c0000000)
  eden space 605184K, 99% used [0x0000000780000000,0x00000007a4c1e4d8,0x00000007a4f00000)
  from space 45568K, 36% used [0x00000007a4f00000,0x00000007a5f41320,0x00000007a7b80000)
  to   space 43008K, 0% used [0x00000007b2d00000,0x00000007b2d00000,0x00000007b5700000)
 ParOldGen       total 160256K, used 85613K [0x0000000700000000, 0x0000000709c80000, 0x0000000780000000)
  object space 160256K, 53% used [0x0000000700000000,0x000000070539b650,0x0000000709c80000)
 Metaspace       used 37176K, capacity 38184K, committed 38528K, reserved 1083392K
  class space    used 4365K, capacity 4615K, committed 4736K, reserved 1048576K
Event: 80.028 GC heap after
Heap after GC invocations=22 (full 2):
 PSYoungGen      total 811008K, used 7845K [0x0000000780000000, 0x00000007b4b80000, 0x00000007c0000000)
  eden space 779776K, 0% used [0x0000000780000000,0x0000000780000000,0x00000007af980000)
  from space 31232K, 25% used [0x00000007b2d00000,0x00000007b34a9598,0x00000007b4b80000)
  to   space 41984K, 0% used [0x00000007af980000,0x00000007af980000,0x00000007b2280000)
 ParOldGen       total 160256K, used 88047K [0x0000000700000000, 0x0000000709c80000, 0x0000000780000000)
  object space 160256K, 54% used [0x0000000700000000,0x00000007055fbc68,0x0000000709c80000)
 Metaspace       used 37176K, capacity 38184K, committed 38528K, reserved 1083392K
  class space    used 4365K, capacity 4615K, committed 4736K, reserved 1048576K
}
Event: 86.396 GC heap before
{Heap before GC invocations=23 (full 2):
 PSYoungGen      total 811008K, used 785675K [0x0000000780000000, 0x00000007b4b80000, 0x00000007c0000000)
  eden space 779776K, 99% used [0x0000000780000000,0x00000007af799818,0x00000007af980000)
  from space 31232K, 25% used [0x00000007b2d00000,0x00000007b34a9598,0x00000007b4b80000)
  to   space 41984K, 0% used [0x00000007af980000,0x00000007af980000,0x00000007b2280000)
 ParOldGen       total 160256K, used 88047K [0x0000000700000000, 0x0000000709c80000, 0x0000000780000000)
  object space 160256K, 54% used [0x0000000700000000,0x00000007055fbc68,0x0000000709c80000)
 Metaspace       used 38159K, capacity 39196K, committed 39296K, reserved 1083392K
  class space    used 4481K, capacity 4735K, committed 4736K, reserved 1048576K
Event: 86.421 GC heap after
Heap after GC invocations=23 (full 2):
 PSYoungGen      total 821760K, used 13952K [0x0000000780000000, 0x00000007c0000000, 0x00000007c0000000)
  eden space 779776K, 0% used [0x0000000780000000,0x0000000780000000,0x00000007af980000)
  from space 41984K, 33% used [0x00000007af980000,0x00000007b0720360,0x00000007b2280000)
  to   space 39936K, 0% used [0x00000007bd900000,0x00000007bd900000,0x00000007c0000000)
 ParOldGen       total 160256K, used 88841K [0x0000000700000000, 0x0000000709c80000, 0x0000000780000000)
  object space 160256K, 55% used [0x0000000700000000,0x00000007056c25e8,0x0000000709c80000)
 Metaspace       used 38159K, capacity 39196K, committed 39296K, reserved 1083392K
  class space    used 4481K, capacity 4735K, committed 4736K, reserved 1048576K
}
Event: 94.729 GC heap before
{Heap before GC invocations=24 (full 2):
 PSYoungGen      total 821760K, used 792811K [0x0000000780000000, 0x00000007c0000000, 0x00000007c0000000)
  eden space 779776K, 99% used [0x0000000780000000,0x00000007af89ac88,0x00000007af980000)
  from space 41984K, 33% used [0x00000007af980000,0x00000007b0720360,0x00000007b2280000)
  to   space 39936K, 0% used [0x00000007bd900000,0x00000007bd900000,0x00000007c0000000)
 ParOldGen       total 160256K, used 88841K [0x0000000700000000, 0x0000000709c80000, 0x0000000780000000)
  object space 160256K, 55% used [0x0000000700000000,0x00000007056c25e8,0x0000000709c80000)
 Metaspace       used 38461K, capacity 39540K, committed 39680K, reserved 1083392K
  class space    used 4502K, capacity 4794K, committed 4864K, reserved 1048576K
Event: 94.748 GC heap after
Heap after GC invocations=24 (full 2):
 PSYoungGen      total 1000448K, used 12576K [0x0000000780000000, 0x00000007bfa00000, 0x00000007c0000000)
  eden space 966656K, 0% used [0x0000000780000000,0x0000000780000000,0x00000007bb000000)
  from space 33792K, 37% used [0x00000007bd900000,0x00000007be548050,0x00000007bfa00000)
  to   space 37888K, 0% used [0x00000007bb000000,0x00000007bb000000,0x00000007bd500000)
 ParOldGen       total 160256K, used 90683K [0x0000000700000000, 0x0000000709c80000, 0x0000000780000000)
  object space 160256K, 56% used [0x0000000700000000,0x000000070588ee68,0x0000000709c80000)
 Metaspace       used 38461K, capacity 39540K, committed 39680K, reserved 1083392K
  class space    used 4502K, capacity 4794K, committed 4864K, reserved 1048576K
}
Event: 117.112 GC heap before
{Heap before GC invocations=25 (full 2):
 PSYoungGen      total 1000448K, used 979232K [0x0000000780000000, 0x00000007bfa00000, 0x00000007c0000000)
  eden space 966656K, 100% used [0x0000000780000000,0x00000007bb000000,0x00000007bb000000)
  from space 33792K, 37% used [0x00000007bd900000,0x00000007be548050,0x00000007bfa00000)
  to   space 37888K, 0% used [0x00000007bb000000,0x00000007bb000000,0x00000007bd500000)
 ParOldGen       total 160256K, used 90683K [0x0000000700000000, 0x0000000709c80000, 0x0000000780000000)
  object space 160256K, 56% used [0x0000000700000000,0x000000070588ee68,0x0000000709c80000)
 Metaspace       used 39422K, capacity 40878K, committed 41088K, reserved 1085440K
  class space    used 4602K, capacity 4975K, committed 4992K, reserved 1048576K
Event: 117.408 GC heap after
Heap after GC invocations=25 (full 2):
 PSYoungGen      total 1004544K, used 17818K [0x0000000780000000, 0x00000007c0000000, 0x00000007c0000000)
  eden space 966656K, 0% used [0x0000000780000000,0x0000000780000000,0x00000007bb000000)
  from space 37888K, 47% used [0x00000007bb000000,0x00000007bc1668e0,0x00000007bd500000)
  to   space 36864K, 0% used [0x00000007bdc00000,0x00000007bdc00000,0x00000007c0000000)
 ParOldGen       total 160256K, used 91467K [0x0000000700000000, 0x0000000709c80000, 0x0000000780000000)
  object space 160256K, 57% used [0x0000000700000000,0x0000000705952f08,0x0000000709c80000)
 Metaspace       used 39422K, capacity 40878K, committed 41088K, reserved 1085440K
  class space    used 4602K, capacity 4975K, committed 4992K, reserved 1048576K
}

Deoptimization events (10 events):
Event: 107.377 Thread 0x0000000001a15800 Uncommon trap: reason=class_check action=maybe_recompile pc=0x0000000002f3ada8 method=java.lang.AbstractStringBuilder.append(Ljava/lang/CharSequence;)Ljava/lang/AbstractStringBuilder; @ 26
Event: 107.378 Thread 0x0000000001a15800 Uncommon trap: reason=class_check action=maybe_recompile pc=0x0000000002bead9c method=java.lang.AbstractStringBuilder.append(Ljava/lang/CharSequence;II)Ljava/lang/AbstractStringBuilder; @ 18
Event: 107.378 Thread 0x0000000001a15800 Uncommon trap: reason=class_check action=maybe_recompile pc=0x0000000002f3ada8 method=java.lang.AbstractStringBuilder.append(Ljava/lang/CharSequence;)Ljava/lang/AbstractStringBuilder; @ 26
Event: 107.378 Thread 0x0000000001a15800 Uncommon trap: reason=class_check action=maybe_recompile pc=0x0000000002bead9c method=java.lang.AbstractStringBuilder.append(Ljava/lang/CharSequence;II)Ljava/lang/AbstractStringBuilder; @ 18
Event: 107.524 Thread 0x0000000001a15800 Uncommon trap: reason=unstable_if action=reinterpret pc=0x000000000295cd5c method=java.lang.Character.isHighSurrogate(C)Z @ 3
Event: 107.527 Thread 0x0000000001a15800 Uncommon trap: reason=unstable_if action=reinterpret pc=0x0000000001cf1318 method=sun.nio.cs.UTF_8$Encoder.encode([CII[B)I @ 33
Event: 114.098 Thread 0x0000000001a15800 Uncommon trap: reason=class_check action=maybe_recompile pc=0x0000000002f3ada8 method=java.lang.AbstractStringBuilder.append(Ljava/lang/CharSequence;)Ljava/lang/AbstractStringBuilder; @ 26
Event: 114.098 Thread 0x0000000001a15800 Uncommon trap: reason=class_check action=maybe_recompile pc=0x0000000002bead9c method=java.lang.AbstractStringBuilder.append(Ljava/lang/CharSequence;II)Ljava/lang/AbstractStringBuilder; @ 18
Event: 114.098 Thread 0x0000000001a15800 Uncommon trap: reason=class_check action=maybe_recompile pc=0x0000000002f3ada8 method=java.lang.AbstractStringBuilder.append(Ljava/lang/CharSequence;)Ljava/lang/AbstractStringBuilder; @ 26
Event: 114.099 Thread 0x0000000001a15800 Uncommon trap: reason=class_check action=maybe_recompile pc=0x0000000002bead9c method=java.lang.AbstractStringBuilder.append(Ljava/lang/CharSequence;II)Ljava/lang/AbstractStringBuilder; @ 18

Classes redefined (0 events):
No events

Internal exceptions (10 events):
Event: 133.225 Thread 0x0000000001a15800 Exception <a 'java/security/PrivilegedActionException'> (0x000000078cea9798) thrown at [C:\re\workspace\8-2-build-windows-amd64-cygwin\jdk8u181\11358\hotspot\src\share\vm\prims\jvm.cpp, line 1435]
Event: 133.225 Thread 0x0000000001a15800 Exception <a 'java/security/PrivilegedActionException'> (0x000000078cea9d78) thrown at [C:\re\workspace\8-2-build-windows-amd64-cygwin\jdk8u181\11358\hotspot\src\share\vm\prims\jvm.cpp, line 1435]
Event: 133.395 Thread 0x0000000001a15800 Exception <a 'java/security/PrivilegedActionException'> (0x000000078d0219a0) thrown at [C:\re\workspace\8-2-build-windows-amd64-cygwin\jdk8u181\11358\hotspot\src\share\vm\prims\jvm.cpp, line 1435]
Event: 133.395 Thread 0x0000000001a15800 Exception <a 'java/security/PrivilegedActionException'> (0x000000078d021f80) thrown at [C:\re\workspace\8-2-build-windows-amd64-cygwin\jdk8u181\11358\hotspot\src\share\vm\prims\jvm.cpp, line 1435]
Event: 133.983 Thread 0x0000000001a15800 Exception <a 'java/security/PrivilegedActionException'> (0x000000078d1a30d8) thrown at [C:\re\workspace\8-2-build-windows-amd64-cygwin\jdk8u181\11358\hotspot\src\share\vm\prims\jvm.cpp, line 1435]
Event: 133.983 Thread 0x0000000001a15800 Exception <a 'java/security/PrivilegedActionException'> (0x000000078d1a36b8) thrown at [C:\re\workspace\8-2-build-windows-amd64-cygwin\jdk8u181\11358\hotspot\src\share\vm\prims\jvm.cpp, line 1435]
Event: 134.090 Thread 0x0000000001a15800 Exception <a 'java/lang/ClassNotFoundException': Script1BeanInfo> (0x000000078d296b18) thrown at [C:\re\workspace\8-2-build-windows-amd64-cygwin\jdk8u181\11358\hotspot\src\share\vm\classfile\systemDictionary.cpp, line 210]
Event: 134.105 Thread 0x0000000001a15800 Exception <a 'java/lang/ClassNotFoundException': Script1Customizer> (0x000000078d2c4ad8) thrown at [C:\re\workspace\8-2-build-windows-amd64-cygwin\jdk8u181\11358\hotspot\src\share\vm\classfile\systemDictionary.cpp, line 210]
Event: 134.299 Thread 0x0000000001a15800 Exception <a 'java/lang/ClassNotFoundException': groovy/tmp/templates/GStringTemplateScript47BeanInfo> (0x000000078d391100) thrown at [C:\re\workspace\8-2-build-windows-amd64-cygwin\jdk8u181\11358\hotspot\src\share\vm\classfile\systemDictionary.cpp, line 
Event: 134.757 Thread 0x0000000001a15800 Exception <a 'java/lang/ClassNotFoundException': groovy/tmp/templates/GStringTemplateScript47Customizer> (0x000000078d3e8680) thrown at [C:\re\workspace\8-2-build-windows-amd64-cygwin\jdk8u181\11358\hotspot\src\share\vm\classfile\systemDictionary.cpp, lin

Events (10 events):
Event: 134.317 loading class groovy/tmp/templates/GStringTemplateScript47Customizer done
Event: 134.328 loading class groovy/tmp/templates/GStringTemplateScript47Customizer
Event: 134.328 loading class groovy/tmp/templates/GStringTemplateScript47Customizer done
Event: 134.749 Executing VM operation: RevokeBias
Event: 134.750 Executing VM operation: RevokeBias done
Event: 134.751 Thread 0x000000001f4fd800 Thread exited: 0x000000001f4fd800
Event: 134.757 loading class groovy/tmp/templates/GStringTemplateScript47Customizer
Event: 134.757 loading class groovy/tmp/templates/GStringTemplateScript47Customizer done
Event: 134.872 loading class groovy/runtime/metaclass/groovy/tmp/templates/GStringTemplateScript47$_getTemplate_closure1MetaClass
Event: 134.872 loading class groovy/runtime/metaclass/groovy/tmp/templates/GStringTemplateScript47$_getTemplate_closure1MetaClass done


Dynamic libraries:
0x00007ff62e600000 - 0x00007ff62e637000 	C:\Katalon_Studio\jre\bin\java.exe
0x00007ff8fb0a0000 - 0x00007ff8fb290000 	C:\WINDOWS\SYSTEM32\ntdll.dll
0x00007ff8f9f90000 - 0x00007ff8fa042000 	C:\WINDOWS\System32\KERNEL32.dll
0x00007ff8f7d10000 - 0x00007ff8f7e42000 	C:\Windows\system32\hmpalert.dll
0x00007ff8f8650000 - 0x00007ff8f88f3000 	C:\WINDOWS\System32\KERNELBASE.dll
0x00007ff8f9150000 - 0x00007ff8f91f3000 	C:\WINDOWS\System32\ADVAPI32.dll
0x00007ff8fafc0000 - 0x00007ff8fb05e000 	C:\WINDOWS\System32\msvcrt.dll
0x00007ff8fa610000 - 0x00007ff8fa6a7000 	C:\WINDOWS\System32\sechost.dll
0x00007ff8f9900000 - 0x00007ff8f9a20000 	C:\WINDOWS\System32\RPCRT4.dll
0x00007ff8f9c70000 - 0x00007ff8f9e04000 	C:\WINDOWS\System32\USER32.dll
0x00007ff8f8480000 - 0x00007ff8f84a1000 	C:\WINDOWS\System32\win32u.dll
0x00007ff8fa8a0000 - 0x00007ff8fa8c6000 	C:\WINDOWS\System32\GDI32.dll
0x00007ff8f84b0000 - 0x00007ff8f8644000 	C:\WINDOWS\System32\gdi32full.dll
0x00007ff8f81e0000 - 0x00007ff8f827e000 	C:\WINDOWS\System32\msvcp_win.dll
0x00007ff8f8380000 - 0x00007ff8f847a000 	C:\WINDOWS\System32\ucrtbase.dll
0x00007ff8e7820000 - 0x00007ff8e7aa5000 	C:\WINDOWS\WinSxS\amd64_microsoft.windows.common-controls_6595b64144ccf1df_6.0.18362.720_none_e6beb5c51314836b\COMCTL32.dll
0x00007ff8f94f0000 - 0x00007ff8f9826000 	C:\WINDOWS\System32\combase.dll
0x00007ff8f8900000 - 0x00007ff8f8980000 	C:\WINDOWS\System32\bcryptPrimitives.dll
0x00007ff8dd200000 - 0x00007ff8dd23d000 	C:\WINDOWS\system32\SophosAV\SOPHOS~1.DLL
0x00007ff8f9a20000 - 0x00007ff8f9a28000 	C:\WINDOWS\System32\PSAPI.DLL
0x0000000061ad0000 - 0x0000000061ba2000 	C:\Katalon_Studio\jre\bin\msvcr100.dll
0x0000000061d80000 - 0x0000000062622000 	C:\Katalon_Studio\jre\bin\server\jvm.dll
0x00007ff8f3470000 - 0x00007ff8f3494000 	C:\WINDOWS\SYSTEM32\WINMM.dll
0x00007ff8f3570000 - 0x00007ff8f357a000 	C:\WINDOWS\SYSTEM32\VERSION.dll
0x00007ff8f3440000 - 0x00007ff8f346d000 	C:\WINDOWS\SYSTEM32\WINMMBASE.dll
0x00007ff8f8280000 - 0x00007ff8f82ca000 	C:\WINDOWS\System32\cfgmgr32.dll
0x00007ff8e9c30000 - 0x00007ff8e9c39000 	C:\WINDOWS\SYSTEM32\WSOCK32.dll
0x00007ff8fa520000 - 0x00007ff8fa58f000 	C:\WINDOWS\System32\WS2_32.dll
0x0000000061c90000 - 0x0000000061c9f000 	C:\Katalon_Studio\jre\bin\verify.dll
0x0000000061c60000 - 0x0000000061c89000 	C:\Katalon_Studio\jre\bin\java.dll
0x0000000061c40000 - 0x0000000061c56000 	C:\Katalon_Studio\jre\bin\zip.dll
0x00007ff8fa8d0000 - 0x00007ff8fafb5000 	C:\WINDOWS\System32\SHELL32.dll
0x00007ff8f9ee0000 - 0x00007ff8f9f89000 	C:\WINDOWS\System32\shcore.dll
0x00007ff8f89b0000 - 0x00007ff8f9130000 	C:\WINDOWS\System32\windows.storage.dll
0x00007ff8f7fc0000 - 0x00007ff8f7fe3000 	C:\WINDOWS\System32\profapi.dll
0x00007ff8f7f70000 - 0x00007ff8f7fba000 	C:\WINDOWS\System32\powrprof.dll
0x00007ff8f7f60000 - 0x00007ff8f7f70000 	C:\WINDOWS\System32\UMPDC.dll
0x00007ff8fa050000 - 0x00007ff8fa0a2000 	C:\WINDOWS\System32\shlwapi.dll
0x00007ff8f7ff0000 - 0x00007ff8f8001000 	C:\WINDOWS\System32\kernel.appcore.dll
0x00007ff8f9130000 - 0x00007ff8f9147000 	C:\WINDOWS\System32\cryptsp.dll
0x0000000061c20000 - 0x0000000061c3a000 	C:\Katalon_Studio\jre\bin\net.dll
0x00007ff8f7650000 - 0x00007ff8f76b7000 	C:\WINDOWS\system32\mswsock.dll
0x0000000061c00000 - 0x0000000061c11000 	C:\Katalon_Studio\jre\bin\nio.dll
0x0000000061790000 - 0x0000000061929000 	C:\Katalon_Studio\jre\bin\awt.dll
0x00007ff8f9830000 - 0x00007ff8f98f4000 	C:\WINDOWS\System32\OLEAUT32.dll
0x00007ff8f5d10000 - 0x00007ff8f5d9f000 	C:\WINDOWS\SYSTEM32\apphelp.dll
0x00007ff8f6240000 - 0x00007ff8f626d000 	C:\WINDOWS\system32\DWMAPI.DLL
0x00007ff8d9aa0000 - 0x00007ff8d9bf6000 	C:\WINDOWS\system32\opengl32.dll
0x00007ff8f3bb0000 - 0x00007ff8f3bdc000 	C:\WINDOWS\SYSTEM32\GLU32.dll
0x00007ff8f67e0000 - 0x00007ff8f6800000 	C:\WINDOWS\SYSTEM32\dxcore.dll
0x00007ff8f9390000 - 0x00007ff8f94e7000 	C:\WINDOWS\System32\ole32.dll
0x00007ff8f73b0000 - 0x00007ff8f747a000 	C:\WINDOWS\SYSTEM32\DNSAPI.dll
0x00007ff8f9200000 - 0x00007ff8f9208000 	C:\WINDOWS\System32\NSI.dll
0x00007ff8f7360000 - 0x00007ff8f739a000 	C:\WINDOWS\SYSTEM32\IPHLPAPI.DLL
0x00007ff8f1660000 - 0x00007ff8f166a000 	C:\Windows\System32\rasadhlp.dll
0x00007ff8f4100000 - 0x00007ff8f4177000 	C:\WINDOWS\System32\fwpuclnt.dll
0x00007ff8f8980000 - 0x00007ff8f89a6000 	C:\WINDOWS\System32\bcrypt.dll
0x0000000061bd0000 - 0x0000000061bf4000 	C:\Katalon_Studio\jre\bin\sunec.dll
0x0000000061bc0000 - 0x0000000061bcb000 	C:\Katalon_Studio\jre\bin\sunmscapi.dll
0x00007ff8f8090000 - 0x00007ff8f81d9000 	C:\WINDOWS\System32\CRYPT32.dll
0x00007ff8f8010000 - 0x00007ff8f8022000 	C:\WINDOWS\System32\MSASN1.dll
0x00007ff8f3840000 - 0x00007ff8f3856000 	C:\WINDOWS\SYSTEM32\dhcpcsvc6.DLL
0x00007ff8f3820000 - 0x00007ff8f383c000 	C:\WINDOWS\SYSTEM32\dhcpcsvc.DLL
0x00007ff8f6f50000 - 0x00007ff8f6f83000 	C:\WINDOWS\system32\rsaenh.dll
0x00007ff8f7e80000 - 0x00007ff8f7ea5000 	C:\WINDOWS\SYSTEM32\USERENV.dll
0x00007ff8f7820000 - 0x00007ff8f782c000 	C:\WINDOWS\SYSTEM32\CRYPTBASE.dll
0x00007ff8f0490000 - 0x00007ff8f04a6000 	C:\WINDOWS\system32\napinsp.dll
0x00007ff8f04b0000 - 0x00007ff8f04ca000 	C:\WINDOWS\system32\pnrpnsp.dll
0x00007ff8f05f0000 - 0x00007ff8f05fe000 	C:\WINDOWS\System32\winrnr.dll
0x00007ff8f4620000 - 0x00007ff8f463c000 	C:\WINDOWS\system32\NLAapi.dll
0x00007ff8f04d0000 - 0x00007ff8f04e5000 	C:\WINDOWS\system32\wshbth.dll

VM Arguments:
java_command: org.codehaus.groovy.tools.GroovyStarter --main groovy.ui.GroovyMain C:\FarmaTesting\katalonProjects\Libs\TempTestSuite1596836045210.groovy
java_class_path (initial): ;C:\Katalon_Studio\plugins\org.codehaus.groovy_2.4.7.xx-201611170128-e46\lib\bsf-2.4.0.jar;C:\Katalon_Studio\plugins\org.codehaus.groovy_2.4.7.xx-201611170128-e46\lib\groovy-all-2.4.7.jar;C:\Katalon_Studio\plugins\org.codehaus.groovy_2.4.7.xx-201611170128-e46\lib\ivy-2.4.0.jar;C:\Katalon_Studio\plugins\org.codehaus.groovy_2.4.7.xx-201611170128-e46\lib\org.apache.xerces.impl_2.11.0.jar;C:\Katalon_Studio\plugins\org.codehaus.groovy_2.4.7.xx-201611170128-e46\lib\servlet-api-2.4.jar;C:\Katalon_Studio\plugins\org.codehaus.groovy_2.4.7.xx-201611170128-e46\lib\xml-apis_1.4.1.jar;C:\Katalon_Studio\plugins\com.kms.katalon.core_1.0.0.201908270734.jar;C:\Katalon_Studio\plugins\net.sf.supercsv.super-csv_2.1.0.jar;C:\Katalon_Studio\plugins\org.apache.poi_3.9.0.v201405241750.jar;C:\Katalon_Studio\plugins\org.apache.poi.ooxml_3.9.0.v201405241905.jar;C:\Katalon_Studio\plugins\org.apache.poi.ooxml.schemas_3.9.0.v201405241750.jar;C:\Katalon_Studio\plugins\org.dom4j_1.6.1.v201312101416.jar;C:\Katalon_Studio\plugins\org.apache.commons.io_2.4.0.jar;C:\Katalon_Studio\plugins\org.apache.commons.lang_2.6.0.jar;C:\Katalon_Studio\plugins\org.apache.xmlbeans_2.6.0.jar;C:\Katalon_Studio\plugins\com.google.gson_2.8.0.jar;C:\Katalon_Studio\plugins\org.jsoup_1.7.2.jar;C:\Katalon_Studio\plugins\com.mysql.jdbc_5.1.38.jar;C:\Katalon_Studio\plugins\com.microsoft.sqlserver.sqljdbc4_4.1.5605.100.jar;C:\Katalon_Studio\plugins\org.apache.commons.dbutils_1.6.0.jar;C:\Katalon_Studio\plugins\com.oracle.jdbc.ojdbc7_12.1.0.2.jar;C:\Katalon_Studio\plugins\org.postgresql.jdbc41_9.4.1208.jre7.jar;c:\Katalon_Studio\plugins\org.eclipse.osgi_3.11.3.v20170209-1843.jar;C:\Katalon_Studio\plugins\com.kms.katalon.constant_1.0.0.201908270734.jar;C:\Katalon_Studio\plugins\org.eclipse.persistence.eclipselink_2.5.0.RC1.jar;C:\Katalon_Studio\plugins\com.kms.katalon.selenium-standalone_1.0.0.201908270734.jar;C:\Katalon_Studio\plugins\atu.testrecorder.screen-recorder_2.1.0.jar;C:\Katalon_Studio\plu
Launcher Type: SUN_STANDARD

Environment Variables:
PATH=C:/Katalon_Studio/jre/bin/server;C:/Katalon_Studio/jre/bin;C:/Katalon_Studio/jre/lib/amd64;C:\Program Files (x86)\Common Files\Oracle\Java\javapath;C:\ProgramData\Oracle\Java\javapath;C:\WINDOWS\system32;C:\WINDOWS;C:\WINDOWS\System32\Wbem;C:\WINDOWS\System32\WindowsPowerShell\v1.0\;C:\Program Files (x86)\Microsoft SQL Server\Client SDK\ODBC\130\Tools\Binn\;C:\Program Files (x86)\Microsoft SQL Server\130\Tools\Binn\;C:\Program Files (x86)\Microsoft SQL Server\130\DTS\Binn\;C:\Program Files (x86)\Microsoft SQL Server\130\Tools\Binn\ManagementStudio\;C:\Program Files\dotnet\;C:\Program Files\Microsoft SQL Server\130\Tools\Binn\;C:\WINDOWS\System32\OpenSSH\;C:\Program Files (x86)\SAP BusinessObjects\sqlanywhere\BIN64;C:\Program Files (x86)\SAP BusinessObjects\sqlanywhere\BIN32;C:\Users\alflopez-ext\AppData\Local\Programs\Git\cmd;C:\Users\tareasprogramadas\AppData\Local\Microsoft\WindowsApps;C:\Katalon_Studio;
USERNAME=tareasprogramadas
OS=Windows_NT
PROCESSOR_IDENTIFIER=Intel64 Family 6 Model 45 Stepping 7, GenuineIntel



---------------  S Y S T E M  ---------------

OS: Windows 10.0 , 64 bit Build 18362 (10.0.18362.329)

CPU:total 4 (initial active 4) (2 cores per cpu, 1 threads per core) family 6 model 45 stepping 7, cmov, cx8, fxsr, mmx, sse, sse2, sse3, ssse3, sse4.1, sse4.2, popcnt, avx, aes, clmul, tsc, tscinvbit, tscinv

Memory: 4k page, physical 12582452k(771852k free), swap 28173552k(15336k free)

vm_info: Java HotSpot(TM) 64-Bit Server VM (25.181-b13) for windows-amd64 JRE (1.8.0_181-b13), built on Jul  7 2018 04:01:33 by "java_re" with MS VC++ 10.0 (VS2010)

time: Fri Aug 07 18:36:21 2020
elapsed time: 135 seconds (0d 0h 2m 15s)

