#
# There is insufficient memory for the Java Runtime Environment to continue.
# Native memory allocation (malloc) failed to allocate 335296 bytes for Chunk::new
# Possible reasons:
#   The system is out of physical RAM or swap space
#   In 32 bit mode, the process size limit was hit
# Possible solutions:
#   Reduce memory load on the system
#   Increase physical memory or swap space
#   Check if swap backing store is full
#   Use 64 bit Java on a 64 bit OS
#   Decrease Java heap size (-Xmx/-Xms)
#   Decrease number of Java threads
#   Decrease Java thread stack sizes (-Xss)
#   Set larger code cache with -XX:ReservedCodeCacheSize=
# This output file may be truncated or incomplete.
#
#  Out of Memory Error (allocation.cpp:390), pid=25788, tid=0x000000000000f524
#
# JRE version: Java(TM) SE Runtime Environment (8.0_181-b13) (build 1.8.0_181-b13)
# Java VM: Java HotSpot(TM) 64-Bit Server VM (25.181-b13 mixed mode windows-amd64 compressed oops)
# Failed to write core dump. Minidumps are not enabled by default on client versions of Windows
#

---------------  T H R E A D  ---------------

Current thread (0x000000001884c800):  JavaThread "C2 CompilerThread1" daemon [_thread_in_native, id=62756, stack(0x0000000019fd0000,0x000000001a0d0000)]

Stack: [0x0000000019fd0000,0x000000001a0d0000]
[error occurred during error reporting (printing stack bounds), id 0xc0000005]

Native frames: (J=compiled Java code, j=interpreted, Vv=VM code, C=native code)


Current CompileTask:
C2:   5864 2421 % !   4       sun.security.util.ManifestDigester::<init> @ 250 (455 bytes)


---------------  P R O C E S S  ---------------

Java Threads: ( => current thread )
  0x000000001dacf800 JavaThread "Image Fetcher 1" daemon [_thread_blocked, id=4804, stack(0x000000001f3d0000,0x000000001f4d0000)]
  0x000000001d558000 JavaThread "Image Fetcher 0" daemon [_thread_blocked, id=54076, stack(0x000000001f2d0000,0x000000001f3d0000)]
  0x000000001d431000 JavaThread "pool-2-thread-1" [_thread_blocked, id=59752, stack(0x000000001f1d0000,0x000000001f2d0000)]
  0x000000001d7af800 JavaThread "pool-1-thread-1" [_thread_blocked, id=33768, stack(0x000000001f0d0000,0x000000001f1d0000)]
  0x000000001d6ef000 JavaThread "AWT-Windows" daemon [_thread_in_native, id=8792, stack(0x000000001efd0000,0x000000001f0d0000)]
  0x000000001d7ae800 JavaThread "AWT-Shutdown" [_thread_blocked, id=44604, stack(0x000000001eed0000,0x000000001efd0000)]
  0x000000001d087000 JavaThread "Java2D Disposer" daemon [_thread_blocked, id=6356, stack(0x000000001edd0000,0x000000001eed0000)]
  0x000000001889b800 JavaThread "Service Thread" daemon [_thread_blocked, id=56024, stack(0x000000001a5d0000,0x000000001a6d0000)]
  0x0000000018874800 JavaThread "C1 CompilerThread2" daemon [_thread_blocked, id=43912, stack(0x000000001a0d0000,0x000000001a1d0000)]
=>0x000000001884c800 JavaThread "C2 CompilerThread1" daemon [_thread_in_native, id=62756, stack(0x0000000019fd0000,0x000000001a0d0000)]
  0x0000000018846000 JavaThread "C2 CompilerThread0" daemon [_thread_in_native, id=53288, stack(0x0000000019ed0000,0x0000000019fd0000)]
  0x0000000018845000 JavaThread "Attach Listener" daemon [_thread_blocked, id=62300, stack(0x0000000019dd0000,0x0000000019ed0000)]
  0x0000000018842000 JavaThread "Signal Dispatcher" daemon [_thread_blocked, id=53416, stack(0x0000000019cd0000,0x0000000019dd0000)]
  0x000000001882b000 JavaThread "Finalizer" daemon [_thread_blocked, id=54576, stack(0x0000000019ab0000,0x0000000019bb0000)]
  0x00000000016c6000 JavaThread "Reference Handler" daemon [_thread_blocked, id=59464, stack(0x00000000199b0000,0x0000000019ab0000)]
  0x00000000015d5800 JavaThread "main" [_thread_in_vm, id=63208, stack(0x00000000014d0000,0x00000000015d0000)]

Other Threads:
  0x0000000018807800 VMThread [stack: 0x00000000198b0000,0x00000000199b0000] [id=19024]
  0x000000001889e800 WatcherThread [stack: 0x000000001a6d0000,0x000000001a7d0000] [id=51372]

VM state:not at safepoint (normal execution)

VM Mutex/Monitor currently owned by a thread: None

Heap:
 PSYoungGen      total 109056K, used 13381K [0x0000000780000000, 0x000000078ab00000, 0x00000007c0000000)
  eden space 97792K, 2% used [0x0000000780000000,0x0000000780216f90,0x0000000785f80000)
  from space 11264K, 99% used [0x0000000786e00000,0x00000007878fa538,0x0000000787900000)
  to   space 14848K, 0% used [0x0000000785f80000,0x0000000785f80000,0x0000000786e00000)
 ParOldGen       total 90624K, used 26191K [0x0000000700000000, 0x0000000705880000, 0x0000000780000000)
  object space 90624K, 28% used [0x0000000700000000,0x0000000701993e98,0x0000000705880000)
 Metaspace       used 24156K, capacity 24526K, committed 24832K, reserved 1071104K
  class space    used 2643K, capacity 2750K, committed 2816K, reserved 1048576K

Card table byte_map: [0x0000000010a90000,0x00000000110a0000] byte_map_base: 0x000000000d290000

Marking Bits: (ParMarkBitMap*) 0x0000000070a32d00
 Begin Bits: [0x00000000118a0000, 0x00000000148a0000)
 End Bits:   [0x00000000148a0000, 0x00000000178a0000)

Polling page: 0x00000000009f0000

CodeCache: size=245760Kb used=9658Kb max_used=9825Kb free=236101Kb
 bounds [0x00000000016d0000, 0x0000000002070000, 0x00000000106d0000]
 total_blobs=2934 nmethods=2167 adapters=676
 compilation: enabled

Compilation events (10 events):
Event: 5.812 Thread 0x0000000018874800 2427       3       java.lang.AbstractStringBuilder::charAt (28 bytes)
Event: 5.813 Thread 0x0000000018874800 nmethod 2427 0x0000000001811a50 code [0x0000000001811bc0, 0x0000000001811e88]
Event: 5.823 Thread 0x0000000018874800 2431       1       java.awt.image.BufferedImage::getType (5 bytes)
Event: 5.823 Thread 0x0000000018874800 nmethod 2431 0x00000000019714d0 code [0x0000000001971620, 0x0000000001971730]
Event: 5.824 Thread 0x0000000018874800 2432       3       sun.awt.image.PNGImageDecoder::getByte (11 bytes)
Event: 5.825 Thread 0x0000000018874800 nmethod 2432 0x0000000001811690 code [0x00000000018117e0, 0x0000000001811970]
Event: 5.825 Thread 0x0000000018874800 2433       1       java.lang.ThreadGroup::getMaxPriority (5 bytes)
Event: 5.825 Thread 0x0000000018874800 nmethod 2433 0x00000000018113d0 code [0x0000000001811520, 0x0000000001811630]
Event: 5.826 Thread 0x0000000018874800 2434       1       sun.security.util.ManifestEntryVerifier::getEntry (5 bytes)
Event: 5.826 Thread 0x0000000018874800 nmethod 2434 0x0000000001811110 code [0x0000000001811260, 0x0000000001811370]

GC Heap History (10 events):
Event: 3.842 GC heap before
{Heap before GC invocations=3 (full 0):
 PSYoungGen      total 57344K, used 36607K [0x0000000780000000, 0x0000000784000000, 0x00000007c0000000)
  eden space 49152K, 57% used [0x0000000780000000,0x0000000781bc42e0,0x0000000783000000)
  from space 8192K, 99% used [0x0000000783800000,0x0000000783ffbca0,0x0000000784000000)
  to   space 8192K, 0% used [0x0000000783000000,0x0000000783000000,0x0000000783800000)
 ParOldGen       total 131072K, used 1951K [0x0000000700000000, 0x0000000708000000, 0x0000000780000000)
  object space 131072K, 1% used [0x0000000700000000,0x00000007001e7da0,0x0000000708000000)
 Metaspace       used 20869K, capacity 21116K, committed 21296K, reserved 1069056K
  class space    used 2328K, capacity 2429K, committed 2432K, reserved 1048576K
Event: 3.857 GC heap after
Heap after GC invocations=3 (full 0):
 PSYoungGen      total 57344K, used 8176K [0x0000000780000000, 0x0000000787000000, 0x00000007c0000000)
  eden space 49152K, 0% used [0x0000000780000000,0x0000000780000000,0x0000000783000000)
  from space 8192K, 99% used [0x0000000783000000,0x00000007837fc150,0x0000000783800000)
  to   space 8192K, 0% used [0x0000000786800000,0x0000000786800000,0x0000000787000000)
 ParOldGen       total 131072K, used 3438K [0x0000000700000000, 0x0000000708000000, 0x0000000780000000)
  object space 131072K, 2% used [0x0000000700000000,0x000000070035baa8,0x0000000708000000)
 Metaspace       used 20869K, capacity 21116K, committed 21296K, reserved 1069056K
  class space    used 2328K, capacity 2429K, committed 2432K, reserved 1048576K
}
Event: 3.857 GC heap before
{Heap before GC invocations=4 (full 1):
 PSYoungGen      total 57344K, used 8176K [0x0000000780000000, 0x0000000787000000, 0x00000007c0000000)
  eden space 49152K, 0% used [0x0000000780000000,0x0000000780000000,0x0000000783000000)
  from space 8192K, 99% used [0x0000000783000000,0x00000007837fc150,0x0000000783800000)
  to   space 8192K, 0% used [0x0000000786800000,0x0000000786800000,0x0000000787000000)
 ParOldGen       total 131072K, used 3438K [0x0000000700000000, 0x0000000708000000, 0x0000000780000000)
  object space 131072K, 2% used [0x0000000700000000,0x000000070035baa8,0x0000000708000000)
 Metaspace       used 20869K, capacity 21116K, committed 21296K, reserved 1069056K
  class space    used 2328K, capacity 2429K, committed 2432K, reserved 1048576K
Event: 3.923 GC heap after
Heap after GC invocations=4 (full 1):
 PSYoungGen      total 57344K, used 0K [0x0000000780000000, 0x0000000787000000, 0x00000007c0000000)
  eden space 49152K, 0% used [0x0000000780000000,0x0000000780000000,0x0000000783000000)
  from space 8192K, 0% used [0x0000000783000000,0x0000000783000000,0x0000000783800000)
  to   space 8192K, 0% used [0x0000000786800000,0x0000000786800000,0x0000000787000000)
 ParOldGen       total 90624K, used 9636K [0x0000000700000000, 0x0000000705880000, 0x0000000780000000)
  object space 90624K, 10% used [0x0000000700000000,0x0000000700969280,0x0000000705880000)
 Metaspace       used 20869K, capacity 21116K, committed 21296K, reserved 1069056K
  class space    used 2328K, capacity 2429K, committed 2432K, reserved 1048576K
}
Event: 4.494 GC heap before
{Heap before GC invocations=5 (full 1):
 PSYoungGen      total 57344K, used 47158K [0x0000000780000000, 0x0000000787000000, 0x00000007c0000000)
  eden space 49152K, 95% used [0x0000000780000000,0x0000000782e0d918,0x0000000783000000)
  from space 8192K, 0% used [0x0000000783000000,0x0000000783000000,0x0000000783800000)
  to   space 8192K, 0% used [0x0000000786800000,0x0000000786800000,0x0000000787000000)
 ParOldGen       total 90624K, used 9636K [0x0000000700000000, 0x0000000705880000, 0x0000000780000000)
  object space 90624K, 10% used [0x0000000700000000,0x0000000700969280,0x0000000705880000)
 Metaspace       used 22908K, capacity 23176K, committed 23424K, reserved 1071104K
  class space    used 2562K, capacity 2645K, committed 2688K, reserved 1048576K
Event: 4.503 GC heap after
Heap after GC invocations=5 (full 1):
 PSYoungGen      total 77824K, used 7293K [0x0000000780000000, 0x0000000786f80000, 0x00000007c0000000)
  eden space 70144K, 0% used [0x0000000780000000,0x0000000780000000,0x0000000784480000)
  from space 7680K, 94% used [0x0000000786800000,0x0000000786f1f410,0x0000000786f80000)
  to   space 8192K, 0% used [0x0000000785f80000,0x0000000785f80000,0x0000000786780000)
 ParOldGen       total 90624K, used 15788K [0x0000000700000000, 0x0000000705880000, 0x0000000780000000)
  object space 90624K, 17% used [0x0000000700000000,0x0000000700f6b2a0,0x0000000705880000)
 Metaspace       used 22908K, capacity 23176K, committed 23424K, reserved 1071104K
  class space    used 2562K, capacity 2645K, committed 2688K, reserved 1048576K
}
Event: 5.005 GC heap before
{Heap before GC invocations=6 (full 1):
 PSYoungGen      total 77824K, used 77437K [0x0000000780000000, 0x0000000786f80000, 0x00000007c0000000)
  eden space 70144K, 100% used [0x0000000780000000,0x0000000784480000,0x0000000784480000)
  from space 7680K, 94% used [0x0000000786800000,0x0000000786f1f410,0x0000000786f80000)
  to   space 8192K, 0% used [0x0000000785f80000,0x0000000785f80000,0x0000000786780000)
 ParOldGen       total 90624K, used 15788K [0x0000000700000000, 0x0000000705880000, 0x0000000780000000)
  object space 90624K, 17% used [0x0000000700000000,0x0000000700f6b2a0,0x0000000705880000)
 Metaspace       used 23130K, capacity 23400K, committed 23680K, reserved 1071104K
  class space    used 2570K, capacity 2677K, committed 2688K, reserved 1048576K
Event: 5.013 GC heap after
Heap after GC invocations=6 (full 1):
 PSYoungGen      total 105984K, used 7246K [0x0000000780000000, 0x0000000787900000, 0x00000007c0000000)
  eden space 97792K, 0% used [0x0000000780000000,0x0000000780000000,0x0000000785f80000)
  from space 8192K, 88% used [0x0000000785f80000,0x0000000786693b48,0x0000000786780000)
  to   space 11264K, 0% used [0x0000000786e00000,0x0000000786e00000,0x0000000787900000)
 ParOldGen       total 90624K, used 18860K [0x0000000700000000, 0x0000000705880000, 0x0000000780000000)
  object space 90624K, 20% used [0x0000000700000000,0x000000070126b2b0,0x0000000705880000)
 Metaspace       used 23130K, capacity 23400K, committed 23680K, reserved 1071104K
  class space    used 2570K, capacity 2677K, committed 2688K, reserved 1048576K
}
Event: 5.831 GC heap before
{Heap before GC invocations=7 (full 1):
 PSYoungGen      total 105984K, used 103379K [0x0000000780000000, 0x0000000787900000, 0x00000007c0000000)
  eden space 97792K, 98% used [0x0000000780000000,0x0000000785de1290,0x0000000785f80000)
  from space 8192K, 88% used [0x0000000785f80000,0x0000000786693b48,0x0000000786780000)
  to   space 11264K, 0% used [0x0000000786e00000,0x0000000786e00000,0x0000000787900000)
 ParOldGen       total 90624K, used 21932K [0x0000000700000000, 0x0000000705880000, 0x0000000780000000)
  object space 90624K, 24% used [0x0000000700000000,0x000000070156b2c0,0x0000000705880000)
 Metaspace       used 23984K, capacity 24302K, committed 24576K, reserved 1071104K
  class space    used 2634K, capacity 2718K, committed 2816K, reserved 1048576K
Event: 5.851 GC heap after
Heap after GC invocations=7 (full 1):
 PSYoungGen      total 109056K, used 11241K [0x0000000780000000, 0x000000078ab00000, 0x00000007c0000000)
  eden space 97792K, 0% used [0x0000000780000000,0x0000000780000000,0x0000000785f80000)
  from space 11264K, 99% used [0x0000000786e00000,0x00000007878fa538,0x0000000787900000)
  to   space 14848K, 0% used [0x0000000785f80000,0x0000000785f80000,0x0000000786e00000)
 ParOldGen       total 90624K, used 26191K [0x0000000700000000, 0x0000000705880000, 0x0000000780000000)
  object space 90624K, 28% used [0x0000000700000000,0x0000000701993e98,0x0000000705880000)
 Metaspace       used 23984K, capacity 24302K, committed 24576K, reserved 1071104K
  class space    used 2634K, capacity 2718K, committed 2816K, reserved 1048576K
}

Deoptimization events (10 events):
Event: 3.206 Thread 0x00000000015d5800 Uncommon trap: reason=unstable_if action=reinterpret pc=0x0000000001992cac method=java.io.WinNTFileSystem.normalize(Ljava/lang/String;II)Ljava/lang/String; @ 8
Event: 3.360 Thread 0x00000000015d5800 Uncommon trap: reason=predicate action=maybe_recompile pc=0x00000000019c8834 method=groovyjarjarantlr.InputBuffer.syncConsume()V @ 7
Event: 3.360 Thread 0x00000000015d5800 Uncommon trap: reason=predicate action=maybe_recompile pc=0x00000000019baf94 method=groovyjarjarantlr.InputBuffer.syncConsume()V @ 7
Event: 3.360 Thread 0x00000000015d5800 Uncommon trap: reason=predicate action=maybe_recompile pc=0x00000000019bdd40 method=groovyjarjarantlr.InputBuffer.syncConsume()V @ 7
Event: 3.423 Thread 0x00000000015d5800 Uncommon trap: reason=unstable_if action=reinterpret pc=0x0000000001c5a9b4 method=java.lang.Class$MethodArray.addIfNotPresent(Ljava/lang/reflect/Method;)V @ 19
Event: 3.712 Thread 0x00000000015d5800 Uncommon trap: reason=unstable_if action=reinterpret pc=0x0000000001d40f98 method=groovyjarjarantlr.CharQueue.append(C)V @ 9
Event: 3.944 Thread 0x00000000015d5800 Uncommon trap: reason=unstable_if action=reinterpret pc=0x0000000001e0d05c method=java.io.WinNTFileSystem.isLetter(C)Z @ 3
Event: 4.047 Thread 0x00000000015d5800 Uncommon trap: reason=null_check action=make_not_entrant pc=0x0000000001db1624 method=org.codehaus.groovy.reflection.ClassInfo.getLocalClassInfoMap()Lorg/codehaus/groovy/reflection/ClassInfo$LocalMap; @ 6
Event: 4.047 Thread 0x00000000015d5800 Uncommon trap: reason=null_check action=make_not_entrant pc=0x0000000001cdccb0 method=org.codehaus.groovy.reflection.ClassInfo.getLocalClassInfoMap()Lorg/codehaus/groovy/reflection/ClassInfo$LocalMap; @ 6
Event: 4.277 Thread 0x00000000015d5800 Uncommon trap: reason=unstable_if action=reinterpret pc=0x0000000001e00238 method=org.codehaus.groovy.antlr.UnicodeEscapingReader.read()I @ 66

Classes redefined (0 events):
No events

Internal exceptions (10 events):
Event: 5.195 Thread 0x00000000015d5800 Exception <a 'java/lang/ClassNotFoundException': org/codehaus/groovy/runtime/DefaultGroovyMethodsSupportBeanInfo> (0x0000000781763960) thrown at [C:\re\workspace\8-2-build-windows-amd64-cygwin\jdk8u181\11358\hotspot\src\share\vm\classfile\systemDictionary
Event: 5.199 Thread 0x00000000015d5800 Exception <a 'java/lang/ClassNotFoundException': org/codehaus/groovy/runtime/DefaultGroovyMethodsSupportCustomizer> (0x00000007817b17b0) thrown at [C:\re\workspace\8-2-build-windows-amd64-cygwin\jdk8u181\11358\hotspot\src\share\vm\classfile\systemDictiona
Event: 5.202 Thread 0x00000000015d5800 Exception <a 'java/lang/ClassNotFoundException': org/codehaus/groovy/runtime/DefaultGroovyMethodsCustomizer> (0x00000007817fcaa0) thrown at [C:\re\workspace\8-2-build-windows-amd64-cygwin\jdk8u181\11358\hotspot\src\share\vm\classfile\systemDictionary.cpp,
Event: 5.457 Thread 0x00000000015d5800 Exception <a 'java/lang/ClassNotFoundException': Script1584365565375BeanInfo> (0x0000000782c4e750) thrown at [C:\re\workspace\8-2-build-windows-amd64-cygwin\jdk8u181\11358\hotspot\src\share\vm\classfile\systemDictionary.cpp, line 210]
Event: 5.461 Thread 0x00000000015d5800 Exception <a 'java/lang/ClassNotFoundException': Script1584365565375Customizer> (0x0000000782c94118) thrown at [C:\re\workspace\8-2-build-windows-amd64-cygwin\jdk8u181\11358\hotspot\src\share\vm\classfile\systemDictionary.cpp, line 210]
Event: 5.467 Thread 0x00000000015d5800 Exception <a 'java/lang/ClassNotFoundException': com/kms/katalon/core/ast/TestStepUtilBeanInfo> (0x0000000783040b90) thrown at [C:\re\workspace\8-2-build-windows-amd64-cygwin\jdk8u181\11358\hotspot\src\share\vm\classfile\systemDictionary.cpp, line 210]
Event: 5.470 Thread 0x00000000015d5800 Exception <a 'java/lang/ClassNotFoundException': com/kms/katalon/core/ast/TestStepUtilCustomizer> (0x000000078307fc50) thrown at [C:\re\workspace\8-2-build-windows-amd64-cygwin\jdk8u181\11358\hotspot\src\share\vm\classfile\systemDictionary.cpp, line 210]
Event: 5.503 Thread 0x00000000015d5800 Exception <a 'java/lang/ClassNotFoundException': com/kms/katalon/core/testdata/TestDataFactoryBeanInfo> (0x0000000783461238) thrown at [C:\re\workspace\8-2-build-windows-amd64-cygwin\jdk8u181\11358\hotspot\src\share\vm\classfile\systemDictionary.cpp, line
Event: 5.507 Thread 0x00000000015d5800 Exception <a 'java/lang/ClassNotFoundException': com/kms/katalon/core/testdata/TestDataFactoryCustomizer> (0x00000007834a6eb0) thrown at [C:\re\workspace\8-2-build-windows-amd64-cygwin\jdk8u181\11358\hotspot\src\share\vm\classfile\systemDictionary.cpp, li
Event: 5.854 Thread 0x000000001d7af800 Exception <a 'java/lang/OutOfMemoryError': OutOfMemoryError> (0x0000000780000048) thrown at [C:\re\workspace\8-2-build-windows-amd64-cygwin\jdk8u181\11358\hotspot\src\share\vm\prims\jni.cpp, line 735]

Events (10 events):
Event: 5.855 Executing VM operation: RevokeBias done
Event: 5.855 Executing VM operation: RevokeBias
Event: 5.855 Executing VM operation: RevokeBias done
Event: 5.855 Executing VM operation: RevokeBias
Event: 5.856 Executing VM operation: RevokeBias done
Event: 5.856 Executing VM operation: RevokeBias
Event: 5.856 Executing VM operation: RevokeBias done
Event: 5.856 Executing VM operation: RevokeBias
Event: 5.856 Executing VM operation: RevokeBias done
Event: 5.856 Executing VM operation: RevokeBias


Dynamic libraries:
0x00007ff7edfb0000 - 0x00007ff7edfe7000 	C:\Katalon_Studio\jre\bin\java.exe
0x00007ffe1c940000 - 0x00007ffe1cb30000 	C:\WINDOWS\SYSTEM32\ntdll.dll
0x00007ffe1bef0000 - 0x00007ffe1bfa2000 	C:\WINDOWS\System32\KERNEL32.dll
0x00007ffe11c00000 - 0x00007ffe11d27000 	C:\Windows\system32\hmpalert.dll
0x00007ffe1a4b0000 - 0x00007ffe1a753000 	C:\WINDOWS\System32\KERNELBASE.dll
0x00007ffe1b460000 - 0x00007ffe1b503000 	C:\WINDOWS\System32\ADVAPI32.dll
0x00007ffe1b6b0000 - 0x00007ffe1b74e000 	C:\WINDOWS\System32\msvcrt.dll
0x00007ffe1c090000 - 0x00007ffe1c127000 	C:\WINDOWS\System32\sechost.dll
0x00007ffe1bd40000 - 0x00007ffe1be60000 	C:\WINDOWS\System32\RPCRT4.dll
0x00007ffe1b510000 - 0x00007ffe1b6a4000 	C:\WINDOWS\System32\USER32.dll
0x00007ffe19b70000 - 0x00007ffe19b91000 	C:\WINDOWS\System32\win32u.dll
0x00007ffe1c8d0000 - 0x00007ffe1c8f6000 	C:\WINDOWS\System32\GDI32.dll
0x00007ffe1a760000 - 0x00007ffe1a8f4000 	C:\WINDOWS\System32\gdi32full.dll
0x00007ffe1a950000 - 0x00007ffe1a9ee000 	C:\WINDOWS\System32\msvcp_win.dll
0x00007ffe1a3b0000 - 0x00007ffe1a4aa000 	C:\WINDOWS\System32\ucrtbase.dll
0x00007ffe08090000 - 0x00007ffe08315000 	C:\WINDOWS\WinSxS\amd64_microsoft.windows.common-controls_6595b64144ccf1df_6.0.18362.720_none_e6beb5c51314836b\COMCTL32.dll
0x00007ffe1b760000 - 0x00007ffe1ba96000 	C:\WINDOWS\System32\combase.dll
0x00007ffe19980000 - 0x00007ffe19a00000 	C:\WINDOWS\System32\bcryptPrimitives.dll
0x00007ffe0eb10000 - 0x00007ffe0eb4d000 	C:\WINDOWS\system32\SophosAV\SOPHOS~1.DLL
0x00007ffe1bd30000 - 0x00007ffe1bd38000 	C:\WINDOWS\System32\PSAPI.DLL
0x000000006ff60000 - 0x0000000070032000 	C:\Katalon_Studio\jre\bin\msvcr100.dll
0x0000000070210000 - 0x0000000070ab2000 	C:\Katalon_Studio\jre\bin\server\jvm.dll
0x00007ffe09a50000 - 0x00007ffe09a59000 	C:\WINDOWS\SYSTEM32\WSOCK32.dll
0x00007ffe1c020000 - 0x00007ffe1c08f000 	C:\WINDOWS\System32\WS2_32.dll
0x00007ffe144a0000 - 0x00007ffe144c4000 	C:\WINDOWS\SYSTEM32\WINMM.dll
0x00007ffe145d0000 - 0x00007ffe145da000 	C:\WINDOWS\SYSTEM32\VERSION.dll
0x00007ffe14470000 - 0x00007ffe1449d000 	C:\WINDOWS\SYSTEM32\WINMMBASE.dll
0x00007ffe1a900000 - 0x00007ffe1a94a000 	C:\WINDOWS\System32\cfgmgr32.dll
0x0000000070120000 - 0x000000007012f000 	C:\Katalon_Studio\jre\bin\verify.dll
0x00000000700f0000 - 0x0000000070119000 	C:\Katalon_Studio\jre\bin\java.dll
0x00000000700d0000 - 0x00000000700e6000 	C:\Katalon_Studio\jre\bin\zip.dll
0x00007ffe1ad70000 - 0x00007ffe1b455000 	C:\WINDOWS\System32\SHELL32.dll
0x00007ffe1c710000 - 0x00007ffe1c7b9000 	C:\WINDOWS\System32\shcore.dll
0x00007ffe19ba0000 - 0x00007ffe1a320000 	C:\WINDOWS\System32\windows.storage.dll
0x00007ffe19880000 - 0x00007ffe198a3000 	C:\WINDOWS\System32\profapi.dll
0x00007ffe19830000 - 0x00007ffe1987a000 	C:\WINDOWS\System32\powrprof.dll
0x00007ffe19800000 - 0x00007ffe19810000 	C:\WINDOWS\System32\UMPDC.dll
0x00007ffe1bb20000 - 0x00007ffe1bb72000 	C:\WINDOWS\System32\shlwapi.dll
0x00007ffe198b0000 - 0x00007ffe198c1000 	C:\WINDOWS\System32\kernel.appcore.dll
0x00007ffe19b50000 - 0x00007ffe19b67000 	C:\WINDOWS\System32\cryptsp.dll
0x00000000700b0000 - 0x00000000700ca000 	C:\Katalon_Studio\jre\bin\net.dll
0x00007ffe19030000 - 0x00007ffe19097000 	C:\WINDOWS\system32\mswsock.dll
0x0000000070090000 - 0x00000000700a1000 	C:\Katalon_Studio\jre\bin\nio.dll
0x000000006fdc0000 - 0x000000006ff59000 	C:\Katalon_Studio\jre\bin\awt.dll
0x00007ffe1aca0000 - 0x00007ffe1ad64000 	C:\WINDOWS\System32\OLEAUT32.dll
0x00007ffe176f0000 - 0x00007ffe1777f000 	C:\WINDOWS\SYSTEM32\apphelp.dll
0x00007ffe17cf0000 - 0x00007ffe17d1d000 	C:\WINDOWS\system32\DWMAPI.DLL
0x00007ffe00a80000 - 0x00007ffe00bd6000 	C:\WINDOWS\system32\opengl32.dll
0x00007ffe13e30000 - 0x00007ffe13e5c000 	C:\WINDOWS\SYSTEM32\GLU32.dll
0x00007ffe181c0000 - 0x00007ffe181e0000 	C:\WINDOWS\SYSTEM32\dxcore.dll
0x00007ffe1c5b0000 - 0x00007ffe1c707000 	C:\WINDOWS\System32\ole32.dll

VM Arguments:
java_command: org.codehaus.groovy.tools.GroovyStarter --main groovy.ui.GroovyMain C:\FarmaTesting\katalonProjects\Libs\TempTestSuite1591609355228.groovy
java_class_path (initial): ;C:\Katalon_Studio\plugins\org.codehaus.groovy_2.4.7.xx-201611170128-e46\lib\bsf-2.4.0.jar;C:\Katalon_Studio\plugins\org.codehaus.groovy_2.4.7.xx-201611170128-e46\lib\groovy-all-2.4.7.jar;C:\Katalon_Studio\plugins\org.codehaus.groovy_2.4.7.xx-201611170128-e46\lib\ivy-2.4.0.jar;C:\Katalon_Studio\plugins\org.codehaus.groovy_2.4.7.xx-201611170128-e46\lib\org.apache.xerces.impl_2.11.0.jar;C:\Katalon_Studio\plugins\org.codehaus.groovy_2.4.7.xx-201611170128-e46\lib\servlet-api-2.4.jar;C:\Katalon_Studio\plugins\org.codehaus.groovy_2.4.7.xx-201611170128-e46\lib\xml-apis_1.4.1.jar;C:\Katalon_Studio\plugins\com.kms.katalon.core_1.0.0.201908270734.jar;C:\Katalon_Studio\plugins\net.sf.supercsv.super-csv_2.1.0.jar;C:\Katalon_Studio\plugins\org.apache.poi_3.9.0.v201405241750.jar;C:\Katalon_Studio\plugins\org.apache.poi.ooxml_3.9.0.v201405241905.jar;C:\Katalon_Studio\plugins\org.apache.poi.ooxml.schemas_3.9.0.v201405241750.jar;C:\Katalon_Studio\plugins\org.dom4j_1.6.1.v201312101416.jar;C:\Katalon_Studio\plugins\org.apache.commons.io_2.4.0.jar;C:\Katalon_Studio\plugins\org.apache.commons.lang_2.6.0.jar;C:\Katalon_Studio\plugins\org.apache.xmlbeans_2.6.0.jar;C:\Katalon_Studio\plugins\com.google.gson_2.8.0.jar;C:\Katalon_Studio\plugins\org.jsoup_1.7.2.jar;C:\Katalon_Studio\plugins\com.mysql.jdbc_5.1.38.jar;C:\Katalon_Studio\plugins\com.microsoft.sqlserver.sqljdbc4_4.1.5605.100.jar;C:\Katalon_Studio\plugins\org.apache.commons.dbutils_1.6.0.jar;C:\Katalon_Studio\plugins\com.oracle.jdbc.ojdbc7_12.1.0.2.jar;C:\Katalon_Studio\plugins\org.postgresql.jdbc41_9.4.1208.jre7.jar;c:\Katalon_Studio\plugins\org.eclipse.osgi_3.11.3.v20170209-1843.jar;C:\Katalon_Studio\plugins\com.kms.katalon.constant_1.0.0.201908270734.jar;C:\Katalon_Studio\plugins\org.eclipse.persistence.eclipselink_2.5.0.RC1.jar;C:\Katalon_Studio\plugins\com.kms.katalon.selenium-standalone_1.0.0.201908270734.jar;C:\Katalon_Studio\plugins\atu.testrecorder.screen-recorder_2.1.0.jar;C:\Katalon_Studio\plu
Launcher Type: SUN_STANDARD

Environment Variables:
PATH=C:/Katalon_Studio/jre/bin/server;C:/Katalon_Studio/jre/bin;C:/Katalon_Studio/jre/lib/amd64;C:\Program Files (x86)\Common Files\Oracle\Java\javapath;C:\ProgramData\Oracle\Java\javapath;C:\WINDOWS\system32;C:\WINDOWS;C:\WINDOWS\System32\Wbem;C:\WINDOWS\System32\WindowsPowerShell\v1.0\;C:\Program Files (x86)\Microsoft SQL Server\Client SDK\ODBC\130\Tools\Binn\;C:\Program Files (x86)\Microsoft SQL Server\130\Tools\Binn\;C:\Program Files (x86)\Microsoft SQL Server\130\DTS\Binn\;C:\Program Files (x86)\Microsoft SQL Server\130\Tools\Binn\ManagementStudio\;C:\Program Files\dotnet\;C:\Program Files\Microsoft SQL Server\130\Tools\Binn\;C:\WINDOWS\System32\OpenSSH\;C:\Program Files (x86)\SAP BusinessObjects\sqlanywhere\BIN64;C:\Program Files (x86)\SAP BusinessObjects\sqlanywhere\BIN32;C:\Users\alflopez-ext\AppData\Local\Programs\Git\cmd;C:\Users\alflopez-ext\AppData\Local\Microsoft\WindowsApps;C:\Katalon_Studio;
USERNAME=alflopez-ext
OS=Windows_NT
PROCESSOR_IDENTIFIER=Intel64 Family 6 Model 45 Stepping 7, GenuineIntel



---------------  S Y S T E M  ---------------

OS: Windows 10.0 , 64 bit Build 18362 (10.0.18362.329)

CPU:total 4 (initial active 4) (2 cores per cpu, 1 threads per core) family 6 model 45 stepping 7, cmov, cx8, fxsr, mmx, sse, sse2, sse3, ssse3, sse4.1, sse4.2, popcnt, avx, aes, clmul, tsc, tscinvbit, tscinv

Memory: 4k page, physical 12582452k(4450012k free), swap 28173552k(7276k free)

vm_info: Java HotSpot(TM) 64-Bit Server VM (25.181-b13) for windows-amd64 JRE (1.8.0_181-b13), built on Jul  7 2018 04:01:33 by "java_re" with MS VC++ 10.0 (VS2010)

time: Mon Jun 08 06:42:41 2020
elapsed time: 5 seconds (0d 0h 0m 5s)

